<?xml version="1.0" encoding="UTF-8"?>
<testsuites>
  <testsuite name="ContentBlock" timestamp="2025-07-28T11:20:08Z" hostname="3f722d9e3303" tests="11" skipped="0" failures="0" errors="0" time="0.13">
    <testcase time="0.01" classname="ContentBlock" name="ContentBlock_object_can_be_created"/>
    <testcase time="0.044" classname="ContentBlock" name="new_returns_an_object_of_type_ContentBlock"/>
    <testcase time="0.013" classname="ContentBlock" name="set_content_accepts_a_character_object"/>
    <testcase time="0.005" classname="ContentBlock" name="set_content_accepts_a_list_object"/>
    <testcase time="0.005" classname="ContentBlock" name="set_content_returns_the_ContentBlock_object"/>
    <testcase time="0.005" classname="ContentBlock" name="get_content_returns_NULL_on_a_newly_initialized_ContentBlock"/>
    <testcase time="0.0289999999999999" classname="ContentBlock" name="The_deep_copy_constructor_copies_the_content_file_to_a_new_file"/>
    <testcase time="0.005" classname="ContentBlock" name="The_deep_copy_constructor_preserves_the_file_extension_of_the_copied_file"/>
    <testcase time="0.005" classname="ContentBlock" name="The_deep_copy_constructor_does_not_find_an_extension_of_a_file_name_like_.gitignore"/>
    <testcase time="0.004" classname="ContentBlock" name="The_deep_copy_constructor_finds_an_extension_of_a_file_name_like_.gitignore.txt"/>
    <testcase time="0.005" classname="ContentBlock" name="The_shallow_copy_constructor_does_not_copy_the_content_file_to_a_new_file"/>
  </testsuite>
  <testsuite name="DownloadModule" timestamp="2025-07-28T11:20:08Z" hostname="3f722d9e3303" tests="3" skipped="0" failures="0" errors="0" time="1.095">
    <testcase time="1.085" classname="DownloadModule" name="download_report_button_srv_download_a_document"/>
    <testcase time="0.00800000000000001" classname="DownloadModule" name="download_report_button_srv_download_a_document"/>
    <testcase time="0.002" classname="DownloadModule" name="download_report_button_srv_download_a_document"/>
  </testsuite>
  <testsuite name="DownloadReportModule" timestamp="2025-07-28T11:20:09Z" hostname="3f722d9e3303" tests="21" skipped="0" failures="0" errors="0" time="1.3">
    <testcase time="0.484" classname="DownloadReportModule" name="download_report_button_srv_render_and_downlaod_a_document"/>
    <testcase time="0.00800000000000001" classname="DownloadReportModule" name="download_report_button_srv_render_and_downlaod_a_document"/>
    <testcase time="0.00300000000000011" classname="DownloadReportModule" name="download_report_button_srv_render_and_downlaod_a_document"/>
    <testcase time="0.00199999999999978" classname="DownloadReportModule" name="download_report_button_srv_render_and_downlaod_a_document"/>
    <testcase time="0.0140000000000002" classname="DownloadReportModule" name="download_report_button_srv_subset_of_rmd_yaml_args"/>
    <testcase time="0.0089999999999999" classname="DownloadReportModule" name="download_report_button_srv_subset_of_rmd_yaml_args"/>
    <testcase time="0.00800000000000001" classname="DownloadReportModule" name="download_report_button_srv_subset_of_rmd_yaml_args"/>
    <testcase time="0.016" classname="DownloadReportModule" name="download_report_button_srv_subset_of_rmd_yaml_args"/>
    <testcase time="0.016" classname="DownloadReportModule" name="download_report_button_srv_subset_of_rmd_yaml_args"/>
    <testcase time="0.0129999999999999" classname="DownloadReportModule" name="download_report_button_srv_subset_of_rmd_yaml_args"/>
    <testcase time="0.151" classname="DownloadReportModule" name="download_report_button_ui_returns_a_tagList"/>
    <testcase time="0.312" classname="DownloadReportModule" name="report_render_and_compress_valid_arguments"/>
    <testcase time="0.012" classname="DownloadReportModule" name="report_render_and_compress_invalid_arguments"/>
    <testcase time="0.00499999999999989" classname="DownloadReportModule" name="report_render_and_compress_invalid_arguments"/>
    <testcase time="0.004" classname="DownloadReportModule" name="report_render_and_compress_invalid_arguments"/>
    <testcase time="0.213" classname="DownloadReportModule" name="report_render_and_compress_render_an_html_document"/>
    <testcase time="0.00300000000000011" classname="DownloadReportModule" name="report_render_and_compress_render_an_html_document"/>
    <testcase time="0.00299999999999967" classname="DownloadReportModule" name="report_render_and_compress_render_an_html_document"/>
    <testcase time="0.00200000000000022" classname="DownloadReportModule" name="report_render_and_compress_render_an_html_document"/>
    <testcase time="0.00499999999999989" classname="DownloadReportModule" name="any_rcode_block"/>
    <testcase time="0.0169999999999999" classname="DownloadReportModule" name="any_rcode_block"/>
  </testsuite>
  <testsuite name="FileBlock" timestamp="2025-07-28T11:20:10Z" hostname="3f722d9e3303" tests="8" skipped="0" failures="0" errors="0" time="0.144">
    <testcase time="0.00599999999999978" classname="FileBlock" name="FileBlock_object_can_be_created"/>
    <testcase time="0.00499999999999989" classname="FileBlock" name="new_returns_an_object_of_type_FileBlock"/>
    <testcase time="0.004" classname="FileBlock" name="destructor_removes_the_file"/>
    <testcase time="0.109" classname="FileBlock" name="destructor_removes_the_file"/>
    <testcase time="0.004" classname="FileBlock" name="to_list_returns_a_named_list_with_a_one_field"/>
    <testcase time="0.00500000000000034" classname="FileBlock" name="to_list_with_base_path_arg"/>
    <testcase time="0.00599999999999978" classname="FileBlock" name="to_list_copies_a_file_to_a_target_directory"/>
    <testcase time="0.00499999999999989" classname="FileBlock" name="from_list_copies_a_file_from_a_target_directory"/>
  </testsuite>
  <testsuite name="HTMLBlock" timestamp="2025-07-28T11:20:10Z" hostname="3f722d9e3303" tests="8" skipped="0" failures="0" errors="0" time="0.035">
    <testcase time="0.00700000000000012" classname="HTMLBlock" name="HTMLBlock_object_can_be_created"/>
    <testcase time="0.00499999999999989" classname="HTMLBlock" name="new_returns_an_object_of_type_HTMLBlock"/>
    <testcase time="0.00300000000000011" classname="HTMLBlock" name="new_accepts_a_shiny.tag"/>
    <testcase time="0.004" classname="HTMLBlock" name="new_accepts_a_shiny.tag.list"/>
    <testcase time="0.00600000000000023" classname="HTMLBlock" name="new_doesn_t_accept_character"/>
    <testcase time="0.004" classname="HTMLBlock" name="get_content_returns_a_html_content_asis"/>
    <testcase time="0.00299999999999967" classname="HTMLBlock" name="to_list_returns_a_list_containing_a_content_asis_"/>
    <testcase time="0.00300000000000011" classname="HTMLBlock" name="from_list_creates_a_HTMLBlock"/>
  </testsuite>
  <testsuite name="LoadReporterModule" timestamp="2025-07-28T11:20:10Z" hostname="3f722d9e3303" tests="9" skipped="0" failures="0" errors="0" time="0.202">
    <testcase time="0.154" classname="LoadReporterModule" name="report_load_srv_loading_reporter_restores_saved_content"/>
    <testcase time="0.00200000000000022" classname="LoadReporterModule" name="report_load_srv_loading_reporter_restores_saved_content"/>
    <testcase time="0.00099999999999989" classname="LoadReporterModule" name="report_load_srv_loading_reporter_restores_saved_content"/>
    <testcase time="0.00199999999999978" classname="LoadReporterModule" name="report_load_srv_loading_reporter_restores_saved_content"/>
    <testcase time="0.00100000000000033" classname="LoadReporterModule" name="report_load_srv_loading_reporter_restores_saved_content"/>
    <testcase time="0.00099999999999989" classname="LoadReporterModule" name="report_load_srv_loading_reporter_restores_saved_content"/>
    <testcase time="0.00099999999999989" classname="LoadReporterModule" name="report_load_srv_loading_reporter_restores_saved_content"/>
    <testcase time="0.0340000000000003" classname="LoadReporterModule" name="report_load_srv_fail_to_load_a_reporter_because_of_different_id"/>
    <testcase time="0.00599999999999978" classname="LoadReporterModule" name="report_load_ui_returns_a_tagList"/>
  </testsuite>
  <testsuite name="NewpageBlock" timestamp="2025-07-28T11:20:10Z" hostname="3f722d9e3303" tests="3" skipped="0" failures="0" errors="0" time="0.014">
    <testcase time="0.00600000000000023" classname="NewpageBlock" name="NewpageBlock_object_can_be_created"/>
    <testcase time="0.004" classname="NewpageBlock" name="new_returns_an_object_of_type_NewpageBlock"/>
    <testcase time="0.004" classname="NewpageBlock" name="set_content_accepts_a_string"/>
  </testsuite>
  <testsuite name="PictureBlock" timestamp="2025-07-28T11:20:10Z" hostname="3f722d9e3303" tests="23" skipped="0" failures="0" errors="0" time="0.533">
    <testcase time="0.00599999999999978" classname="PictureBlock" name="PictureBlock_object_can_be_created"/>
    <testcase time="0.00499999999999989" classname="PictureBlock" name="new_returns_an_object_of_type_PictureBlock"/>
    <testcase time="0.044" classname="PictureBlock" name="set_content_accepts_a_plot_object"/>
    <testcase time="0.00700000000000012" classname="PictureBlock" name="set_content_asserts_the_argument_is_a_plot"/>
    <testcase time="0.0489999999999999" classname="PictureBlock" name="set_content_returns_the_PictureBlock_object"/>
    <testcase time="0.0510000000000002" classname="PictureBlock" name="set_content_catches_a_file_with_the_600x800_size"/>
    <testcase time="0.0389999999999997" classname="PictureBlock" name="set_content_catches_a_file_with_a_custom_size"/>
    <testcase time="0.004" classname="PictureBlock" name="get_content_returns_character_0_on_a_newly_initialized_PictureBlock"/>
    <testcase time="0.004" classname="PictureBlock" name="set_title_accepts_a_string"/>
    <testcase time="0.00700000000000012" classname="PictureBlock" name="set_title_asserts_the_argument_is_string"/>
    <testcase time="0.004" classname="PictureBlock" name="set_title_returns_self"/>
    <testcase time="0.00300000000000011" classname="PictureBlock" name="get_title_returns_the_set_title"/>
    <testcase time="0.00099999999999989" classname="PictureBlock" name="get_title_returns_the_set_title"/>
    <testcase time="0.004" classname="PictureBlock" name="set_dim_accepts_an_array_of_two_numeric_values"/>
    <testcase time="0.00700000000000012" classname="PictureBlock" name="set_dim_asserts_the_argument_is_an_array_of_two_numeric_values"/>
    <testcase time="0.004" classname="PictureBlock" name="set_dim_asserts_the_argument_is_an_array_of_two_numeric_values"/>
    <testcase time="0.004" classname="PictureBlock" name="set_dim_returns_self"/>
    <testcase time="0.00700000000000012" classname="PictureBlock" name="set_content_raises_error_if_the_content_is_not_of_the_supported_type"/>
    <testcase time="0.0469999999999997" classname="PictureBlock" name="set_content_accepts_a_ggplot_object"/>
    <testcase time="0.0409999999999999" classname="PictureBlock" name="set_content_accepts_a_grob_object"/>
    <testcase time="0.102" classname="PictureBlock" name="set_content_accepts_a_trellis_object"/>
    <testcase time="0.0499999999999998" classname="PictureBlock" name="to_list_returns_a_named_list_with_a_one_field_a_proper_path"/>
    <testcase time="0.0430000000000001" classname="PictureBlock" name="from_list_after_to_list_to_save_and_retrive"/>
  </testsuite>
  <testsuite name="PreviewerReportModule" timestamp="2025-07-28T11:20:11Z" hostname="3f722d9e3303" tests="11" skipped="0" failures="0" errors="0" time="0.513">
    <testcase time="0.143" classname="PreviewerReportModule" name="reporter_previewer_srv_subset_of_rmd_yaml_args"/>
    <testcase time="0.0179999999999998" classname="PreviewerReportModule" name="reporter_previewer_srv_subset_of_rmd_yaml_args"/>
    <testcase time="0.0170000000000003" classname="PreviewerReportModule" name="reporter_previewer_srv_subset_of_rmd_yaml_args"/>
    <testcase time="0.0139999999999993" classname="PreviewerReportModule" name="reporter_previewer_srv_subset_of_rmd_yaml_args"/>
    <testcase time="0.0129999999999999" classname="PreviewerReportModule" name="reporter_previewer_srv_subset_of_rmd_yaml_args"/>
    <testcase time="0.0130000000000008" classname="PreviewerReportModule" name="reporter_previewer_srv_subset_of_rmd_yaml_args"/>
    <testcase time="0.162999999999999" classname="PreviewerReportModule" name="reporter_previewer_srv_up_with_first_card_and_down_with_last_card_does_not_induce_change"/>
    <testcase time="0.00200000000000067" classname="PreviewerReportModule" name="reporter_previewer_srv_up_with_first_card_and_down_with_last_card_does_not_induce_change"/>
    <testcase time="0.0649999999999995" classname="PreviewerReportModule" name="reporter_previewer_srv_card_up_and_down_compensate"/>
    <testcase time="0.024" classname="PreviewerReportModule" name="reporter_previewer_ui_returns_a_tagList"/>
    <testcase time="0.0410000000000004" classname="PreviewerReportModule" name="reporter_previewer_ui_returns_a_tagList"/>
  </testsuite>
  <testsuite name="RcodeBlock" timestamp="2025-07-28T11:20:11Z" hostname="3f722d9e3303" tests="65" skipped="0" failures="0" errors="0" time="0.148">
    <testcase time="0.00599999999999934" classname="RcodeBlock" name="RcodeBlock_object_can_be_created"/>
    <testcase time="0.00500000000000078" classname="RcodeBlock" name="new_returns_an_object_of_type_RcodeBlock"/>
    <testcase time="0.00299999999999923" classname="RcodeBlock" name="set_content_accepts_a_string"/>
    <testcase time="0.00700000000000056" classname="RcodeBlock" name="set_content_asserts_the_argument_is_a_string"/>
    <testcase time="0.00300000000000011" classname="RcodeBlock" name="set_content_returns_the_RcodeBlock_object"/>
    <testcase time="0.00300000000000011" classname="RcodeBlock" name="get_content_returns_character_0_on_a_newly_initialized_RcodeBlock"/>
    <testcase time="0.00399999999999956" classname="RcodeBlock" name="get_content_returns_previously_set_string"/>
    <testcase time="0.00499999999999989" classname="RcodeBlock" name="get_available_params_returns_an_array_of_character"/>
    <testcase time="0.00300000000000011" classname="RcodeBlock" name="set_params_accepts_one_of_the_styles_returned_by_get_available_params"/>
    <testcase time="0.00199999999999978" classname="RcodeBlock" name="set_params_accepts_one_of_the_styles_returned_by_get_available_params"/>
    <testcase time="0.00600000000000023" classname="RcodeBlock" name="set_params_accepts_one_of_the_styles_returned_by_get_available_params"/>
    <testcase time="0.00199999999999978" classname="RcodeBlock" name="set_params_accepts_one_of_the_styles_returned_by_get_available_params"/>
    <testcase time="0.00100000000000033" classname="RcodeBlock" name="set_params_accepts_one_of_the_styles_returned_by_get_available_params"/>
    <testcase time="0.00199999999999978" classname="RcodeBlock" name="set_params_accepts_one_of_the_styles_returned_by_get_available_params"/>
    <testcase time="0.00100000000000033" classname="RcodeBlock" name="set_params_accepts_one_of_the_styles_returned_by_get_available_params"/>
    <testcase time="0.00199999999999978" classname="RcodeBlock" name="set_params_accepts_one_of_the_styles_returned_by_get_available_params"/>
    <testcase time="0.00100000000000033" classname="RcodeBlock" name="set_params_accepts_one_of_the_styles_returned_by_get_available_params"/>
    <testcase time="0.000999999999999446" classname="RcodeBlock" name="set_params_accepts_one_of_the_styles_returned_by_get_available_params"/>
    <testcase time="0.000999999999999446" classname="RcodeBlock" name="set_params_accepts_one_of_the_styles_returned_by_get_available_params"/>
    <testcase time="0.00100000000000033" classname="RcodeBlock" name="set_params_accepts_one_of_the_styles_returned_by_get_available_params"/>
    <testcase time="0.00199999999999978" classname="RcodeBlock" name="set_params_accepts_one_of_the_styles_returned_by_get_available_params"/>
    <testcase time="0.00100000000000033" classname="RcodeBlock" name="set_params_accepts_one_of_the_styles_returned_by_get_available_params"/>
    <testcase time="0.00199999999999978" classname="RcodeBlock" name="set_params_accepts_one_of_the_styles_returned_by_get_available_params"/>
    <testcase time="0.00100000000000033" classname="RcodeBlock" name="set_params_accepts_one_of_the_styles_returned_by_get_available_params"/>
    <testcase time="0.00199999999999978" classname="RcodeBlock" name="set_params_accepts_one_of_the_styles_returned_by_get_available_params"/>
    <testcase time="0.00100000000000033" classname="RcodeBlock" name="set_params_accepts_one_of_the_styles_returned_by_get_available_params"/>
    <testcase time="0.00199999999999978" classname="RcodeBlock" name="set_params_accepts_one_of_the_styles_returned_by_get_available_params"/>
    <testcase time="0.00100000000000033" classname="RcodeBlock" name="set_params_accepts_one_of_the_styles_returned_by_get_available_params"/>
    <testcase time="0.00199999999999978" classname="RcodeBlock" name="set_params_accepts_one_of_the_styles_returned_by_get_available_params"/>
    <testcase time="0.000999999999999446" classname="RcodeBlock" name="set_params_accepts_one_of_the_styles_returned_by_get_available_params"/>
    <testcase time="0.00200000000000067" classname="RcodeBlock" name="set_params_accepts_one_of_the_styles_returned_by_get_available_params"/>
    <testcase time="0.00199999999999978" classname="RcodeBlock" name="set_params_accepts_one_of_the_styles_returned_by_get_available_params"/>
    <testcase time="0.00100000000000033" classname="RcodeBlock" name="set_params_accepts_one_of_the_styles_returned_by_get_available_params"/>
    <testcase time="0.00199999999999978" classname="RcodeBlock" name="set_params_accepts_one_of_the_styles_returned_by_get_available_params"/>
    <testcase time="0.000999999999999446" classname="RcodeBlock" name="set_params_accepts_one_of_the_styles_returned_by_get_available_params"/>
    <testcase time="0.00200000000000067" classname="RcodeBlock" name="set_params_accepts_one_of_the_styles_returned_by_get_available_params"/>
    <testcase time="0.000999999999999446" classname="RcodeBlock" name="set_params_accepts_one_of_the_styles_returned_by_get_available_params"/>
    <testcase time="0.00200000000000067" classname="RcodeBlock" name="set_params_accepts_one_of_the_styles_returned_by_get_available_params"/>
    <testcase time="0.000999999999999446" classname="RcodeBlock" name="set_params_accepts_one_of_the_styles_returned_by_get_available_params"/>
    <testcase time="0.00199999999999978" classname="RcodeBlock" name="set_params_accepts_one_of_the_styles_returned_by_get_available_params"/>
    <testcase time="0.00200000000000067" classname="RcodeBlock" name="set_params_accepts_one_of_the_styles_returned_by_get_available_params"/>
    <testcase time="0.000999999999999446" classname="RcodeBlock" name="set_params_accepts_one_of_the_styles_returned_by_get_available_params"/>
    <testcase time="0.00200000000000067" classname="RcodeBlock" name="set_params_accepts_one_of_the_styles_returned_by_get_available_params"/>
    <testcase time="0.000999999999999446" classname="RcodeBlock" name="set_params_accepts_one_of_the_styles_returned_by_get_available_params"/>
    <testcase time="0.00199999999999978" classname="RcodeBlock" name="set_params_accepts_one_of_the_styles_returned_by_get_available_params"/>
    <testcase time="0.00200000000000067" classname="RcodeBlock" name="set_params_accepts_one_of_the_styles_returned_by_get_available_params"/>
    <testcase time="0.000999999999999446" classname="RcodeBlock" name="set_params_accepts_one_of_the_styles_returned_by_get_available_params"/>
    <testcase time="0.00200000000000067" classname="RcodeBlock" name="set_params_accepts_one_of_the_styles_returned_by_get_available_params"/>
    <testcase time="0.000999999999999446" classname="RcodeBlock" name="set_params_accepts_one_of_the_styles_returned_by_get_available_params"/>
    <testcase time="0.00199999999999978" classname="RcodeBlock" name="set_params_accepts_one_of_the_styles_returned_by_get_available_params"/>
    <testcase time="0.00200000000000067" classname="RcodeBlock" name="set_params_accepts_one_of_the_styles_returned_by_get_available_params"/>
    <testcase time="0.000999999999999446" classname="RcodeBlock" name="set_params_accepts_one_of_the_styles_returned_by_get_available_params"/>
    <testcase time="0.00200000000000067" classname="RcodeBlock" name="set_params_accepts_one_of_the_styles_returned_by_get_available_params"/>
    <testcase time="0.000999999999999446" classname="RcodeBlock" name="set_params_accepts_one_of_the_styles_returned_by_get_available_params"/>
    <testcase time="0.00199999999999978" classname="RcodeBlock" name="set_params_accepts_one_of_the_styles_returned_by_get_available_params"/>
    <testcase time="0.00200000000000067" classname="RcodeBlock" name="set_params_accepts_one_of_the_styles_returned_by_get_available_params"/>
    <testcase time="0.000999999999999446" classname="RcodeBlock" name="set_params_accepts_one_of_the_styles_returned_by_get_available_params"/>
    <testcase time="0.00200000000000067" classname="RcodeBlock" name="set_params_accepts_one_of_the_styles_returned_by_get_available_params"/>
    <testcase time="0.00199999999999978" classname="RcodeBlock" name="set_params_accepts_one_of_the_styles_returned_by_get_available_params"/>
    <testcase time="0.000999999999999446" classname="RcodeBlock" name="set_params_accepts_one_of_the_styles_returned_by_get_available_params"/>
    <testcase time="0.00200000000000067" classname="RcodeBlock" name="set_params_accepts_one_of_the_styles_returned_by_get_available_params"/>
    <testcase time="0.00399999999999956" classname="RcodeBlock" name="set_params_returns_the_RcodeBlock_object"/>
    <testcase time="0.00300000000000011" classname="RcodeBlock" name="to_list_returns_a_two_field_named_list"/>
    <testcase time="0.00900000000000034" classname="RcodeBlock" name="from_list_returns_a_similar_output_to_set_content"/>
    <testcase time="0.00800000000000001" classname="RcodeBlock" name="from_list_after_to_list_to_save_and_retrive"/>
  </testsuite>
  <testsuite name="Renderer" timestamp="2025-07-28T11:20:12Z" hostname="3f722d9e3303" tests="5" skipped="0" failures="0" errors="0" time="2.657">
    <testcase time="0.00599999999999934" classname="Renderer" name="Renderer_object_can_be_created"/>
    <testcase time="0.00500000000000078" classname="Renderer" name="new_returns_an_object_of_type_Renderer"/>
    <testcase time="2.15" classname="Renderer" name="renderRmd_asserts_the_argument_is_a_list_of_TextBlocks_PictureBlock_NewpageBlock_TableBlock"/>
    <testcase time="0.49" classname="Renderer" name="render_returns_the_same_path_as_get_last_output_file"/>
    <testcase time="0.00600000000000023" classname="Renderer" name="render_returns_the_same_path_as_get_last_output_file"/>
  </testsuite>
  <testsuite name="ReportCard" timestamp="2025-07-28T11:20:14Z" hostname="3f722d9e3303" tests="31" skipped="0" failures="0" errors="0" time="3.734">
    <testcase time="0.00599999999999934" classname="ReportCard" name="ReportCard_object_can_be_created"/>
    <testcase time="0.00500000000000078" classname="ReportCard" name="new_returns_an_object_of_type_ReportCard"/>
    <testcase time="0.00399999999999956" classname="ReportCard" name="append_text_accepts_a_character"/>
    <testcase time="0.00400000000000045" classname="ReportCard" name="append_text_returns_self"/>
    <testcase time="1.781" classname="ReportCard" name="append_table_accepts_a_data.frame"/>
    <testcase time="1.466" classname="ReportCard" name="append_table_returns_self"/>
    <testcase time="0.043000000000001" classname="ReportCard" name="append_plot_returns_self"/>
    <testcase time="0.0419999999999998" classname="ReportCard" name="append_plot_accepts_a_ggplot"/>
    <testcase time="0.0419999999999998" classname="ReportCard" name="append_plot_accepts_a_ggplot_with_a_dim"/>
    <testcase time="0.00300000000000011" classname="ReportCard" name="append_rcode_accepts_a_character"/>
    <testcase time="0.00399999999999956" classname="ReportCard" name="append_rcode_returns_self"/>
    <testcase time="0.0440000000000005" classname="ReportCard" name="get_content_returns_a_list_of_ContentBlock_objects"/>
    <testcase time="0.00600000000000023" classname="ReportCard" name="get_metadata_returns_a_list_of_mixed_objects"/>
    <testcase time="0.00399999999999956" classname="ReportCard" name="get_metadata_returns_a_named_list"/>
    <testcase time="0.00399999999999956" classname="ReportCard" name="append_metadata_returns_an_object_of_type_ReportCard"/>
    <testcase time="0.00300000000000011" classname="ReportCard" name="append_metadata_accepts_a_character_key_and_a_character_or_list_value"/>
    <testcase time="0.00200000000000067" classname="ReportCard" name="append_metadata_accepts_a_character_key_and_a_character_or_list_value"/>
    <testcase time="0.00699999999999967" classname="ReportCard" name="append_metadata_throws_error_if_key_is_not_character"/>
    <testcase time="0.00399999999999956" classname="ReportCard" name="append_metadata_throws_error_if_key_is_not_character"/>
    <testcase time="0.00699999999999967" classname="ReportCard" name="append_metadata_throws_error_if_value_if_missing"/>
    <testcase time="0.00600000000000023" classname="ReportCard" name="append_metadata_throws_error_if_key_is_missing"/>
    <testcase time="0.00700000000000145" classname="ReportCard" name="append_metadata_throws_error_if_keys_are_duplicated"/>
    <testcase time="0.0659999999999989" classname="ReportCard" name="The_deep_copy_constructor_copies_the_file_in_the_content_blocks"/>
    <testcase time="0.0540000000000003" classname="ReportCard" name="The_deep_copy_constructor_copies_the_non_ContentBlock_objects"/>
    <testcase time="0.000999999999999446" classname="ReportCard" name="The_deep_copy_constructor_copies_the_non_ContentBlock_objects"/>
    <testcase time="0.00300000000000011" classname="ReportCard" name="setting_and_getting_a_name_to_the_ReportCard"/>
    <testcase time="0.00200000000000067" classname="ReportCard" name="setting_and_getting_a_name_to_the_ReportCard"/>
    <testcase time="0.103" classname="ReportCard" name="to_list_internally_triggers_to_list_on_each_Block"/>
    <testcase time="0.00300000000000011" classname="ReportCard" name="to_list_internally_triggers_to_list_on_each_Block"/>
    <testcase time="0.00699999999999967" classname="ReportCard" name="from_list"/>
    <testcase time="0.000999999999999446" classname="ReportCard" name="from_list"/>
  </testsuite>
  <testsuite name="Reporter" timestamp="2025-07-28T11:20:18Z" hostname="3f722d9e3303" tests="41" skipped="0" failures="0" errors="0" time="2.633">
    <testcase time="0.00700000000000145" classname="Reporter" name="Reporter_object_can_be_created"/>
    <testcase time="0.00599999999999845" classname="Reporter" name="new_returns_an_object_of_type_Reporter"/>
    <testcase time="2.396" classname="Reporter" name="default_reporter_id"/>
    <testcase time="0.00300000000000011" classname="Reporter" name="set_id_sets_the_reporter_id_and_returns_reporter"/>
    <testcase time="0.00100000000000122" classname="Reporter" name="set_id_sets_the_reporter_id_and_returns_reporter"/>
    <testcase time="0.00300000000000011" classname="Reporter" name="get_cards_returns_the_same_cards_which_was_added_to_reporter"/>
    <testcase time="0.00299999999999834" classname="Reporter" name="get_blocks_returns_the_same_blocks_which_was_added_to_reporter_sep_NULL"/>
    <testcase time="0.0080000000000009" classname="Reporter" name="get_blocks_by_default_adds_NewpageBlock_new_between_cards"/>
    <testcase time="0.00399999999999956" classname="Reporter" name="get_blocks_and_get_cards_return_empty_list_by_default"/>
    <testcase time="0.00100000000000122" classname="Reporter" name="get_blocks_and_get_cards_return_empty_list_by_default"/>
    <testcase time="0.0459999999999994" classname="Reporter" name="The_deep_copy_constructor_copies_the_content_files_to_new_files"/>
    <testcase time="0.00799999999999912" classname="Reporter" name="reactive_add_card"/>
    <testcase time="0.00200000000000067" classname="Reporter" name="reactive_add_card"/>
    <testcase time="0.00200000000000067" classname="Reporter" name="reactive_add_card"/>
    <testcase time="0.00399999999999956" classname="Reporter" name="append_metadata_accept_only_named_list"/>
    <testcase time="0.00499999999999901" classname="Reporter" name="append_metadata_accept_only_named_list"/>
    <testcase time="0.00400000000000134" classname="Reporter" name="append_metadata_accept_only_named_list"/>
    <testcase time="0.0139999999999993" classname="Reporter" name="append_metadata_accept_only_unique_names_which_could_not_be_repeated"/>
    <testcase time="0.00200000000000067" classname="Reporter" name="append_metadata_accept_only_unique_names_which_could_not_be_repeated"/>
    <testcase time="0.00499999999999901" classname="Reporter" name="append_metadata_accept_only_unique_names_which_could_not_be_repeated"/>
    <testcase time="0.00399999999999956" classname="Reporter" name="get_metadata"/>
    <testcase time="0.00100000000000122" classname="Reporter" name="get_metadata"/>
    <testcase time="0.00399999999999956" classname="Reporter" name="from_reporter_returns_identical_equal_object_from_the_same_reporter"/>
    <testcase time="0.00600000000000023" classname="Reporter" name="from_reporter_does_not_return_identical_equal_object_form_other_reporter"/>
    <testcase time="0.00399999999999956" classname="Reporter" name="from_reporter_persists_the_cards_structure"/>
    <testcase time="0.00500000000000078" classname="Reporter" name="from_reporter_persists_the_reactive_add_card_count"/>
    <testcase time="0.00600000000000023" classname="Reporter" name="to_list_require_the_existing_directory_path"/>
    <testcase time="0.00499999999999901" classname="Reporter" name="to_list_require_the_existing_directory_path"/>
    <testcase time="0.00399999999999956" classname="Reporter" name="to_list_returns_a_list."/>
    <testcase time="0.0100000000000016" classname="Reporter" name="to_list_and_from_list_could_be_used_to_save_and_retrive_a_Reporter_"/>
    <testcase time="0.00699999999999967" classname="Reporter" name="to_list_and_from_list_could_be_used_to_save_and_retrive_a_Reporter_"/>
    <testcase time="0.00300000000000011" classname="Reporter" name="from_reporter_returns_identical_equal_object_from_the_same_reporter"/>
    <testcase time="0.00699999999999967" classname="Reporter" name="from_reporter_does_not_return_identical_equal_object_form_other_reporter"/>
    <testcase time="0.00300000000000011" classname="Reporter" name="from_reporter_persists_the_cards_structure"/>
    <testcase time="0.00499999999999901" classname="Reporter" name="from_reporter_persists_the_reactive_add_card_count"/>
    <testcase time="0.00600000000000023" classname="Reporter" name="to_jsondir_require_the_existing_directory_path"/>
    <testcase time="0.00500000000000078" classname="Reporter" name="to_jsondir_require_the_existing_directory_path"/>
    <testcase time="0.00399999999999956" classname="Reporter" name="to_jsondir_returns_the_same_dir_it_was_provided_to_it"/>
    <testcase time="0.00399999999999956" classname="Reporter" name="from_jsondir_returns_identical_equal_object"/>
    <testcase time="0.0140000000000011" classname="Reporter" name="to_jsondir_and_from_jsondir_could_be_used_to_save_and_retrive_a_Reporter"/>
    <testcase time="0.00199999999999889" classname="Reporter" name="to_jsondir_and_from_jsondir_could_be_used_to_save_and_retrive_a_Reporter"/>
  </testsuite>
  <testsuite name="ResetModule" timestamp="2025-07-28T11:20:21Z" hostname="3f722d9e3303" tests="2" skipped="0" failures="0" errors="0" time="0.137">
    <testcase time="0.121" classname="ResetModule" name="reset_report_button_srv_reset_a_reporter"/>
    <testcase time="0.016" classname="ResetModule" name="reset_report_button_srv_reset_a_reporter"/>
  </testsuite>
  <testsuite name="SimpleReporter" timestamp="2025-07-28T11:20:21Z" hostname="3f722d9e3303" tests="5" skipped="0" failures="0" errors="0" time="0.639">
    <testcase time="0.343999999999999" classname="SimpleReporter" name="simple_reporter_srv_render_and_downlaod_a_document"/>
    <testcase time="0.0080000000000009" classname="SimpleReporter" name="simple_reporter_srv_render_and_downlaod_a_document"/>
    <testcase time="0.00300000000000011" classname="SimpleReporter" name="simple_reporter_srv_render_and_downlaod_a_document"/>
    <testcase time="0.266" classname="SimpleReporter" name="simple_reporter_srv_add_a_Card_to_Reporter"/>
    <testcase time="0.0179999999999989" classname="SimpleReporter" name="simple_reporter_ui_returns_a_shiny.tag"/>
  </testsuite>
  <testsuite name="TableBlock" timestamp="2025-07-28T11:20:21Z" hostname="3f722d9e3303" tests="11" skipped="0" failures="0" errors="0" time="9.537">
    <testcase time="0.00600000000000023" classname="TableBlock" name="TableBlock_object_can_be_created"/>
    <testcase time="0.00500000000000078" classname="TableBlock" name="new_returns_an_object_of_type_TableBlock"/>
    <testcase time="1.509" classname="TableBlock" name="set_content_accepts_a_table_object"/>
    <testcase time="0.00699999999999967" classname="TableBlock" name="set_content_asserts_the_argument_is_a_plot"/>
    <testcase time="1.547" classname="TableBlock" name="set_content_returns_the_TableBlock_object"/>
    <testcase time="0.00399999999999778" classname="TableBlock" name="get_content_returns_character_0_on_a_newly_initialized_TableBlock"/>
    <testcase time="1.549" classname="TableBlock" name="to_list_returns_a_named_list_with_a_one_field_a_proper_file_name"/>
    <testcase time="1.561" classname="TableBlock" name="to_list_returns_a_named_list_with_a_one_field_a_proper_path"/>
    <testcase time="1.58" classname="TableBlock" name="from_list_after_to_list_to_save_and_retrive"/>
    <testcase time="1.587" classname="TableBlock" name="set_content_supports_data.frame_object"/>
    <testcase time="0.182000000000002" classname="TableBlock" name="set_content_supports_rtables_object"/>
  </testsuite>
  <testsuite name="TextBlock" timestamp="2025-07-28T11:20:31Z" hostname="3f722d9e3303" tests="18" skipped="0" failures="0" errors="0" time="0.089">
    <testcase time="0.00600000000000023" classname="TextBlock" name="TextBlock_object_can_be_created"/>
    <testcase time="0.00499999999999901" classname="TextBlock" name="new_returns_an_object_of_type_TextBlock"/>
    <testcase time="0.00300000000000011" classname="TextBlock" name="set_content_accepts_a_string"/>
    <testcase time="0.00700000000000145" classname="TextBlock" name="set_content_asserts_the_argument_is_a_string"/>
    <testcase time="0.00400000000000134" classname="TextBlock" name="set_content_returns_the_TextBlock_object"/>
    <testcase time="0.00300000000000011" classname="TextBlock" name="get_content_returns_character_0_on_a_newly_initialized_TextBlock"/>
    <testcase time="0.00399999999999778" classname="TextBlock" name="get_content_returns_previously_set_string"/>
    <testcase time="0.00499999999999901" classname="TextBlock" name="get_available_styles_returns_an_array_of_character"/>
    <testcase time="0.00300000000000011" classname="TextBlock" name="set_style_accepts_one_of_the_styles_returned_by_get_available_styles"/>
    <testcase time="0.00200000000000244" classname="TextBlock" name="set_style_accepts_one_of_the_styles_returned_by_get_available_styles"/>
    <testcase time="0.000999999999997669" classname="TextBlock" name="set_style_accepts_one_of_the_styles_returned_by_get_available_styles"/>
    <testcase time="0.00200000000000244" classname="TextBlock" name="set_style_accepts_one_of_the_styles_returned_by_get_available_styles"/>
    <testcase time="0.00600000000000023" classname="TextBlock" name="set_style_asserts_the_argument_is_one_of_styles_in_get_available_styles"/>
    <testcase time="0.00399999999999778" classname="TextBlock" name="set_style_returns_the_TextBlock_object"/>
    <testcase time="0.00400000000000134" classname="TextBlock" name="get_style_returns_the_set_style"/>
    <testcase time="0.00900000000000034" classname="TextBlock" name="to_list_returns_a_two_field_named_list"/>
    <testcase time="0.0109999999999992" classname="TextBlock" name="from_list_returns_a_similar_output_to_set_content"/>
    <testcase time="0.0100000000000016" classname="TextBlock" name="from_list_after_to_list_to_save_and_retrive"/>
  </testsuite>
  <testsuite name="addCardModule" timestamp="2025-07-28T11:20:31Z" hostname="3f722d9e3303" tests="11" skipped="0" failures="0" errors="0" time="0.333">
    <testcase time="0.0309999999999988" classname="addCardModule" name="add_card_button_srv_add_a_Card_to_the_Reporter"/>
    <testcase time="0.00900000000000034" classname="addCardModule" name="add_card_button_ui_returns_a_tagList"/>
    <testcase time="0.0839999999999996" classname="addCardModule" name="add_card_button_srv_supports_custom_ReportCard_classes"/>
    <testcase time="0.027000000000001" classname="addCardModule" name="add_card_button_srv_supports_passing_no_default_object_to_the_card"/>
    <testcase time="0.0259999999999998" classname="addCardModule" name="add_card_button_srv_try_the_card_fun"/>
    <testcase time="0.0289999999999999" classname="addCardModule" name="add_card_button_srv_try_the_card_fun"/>
    <testcase time="0.0269999999999975" classname="addCardModule" name="add_card_button_srv_try_the_card_fun"/>
    <testcase time="0.027000000000001" classname="addCardModule" name="add_card_button_srv_supports_passing_card_fun_with_any_of_the_2_available_arguments"/>
    <testcase time="0.0250000000000021" classname="addCardModule" name="add_card_button_srv_supports_passing_card_fun_with_any_of_the_2_available_arguments"/>
    <testcase time="0.0239999999999974" classname="addCardModule" name="add_card_button_srv_supports_passing_card_fun_with_any_of_the_2_available_arguments"/>
    <testcase time="0.0240000000000009" classname="addCardModule" name="add_card_button_srv_supports_passing_card_fun_with_any_of_the_2_available_arguments"/>
  </testsuite>
  <testsuite name="utils" timestamp="2025-07-28T11:20:31Z" hostname="3f722d9e3303" tests="9" skipped="0" failures="0" errors="0" time="4.075">
    <testcase time="0.00700000000000145" classname="utils" name="panel_item"/>
    <testcase time="0.139999999999997" classname="utils" name="to_flextable_supported_class_data.frame_"/>
    <testcase time="0.110000000000003" classname="utils" name="to_flextable_supported_class_rtables_"/>
    <testcase time="3.805" classname="utils" name="to_flextable_supported_class_listing_df_"/>
    <testcase time="0.00600000000000023" classname="utils" name="to_flextable_unsupported_class"/>
    <testcase time="0.00399999999999778" classname="utils" name="split_text_block_splits_text_block_into_blocks_no_longer_than_n_lines"/>
    <testcase time="0.00100000000000122" classname="utils" name="split_text_block_splits_text_block_into_blocks_no_longer_than_n_lines"/>
    <testcase time="0.00100000000000122" classname="utils" name="split_text_block_splits_text_block_into_blocks_no_longer_than_n_lines"/>
    <testcase time="0.000999999999997669" classname="utils" name="split_text_block_splits_text_block_into_blocks_no_longer_than_n_lines"/>
  </testsuite>
  <testsuite name="yaml_utils" timestamp="2025-07-28T11:20:35Z" hostname="3f722d9e3303" tests="38" skipped="0" failures="0" errors="0" time="0.131">
    <testcase time="0.00600000000000023" classname="yaml_utils" name="yaml_quoted_adds_the_quoted_attribute_equal_to_TRUE_"/>
    <testcase time="0.00300000000000011" classname="yaml_utils" name="yaml_quoted_does_not_modify_the_value_of_the_object"/>
    <testcase time="0.00600000000000023" classname="yaml_utils" name="conv_str_logi_accept_only_a_string"/>
    <testcase time="0.00199999999999889" classname="yaml_utils" name="conv_str_logi_accept_only_a_string"/>
    <testcase time="0.00300000000000011" classname="yaml_utils" name="conv_str_logi_not_influence_the_regular_character"/>
    <testcase time="0.00400000000000134" classname="yaml_utils" name="conv_str_logi_character_TRUE_to_logical"/>
    <testcase time="0.00300000000000011" classname="yaml_utils" name="conv_str_logi_character_TRUE_to_logical"/>
    <testcase time="0.00199999999999889" classname="yaml_utils" name="conv_str_logi_character_TRUE_to_logical"/>
    <testcase time="0.00300000000000011" classname="yaml_utils" name="conv_str_logi_character_TRUE_to_logical"/>
    <testcase time="0.00300000000000011" classname="yaml_utils" name="conv_str_logi_character_TRUE_to_logical"/>
    <testcase time="0.00199999999999889" classname="yaml_utils" name="conv_str_logi_character_TRUE_to_logical"/>
    <testcase time="0.00300000000000011" classname="yaml_utils" name="conv_str_logi_character_TRUE_to_logical"/>
    <testcase time="0.00400000000000134" classname="yaml_utils" name="conv_str_logi_character_FALSE_to_logical"/>
    <testcase time="0.00300000000000011" classname="yaml_utils" name="conv_str_logi_character_FALSE_to_logical"/>
    <testcase time="0.00199999999999889" classname="yaml_utils" name="conv_str_logi_character_FALSE_to_logical"/>
    <testcase time="0.00300000000000011" classname="yaml_utils" name="conv_str_logi_character_FALSE_to_logical"/>
    <testcase time="0.00300000000000011" classname="yaml_utils" name="conv_str_logi_character_FALSE_to_logical"/>
    <testcase time="0.00200000000000244" classname="yaml_utils" name="conv_str_logi_character_FALSE_to_logical"/>
    <testcase time="0.00300000000000011" classname="yaml_utils" name="conv_str_logi_character_FALSE_to_logical"/>
    <testcase time="0.00499999999999901" classname="yaml_utils" name="rmd_outputs_all_returned_out_in_the_rmarkdown_namespace"/>
    <testcase time="0.0069999999999979" classname="yaml_utils" name="rmd_output_arguments_accepts_only_string_from_possible_rmarkdown_outputs"/>
    <testcase time="0.00200000000000244" classname="yaml_utils" name="rmd_output_arguments_accepts_only_string_from_possible_rmarkdown_outputs"/>
    <testcase time="0.000999999999997669" classname="yaml_utils" name="rmd_output_arguments_accepts_only_string_from_possible_rmarkdown_outputs"/>
    <testcase time="0.00400000000000134" classname="yaml_utils" name="rmd_output_arguments_returned_all_pdf_document_arguments"/>
    <testcase time="0.00300000000000011" classname="yaml_utils" name="rmd_output_arguments_returned_all_pdf_document_arguments_and_their_defaults"/>
    <testcase time="0.00700000000000145" classname="yaml_utils" name="as_yaml_auto_accept_a_named_list_optionally_nested_"/>
    <testcase time="0.00399999999999778" classname="yaml_utils" name="as_yaml_auto_accept_a_named_list_optionally_nested_"/>
    <testcase time="0.00100000000000122" classname="yaml_utils" name="as_yaml_auto_accept_a_named_list_optionally_nested_"/>
    <testcase time="0.00199999999999889" classname="yaml_utils" name="as_yaml_auto_accept_a_named_list_optionally_nested_"/>
    <testcase time="0.00400000000000134" classname="yaml_utils" name="as_yaml_auto_works_the_same_as_yaml_as.yaml_for_a_nested_list_when_as_header_is_FALSE"/>
    <testcase time="0.00399999999999778" classname="yaml_utils" name="as_yaml_auto_parse"/>
    <testcase time="0.00400000000000134" classname="yaml_utils" name="as_yaml_auto_warning_for_not_accepted_argument_and_skip_it"/>
    <testcase time="0.00100000000000122" classname="yaml_utils" name="as_yaml_auto_warning_for_not_accepted_argument_and_skip_it"/>
    <testcase time="0.00399999999999778" classname="yaml_utils" name="as_yaml_auto_silent_the_warning_for_not_accepted_argument_and_skip_it"/>
    <testcase time="0.00400000000000134" classname="yaml_utils" name="as_yaml_auto_convert_character_logical_to_logical"/>
    <testcase time="0.00700000000000145" classname="yaml_utils" name="as_yaml_auto_do_not_accept_multi_outputs_without_the_multi_output_argument"/>
    <testcase time="0.00399999999999778" classname="yaml_utils" name="as_yaml_auto_accept_multi_outputs_with_the_multi_output_argument"/>
    <testcase time="0.00300000000000011" classname="yaml_utils" name="get_yaml_field_returns_the_correct_result"/>
  </testsuite>
</testsuites>
