<?xml version="1.0" encoding="UTF-8"?>
<testsuites>
  <testsuite name="ContentBlock" timestamp="2025-06-02T11:39:53Z" hostname="1b5e35585ea6" tests="11" skipped="0" failures="0" errors="0" time="0.143">
    <testcase time="0.012" classname="ContentBlock" name="ContentBlock_object_can_be_created"/>
    <testcase time="0.041" classname="ContentBlock" name="new_returns_an_object_of_type_ContentBlock"/>
    <testcase time="0.015" classname="ContentBlock" name="set_content_accepts_a_character_object"/>
    <testcase time="0.00600000000000001" classname="ContentBlock" name="set_content_accepts_a_list_object"/>
    <testcase time="0.00700000000000001" classname="ContentBlock" name="set_content_returns_the_ContentBlock_object"/>
    <testcase time="0.0079999999999999" classname="ContentBlock" name="get_content_returns_NULL_on_a_newly_initialized_ContentBlock"/>
    <testcase time="0.028" classname="ContentBlock" name="The_deep_copy_constructor_copies_the_content_file_to_a_new_file"/>
    <testcase time="0.00700000000000001" classname="ContentBlock" name="The_deep_copy_constructor_preserves_the_file_extension_of_the_copied_file"/>
    <testcase time="0.00600000000000001" classname="ContentBlock" name="The_deep_copy_constructor_does_not_find_an_extension_of_a_file_name_like_.gitignore"/>
    <testcase time="0.00700000000000001" classname="ContentBlock" name="The_deep_copy_constructor_finds_an_extension_of_a_file_name_like_.gitignore.txt"/>
    <testcase time="0.00600000000000001" classname="ContentBlock" name="The_shallow_copy_constructor_does_not_copy_the_content_file_to_a_new_file"/>
  </testsuite>
  <testsuite name="DownloadReportModule" timestamp="2025-06-02T11:39:53Z" hostname="1b5e35585ea6" tests="21" skipped="0" failures="0" errors="0" time="2.265">
    <testcase time="1.184" classname="DownloadReportModule" name="download_report_button_srv_render_and_downlaod_a_document"/>
    <testcase time="0.00800000000000001" classname="DownloadReportModule" name="download_report_button_srv_render_and_downlaod_a_document"/>
    <testcase time="0.00300000000000011" classname="DownloadReportModule" name="download_report_button_srv_render_and_downlaod_a_document"/>
    <testcase time="0.00299999999999989" classname="DownloadReportModule" name="download_report_button_srv_render_and_downlaod_a_document"/>
    <testcase time="0.1" classname="DownloadReportModule" name="download_report_button_srv_subset_of_rmd_yaml_args"/>
    <testcase time="0.0089999999999999" classname="DownloadReportModule" name="download_report_button_srv_subset_of_rmd_yaml_args"/>
    <testcase time="0.0170000000000001" classname="DownloadReportModule" name="download_report_button_srv_subset_of_rmd_yaml_args"/>
    <testcase time="0.028" classname="DownloadReportModule" name="download_report_button_srv_subset_of_rmd_yaml_args"/>
    <testcase time="0.0170000000000001" classname="DownloadReportModule" name="download_report_button_srv_subset_of_rmd_yaml_args"/>
    <testcase time="0.0150000000000001" classname="DownloadReportModule" name="download_report_button_srv_subset_of_rmd_yaml_args"/>
    <testcase time="0.00599999999999978" classname="DownloadReportModule" name="download_report_button_ui_returns_a_tagList"/>
    <testcase time="0.321" classname="DownloadReportModule" name="report_render_and_compress_valid_arguments"/>
    <testcase time="0.0949999999999998" classname="DownloadReportModule" name="report_render_and_compress_invalid_arguments"/>
    <testcase time="0.00600000000000023" classname="DownloadReportModule" name="report_render_and_compress_invalid_arguments"/>
    <testcase time="0.004" classname="DownloadReportModule" name="report_render_and_compress_invalid_arguments"/>
    <testcase time="0.302" classname="DownloadReportModule" name="report_render_and_compress_render_an_html_document"/>
    <testcase time="0.00800000000000001" classname="DownloadReportModule" name="report_render_and_compress_render_an_html_document"/>
    <testcase time="0.028" classname="DownloadReportModule" name="report_render_and_compress_render_an_html_document"/>
    <testcase time="0.004" classname="DownloadReportModule" name="report_render_and_compress_render_an_html_document"/>
    <testcase time="0.0899999999999999" classname="DownloadReportModule" name="any_rcode_block"/>
    <testcase time="0.0169999999999999" classname="DownloadReportModule" name="any_rcode_block"/>
  </testsuite>
  <testsuite name="FileBlock" timestamp="2025-06-02T11:39:56Z" hostname="1b5e35585ea6" tests="8" skipped="0" failures="0" errors="0" time="0.19">
    <testcase time="0.0169999999999999" classname="FileBlock" name="FileBlock_object_can_be_created"/>
    <testcase time="0.0110000000000001" classname="FileBlock" name="new_returns_an_object_of_type_FileBlock"/>
    <testcase time="0.00700000000000012" classname="FileBlock" name="destructor_removes_the_file"/>
    <testcase time="0.125" classname="FileBlock" name="destructor_removes_the_file"/>
    <testcase time="0.0089999999999999" classname="FileBlock" name="to_list_returns_a_named_list_with_a_one_field"/>
    <testcase time="0.00800000000000001" classname="FileBlock" name="to_list_with_base_path_arg"/>
    <testcase time="0.00599999999999978" classname="FileBlock" name="to_list_copies_a_file_to_a_target_directory"/>
    <testcase time="0.00700000000000012" classname="FileBlock" name="from_list_copies_a_file_from_a_target_directory"/>
  </testsuite>
  <testsuite name="HTMLBlock" timestamp="2025-06-02T11:39:56Z" hostname="1b5e35585ea6" tests="8" skipped="0" failures="0" errors="0" time="0.052">
    <testcase time="0.0089999999999999" classname="HTMLBlock" name="HTMLBlock_object_can_be_created"/>
    <testcase time="0.00600000000000023" classname="HTMLBlock" name="new_returns_an_object_of_type_HTMLBlock"/>
    <testcase time="0.00499999999999989" classname="HTMLBlock" name="new_accepts_a_shiny.tag"/>
    <testcase time="0.00499999999999989" classname="HTMLBlock" name="new_accepts_a_shiny.tag.list"/>
    <testcase time="0.00800000000000001" classname="HTMLBlock" name="new_doesn_t_accept_character"/>
    <testcase time="0.00600000000000023" classname="HTMLBlock" name="get_content_returns_a_html_content_asis"/>
    <testcase time="0.00599999999999978" classname="HTMLBlock" name="to_list_returns_a_list_containing_a_content_asis_"/>
    <testcase time="0.00700000000000012" classname="HTMLBlock" name="from_list_creates_a_HTMLBlock"/>
  </testsuite>
  <testsuite name="LoadReporterModule" timestamp="2025-06-02T11:39:56Z" hostname="1b5e35585ea6" tests="14" skipped="0" failures="4" errors="0" time="0.565">
    <testcase time="0.138" classname="LoadReporterModule" name="report_load_srv_loading_reporter_restores_saved_content"/>
    <testcase time="0.00800000000000001" classname="LoadReporterModule" name="report_load_srv_loading_reporter_restores_saved_content">
      <failure type="failure" message="reporter$get_blocks() has length 4, not length 3. ('test-LoadReporterModule.R:29:7')">reporter$get_blocks() has length 4, not length 3.
Backtrace:
     x
  1. +-shiny::testServer(...) at test-LoadReporterModule.R:18:3
  2. | +-shiny:::withMockContext(...)
  3. | | +-shiny::isolate(...)
  4. | | | +-shiny::..stacktraceoff..(...)
  5. | | | \-ctx$run(...)
  6. | | |   +-promises::with_promise_domain(...)
  7. | | |   | \-domain$wrapSync(expr)
  8. | | |   +-shiny::withReactiveDomain(...)
  9. | | |   | \-promises::with_promise_domain(...)
 10. | | |   |   \-domain$wrapSync(expr)
 11. | | |   |     \-base::force(expr)
 12. | | |   +-shiny::captureStackTraces(...)
 13. | | |   | \-promises::with_promise_domain(...)
 14. | | |   |   \-domain$wrapSync(expr)
 15. | | |   |     \-base::withCallingHandlers(expr, error = doCaptureStack)
 16. | | |   \-env$runWith(self, func)
 17. | | |     \-shiny (local) contextFunc()
 18. | | |       \-shiny::..stacktraceon..(expr)
 19. | | +-shiny::withReactiveDomain(...)
 20. | | | \-promises::with_promise_domain(...)
 21. | | |   \-domain$wrapSync(expr)
 22. | | |     \-base::force(expr)
 23. | | \-withr::with_options(...)
 24. | |   \-base::force(code)
 25. | \-rlang::eval_tidy(quosure, mask, rlang::caller_env())
 26. \-testthat::expect_length(reporter$get_blocks(), 3) at test-LoadReporterModule.R:29:7</failure>
    </testcase>
    <testcase time="0.125" classname="LoadReporterModule" name="report_load_srv_loading_reporter_restores_saved_content">
      <failure type="failure" message="reporter$get_blocks()[[1]] (`actual`) not identical to &quot;## Header 2 text&quot; (`expected`). ('test-LoadReporterModule.R:30:7')">reporter$get_blocks()[[1]] (`actual`) not identical to "## Header 2 text" (`expected`).

`actual`:                     
`expected`: "## Header 2 text"
Backtrace:
     x
  1. +-shiny::testServer(...) at test-LoadReporterModule.R:18:3
  2. | +-shiny:::withMockContext(...)
  3. | | +-shiny::isolate(...)
  4. | | | +-shiny::..stacktraceoff..(...)
  5. | | | \-ctx$run(...)
  6. | | |   +-promises::with_promise_domain(...)
  7. | | |   | \-domain$wrapSync(expr)
  8. | | |   +-shiny::withReactiveDomain(...)
  9. | | |   | \-promises::with_promise_domain(...)
 10. | | |   |   \-domain$wrapSync(expr)
 11. | | |   |     \-base::force(expr)
 12. | | |   +-shiny::captureStackTraces(...)
 13. | | |   | \-promises::with_promise_domain(...)
 14. | | |   |   \-domain$wrapSync(expr)
 15. | | |   |     \-base::withCallingHandlers(expr, error = doCaptureStack)
 16. | | |   \-env$runWith(self, func)
 17. | | |     \-shiny (local) contextFunc()
 18. | | |       \-shiny::..stacktraceon..(expr)
 19. | | +-shiny::withReactiveDomain(...)
 20. | | | \-promises::with_promise_domain(...)
 21. | | |   \-domain$wrapSync(expr)
 22. | | |     \-base::force(expr)
 23. | | \-withr::with_options(...)
 24. | |   \-base::force(code)
 25. | \-rlang::eval_tidy(quosure, mask, rlang::caller_env())
 26. \-testthat::expect_identical(reporter$get_blocks()[[1]], "## Header 2 text") at test-LoadReporterModule.R:30:7</failure>
    </testcase>
    <testcase time="0.044" classname="LoadReporterModule" name="report_load_srv_loading_reporter_restores_saved_content">
      <failure type="failure" message="reporter$get_blocks()[[2]] (`actual`) not identical to &quot;A paragraph of default text&quot; (`expected`). ('test-LoadReporterModule.R:31:7')">reporter$get_blocks()[[2]] (`actual`) not identical to "A paragraph of default text" (`expected`).

`actual`:   "## Header 2 text"           
`expected`: "A paragraph of default text"
Backtrace:
     x
  1. +-shiny::testServer(...) at test-LoadReporterModule.R:18:3
  2. | +-shiny:::withMockContext(...)
  3. | | +-shiny::isolate(...)
  4. | | | +-shiny::..stacktraceoff..(...)
  5. | | | \-ctx$run(...)
  6. | | |   +-promises::with_promise_domain(...)
  7. | | |   | \-domain$wrapSync(expr)
  8. | | |   +-shiny::withReactiveDomain(...)
  9. | | |   | \-promises::with_promise_domain(...)
 10. | | |   |   \-domain$wrapSync(expr)
 11. | | |   |     \-base::force(expr)
 12. | | |   +-shiny::captureStackTraces(...)
 13. | | |   | \-promises::with_promise_domain(...)
 14. | | |   |   \-domain$wrapSync(expr)
 15. | | |   |     \-base::withCallingHandlers(expr, error = doCaptureStack)
 16. | | |   \-env$runWith(self, func)
 17. | | |     \-shiny (local) contextFunc()
 18. | | |       \-shiny::..stacktraceon..(expr)
 19. | | +-shiny::withReactiveDomain(...)
 20. | | | \-promises::with_promise_domain(...)
 21. | | |   \-domain$wrapSync(expr)
 22. | | |     \-base::force(expr)
 23. | | \-withr::with_options(...)
 24. | |   \-base::force(code)
 25. | \-rlang::eval_tidy(quosure, mask, rlang::caller_env())
 26. \-testthat::expect_identical(reporter$get_blocks()[[2]], "A paragraph of default text") at test-LoadReporterModule.R:31:7</failure>
    </testcase>
    <testcase time="0.0329999999999999" classname="LoadReporterModule" name="report_load_srv_loading_reporter_restores_saved_content">
      <failure type="failure" message="reporter$get_blocks()[[3]] is not an S3 object ('test-LoadReporterModule.R:32:7')">reporter$get_blocks()[[3]] is not an S3 object
Backtrace:
     x
  1. +-shiny::testServer(...) at test-LoadReporterModule.R:18:3
  2. | +-shiny:::withMockContext(...)
  3. | | +-shiny::isolate(...)
  4. | | | +-shiny::..stacktraceoff..(...)
  5. | | | \-ctx$run(...)
  6. | | |   +-promises::with_promise_domain(...)
  7. | | |   | \-domain$wrapSync(expr)
  8. | | |   +-shiny::withReactiveDomain(...)
  9. | | |   | \-promises::with_promise_domain(...)
 10. | | |   |   \-domain$wrapSync(expr)
 11. | | |   |     \-base::force(expr)
 12. | | |   +-shiny::captureStackTraces(...)
 13. | | |   | \-promises::with_promise_domain(...)
 14. | | |   |   \-domain$wrapSync(expr)
 15. | | |   |     \-base::withCallingHandlers(expr, error = doCaptureStack)
 16. | | |   \-env$runWith(self, func)
 17. | | |     \-shiny (local) contextFunc()
 18. | | |       \-shiny::..stacktraceon..(expr)
 19. | | +-shiny::withReactiveDomain(...)
 20. | | | \-promises::with_promise_domain(...)
 21. | | |   \-domain$wrapSync(expr)
 22. | | |     \-base::force(expr)
 23. | | \-withr::with_options(...)
 24. | |   \-base::force(code)
 25. | \-rlang::eval_tidy(quosure, mask, rlang::caller_env())
 26. \-testthat::expect_s3_class(reporter$get_blocks()[[3]], "ggplot") at test-LoadReporterModule.R:32:7</failure>
    </testcase>
    <testcase time="0.161" classname="LoadReporterModule" name="report_load_srv_loading_reporter_with_ReportCard_restores_saved_content_with_old_blocks_"/>
    <testcase time="0.00200000000000022" classname="LoadReporterModule" name="report_load_srv_loading_reporter_with_ReportCard_restores_saved_content_with_old_blocks_"/>
    <testcase time="0.00199999999999978" classname="LoadReporterModule" name="report_load_srv_loading_reporter_with_ReportCard_restores_saved_content_with_old_blocks_"/>
    <testcase time="0.004" classname="LoadReporterModule" name="report_load_srv_loading_reporter_with_ReportCard_restores_saved_content_with_old_blocks_"/>
    <testcase time="0.00200000000000022" classname="LoadReporterModule" name="report_load_srv_loading_reporter_with_ReportCard_restores_saved_content_with_old_blocks_"/>
    <testcase time="0.004" classname="LoadReporterModule" name="report_load_srv_loading_reporter_with_ReportCard_restores_saved_content_with_old_blocks_"/>
    <testcase time="0.00199999999999978" classname="LoadReporterModule" name="report_load_srv_loading_reporter_with_ReportCard_restores_saved_content_with_old_blocks_"/>
    <testcase time="0.0350000000000001" classname="LoadReporterModule" name="report_load_srv_fail_to_load_a_reporter_because_of_different_id"/>
    <testcase time="0.00499999999999989" classname="LoadReporterModule" name="report_load_ui_returns_a_tagList"/>
  </testsuite>
  <testsuite name="NewpageBlock" timestamp="2025-06-02T11:39:57Z" hostname="1b5e35585ea6" tests="3" skipped="0" failures="0" errors="0" time="0.021">
    <testcase time="0.0089999999999999" classname="NewpageBlock" name="NewpageBlock_object_can_be_created"/>
    <testcase time="0.00700000000000012" classname="NewpageBlock" name="new_returns_an_object_of_type_NewpageBlock"/>
    <testcase time="0.00499999999999989" classname="NewpageBlock" name="set_content_accepts_a_string"/>
  </testsuite>
  <testsuite name="PictureBlock" timestamp="2025-06-02T11:39:57Z" hostname="1b5e35585ea6" tests="23" skipped="0" failures="0" errors="0" time="0.626">
    <testcase time="0.012" classname="PictureBlock" name="PictureBlock_object_can_be_created"/>
    <testcase time="0.00700000000000012" classname="PictureBlock" name="new_returns_an_object_of_type_PictureBlock"/>
    <testcase time="0.0470000000000002" classname="PictureBlock" name="set_content_accepts_a_plot_object"/>
    <testcase time="0.0089999999999999" classname="PictureBlock" name="set_content_asserts_the_argument_is_a_plot"/>
    <testcase time="0.0529999999999999" classname="PictureBlock" name="set_content_returns_the_PictureBlock_object"/>
    <testcase time="0.0620000000000003" classname="PictureBlock" name="set_content_catches_a_file_with_the_600x800_size"/>
    <testcase time="0.0449999999999999" classname="PictureBlock" name="set_content_catches_a_file_with_a_custom_size"/>
    <testcase time="0.00699999999999967" classname="PictureBlock" name="get_content_returns_character_0_on_a_newly_initialized_PictureBlock"/>
    <testcase time="0.00500000000000034" classname="PictureBlock" name="set_title_accepts_a_string"/>
    <testcase time="0.0089999999999999" classname="PictureBlock" name="set_title_asserts_the_argument_is_string"/>
    <testcase time="0.00700000000000012" classname="PictureBlock" name="set_title_returns_self"/>
    <testcase time="0.0109999999999997" classname="PictureBlock" name="get_title_returns_the_set_title"/>
    <testcase time="0.00300000000000011" classname="PictureBlock" name="get_title_returns_the_set_title"/>
    <testcase time="0.00499999999999989" classname="PictureBlock" name="set_dim_accepts_an_array_of_two_numeric_values"/>
    <testcase time="0.00900000000000034" classname="PictureBlock" name="set_dim_asserts_the_argument_is_an_array_of_two_numeric_values"/>
    <testcase time="0.00499999999999989" classname="PictureBlock" name="set_dim_asserts_the_argument_is_an_array_of_two_numeric_values"/>
    <testcase time="0.00600000000000023" classname="PictureBlock" name="set_dim_returns_self"/>
    <testcase time="0.00800000000000001" classname="PictureBlock" name="set_content_raises_error_if_the_content_is_not_of_the_supported_type"/>
    <testcase time="0.0510000000000002" classname="PictureBlock" name="set_content_accepts_a_ggplot_object"/>
    <testcase time="0.0459999999999994" classname="PictureBlock" name="set_content_accepts_a_grob_object"/>
    <testcase time="0.111" classname="PictureBlock" name="set_content_accepts_a_trellis_object"/>
    <testcase time="0.0530000000000008" classname="PictureBlock" name="to_list_returns_a_named_list_with_a_one_field_a_proper_path"/>
    <testcase time="0.0549999999999997" classname="PictureBlock" name="from_list_after_to_list_to_save_and_retrive"/>
  </testsuite>
  <testsuite name="PreviewerReportModule-shinytest2" timestamp="2025-06-02T11:39:57Z" hostname="1b5e35585ea6" tests="4" skipped="4" failures="0" errors="0" time="0.07">
    <testcase time="0.00699999999999967" classname="PreviewerReportModule_shinytest2" name="reporter_previewer_card_reordering_works">
      <skipped message="Reason: testing depth 3 is below current testing specification 5 ('test-PreviewerReportModule-shinytest2.R:2:3')"/>
    </testcase>
    <testcase time="0.0230000000000006" classname="PreviewerReportModule_shinytest2" name="reporter_previewer_card_removal_works">
      <skipped message="Reason: testing depth 3 is below current testing specification 5 ('test-PreviewerReportModule-shinytest2.R:15:3')"/>
    </testcase>
    <testcase time="0.0219999999999994" classname="PreviewerReportModule_shinytest2" name="reporter_previewer_card_editing_works">
      <skipped message="Reason: testing depth 3 is below current testing specification 5 ('test-PreviewerReportModule-shinytest2.R:34:3')"/>
    </testcase>
    <testcase time="0.0180000000000007" classname="PreviewerReportModule_shinytest2" name="reporter_previewer_download_functionality_works">
      <skipped message="Reason: testing depth 3 is below current testing specification 5 ('test-PreviewerReportModule-shinytest2.R:53:3')"/>
    </testcase>
  </testsuite>
  <testsuite name="PreviewerReportModule" timestamp="2025-06-02T11:39:57Z" hostname="1b5e35585ea6" tests="10" skipped="0" failures="0" errors="0" time="0.439">
    <testcase time="0.175" classname="PreviewerReportModule" name="reporter_previewer_srv_subset_of_rmd_yaml_args"/>
    <testcase time="0.0190000000000001" classname="PreviewerReportModule" name="reporter_previewer_srv_subset_of_rmd_yaml_args"/>
    <testcase time="0.024" classname="PreviewerReportModule" name="reporter_previewer_srv_subset_of_rmd_yaml_args"/>
    <testcase time="0.0149999999999997" classname="PreviewerReportModule" name="reporter_previewer_srv_subset_of_rmd_yaml_args"/>
    <testcase time="0.0149999999999997" classname="PreviewerReportModule" name="reporter_previewer_srv_subset_of_rmd_yaml_args"/>
    <testcase time="0.0510000000000002" classname="PreviewerReportModule" name="reporter_previewer_srv_subset_of_rmd_yaml_args"/>
    <testcase time="0.0709999999999997" classname="PreviewerReportModule" name="reporter_previewer_ui_returns_a_shiny_tag_list"/>
    <testcase time="0.032" classname="PreviewerReportModule" name="reporter_previewer_srv_previewer_buttons_parameter"/>
    <testcase time="0.0220000000000002" classname="PreviewerReportModule" name="reporter_previewer_srv_previewer_buttons_parameter"/>
    <testcase time="0.0149999999999997" classname="PreviewerReportModule" name="reporter_previewer_srv_previewer_buttons_parameter"/>
  </testsuite>
  <testsuite name="RcodeBlock" timestamp="2025-06-02T11:39:58Z" hostname="1b5e35585ea6" tests="65" skipped="0" failures="0" errors="0" time="0.233">
    <testcase time="0.00800000000000001" classname="RcodeBlock" name="RcodeBlock_object_can_be_created"/>
    <testcase time="0.00700000000000056" classname="RcodeBlock" name="new_returns_an_object_of_type_RcodeBlock"/>
    <testcase time="0.00499999999999989" classname="RcodeBlock" name="set_content_accepts_a_string"/>
    <testcase time="0.00900000000000034" classname="RcodeBlock" name="set_content_asserts_the_argument_is_a_string"/>
    <testcase time="0.0119999999999996" classname="RcodeBlock" name="set_content_returns_the_RcodeBlock_object"/>
    <testcase time="0.00900000000000034" classname="RcodeBlock" name="get_content_returns_character_0_on_a_newly_initialized_RcodeBlock"/>
    <testcase time="0.00699999999999967" classname="RcodeBlock" name="get_content_returns_previously_set_string"/>
    <testcase time="0.00699999999999967" classname="RcodeBlock" name="get_available_params_returns_an_array_of_character"/>
    <testcase time="0.00500000000000078" classname="RcodeBlock" name="set_params_accepts_one_of_the_styles_returned_by_get_available_params"/>
    <testcase time="0.00199999999999978" classname="RcodeBlock" name="set_params_accepts_one_of_the_styles_returned_by_get_available_params"/>
    <testcase time="0.000999999999999446" classname="RcodeBlock" name="set_params_accepts_one_of_the_styles_returned_by_get_available_params"/>
    <testcase time="0.00200000000000067" classname="RcodeBlock" name="set_params_accepts_one_of_the_styles_returned_by_get_available_params"/>
    <testcase time="0.00199999999999978" classname="RcodeBlock" name="set_params_accepts_one_of_the_styles_returned_by_get_available_params"/>
    <testcase time="0.00100000000000033" classname="RcodeBlock" name="set_params_accepts_one_of_the_styles_returned_by_get_available_params"/>
    <testcase time="0.00199999999999978" classname="RcodeBlock" name="set_params_accepts_one_of_the_styles_returned_by_get_available_params"/>
    <testcase time="0.000999999999999446" classname="RcodeBlock" name="set_params_accepts_one_of_the_styles_returned_by_get_available_params"/>
    <testcase time="0.00200000000000067" classname="RcodeBlock" name="set_params_accepts_one_of_the_styles_returned_by_get_available_params"/>
    <testcase time="0.000999999999999446" classname="RcodeBlock" name="set_params_accepts_one_of_the_styles_returned_by_get_available_params"/>
    <testcase time="0.00200000000000067" classname="RcodeBlock" name="set_params_accepts_one_of_the_styles_returned_by_get_available_params"/>
    <testcase time="0.00199999999999978" classname="RcodeBlock" name="set_params_accepts_one_of_the_styles_returned_by_get_available_params"/>
    <testcase time="0.000999999999999446" classname="RcodeBlock" name="set_params_accepts_one_of_the_styles_returned_by_get_available_params"/>
    <testcase time="0.00200000000000067" classname="RcodeBlock" name="set_params_accepts_one_of_the_styles_returned_by_get_available_params"/>
    <testcase time="0.00199999999999978" classname="RcodeBlock" name="set_params_accepts_one_of_the_styles_returned_by_get_available_params"/>
    <testcase time="0.00100000000000033" classname="RcodeBlock" name="set_params_accepts_one_of_the_styles_returned_by_get_available_params"/>
    <testcase time="0.00199999999999978" classname="RcodeBlock" name="set_params_accepts_one_of_the_styles_returned_by_get_available_params"/>
    <testcase time="0.00199999999999978" classname="RcodeBlock" name="set_params_accepts_one_of_the_styles_returned_by_get_available_params"/>
    <testcase time="0.00100000000000033" classname="RcodeBlock" name="set_params_accepts_one_of_the_styles_returned_by_get_available_params"/>
    <testcase time="0.00199999999999978" classname="RcodeBlock" name="set_params_accepts_one_of_the_styles_returned_by_get_available_params"/>
    <testcase time="0.00199999999999978" classname="RcodeBlock" name="set_params_accepts_one_of_the_styles_returned_by_get_available_params"/>
    <testcase time="0.00199999999999978" classname="RcodeBlock" name="set_params_accepts_one_of_the_styles_returned_by_get_available_params"/>
    <testcase time="0.00100000000000033" classname="RcodeBlock" name="set_params_accepts_one_of_the_styles_returned_by_get_available_params"/>
    <testcase time="0.00199999999999978" classname="RcodeBlock" name="set_params_accepts_one_of_the_styles_returned_by_get_available_params"/>
    <testcase time="0.0120000000000005" classname="RcodeBlock" name="set_params_accepts_one_of_the_styles_returned_by_get_available_params"/>
    <testcase time="0.00199999999999978" classname="RcodeBlock" name="set_params_accepts_one_of_the_styles_returned_by_get_available_params"/>
    <testcase time="0.00199999999999978" classname="RcodeBlock" name="set_params_accepts_one_of_the_styles_returned_by_get_available_params"/>
    <testcase time="0.00200000000000067" classname="RcodeBlock" name="set_params_accepts_one_of_the_styles_returned_by_get_available_params"/>
    <testcase time="0.00199999999999978" classname="RcodeBlock" name="set_params_accepts_one_of_the_styles_returned_by_get_available_params"/>
    <testcase time="0.00199999999999978" classname="RcodeBlock" name="set_params_accepts_one_of_the_styles_returned_by_get_available_params"/>
    <testcase time="0.00300000000000011" classname="RcodeBlock" name="set_params_accepts_one_of_the_styles_returned_by_get_available_params"/>
    <testcase time="0.00199999999999978" classname="RcodeBlock" name="set_params_accepts_one_of_the_styles_returned_by_get_available_params"/>
    <testcase time="0.00100000000000033" classname="RcodeBlock" name="set_params_accepts_one_of_the_styles_returned_by_get_available_params"/>
    <testcase time="0.00199999999999978" classname="RcodeBlock" name="set_params_accepts_one_of_the_styles_returned_by_get_available_params"/>
    <testcase time="0.00199999999999978" classname="RcodeBlock" name="set_params_accepts_one_of_the_styles_returned_by_get_available_params"/>
    <testcase time="0.00100000000000033" classname="RcodeBlock" name="set_params_accepts_one_of_the_styles_returned_by_get_available_params"/>
    <testcase time="0.00100000000000033" classname="RcodeBlock" name="set_params_accepts_one_of_the_styles_returned_by_get_available_params"/>
    <testcase time="0.00199999999999978" classname="RcodeBlock" name="set_params_accepts_one_of_the_styles_returned_by_get_available_params"/>
    <testcase time="0.00200000000000067" classname="RcodeBlock" name="set_params_accepts_one_of_the_styles_returned_by_get_available_params"/>
    <testcase time="0.000999999999999446" classname="RcodeBlock" name="set_params_accepts_one_of_the_styles_returned_by_get_available_params"/>
    <testcase time="0.00199999999999978" classname="RcodeBlock" name="set_params_accepts_one_of_the_styles_returned_by_get_available_params"/>
    <testcase time="0.00200000000000067" classname="RcodeBlock" name="set_params_accepts_one_of_the_styles_returned_by_get_available_params"/>
    <testcase time="0.00199999999999978" classname="RcodeBlock" name="set_params_accepts_one_of_the_styles_returned_by_get_available_params"/>
    <testcase time="0.00100000000000033" classname="RcodeBlock" name="set_params_accepts_one_of_the_styles_returned_by_get_available_params"/>
    <testcase time="0.00199999999999978" classname="RcodeBlock" name="set_params_accepts_one_of_the_styles_returned_by_get_available_params"/>
    <testcase time="0.00199999999999978" classname="RcodeBlock" name="set_params_accepts_one_of_the_styles_returned_by_get_available_params"/>
    <testcase time="0.00100000000000033" classname="RcodeBlock" name="set_params_accepts_one_of_the_styles_returned_by_get_available_params"/>
    <testcase time="0.00199999999999978" classname="RcodeBlock" name="set_params_accepts_one_of_the_styles_returned_by_get_available_params"/>
    <testcase time="0.00199999999999978" classname="RcodeBlock" name="set_params_accepts_one_of_the_styles_returned_by_get_available_params"/>
    <testcase time="0.00100000000000033" classname="RcodeBlock" name="set_params_accepts_one_of_the_styles_returned_by_get_available_params"/>
    <testcase time="0.00199999999999978" classname="RcodeBlock" name="set_params_accepts_one_of_the_styles_returned_by_get_available_params"/>
    <testcase time="0.00199999999999978" classname="RcodeBlock" name="set_params_accepts_one_of_the_styles_returned_by_get_available_params"/>
    <testcase time="0.00200000000000067" classname="RcodeBlock" name="set_params_accepts_one_of_the_styles_returned_by_get_available_params"/>
    <testcase time="0.00699999999999967" classname="RcodeBlock" name="set_params_returns_the_RcodeBlock_object"/>
    <testcase time="0.00699999999999967" classname="RcodeBlock" name="to_list_returns_a_two_field_named_list"/>
    <testcase time="0.0289999999999999" classname="RcodeBlock" name="from_list_returns_a_similar_output_to_set_content"/>
    <testcase time="0.0210000000000008" classname="RcodeBlock" name="from_list_after_to_list_to_save_and_retrive"/>
  </testsuite>
  <testsuite name="ReportCard" timestamp="2025-06-02T11:39:58Z" hostname="1b5e35585ea6" tests="31" skipped="0" failures="0" errors="0" time="4.448">
    <testcase time="0.00800000000000001" classname="ReportCard" name="ReportCard_object_can_be_created"/>
    <testcase time="0.00699999999999967" classname="ReportCard" name="new_returns_an_object_of_type_ReportCard"/>
    <testcase time="0.00899999999999945" classname="ReportCard" name="append_text_accepts_a_character"/>
    <testcase time="0.00800000000000001" classname="ReportCard" name="append_text_returns_self"/>
    <testcase time="2.262" classname="ReportCard" name="append_table_accepts_a_data.frame"/>
    <testcase time="1.578" classname="ReportCard" name="append_table_returns_self"/>
    <testcase time="0.0590000000000011" classname="ReportCard" name="append_plot_returns_self"/>
    <testcase time="0.0499999999999989" classname="ReportCard" name="append_plot_accepts_a_ggplot"/>
    <testcase time="0.0440000000000005" classname="ReportCard" name="append_plot_accepts_a_ggplot_with_a_dim"/>
    <testcase time="0.00600000000000023" classname="ReportCard" name="append_rcode_accepts_a_character"/>
    <testcase time="0.00600000000000023" classname="ReportCard" name="append_rcode_returns_self"/>
    <testcase time="0.0510000000000002" classname="ReportCard" name="get_content_returns_a_list_of_ContentBlock_objects"/>
    <testcase time="0.00799999999999912" classname="ReportCard" name="get_metadata_returns_a_list_of_mixed_objects"/>
    <testcase time="0.0080000000000009" classname="ReportCard" name="get_metadata_returns_a_named_list"/>
    <testcase time="0.0129999999999999" classname="ReportCard" name="append_metadata_returns_an_object_of_type_ReportCard"/>
    <testcase time="0.00900000000000034" classname="ReportCard" name="append_metadata_accepts_a_character_key_and_a_character_or_list_value"/>
    <testcase time="0.00199999999999889" classname="ReportCard" name="append_metadata_accepts_a_character_key_and_a_character_or_list_value"/>
    <testcase time="0.00999999999999979" classname="ReportCard" name="append_metadata_throws_error_if_key_is_not_character"/>
    <testcase time="0.00500000000000078" classname="ReportCard" name="append_metadata_throws_error_if_key_is_not_character"/>
    <testcase time="0.00999999999999979" classname="ReportCard" name="append_metadata_throws_error_if_value_if_missing"/>
    <testcase time="0.0080000000000009" classname="ReportCard" name="append_metadata_throws_error_if_key_is_missing"/>
    <testcase time="0.00899999999999856" classname="ReportCard" name="append_metadata_throws_error_if_keys_are_duplicated"/>
    <testcase time="0.0760000000000005" classname="ReportCard" name="The_deep_copy_constructor_copies_the_file_in_the_content_blocks"/>
    <testcase time="0.0679999999999996" classname="ReportCard" name="The_deep_copy_constructor_copies_the_non_ContentBlock_objects"/>
    <testcase time="0.00300000000000011" classname="ReportCard" name="The_deep_copy_constructor_copies_the_non_ContentBlock_objects"/>
    <testcase time="0.00699999999999967" classname="ReportCard" name="setting_and_getting_a_name_to_the_ReportCard"/>
    <testcase time="0.00900000000000034" classname="ReportCard" name="setting_and_getting_a_name_to_the_ReportCard"/>
    <testcase time="0.101000000000001" classname="ReportCard" name="to_list_internally_triggers_to_list_on_each_Block"/>
    <testcase time="0.00300000000000011" classname="ReportCard" name="to_list_internally_triggers_to_list_on_each_Block"/>
    <testcase time="0.00999999999999979" classname="ReportCard" name="from_list"/>
    <testcase time="0.000999999999999446" classname="ReportCard" name="from_list"/>
  </testsuite>
  <testsuite name="ReportDocument" timestamp="2025-06-02T11:40:02Z" hostname="1b5e35585ea6" tests="57" skipped="0" failures="0" errors="0" time="0.19">
    <testcase time="0.0080000000000009" classname="ReportDocument" name="report_document_creates_an_empty_ReportDocument"/>
    <testcase time="0.000999999999999446" classname="ReportDocument" name="report_document_creates_an_empty_ReportDocument"/>
    <testcase time="0.00499999999999901" classname="ReportDocument" name="report_document_creates_a_ReportDocument_with_initial_elements"/>
    <testcase time="0.00100000000000122" classname="ReportDocument" name="report_document_creates_a_ReportDocument_with_initial_elements"/>
    <testcase time="0.00300000000000011" classname="ReportDocument" name="report_document_creates_a_ReportDocument_with_initial_elements"/>
    <testcase time="0.000999999999999446" classname="ReportDocument" name="report_document_creates_a_ReportDocument_with_initial_elements"/>
    <testcase time="0.00500000000000078" classname="ReportDocument" name="c.ReportDocument_combines_with_character_element_and_retains_class"/>
    <testcase time="0.000999999999999446" classname="ReportDocument" name="c.ReportDocument_combines_with_character_element_and_retains_class"/>
    <testcase time="0.00300000000000011" classname="ReportDocument" name="c.ReportDocument_combines_with_character_element_and_retains_class"/>
    <testcase time="0.00499999999999901" classname="ReportDocument" name="c.ReportDocument_combines_with_multiple_character_elements_and_retains_class"/>
    <testcase time="0.00200000000000067" classname="ReportDocument" name="c.ReportDocument_combines_with_multiple_character_elements_and_retains_class"/>
    <testcase time="0.00300000000000011" classname="ReportDocument" name="c.ReportDocument_combines_with_multiple_character_elements_and_retains_class"/>
    <testcase time="0.00399999999999956" classname="ReportDocument" name="c.ReportDocument_combines_with_multiple_character_elements_and_retains_class"/>
    <testcase time="0.00100000000000122" classname="ReportDocument" name="c.ReportDocument_combines_with_multiple_character_elements_and_retains_class"/>
    <testcase time="0.00299999999999834" classname="ReportDocument" name="c.ReportDocument_combines_with_multiple_character_elements_and_retains_class"/>
    <testcase time="0.00500000000000078" classname="ReportDocument" name="c.ReportDocument_combines_with_doc_with_multiple_elements_and_retains_class"/>
    <testcase time="0.000999999999999446" classname="ReportDocument" name="c.ReportDocument_combines_with_doc_with_multiple_elements_and_retains_class"/>
    <testcase time="0.00300000000000011" classname="ReportDocument" name="c.ReportDocument_combines_with_doc_with_multiple_elements_and_retains_class"/>
    <testcase time="0.00699999999999967" classname="ReportDocument" name="c.ReportDocument_combines_with_with_single_ggplot2_element_and_retains_class"/>
    <testcase time="0.000999999999999446" classname="ReportDocument" name="c.ReportDocument_combines_with_with_single_ggplot2_element_and_retains_class"/>
    <testcase time="0.00300000000000011" classname="ReportDocument" name="c.ReportDocument_combines_with_with_single_ggplot2_element_and_retains_class"/>
    <testcase time="0.00699999999999967" classname="ReportDocument" name="c.ReportDocument_combines_with_ggplot2_section_and_retains_class"/>
    <testcase time="0.000999999999999446" classname="ReportDocument" name="c.ReportDocument_combines_with_ggplot2_section_and_retains_class"/>
    <testcase time="0.00300000000000011" classname="ReportDocument" name="c.ReportDocument_combines_with_ggplot2_section_and_retains_class"/>
    <testcase time="0.00500000000000078" classname="ReportDocument" name="_.ReportDocument_subsets_and_retains_class"/>
    <testcase time="0.000999999999999446" classname="ReportDocument" name="_.ReportDocument_subsets_and_retains_class"/>
    <testcase time="0.00300000000000011" classname="ReportDocument" name="_.ReportDocument_subsets_and_retains_class"/>
    <testcase time="0.00300000000000011" classname="ReportDocument" name="_.ReportDocument_subsets_and_retains_class"/>
    <testcase time="0.000999999999999446" classname="ReportDocument" name="_.ReportDocument_subsets_and_retains_class"/>
    <testcase time="0.00100000000000122" classname="ReportDocument" name="_.ReportDocument_subsets_and_retains_class"/>
    <testcase time="0.00499999999999901" classname="ReportDocument" name="edit_report_document_modifies_elements"/>
    <testcase time="0.00100000000000122" classname="ReportDocument" name="edit_report_document_modifies_elements"/>
    <testcase time="0.00300000000000011" classname="ReportDocument" name="edit_report_document_modifies_elements"/>
    <testcase time="0.00300000000000011" classname="ReportDocument" name="edit_report_document_modifies_elements"/>
    <testcase time="0.00499999999999901" classname="ReportDocument" name="edit_report_document_appends_elements"/>
    <testcase time="0.000999999999999446" classname="ReportDocument" name="edit_report_document_appends_elements"/>
    <testcase time="0.011000000000001" classname="ReportDocument" name="edit_report_document_appends_elements"/>
    <testcase time="0.00199999999999889" classname="ReportDocument" name="edit_report_document_appends_elements"/>
    <testcase time="0.00100000000000122" classname="ReportDocument" name="edit_report_document_appends_elements"/>
    <testcase time="0.00399999999999956" classname="ReportDocument" name="edit_report_document_appends_elements"/>
    <testcase time="0.00300000000000011" classname="ReportDocument" name="edit_report_document_appends_elements"/>
    <testcase time="0.00300000000000011" classname="ReportDocument" name="edit_report_document_appends_elements"/>
    <testcase time="0.00600000000000023" classname="ReportDocument" name="edit_report_document_modifies_and_appends"/>
    <testcase time="0.000999999999999446" classname="ReportDocument" name="edit_report_document_modifies_and_appends"/>
    <testcase time="0.00399999999999956" classname="ReportDocument" name="edit_report_document_modifies_and_appends"/>
    <testcase time="0.00300000000000011" classname="ReportDocument" name="edit_report_document_modifies_and_appends"/>
    <testcase time="0.00300000000000011" classname="ReportDocument" name="edit_report_document_modifies_and_appends"/>
    <testcase time="0.00699999999999967" classname="ReportDocument" name="edit_report_document_preserves_attributes"/>
    <testcase time="0.00100000000000122" classname="ReportDocument" name="edit_report_document_preserves_attributes"/>
    <testcase time="0.00499999999999901" classname="ReportDocument" name="code_chunk_creates_a_code_chunk_object_with_params"/>
    <testcase time="0.00300000000000011" classname="ReportDocument" name="code_chunk_creates_a_code_chunk_object_with_params"/>
    <testcase time="0.00300000000000011" classname="ReportDocument" name="code_chunk_creates_a_code_chunk_object_with_params"/>
    <testcase time="0.00500000000000078" classname="ReportDocument" name="code_output_formats_code_as_markdown_string"/>
    <testcase time="0.00300000000000011" classname="ReportDocument" name="code_output_formats_code_as_markdown_string"/>
    <testcase time="0.00699999999999967" classname="ReportDocument" name="keep_in_report_sets_the_keep_attribute"/>
    <testcase time="0.00300000000000011" classname="ReportDocument" name="keep_in_report_sets_the_keep_attribute"/>
    <testcase time="0.00300000000000011" classname="ReportDocument" name="keep_in_report_sets_the_keep_attribute"/>
  </testsuite>
  <testsuite name="Reporter" timestamp="2025-06-02T11:40:03Z" hostname="1b5e35585ea6" tests="46" skipped="0" failures="3" errors="0" time="5.377">
    <testcase time="0.00899999999999856" classname="Reporter" name="Reporter_object_can_be_created"/>
    <testcase time="0.00700000000000145" classname="Reporter" name="new_returns_an_object_of_type_Reporter"/>
    <testcase time="0.00799999999999912" classname="Reporter" name="default_reporter_id"/>
    <testcase time="0.464" classname="Reporter" name="set_id_sets_the_reporter_id_and_returns_reporter"/>
    <testcase time="0.00300000000000011" classname="Reporter" name="set_id_sets_the_reporter_id_and_returns_reporter"/>
    <testcase time="2.548" classname="Reporter" name="Reporter_with_ReportCard_get_cards_returns_the_same_cards_which_was_added_to_reporter"/>
    <testcase time="0.00699999999999967" classname="Reporter" name="Reporter_with_ReportCard_get_blocks_returns_the_same_blocks_which_was_added_to_reporter_sep_NULL"/>
    <testcase time="0.201000000000001" classname="Reporter" name="Reporter_with_ReportCard_get_blocks_by_default_adds_NewpageBlock_new_between_cards">
      <failure type="failure" message="reporter$get_blocks() (`actual`) not equal to `reporter_blocks2` (`expected`). ('test-Reporter.R:34:5')">reporter$get_blocks() (`actual`) not equal to `reporter_blocks2` (`expected`).

`lines(actual[[4]])`:   "" "\\newpage" ""                        
`lines(expected[[4]])`: "" ""          "---" "" "\\newpage" "" ""</failure>
    </testcase>
    <testcase time="0.077" classname="Reporter" name="Reporter_with_ReportCard_The_deep_copy_constructor_copies_the_content_files_to_new_files"/>
    <testcase time="0.0960000000000001" classname="Reporter" name="Reporter_with_ReportCard_get_blocks_returns_the_same_blocks_which_was_added_to_reporter_sep_NULL"/>
    <testcase time="0.0589999999999993" classname="Reporter" name="get_cards_returns_the_same_cards_which_was_added_to_reporter"/>
    <testcase time="0.0760000000000005" classname="Reporter" name="get_blocks_returns_the_same_blocks_which_was_added_to_reporter_sep_NULL">
      <failure type="failure" message="reporter$get_blocks(sep = NULL) (`actual`) not identical to append(unclass(card1), unclass(card2)) (`expected`). ('test-Reporter.R:62:3')">reporter$get_blocks(sep = NULL) (`actual`) not identical to append(unclass(card1), unclass(card2)) (`expected`).

`actual` is length 9
`expected` is length 7

`actual[[1]]`:                     
`expected[[1]]`: "## Header 2 text"

`actual[[2]]`:   "## Header 2 text"           
`expected[[2]]`: "A paragraph of default text"

`actual[[3]]` is a character vector ('A paragraph of default text')
`expected[[3]]` is an S3 object of class &lt;gg/ggplot&gt;, a list

`actual[[4]]` is an S3 object of class &lt;gg/ggplot&gt;, a list
`expected[[4]]` is a character vector ('## Header 2 text')

`actual[[5]]`:                                
`expected[[5]]`: "A paragraph of default text"

`actual[[6]]` is a character vector ('## Header 2 text')
`expected[[6]]` is an S4 object of class &lt;TableTree&gt;

`actual[[7]]` is a character vector ('A paragraph of default text')
`expected[[7]]` is an S3 object of class &lt;data.frame&gt;, a list

`actual[[8]]` is an S4 object of class &lt;TableTree&gt;
`expected[[8]]` is absent

`actual[[9]]` is an S3 object of class &lt;data.frame&gt;, a list
`expected[[9]]` is absent</failure>
    </testcase>
    <testcase time="0.0689999999999991" classname="Reporter" name="get_blocks_by_default_adds_NewpageBlock_new_between_cards">
      <failure type="failure" message="reporter$get_blocks() (`actual`) not equal to `reporter_blocks2` (`expected`). ('test-Reporter.R:70:3')">reporter$get_blocks() (`actual`) not equal to `reporter_blocks2` (`expected`).

`actual` is length 10
`expected` is length 8

`actual[[4]]` is an S3 object of class &lt;gg/ggplot&gt;, a list
`expected[[4]]` is a character vector ('\n\n---\n\n\\newpage\n\n')

`actual[[9]]` is an S4 object of class &lt;TableTree&gt;
`expected[[9]]` is absent

`actual[[10]]` is an S3 object of class &lt;data.frame&gt;, a list
`expected[[10]]` is absent</failure>
    </testcase>
    <testcase time="0.0180000000000007" classname="Reporter" name="get_blocks_and_get_cards_return_empty_list_by_default"/>
    <testcase time="0.00399999999999956" classname="Reporter" name="get_blocks_and_get_cards_return_empty_list_by_default"/>
    <testcase time="0.0310000000000006" classname="Reporter" name="The_deep_copy_constructor_copies_the_content_files_to_new_files"/>
    <testcase time="0.00300000000000011" classname="Reporter" name="The_deep_copy_constructor_copies_the_content_files_to_new_files"/>
    <testcase time="0.00600000000000023" classname="Reporter" name="metadata_append_metadata_accept_only_named_list"/>
    <testcase time="0.00499999999999901" classname="Reporter" name="metadata_append_metadata_accept_only_named_list"/>
    <testcase time="0.00500000000000078" classname="Reporter" name="metadata_append_metadata_accept_only_named_list"/>
    <testcase time="0.00900000000000034" classname="Reporter" name="metadata_append_metadata_accept_only_unique_names_which_could_not_be_repeated"/>
    <testcase time="0.00199999999999889" classname="Reporter" name="metadata_append_metadata_accept_only_unique_names_which_could_not_be_repeated"/>
    <testcase time="0.00600000000000023" classname="Reporter" name="metadata_append_metadata_accept_only_unique_names_which_could_not_be_repeated"/>
    <testcase time="0.0120000000000005" classname="Reporter" name="metadata_get_metadata"/>
    <testcase time="0.00499999999999901" classname="Reporter" name="metadata_get_metadata"/>
    <testcase time="0.0560000000000009" classname="Reporter" name="from_reporter_from_reporter_returns_identical_equal_object_from_the_same_reporter"/>
    <testcase time="0.0940000000000012" classname="Reporter" name="from_reporter_from_reporter_does_not_return_identical_equal_object_form_other_reporter"/>
    <testcase time="0.0939999999999994" classname="Reporter" name="from_reporter_from_reporter_persists_the_cards_structure_but_not_the_name"/>
    <testcase time="0.0530000000000008" classname="Reporter" name="to_list_require_the_existing_directory_path"/>
    <testcase time="0.0169999999999995" classname="Reporter" name="to_list_require_the_existing_directory_path"/>
    <testcase time="0.00900000000000034" classname="Reporter" name="to_list_returns_a_list."/>
    <testcase time="0.177" classname="Reporter" name="to_list_to_list_and_from_list_could_be_used_to_save_and_retrieve_a_Reporter_card"/>
    <testcase time="0.127000000000001" classname="Reporter" name="to_list_to_list_and_from_list_could_be_used_to_save_and_retrieve_a_Reporter_card"/>
    <testcase time="0.164999999999999" classname="Reporter" name="to_list_to_list_and_from_list_could_be_used_to_save_and_retrieve_a_Reporter_blocks"/>
    <testcase time="0.0949999999999989" classname="Reporter" name="from_reporter_returns_same_object_from_the_same_reporter"/>
    <testcase time="0.109" classname="Reporter" name="from_reporter_returns_different_object_if_id_has_already_been_set"/>
    <testcase time="0.107000000000001" classname="Reporter" name="from_reporter_from_reporter_persists_the_cards_structure"/>
    <testcase time="0.0539999999999985" classname="Reporter" name="to_jsondir_to_jsondir_require_the_existing_directory_path"/>
    <testcase time="0.00600000000000023" classname="Reporter" name="to_jsondir_to_jsondir_require_the_existing_directory_path"/>
    <testcase time="0.103" classname="Reporter" name="to_jsondir_to_jsondir_returns_the_same_dir_it_was_provided_to_it"/>
    <testcase time="0.169" classname="Reporter" name="to_jsondir_from_jsondir_returns_identical_equal_object"/>
    <testcase time="0.167" classname="Reporter" name="to_jsondir_to_jsondir_and_from_jsondir_could_be_used_to_save_and_retrive_a_Reporter"/>
    <testcase time="0.00400000000000134" classname="Reporter" name="to_jsondir_to_jsondir_and_from_jsondir_could_be_used_to_save_and_retrive_a_Reporter"/>
    <testcase time="0.020999999999999" classname="Reporter" name="reorder_cards_returns_the_correct_order"/>
    <testcase time="0.00999999999999979" classname="Reporter" name="reorder_cards_returns_the_correct_order_after_removal"/>
    <testcase time="0.00999999999999979" classname="Reporter" name="reorder_cards_returns_the_correct_order_after_adding_new_card_at_the_end_"/>
  </testsuite>
  <testsuite name="ResetModule" timestamp="2025-06-02T11:40:08Z" hostname="1b5e35585ea6" tests="2" skipped="0" failures="0" errors="0" time="0.196">
    <testcase time="0.124000000000001" classname="ResetModule" name="simple_reporter_srv_reset_a_reporter"/>
    <testcase time="0.0719999999999992" classname="ResetModule" name="simple_reporter_srv_reset_a_reporter"/>
  </testsuite>
  <testsuite name="SimpleReporter" timestamp="2025-06-02T11:40:08Z" hostname="1b5e35585ea6" tests="6" skipped="0" failures="1" errors="0" time="5.855">
    <testcase time="5.402" classname="SimpleReporter" name="simple_reporter_srv_render_and_downlaod_a_document"/>
    <testcase time="0.0100000000000016" classname="SimpleReporter" name="simple_reporter_srv_render_and_downlaod_a_document"/>
    <testcase time="0.00400000000000134" classname="SimpleReporter" name="simple_reporter_srv_render_and_downlaod_a_document"/>
    <testcase time="0.289999999999999" classname="SimpleReporter" name="simple_reporter_srv_add_a_Card_ReportCard_to_Reporter"/>
    <testcase time="0.116" classname="SimpleReporter" name="simple_reporter_srv_add_a_Card_ReportDocument_to_Reporter">
      <failure type="failure" message="length(reporter$get_blocks()) (`actual`) not identical to length(card_fun()) + 2L (`expected`). ('test-SimpleReporter.R:57:7')">length(reporter$get_blocks()) (`actual`) not identical to length(card_fun()) + 2L (`expected`).

  `actual`: 6
`expected`: 5
Backtrace:
     x
  1. +-shiny::testServer(...) at test-SimpleReporter.R:49:3
  2. | +-shiny:::withMockContext(...)
  3. | | +-shiny::isolate(...)
  4. | | | +-shiny::..stacktraceoff..(...)
  5. | | | \-ctx$run(...)
  6. | | |   +-promises::with_promise_domain(...)
  7. | | |   | \-domain$wrapSync(expr)
  8. | | |   +-shiny::withReactiveDomain(...)
  9. | | |   | \-promises::with_promise_domain(...)
 10. | | |   |   \-domain$wrapSync(expr)
 11. | | |   |     \-base::force(expr)
 12. | | |   +-shiny::captureStackTraces(...)
 13. | | |   | \-promises::with_promise_domain(...)
 14. | | |   |   \-domain$wrapSync(expr)
 15. | | |   |     \-base::withCallingHandlers(expr, error = doCaptureStack)
 16. | | |   \-env$runWith(self, func)
 17. | | |     \-shiny (local) contextFunc()
 18. | | |       \-shiny::..stacktraceon..(expr)
 19. | | +-shiny::withReactiveDomain(...)
 20. | | | \-promises::with_promise_domain(...)
 21. | | |   \-domain$wrapSync(expr)
 22. | | |     \-base::force(expr)
 23. | | \-withr::with_options(...)
 24. | |   \-base::force(code)
 25. | \-rlang::eval_tidy(quosure, mask, rlang::caller_env())
 26. \-testthat::expect_identical(...) at test-SimpleReporter.R:57:7</failure>
    </testcase>
    <testcase time="0.0329999999999977" classname="SimpleReporter" name="simple_reporter_ui_returns_a_shiny.tag"/>
  </testsuite>
  <testsuite name="TableBlock" timestamp="2025-06-02T11:40:14Z" hostname="1b5e35585ea6" tests="11" skipped="0" failures="0" errors="0" time="10.108">
    <testcase time="0.00800000000000267" classname="TableBlock" name="TableBlock_object_can_be_created"/>
    <testcase time="0.00599999999999667" classname="TableBlock" name="new_returns_an_object_of_type_TableBlock"/>
    <testcase time="1.674" classname="TableBlock" name="set_content_accepts_a_table_object"/>
    <testcase time="0.0169999999999995" classname="TableBlock" name="set_content_asserts_the_argument_is_a_plot"/>
    <testcase time="1.752" classname="TableBlock" name="set_content_returns_the_TableBlock_object"/>
    <testcase time="0.00900000000000034" classname="TableBlock" name="get_content_returns_character_0_on_a_newly_initialized_TableBlock"/>
    <testcase time="1.937" classname="TableBlock" name="to_list_returns_a_named_list_with_a_one_field_a_proper_file_name"/>
    <testcase time="1.475" classname="TableBlock" name="to_list_returns_a_named_list_with_a_one_field_a_proper_path"/>
    <testcase time="1.516" classname="TableBlock" name="from_list_after_to_list_to_save_and_retrive"/>
    <testcase time="1.535" classname="TableBlock" name="set_content_supports_data.frame_object"/>
    <testcase time="0.179000000000002" classname="TableBlock" name="set_content_supports_rtables_object"/>
  </testsuite>
  <testsuite name="TextBlock" timestamp="2025-06-02T11:40:24Z" hostname="1b5e35585ea6" tests="18" skipped="0" failures="0" errors="0" time="0.132">
    <testcase time="0.00799999999999912" classname="TextBlock" name="TextBlock_object_can_be_created"/>
    <testcase time="0.00600000000000023" classname="TextBlock" name="new_returns_an_object_of_type_TextBlock"/>
    <testcase time="0.00499999999999901" classname="TextBlock" name="set_content_accepts_a_string"/>
    <testcase time="0.00900000000000034" classname="TextBlock" name="set_content_asserts_the_argument_is_a_string"/>
    <testcase time="0.00600000000000023" classname="TextBlock" name="set_content_returns_the_TextBlock_object"/>
    <testcase time="0.00600000000000023" classname="TextBlock" name="get_content_returns_character_0_on_a_newly_initialized_TextBlock"/>
    <testcase time="0.00600000000000023" classname="TextBlock" name="get_content_returns_previously_set_string"/>
    <testcase time="0.00600000000000023" classname="TextBlock" name="get_available_styles_returns_an_array_of_character"/>
    <testcase time="0.00499999999999901" classname="TextBlock" name="set_style_accepts_one_of_the_styles_returned_by_get_available_styles"/>
    <testcase time="0.00100000000000122" classname="TextBlock" name="set_style_accepts_one_of_the_styles_returned_by_get_available_styles"/>
    <testcase time="0.00199999999999889" classname="TextBlock" name="set_style_accepts_one_of_the_styles_returned_by_get_available_styles"/>
    <testcase time="0.00199999999999889" classname="TextBlock" name="set_style_accepts_one_of_the_styles_returned_by_get_available_styles"/>
    <testcase time="0.00799999999999912" classname="TextBlock" name="set_style_asserts_the_argument_is_one_of_styles_in_get_available_styles"/>
    <testcase time="0.00600000000000023" classname="TextBlock" name="set_style_returns_the_TextBlock_object"/>
    <testcase time="0.00700000000000145" classname="TextBlock" name="get_style_returns_the_set_style"/>
    <testcase time="0.00600000000000023" classname="TextBlock" name="to_list_returns_a_two_field_named_list"/>
    <testcase time="0.0219999999999985" classname="TextBlock" name="from_list_returns_a_similar_output_to_set_content"/>
    <testcase time="0.0210000000000008" classname="TextBlock" name="from_list_after_to_list_to_save_and_retrive"/>
  </testsuite>
  <testsuite name="addCardModule" timestamp="2025-06-02T11:40:24Z" hostname="1b5e35585ea6" tests="11" skipped="0" failures="0" errors="0" time="0.372">
    <testcase time="0.0390000000000015" classname="addCardModule" name="add_card_button_srv_add_a_Card_to_the_Reporter"/>
    <testcase time="0.00900000000000034" classname="addCardModule" name="add_card_button_ui_returns_a_tagList"/>
    <testcase time="0.0849999999999973" classname="addCardModule" name="add_card_button_srv_supports_custom_ReportCard_classes"/>
    <testcase time="0.0300000000000011" classname="addCardModule" name="add_card_button_srv_supports_passing_no_default_object_to_the_card"/>
    <testcase time="0.0339999999999989" classname="addCardModule" name="add_card_button_srv_try_the_card_fun"/>
    <testcase time="0.0380000000000003" classname="addCardModule" name="add_card_button_srv_try_the_card_fun"/>
    <testcase time="0.032" classname="addCardModule" name="add_card_button_srv_try_the_card_fun"/>
    <testcase time="0.0289999999999999" classname="addCardModule" name="add_card_button_srv_supports_passing_card_fun_with_any_of_the_2_available_arguments"/>
    <testcase time="0.0250000000000021" classname="addCardModule" name="add_card_button_srv_supports_passing_card_fun_with_any_of_the_2_available_arguments"/>
    <testcase time="0.0259999999999998" classname="addCardModule" name="add_card_button_srv_supports_passing_card_fun_with_any_of_the_2_available_arguments"/>
    <testcase time="0.0249999999999986" classname="addCardModule" name="add_card_button_srv_supports_passing_card_fun_with_any_of_the_2_available_arguments"/>
  </testsuite>
  <testsuite name="utils" timestamp="2025-06-02T11:40:25Z" hostname="1b5e35585ea6" tests="9" skipped="0" failures="0" errors="0" time="4.075">
    <testcase time="0.00900000000000034" classname="utils" name="panel_item"/>
    <testcase time="0.141000000000002" classname="utils" name="to_flextable_supported_class_data.frame_"/>
    <testcase time="0.125" classname="utils" name="to_flextable_supported_class_rtables_"/>
    <testcase time="3.78" classname="utils" name="to_flextable_supported_class_listing_df_"/>
    <testcase time="0.00900000000000034" classname="utils" name="to_flextable_unsupported_class"/>
    <testcase time="0.00499999999999545" classname="utils" name="split_text_block_splits_text_block_into_blocks_no_longer_than_n_lines"/>
    <testcase time="0.00200000000000244" classname="utils" name="split_text_block_splits_text_block_into_blocks_no_longer_than_n_lines"/>
    <testcase time="0.000999999999997669" classname="utils" name="split_text_block_splits_text_block_into_blocks_no_longer_than_n_lines"/>
    <testcase time="0.00300000000000011" classname="utils" name="split_text_block_splits_text_block_into_blocks_no_longer_than_n_lines"/>
  </testsuite>
  <testsuite name="yaml_utils" timestamp="2025-06-02T11:40:29Z" hostname="1b5e35585ea6" tests="38" skipped="0" failures="0" errors="0" time="0.202">
    <testcase time="0.00900000000000034" classname="yaml_utils" name="yaml_quoted_adds_the_quoted_attribute_equal_to_TRUE_"/>
    <testcase time="0.00900000000000034" classname="yaml_utils" name="yaml_quoted_does_not_modify_the_value_of_the_object"/>
    <testcase time="0.017000000000003" classname="yaml_utils" name="conv_str_logi_accept_only_a_string"/>
    <testcase time="0.00199999999999534" classname="yaml_utils" name="conv_str_logi_accept_only_a_string"/>
    <testcase time="0.00600000000000023" classname="yaml_utils" name="conv_str_logi_not_influence_the_regular_character"/>
    <testcase time="0.007000000000005" classname="yaml_utils" name="conv_str_logi_character_TRUE_to_logical"/>
    <testcase time="0.00300000000000011" classname="yaml_utils" name="conv_str_logi_character_TRUE_to_logical"/>
    <testcase time="0.00300000000000011" classname="yaml_utils" name="conv_str_logi_character_TRUE_to_logical"/>
    <testcase time="0.00300000000000011" classname="yaml_utils" name="conv_str_logi_character_TRUE_to_logical"/>
    <testcase time="0.00300000000000011" classname="yaml_utils" name="conv_str_logi_character_TRUE_to_logical"/>
    <testcase time="0.00300000000000011" classname="yaml_utils" name="conv_str_logi_character_TRUE_to_logical"/>
    <testcase time="0.00299999999999301" classname="yaml_utils" name="conv_str_logi_character_TRUE_to_logical"/>
    <testcase time="0.00600000000000023" classname="yaml_utils" name="conv_str_logi_character_FALSE_to_logical"/>
    <testcase time="0.00300000000000011" classname="yaml_utils" name="conv_str_logi_character_FALSE_to_logical"/>
    <testcase time="0.00300000000000011" classname="yaml_utils" name="conv_str_logi_character_FALSE_to_logical"/>
    <testcase time="0.00300000000000011" classname="yaml_utils" name="conv_str_logi_character_FALSE_to_logical"/>
    <testcase time="0.00300000000000011" classname="yaml_utils" name="conv_str_logi_character_FALSE_to_logical"/>
    <testcase time="0.00200000000000244" classname="yaml_utils" name="conv_str_logi_character_FALSE_to_logical"/>
    <testcase time="0.00300000000000011" classname="yaml_utils" name="conv_str_logi_character_FALSE_to_logical"/>
    <testcase time="0.0069999999999979" classname="yaml_utils" name="rmd_outputs_all_returned_out_in_the_rmarkdown_namespace"/>
    <testcase time="0.00800000000000267" classname="yaml_utils" name="rmd_output_arguments_accepts_only_string_from_possible_rmarkdown_outputs"/>
    <testcase time="0.00200000000000244" classname="yaml_utils" name="rmd_output_arguments_accepts_only_string_from_possible_rmarkdown_outputs"/>
    <testcase time="0.00199999999999534" classname="yaml_utils" name="rmd_output_arguments_accepts_only_string_from_possible_rmarkdown_outputs"/>
    <testcase time="0.007000000000005" classname="yaml_utils" name="rmd_output_arguments_returned_all_pdf_document_arguments"/>
    <testcase time="0.00600000000000023" classname="yaml_utils" name="rmd_output_arguments_returned_all_pdf_document_arguments_and_their_defaults"/>
    <testcase time="0.00799999999999557" classname="yaml_utils" name="as_yaml_auto_accept_a_named_list_optionally_nested_"/>
    <testcase time="0.00500000000000256" classname="yaml_utils" name="as_yaml_auto_accept_a_named_list_optionally_nested_"/>
    <testcase time="0.00199999999999534" classname="yaml_utils" name="as_yaml_auto_accept_a_named_list_optionally_nested_"/>
    <testcase time="0.00200000000000244" classname="yaml_utils" name="as_yaml_auto_accept_a_named_list_optionally_nested_"/>
    <testcase time="0.00600000000000023" classname="yaml_utils" name="as_yaml_auto_works_the_same_as_yaml_as.yaml_for_a_nested_list_when_as_header_is_FALSE"/>
    <testcase time="0.0069999999999979" classname="yaml_utils" name="as_yaml_auto_parse"/>
    <testcase time="0.0120000000000005" classname="yaml_utils" name="as_yaml_auto_warning_for_not_accepted_argument_and_skip_it"/>
    <testcase time="0.00100000000000477" classname="yaml_utils" name="as_yaml_auto_warning_for_not_accepted_argument_and_skip_it"/>
    <testcase time="0.0069999999999979" classname="yaml_utils" name="as_yaml_auto_silent_the_warning_for_not_accepted_argument_and_skip_it"/>
    <testcase time="0.00800000000000267" classname="yaml_utils" name="as_yaml_auto_convert_character_logical_to_logical"/>
    <testcase time="0.00799999999999557" classname="yaml_utils" name="as_yaml_auto_do_not_accept_multi_outputs_without_the_multi_output_argument"/>
    <testcase time="0.00600000000000023" classname="yaml_utils" name="as_yaml_auto_accept_multi_outputs_with_the_multi_output_argument"/>
    <testcase time="0.0069999999999979" classname="yaml_utils" name="get_yaml_field_returns_the_correct_result"/>
  </testsuite>
</testsuites>
