<?xml version="1.0" encoding="UTF-8"?>
<testsuites>
  <testsuite name="ContentBlock" timestamp="2025-06-05T16:28:48Z" hostname="70f7a8d18ec0" tests="11" skipped="0" failures="0" errors="0" time="0.144">
    <testcase time="0.012" classname="ContentBlock" name="ContentBlock_object_can_be_created"/>
    <testcase time="0.04" classname="ContentBlock" name="new_returns_an_object_of_type_ContentBlock"/>
    <testcase time="0.014" classname="ContentBlock" name="set_content_accepts_a_character_object"/>
    <testcase time="0.00600000000000001" classname="ContentBlock" name="set_content_accepts_a_list_object"/>
    <testcase time="0.014" classname="ContentBlock" name="set_content_returns_the_ContentBlock_object"/>
    <testcase time="0.00600000000000001" classname="ContentBlock" name="get_content_returns_NULL_on_a_newly_initialized_ContentBlock"/>
    <testcase time="0.027" classname="ContentBlock" name="The_deep_copy_constructor_copies_the_content_file_to_a_new_file"/>
    <testcase time="0.00599999999999989" classname="ContentBlock" name="The_deep_copy_constructor_preserves_the_file_extension_of_the_copied_file"/>
    <testcase time="0.00700000000000001" classname="ContentBlock" name="The_deep_copy_constructor_does_not_find_an_extension_of_a_file_name_like_.gitignore"/>
    <testcase time="0.00600000000000001" classname="ContentBlock" name="The_deep_copy_constructor_finds_an_extension_of_a_file_name_like_.gitignore.txt"/>
    <testcase time="0.00600000000000001" classname="ContentBlock" name="The_shallow_copy_constructor_does_not_copy_the_content_file_to_a_new_file"/>
  </testsuite>
  <testsuite name="DownloadReportModule" timestamp="2025-06-05T16:28:48Z" hostname="70f7a8d18ec0" tests="21" skipped="0" failures="0" errors="0" time="2.424">
    <testcase time="1.283" classname="DownloadReportModule" name="download_report_button_srv_render_and_downlaod_a_document"/>
    <testcase time="0.00800000000000001" classname="DownloadReportModule" name="download_report_button_srv_render_and_downlaod_a_document"/>
    <testcase time="0.00299999999999989" classname="DownloadReportModule" name="download_report_button_srv_render_and_downlaod_a_document"/>
    <testcase time="0.002" classname="DownloadReportModule" name="download_report_button_srv_render_and_downlaod_a_document"/>
    <testcase time="0.144" classname="DownloadReportModule" name="download_report_button_srv_subset_of_rmd_yaml_args"/>
    <testcase time="0.00900000000000034" classname="DownloadReportModule" name="download_report_button_srv_subset_of_rmd_yaml_args"/>
    <testcase time="0.0089999999999999" classname="DownloadReportModule" name="download_report_button_srv_subset_of_rmd_yaml_args"/>
    <testcase time="0.016" classname="DownloadReportModule" name="download_report_button_srv_subset_of_rmd_yaml_args"/>
    <testcase time="0.0139999999999998" classname="DownloadReportModule" name="download_report_button_srv_subset_of_rmd_yaml_args"/>
    <testcase time="0.0140000000000002" classname="DownloadReportModule" name="download_report_button_srv_subset_of_rmd_yaml_args"/>
    <testcase time="0.00499999999999989" classname="DownloadReportModule" name="download_report_button_ui_returns_a_tagList"/>
    <testcase time="0.32" classname="DownloadReportModule" name="report_render_and_compress_valid_arguments"/>
    <testcase time="0.104" classname="DownloadReportModule" name="report_render_and_compress_invalid_arguments"/>
    <testcase time="0.00499999999999989" classname="DownloadReportModule" name="report_render_and_compress_invalid_arguments"/>
    <testcase time="0.00500000000000034" classname="DownloadReportModule" name="report_render_and_compress_invalid_arguments"/>
    <testcase time="0.32" classname="DownloadReportModule" name="report_render_and_compress_render_an_html_document"/>
    <testcase time="0.00800000000000001" classname="DownloadReportModule" name="report_render_and_compress_render_an_html_document"/>
    <testcase time="0.00300000000000011" classname="DownloadReportModule" name="report_render_and_compress_render_an_html_document"/>
    <testcase time="0.00199999999999978" classname="DownloadReportModule" name="report_render_and_compress_render_an_html_document"/>
    <testcase time="0.1" classname="DownloadReportModule" name="any_rcode_block"/>
    <testcase time="0.0499999999999998" classname="DownloadReportModule" name="any_rcode_block"/>
  </testsuite>
  <testsuite name="FileBlock" timestamp="2025-06-05T16:28:51Z" hostname="70f7a8d18ec0" tests="8" skipped="0" failures="0" errors="0" time="0.173">
    <testcase time="0.0180000000000002" classname="FileBlock" name="FileBlock_object_can_be_created"/>
    <testcase time="0.00599999999999978" classname="FileBlock" name="new_returns_an_object_of_type_FileBlock"/>
    <testcase time="0.00600000000000023" classname="FileBlock" name="destructor_removes_the_file"/>
    <testcase time="0.116" classname="FileBlock" name="destructor_removes_the_file"/>
    <testcase time="0.00699999999999967" classname="FileBlock" name="to_list_returns_a_named_list_with_a_one_field"/>
    <testcase time="0.00700000000000012" classname="FileBlock" name="to_list_with_base_path_arg"/>
    <testcase time="0.00700000000000012" classname="FileBlock" name="to_list_copies_a_file_to_a_target_directory"/>
    <testcase time="0.00599999999999978" classname="FileBlock" name="from_list_copies_a_file_from_a_target_directory"/>
  </testsuite>
  <testsuite name="HTMLBlock" timestamp="2025-06-05T16:28:51Z" hostname="70f7a8d18ec0" tests="8" skipped="0" failures="0" errors="0" time="0.049">
    <testcase time="0.0089999999999999" classname="HTMLBlock" name="HTMLBlock_object_can_be_created"/>
    <testcase time="0.00500000000000034" classname="HTMLBlock" name="new_returns_an_object_of_type_HTMLBlock"/>
    <testcase time="0.00499999999999989" classname="HTMLBlock" name="new_accepts_a_shiny.tag"/>
    <testcase time="0.004" classname="HTMLBlock" name="new_accepts_a_shiny.tag.list"/>
    <testcase time="0.00800000000000001" classname="HTMLBlock" name="new_doesn_t_accept_character"/>
    <testcase time="0.00599999999999978" classname="HTMLBlock" name="get_content_returns_a_html_content_asis"/>
    <testcase time="0.00600000000000023" classname="HTMLBlock" name="to_list_returns_a_list_containing_a_content_asis_"/>
    <testcase time="0.00599999999999978" classname="HTMLBlock" name="from_list_creates_a_HTMLBlock"/>
  </testsuite>
  <testsuite name="LoadReporterModule" timestamp="2025-06-05T16:28:51Z" hostname="70f7a8d18ec0" tests="15" skipped="0" failures="0" errors="0" time="0.327">
    <testcase time="0.129" classname="LoadReporterModule" name="report_load_srv_loading_reporter_restores_saved_content"/>
    <testcase time="0.00200000000000022" classname="LoadReporterModule" name="report_load_srv_loading_reporter_restores_saved_content"/>
    <testcase time="0.00300000000000011" classname="LoadReporterModule" name="report_load_srv_loading_reporter_restores_saved_content"/>
    <testcase time="0.004" classname="LoadReporterModule" name="report_load_srv_loading_reporter_restores_saved_content"/>
    <testcase time="0.0089999999999999" classname="LoadReporterModule" name="report_load_srv_loading_reporter_restores_saved_content"/>
    <testcase time="0.00199999999999978" classname="LoadReporterModule" name="report_load_srv_loading_reporter_restores_saved_content"/>
    <testcase time="0.122" classname="LoadReporterModule" name="report_load_srv_loading_reporter_with_ReportCard_restores_saved_content_with_old_blocks_"/>
    <testcase time="0.00199999999999978" classname="LoadReporterModule" name="report_load_srv_loading_reporter_with_ReportCard_restores_saved_content_with_old_blocks_"/>
    <testcase time="0.00200000000000022" classname="LoadReporterModule" name="report_load_srv_loading_reporter_with_ReportCard_restores_saved_content_with_old_blocks_"/>
    <testcase time="0.00800000000000001" classname="LoadReporterModule" name="report_load_srv_loading_reporter_with_ReportCard_restores_saved_content_with_old_blocks_"/>
    <testcase time="0.00199999999999978" classname="LoadReporterModule" name="report_load_srv_loading_reporter_with_ReportCard_restores_saved_content_with_old_blocks_"/>
    <testcase time="0.00300000000000011" classname="LoadReporterModule" name="report_load_srv_loading_reporter_with_ReportCard_restores_saved_content_with_old_blocks_"/>
    <testcase time="0.00199999999999978" classname="LoadReporterModule" name="report_load_srv_loading_reporter_with_ReportCard_restores_saved_content_with_old_blocks_"/>
    <testcase time="0.032" classname="LoadReporterModule" name="report_load_srv_fail_to_load_a_reporter_because_of_different_id"/>
    <testcase time="0.00500000000000034" classname="LoadReporterModule" name="report_load_ui_returns_a_tagList"/>
  </testsuite>
  <testsuite name="NewpageBlock" timestamp="2025-06-05T16:28:51Z" hostname="70f7a8d18ec0" tests="3" skipped="0" failures="0" errors="0" time="0.019">
    <testcase time="0.00800000000000001" classname="NewpageBlock" name="NewpageBlock_object_can_be_created"/>
    <testcase time="0.00599999999999978" classname="NewpageBlock" name="new_returns_an_object_of_type_NewpageBlock"/>
    <testcase time="0.00499999999999989" classname="NewpageBlock" name="set_content_accepts_a_string"/>
  </testsuite>
  <testsuite name="PictureBlock" timestamp="2025-06-05T16:28:51Z" hostname="70f7a8d18ec0" tests="23" skipped="0" failures="0" errors="0" time="0.574">
    <testcase time="0.00700000000000012" classname="PictureBlock" name="PictureBlock_object_can_be_created"/>
    <testcase time="0.00599999999999978" classname="PictureBlock" name="new_returns_an_object_of_type_PictureBlock"/>
    <testcase time="0.044" classname="PictureBlock" name="set_content_accepts_a_plot_object"/>
    <testcase time="0.012" classname="PictureBlock" name="set_content_asserts_the_argument_is_a_plot"/>
    <testcase time="0.044" classname="PictureBlock" name="set_content_returns_the_PictureBlock_object"/>
    <testcase time="0.0540000000000003" classname="PictureBlock" name="set_content_catches_a_file_with_the_600x800_size"/>
    <testcase time="0.044" classname="PictureBlock" name="set_content_catches_a_file_with_a_custom_size"/>
    <testcase time="0.00699999999999967" classname="PictureBlock" name="get_content_returns_character_0_on_a_newly_initialized_PictureBlock"/>
    <testcase time="0.004" classname="PictureBlock" name="set_title_accepts_a_string"/>
    <testcase time="0.00800000000000001" classname="PictureBlock" name="set_title_asserts_the_argument_is_string"/>
    <testcase time="0.00700000000000012" classname="PictureBlock" name="set_title_returns_self"/>
    <testcase time="0.00600000000000023" classname="PictureBlock" name="get_title_returns_the_set_title"/>
    <testcase time="0.00199999999999978" classname="PictureBlock" name="get_title_returns_the_set_title"/>
    <testcase time="0.00499999999999989" classname="PictureBlock" name="set_dim_accepts_an_array_of_two_numeric_values"/>
    <testcase time="0.00800000000000001" classname="PictureBlock" name="set_dim_asserts_the_argument_is_an_array_of_two_numeric_values"/>
    <testcase time="0.00499999999999989" classname="PictureBlock" name="set_dim_asserts_the_argument_is_an_array_of_two_numeric_values"/>
    <testcase time="0.00600000000000023" classname="PictureBlock" name="set_dim_returns_self"/>
    <testcase time="0.00800000000000001" classname="PictureBlock" name="set_content_raises_error_if_the_content_is_not_of_the_supported_type"/>
    <testcase time="0.0489999999999999" classname="PictureBlock" name="set_content_accepts_a_ggplot_object"/>
    <testcase time="0.044" classname="PictureBlock" name="set_content_accepts_a_grob_object"/>
    <testcase time="0.106" classname="PictureBlock" name="set_content_accepts_a_trellis_object"/>
    <testcase time="0.0519999999999996" classname="PictureBlock" name="to_list_returns_a_named_list_with_a_one_field_a_proper_path"/>
    <testcase time="0.0460000000000003" classname="PictureBlock" name="from_list_after_to_list_to_save_and_retrive"/>
  </testsuite>
  <testsuite name="PreviewerReportModule-shinytest2" timestamp="2025-06-05T16:28:52Z" hostname="70f7a8d18ec0" tests="4" skipped="4" failures="0" errors="0" time="0.081">
    <testcase time="0.00699999999999967" classname="PreviewerReportModule_shinytest2" name="reporter_previewer_card_reordering_works">
      <skipped message="Reason: testing depth 3 is below current testing specification 5 ('test-PreviewerReportModule-shinytest2.R:2:3')"/>
    </testcase>
    <testcase time="0.0360000000000005" classname="PreviewerReportModule_shinytest2" name="reporter_previewer_card_removal_works">
      <skipped message="Reason: testing depth 3 is below current testing specification 5 ('test-PreviewerReportModule-shinytest2.R:15:3')"/>
    </testcase>
    <testcase time="0.0259999999999998" classname="PreviewerReportModule_shinytest2" name="reporter_previewer_card_editing_works">
      <skipped message="Reason: testing depth 3 is below current testing specification 5 ('test-PreviewerReportModule-shinytest2.R:34:3')"/>
    </testcase>
    <testcase time="0.0119999999999996" classname="PreviewerReportModule_shinytest2" name="reporter_previewer_download_functionality_works">
      <skipped message="Reason: testing depth 3 is below current testing specification 5 ('test-PreviewerReportModule-shinytest2.R:53:3')"/>
    </testcase>
  </testsuite>
  <testsuite name="PreviewerReportModule" timestamp="2025-06-05T16:28:52Z" hostname="70f7a8d18ec0" tests="10" skipped="0" failures="0" errors="0" time="0.324">
    <testcase time="0.126" classname="PreviewerReportModule" name="reporter_previewer_srv_subset_of_rmd_yaml_args"/>
    <testcase time="0.0179999999999998" classname="PreviewerReportModule" name="reporter_previewer_srv_subset_of_rmd_yaml_args"/>
    <testcase time="0.0179999999999998" classname="PreviewerReportModule" name="reporter_previewer_srv_subset_of_rmd_yaml_args"/>
    <testcase time="0.0190000000000001" classname="PreviewerReportModule" name="reporter_previewer_srv_subset_of_rmd_yaml_args"/>
    <testcase time="0.0129999999999999" classname="PreviewerReportModule" name="reporter_previewer_srv_subset_of_rmd_yaml_args"/>
    <testcase time="0.0130000000000008" classname="PreviewerReportModule" name="reporter_previewer_srv_subset_of_rmd_yaml_args"/>
    <testcase time="0.0639999999999992" classname="PreviewerReportModule" name="reporter_previewer_ui_returns_a_shiny_tag_list"/>
    <testcase time="0.0210000000000008" classname="PreviewerReportModule" name="reporter_previewer_srv_previewer_buttons_parameter"/>
    <testcase time="0.0179999999999998" classname="PreviewerReportModule" name="reporter_previewer_srv_previewer_buttons_parameter"/>
    <testcase time="0.0140000000000002" classname="PreviewerReportModule" name="reporter_previewer_srv_previewer_buttons_parameter"/>
  </testsuite>
  <testsuite name="RcodeBlock" timestamp="2025-06-05T16:28:52Z" hostname="70f7a8d18ec0" tests="65" skipped="0" failures="0" errors="0" time="0.2">
    <testcase time="0.00699999999999967" classname="RcodeBlock" name="RcodeBlock_object_can_be_created"/>
    <testcase time="0.00600000000000023" classname="RcodeBlock" name="new_returns_an_object_of_type_RcodeBlock"/>
    <testcase time="0.00499999999999989" classname="RcodeBlock" name="set_content_accepts_a_string"/>
    <testcase time="0.00800000000000001" classname="RcodeBlock" name="set_content_asserts_the_argument_is_a_string"/>
    <testcase time="0.00600000000000023" classname="RcodeBlock" name="set_content_returns_the_RcodeBlock_object"/>
    <testcase time="0.00599999999999934" classname="RcodeBlock" name="get_content_returns_character_0_on_a_newly_initialized_RcodeBlock"/>
    <testcase time="0.00999999999999979" classname="RcodeBlock" name="get_content_returns_previously_set_string"/>
    <testcase time="0.00600000000000023" classname="RcodeBlock" name="get_available_params_returns_an_array_of_character"/>
    <testcase time="0.00499999999999989" classname="RcodeBlock" name="set_params_accepts_one_of_the_styles_returned_by_get_available_params"/>
    <testcase time="0.00200000000000067" classname="RcodeBlock" name="set_params_accepts_one_of_the_styles_returned_by_get_available_params"/>
    <testcase time="0.000999999999999446" classname="RcodeBlock" name="set_params_accepts_one_of_the_styles_returned_by_get_available_params"/>
    <testcase time="0.00199999999999978" classname="RcodeBlock" name="set_params_accepts_one_of_the_styles_returned_by_get_available_params"/>
    <testcase time="0.00100000000000033" classname="RcodeBlock" name="set_params_accepts_one_of_the_styles_returned_by_get_available_params"/>
    <testcase time="0.00199999999999978" classname="RcodeBlock" name="set_params_accepts_one_of_the_styles_returned_by_get_available_params"/>
    <testcase time="0.00100000000000033" classname="RcodeBlock" name="set_params_accepts_one_of_the_styles_returned_by_get_available_params"/>
    <testcase time="0.00199999999999978" classname="RcodeBlock" name="set_params_accepts_one_of_the_styles_returned_by_get_available_params"/>
    <testcase time="0.00100000000000033" classname="RcodeBlock" name="set_params_accepts_one_of_the_styles_returned_by_get_available_params"/>
    <testcase time="0.00199999999999978" classname="RcodeBlock" name="set_params_accepts_one_of_the_styles_returned_by_get_available_params"/>
    <testcase time="0.00100000000000033" classname="RcodeBlock" name="set_params_accepts_one_of_the_styles_returned_by_get_available_params"/>
    <testcase time="0.00199999999999978" classname="RcodeBlock" name="set_params_accepts_one_of_the_styles_returned_by_get_available_params"/>
    <testcase time="0.00100000000000033" classname="RcodeBlock" name="set_params_accepts_one_of_the_styles_returned_by_get_available_params"/>
    <testcase time="0.00199999999999978" classname="RcodeBlock" name="set_params_accepts_one_of_the_styles_returned_by_get_available_params"/>
    <testcase time="0.000999999999999446" classname="RcodeBlock" name="set_params_accepts_one_of_the_styles_returned_by_get_available_params"/>
    <testcase time="0.00200000000000067" classname="RcodeBlock" name="set_params_accepts_one_of_the_styles_returned_by_get_available_params"/>
    <testcase time="0.000999999999999446" classname="RcodeBlock" name="set_params_accepts_one_of_the_styles_returned_by_get_available_params"/>
    <testcase time="0.00200000000000067" classname="RcodeBlock" name="set_params_accepts_one_of_the_styles_returned_by_get_available_params"/>
    <testcase time="0.000999999999999446" classname="RcodeBlock" name="set_params_accepts_one_of_the_styles_returned_by_get_available_params"/>
    <testcase time="0.00199999999999978" classname="RcodeBlock" name="set_params_accepts_one_of_the_styles_returned_by_get_available_params"/>
    <testcase time="0.00100000000000033" classname="RcodeBlock" name="set_params_accepts_one_of_the_styles_returned_by_get_available_params"/>
    <testcase time="0.00199999999999978" classname="RcodeBlock" name="set_params_accepts_one_of_the_styles_returned_by_get_available_params"/>
    <testcase time="0.00200000000000067" classname="RcodeBlock" name="set_params_accepts_one_of_the_styles_returned_by_get_available_params"/>
    <testcase time="0.000999999999999446" classname="RcodeBlock" name="set_params_accepts_one_of_the_styles_returned_by_get_available_params"/>
    <testcase time="0.00199999999999978" classname="RcodeBlock" name="set_params_accepts_one_of_the_styles_returned_by_get_available_params"/>
    <testcase time="0.00100000000000033" classname="RcodeBlock" name="set_params_accepts_one_of_the_styles_returned_by_get_available_params"/>
    <testcase time="0.00199999999999978" classname="RcodeBlock" name="set_params_accepts_one_of_the_styles_returned_by_get_available_params"/>
    <testcase time="0.00100000000000033" classname="RcodeBlock" name="set_params_accepts_one_of_the_styles_returned_by_get_available_params"/>
    <testcase time="0.00199999999999978" classname="RcodeBlock" name="set_params_accepts_one_of_the_styles_returned_by_get_available_params"/>
    <testcase time="0.00199999999999978" classname="RcodeBlock" name="set_params_accepts_one_of_the_styles_returned_by_get_available_params"/>
    <testcase time="0.00100000000000033" classname="RcodeBlock" name="set_params_accepts_one_of_the_styles_returned_by_get_available_params"/>
    <testcase time="0.00199999999999978" classname="RcodeBlock" name="set_params_accepts_one_of_the_styles_returned_by_get_available_params"/>
    <testcase time="0.00200000000000067" classname="RcodeBlock" name="set_params_accepts_one_of_the_styles_returned_by_get_available_params"/>
    <testcase time="0.000999999999999446" classname="RcodeBlock" name="set_params_accepts_one_of_the_styles_returned_by_get_available_params"/>
    <testcase time="0.00199999999999978" classname="RcodeBlock" name="set_params_accepts_one_of_the_styles_returned_by_get_available_params"/>
    <testcase time="0.00100000000000033" classname="RcodeBlock" name="set_params_accepts_one_of_the_styles_returned_by_get_available_params"/>
    <testcase time="0.00199999999999978" classname="RcodeBlock" name="set_params_accepts_one_of_the_styles_returned_by_get_available_params"/>
    <testcase time="0.00200000000000067" classname="RcodeBlock" name="set_params_accepts_one_of_the_styles_returned_by_get_available_params"/>
    <testcase time="0.000999999999999446" classname="RcodeBlock" name="set_params_accepts_one_of_the_styles_returned_by_get_available_params"/>
    <testcase time="0.00199999999999978" classname="RcodeBlock" name="set_params_accepts_one_of_the_styles_returned_by_get_available_params"/>
    <testcase time="0.00200000000000067" classname="RcodeBlock" name="set_params_accepts_one_of_the_styles_returned_by_get_available_params"/>
    <testcase time="0.000999999999999446" classname="RcodeBlock" name="set_params_accepts_one_of_the_styles_returned_by_get_available_params"/>
    <testcase time="0.00200000000000067" classname="RcodeBlock" name="set_params_accepts_one_of_the_styles_returned_by_get_available_params"/>
    <testcase time="0.00199999999999978" classname="RcodeBlock" name="set_params_accepts_one_of_the_styles_returned_by_get_available_params"/>
    <testcase time="0.000999999999999446" classname="RcodeBlock" name="set_params_accepts_one_of_the_styles_returned_by_get_available_params"/>
    <testcase time="0.00200000000000067" classname="RcodeBlock" name="set_params_accepts_one_of_the_styles_returned_by_get_available_params"/>
    <testcase time="0.00499999999999989" classname="RcodeBlock" name="set_params_accepts_one_of_the_styles_returned_by_get_available_params"/>
    <testcase time="0.00199999999999978" classname="RcodeBlock" name="set_params_accepts_one_of_the_styles_returned_by_get_available_params"/>
    <testcase time="0.00199999999999978" classname="RcodeBlock" name="set_params_accepts_one_of_the_styles_returned_by_get_available_params"/>
    <testcase time="0.00100000000000033" classname="RcodeBlock" name="set_params_accepts_one_of_the_styles_returned_by_get_available_params"/>
    <testcase time="0.00199999999999978" classname="RcodeBlock" name="set_params_accepts_one_of_the_styles_returned_by_get_available_params"/>
    <testcase time="0.00199999999999978" classname="RcodeBlock" name="set_params_accepts_one_of_the_styles_returned_by_get_available_params"/>
    <testcase time="0.00100000000000033" classname="RcodeBlock" name="set_params_accepts_one_of_the_styles_returned_by_get_available_params"/>
    <testcase time="0.00699999999999967" classname="RcodeBlock" name="set_params_returns_the_RcodeBlock_object"/>
    <testcase time="0.00600000000000023" classname="RcodeBlock" name="to_list_returns_a_two_field_named_list"/>
    <testcase time="0.0220000000000002" classname="RcodeBlock" name="from_list_returns_a_similar_output_to_set_content"/>
    <testcase time="0.0199999999999996" classname="RcodeBlock" name="from_list_after_to_list_to_save_and_retrive"/>
  </testsuite>
  <testsuite name="ReportCard" timestamp="2025-06-05T16:28:53Z" hostname="70f7a8d18ec0" tests="31" skipped="0" failures="0" errors="0" time="4.189">
    <testcase time="0.00800000000000001" classname="ReportCard" name="ReportCard_object_can_be_created"/>
    <testcase time="0.00600000000000023" classname="ReportCard" name="new_returns_an_object_of_type_ReportCard"/>
    <testcase time="0.00499999999999989" classname="ReportCard" name="append_text_accepts_a_character"/>
    <testcase time="0.00999999999999979" classname="ReportCard" name="append_text_returns_self"/>
    <testcase time="2.204" classname="ReportCard" name="append_table_accepts_a_data.frame"/>
    <testcase time="1.446" classname="ReportCard" name="append_table_returns_self"/>
    <testcase time="0.048" classname="ReportCard" name="append_plot_returns_self"/>
    <testcase time="0.0439999999999987" classname="ReportCard" name="append_plot_accepts_a_ggplot"/>
    <testcase time="0.0440000000000005" classname="ReportCard" name="append_plot_accepts_a_ggplot_with_a_dim"/>
    <testcase time="0.00500000000000078" classname="ReportCard" name="append_rcode_accepts_a_character"/>
    <testcase time="0.00499999999999901" classname="ReportCard" name="append_rcode_returns_self"/>
    <testcase time="0.0470000000000006" classname="ReportCard" name="get_content_returns_a_list_of_ContentBlock_objects"/>
    <testcase time="0.00699999999999967" classname="ReportCard" name="get_metadata_returns_a_list_of_mixed_objects"/>
    <testcase time="0.00699999999999967" classname="ReportCard" name="get_metadata_returns_a_named_list"/>
    <testcase time="0.00600000000000023" classname="ReportCard" name="append_metadata_returns_an_object_of_type_ReportCard"/>
    <testcase time="0.00500000000000078" classname="ReportCard" name="append_metadata_accepts_a_character_key_and_a_character_or_list_value"/>
    <testcase time="0.000999999999999446" classname="ReportCard" name="append_metadata_accepts_a_character_key_and_a_character_or_list_value"/>
    <testcase time="0.00799999999999912" classname="ReportCard" name="append_metadata_throws_error_if_key_is_not_character"/>
    <testcase time="0.00500000000000078" classname="ReportCard" name="append_metadata_throws_error_if_key_is_not_character"/>
    <testcase time="0.00799999999999912" classname="ReportCard" name="append_metadata_throws_error_if_value_if_missing"/>
    <testcase time="0.00700000000000145" classname="ReportCard" name="append_metadata_throws_error_if_key_is_missing"/>
    <testcase time="0.00799999999999912" classname="ReportCard" name="append_metadata_throws_error_if_keys_are_duplicated"/>
    <testcase time="0.0690000000000008" classname="ReportCard" name="The_deep_copy_constructor_copies_the_file_in_the_content_blocks"/>
    <testcase time="0.0659999999999989" classname="ReportCard" name="The_deep_copy_constructor_copies_the_non_ContentBlock_objects"/>
    <testcase time="0.00300000000000011" classname="ReportCard" name="The_deep_copy_constructor_copies_the_non_ContentBlock_objects"/>
    <testcase time="0.00600000000000023" classname="ReportCard" name="setting_and_getting_a_name_to_the_ReportCard"/>
    <testcase time="0.00200000000000067" classname="ReportCard" name="setting_and_getting_a_name_to_the_ReportCard"/>
    <testcase time="0.0960000000000001" classname="ReportCard" name="to_list_internally_triggers_to_list_on_each_Block"/>
    <testcase time="0.00300000000000011" classname="ReportCard" name="to_list_internally_triggers_to_list_on_each_Block"/>
    <testcase time="0.00799999999999912" classname="ReportCard" name="from_list"/>
    <testcase time="0.00200000000000067" classname="ReportCard" name="from_list"/>
  </testsuite>
  <testsuite name="Reporter" timestamp="2025-06-05T16:28:57Z" hostname="70f7a8d18ec0" tests="46" skipped="0" failures="0" errors="0" time="8.995">
    <testcase time="0.00899999999999856" classname="Reporter" name="Reporter_object_can_be_created"/>
    <testcase time="0.00600000000000023" classname="Reporter" name="new_returns_an_object_of_type_Reporter"/>
    <testcase time="0.00700000000000145" classname="Reporter" name="default_reporter_id"/>
    <testcase time="0.430999999999999" classname="Reporter" name="set_id_sets_the_reporter_id_and_returns_reporter"/>
    <testcase time="0.00300000000000011" classname="Reporter" name="set_id_sets_the_reporter_id_and_returns_reporter"/>
    <testcase time="2.184" classname="Reporter" name="Reporter_with_ReportCard_get_cards_returns_the_same_cards_which_was_added_to_reporter"/>
    <testcase time="0.00700000000000145" classname="Reporter" name="Reporter_with_ReportCard_get_blocks_returns_the_same_blocks_which_was_added_to_reporter_sep_NULL"/>
    <testcase time="1.965" classname="Reporter" name="Reporter_with_ReportCard_get_blocks_by_default_adds_NewpageBlock_new_between_cards"/>
    <testcase time="0.0599999999999987" classname="Reporter" name="Reporter_with_ReportCard_The_deep_copy_constructor_copies_the_content_files_to_new_files"/>
    <testcase time="1.999" classname="Reporter" name="Reporter_with_ReportCard_get_blocks_returns_the_same_blocks_which_was_added_to_reporter_sep_NULL"/>
    <testcase time="0.0500000000000007" classname="Reporter" name="get_cards_returns_the_same_cards_which_was_added_to_reporter"/>
    <testcase time="0.446999999999999" classname="Reporter" name="get_blocks_returns_the_same_blocks_which_was_added_to_reporter_sep_NULL"/>
    <testcase time="0.093" classname="Reporter" name="get_blocks_by_default_adds_NewpageBlock_new_between_cards"/>
    <testcase time="0.00799999999999912" classname="Reporter" name="get_blocks_and_get_cards_return_empty_list_by_default"/>
    <testcase time="0.00300000000000011" classname="Reporter" name="get_blocks_and_get_cards_return_empty_list_by_default"/>
    <testcase time="0.0920000000000023" classname="Reporter" name="The_deep_copy_constructor_copies_the_content_files_to_new_files"/>
    <testcase time="0.00199999999999889" classname="Reporter" name="The_deep_copy_constructor_copies_the_content_files_to_new_files"/>
    <testcase time="0.00600000000000023" classname="Reporter" name="metadata_append_metadata_accept_only_named_list"/>
    <testcase time="0.00499999999999901" classname="Reporter" name="metadata_append_metadata_accept_only_named_list"/>
    <testcase time="0.00499999999999901" classname="Reporter" name="metadata_append_metadata_accept_only_named_list"/>
    <testcase time="0.0210000000000008" classname="Reporter" name="metadata_append_metadata_accept_only_unique_names_which_could_not_be_repeated"/>
    <testcase time="0.00300000000000011" classname="Reporter" name="metadata_append_metadata_accept_only_unique_names_which_could_not_be_repeated"/>
    <testcase time="0.00500000000000256" classname="Reporter" name="metadata_append_metadata_accept_only_unique_names_which_could_not_be_repeated"/>
    <testcase time="0.00499999999999901" classname="Reporter" name="metadata_get_metadata"/>
    <testcase time="0.00300000000000011" classname="Reporter" name="metadata_get_metadata"/>
    <testcase time="0.0530000000000008" classname="Reporter" name="from_reporter_from_reporter_returns_identical_equal_object_from_the_same_reporter"/>
    <testcase time="0.0889999999999986" classname="Reporter" name="from_reporter_from_reporter_does_not_return_identical_equal_object_form_other_reporter"/>
    <testcase time="0.0910000000000011" classname="Reporter" name="from_reporter_from_reporter_persists_the_cards_structure_but_not_the_name"/>
    <testcase time="0.0509999999999984" classname="Reporter" name="to_list_require_the_existing_directory_path"/>
    <testcase time="0.0150000000000006" classname="Reporter" name="to_list_require_the_existing_directory_path"/>
    <testcase time="0.00799999999999912" classname="Reporter" name="to_list_returns_a_list."/>
    <testcase time="0.161000000000001" classname="Reporter" name="to_list_to_list_and_from_list_could_be_used_to_save_and_retrieve_a_Reporter_card"/>
    <testcase time="0.129999999999999" classname="Reporter" name="to_list_to_list_and_from_list_could_be_used_to_save_and_retrieve_a_Reporter_card"/>
    <testcase time="0.169" classname="Reporter" name="to_list_to_list_and_from_list_could_be_used_to_save_and_retrieve_a_Reporter_blocks"/>
    <testcase time="0.0910000000000011" classname="Reporter" name="from_reporter_returns_same_object_from_the_same_reporter"/>
    <testcase time="0.102" classname="Reporter" name="from_reporter_returns_different_object_if_id_has_already_been_set"/>
    <testcase time="0.0919999999999987" classname="Reporter" name="from_reporter_from_reporter_persists_the_cards_structure"/>
    <testcase time="0.0509999999999984" classname="Reporter" name="to_jsondir_to_jsondir_require_the_existing_directory_path"/>
    <testcase time="0.00500000000000256" classname="Reporter" name="to_jsondir_to_jsondir_require_the_existing_directory_path"/>
    <testcase time="0.0999999999999979" classname="Reporter" name="to_jsondir_to_jsondir_returns_the_same_dir_it_was_provided_to_it"/>
    <testcase time="0.177" classname="Reporter" name="to_jsondir_from_jsondir_returns_identical_equal_object"/>
    <testcase time="0.161000000000001" classname="Reporter" name="to_jsondir_to_jsondir_and_from_jsondir_could_be_used_to_save_and_retrive_a_Reporter"/>
    <testcase time="0.00300000000000011" classname="Reporter" name="to_jsondir_to_jsondir_and_from_jsondir_could_be_used_to_save_and_retrive_a_Reporter"/>
    <testcase time="0.00900000000000034" classname="Reporter" name="reorder_cards_returns_the_correct_order"/>
    <testcase time="0.00999999999999801" classname="Reporter" name="reorder_cards_returns_the_correct_order_after_removal"/>
    <testcase time="0.00800000000000267" classname="Reporter" name="reorder_cards_returns_the_correct_order_after_adding_new_card_at_the_end_"/>
  </testsuite>
  <testsuite name="ResetModule" timestamp="2025-06-05T16:29:06Z" hostname="70f7a8d18ec0" tests="2" skipped="0" failures="0" errors="0" time="0.183">
    <testcase time="0.113999999999997" classname="ResetModule" name="simple_reporter_srv_reset_a_reporter"/>
    <testcase time="0.0690000000000026" classname="ResetModule" name="simple_reporter_srv_reset_a_reporter"/>
  </testsuite>
  <testsuite name="SimpleReporter" timestamp="2025-06-05T16:29:06Z" hostname="70f7a8d18ec0" tests="6" skipped="0" failures="0" errors="0" time="5.319">
    <testcase time="4.93" classname="SimpleReporter" name="simple_reporter_srv_render_and_downlaod_a_document"/>
    <testcase time="0.00999999999999801" classname="SimpleReporter" name="simple_reporter_srv_render_and_downlaod_a_document"/>
    <testcase time="0.00300000000000011" classname="SimpleReporter" name="simple_reporter_srv_render_and_downlaod_a_document"/>
    <testcase time="0.271000000000001" classname="SimpleReporter" name="simple_reporter_srv_add_a_Card_ReportCard_to_Reporter"/>
    <testcase time="0.0960000000000001" classname="SimpleReporter" name="simple_reporter_srv_add_a_Card_doc_to_Reporter"/>
    <testcase time="0.00900000000000034" classname="SimpleReporter" name="simple_reporter_ui_returns_a_shiny.tag"/>
  </testsuite>
  <testsuite name="TableBlock" timestamp="2025-06-05T16:29:11Z" hostname="70f7a8d18ec0" tests="11" skipped="0" failures="0" errors="0" time="9.934">
    <testcase time="0.00799999999999912" classname="TableBlock" name="TableBlock_object_can_be_created"/>
    <testcase time="0.00700000000000145" classname="TableBlock" name="new_returns_an_object_of_type_TableBlock"/>
    <testcase time="1.561" classname="TableBlock" name="set_content_accepts_a_table_object"/>
    <testcase time="0.00900000000000034" classname="TableBlock" name="set_content_asserts_the_argument_is_a_plot"/>
    <testcase time="1.601" classname="TableBlock" name="set_content_returns_the_TableBlock_object"/>
    <testcase time="0.00700000000000145" classname="TableBlock" name="get_content_returns_character_0_on_a_newly_initialized_TableBlock"/>
    <testcase time="1.595" classname="TableBlock" name="to_list_returns_a_named_list_with_a_one_field_a_proper_file_name"/>
    <testcase time="1.649" classname="TableBlock" name="to_list_returns_a_named_list_with_a_one_field_a_proper_path"/>
    <testcase time="1.645" classname="TableBlock" name="from_list_after_to_list_to_save_and_retrive"/>
    <testcase time="1.658" classname="TableBlock" name="set_content_supports_data.frame_object"/>
    <testcase time="0.193999999999996" classname="TableBlock" name="set_content_supports_rtables_object"/>
  </testsuite>
  <testsuite name="TextBlock" timestamp="2025-06-05T16:29:21Z" hostname="70f7a8d18ec0" tests="18" skipped="0" failures="0" errors="0" time="0.151">
    <testcase time="0.00800000000000267" classname="TextBlock" name="TextBlock_object_can_be_created"/>
    <testcase time="0.00600000000000023" classname="TextBlock" name="new_returns_an_object_of_type_TextBlock"/>
    <testcase time="0.00500000000000256" classname="TextBlock" name="set_content_accepts_a_string"/>
    <testcase time="0.00799999999999557" classname="TextBlock" name="set_content_asserts_the_argument_is_a_string"/>
    <testcase time="0.0120000000000005" classname="TextBlock" name="set_content_returns_the_TextBlock_object"/>
    <testcase time="0.00900000000000034" classname="TextBlock" name="get_content_returns_character_0_on_a_newly_initialized_TextBlock"/>
    <testcase time="0.00800000000000267" classname="TextBlock" name="get_content_returns_previously_set_string"/>
    <testcase time="0.00900000000000034" classname="TextBlock" name="get_available_styles_returns_an_array_of_character"/>
    <testcase time="0.00600000000000023" classname="TextBlock" name="set_style_accepts_one_of_the_styles_returned_by_get_available_styles"/>
    <testcase time="0.00199999999999534" classname="TextBlock" name="set_style_accepts_one_of_the_styles_returned_by_get_available_styles"/>
    <testcase time="0.00200000000000244" classname="TextBlock" name="set_style_accepts_one_of_the_styles_returned_by_get_available_styles"/>
    <testcase time="0.000999999999997669" classname="TextBlock" name="set_style_accepts_one_of_the_styles_returned_by_get_available_styles"/>
    <testcase time="0.0110000000000028" classname="TextBlock" name="set_style_asserts_the_argument_is_one_of_styles_in_get_available_styles"/>
    <testcase time="0.00600000000000023" classname="TextBlock" name="set_style_returns_the_TextBlock_object"/>
    <testcase time="0.0069999999999979" classname="TextBlock" name="get_style_returns_the_set_style"/>
    <testcase time="0.0069999999999979" classname="TextBlock" name="to_list_returns_a_two_field_named_list"/>
    <testcase time="0.0220000000000056" classname="TextBlock" name="from_list_returns_a_similar_output_to_set_content"/>
    <testcase time="0.0219999999999985" classname="TextBlock" name="from_list_after_to_list_to_save_and_retrive"/>
  </testsuite>
  <testsuite name="addCardModule" timestamp="2025-06-05T16:29:21Z" hostname="70f7a8d18ec0" tests="11" skipped="0" failures="0" errors="0" time="0.389">
    <testcase time="0.0339999999999989" classname="addCardModule" name="add_card_button_srv_add_a_Card_to_the_Reporter"/>
    <testcase time="0.00800000000000267" classname="addCardModule" name="add_card_button_ui_returns_a_tagList"/>
    <testcase time="0.0989999999999966" classname="addCardModule" name="add_card_button_srv_supports_custom_ReportCard_classes"/>
    <testcase time="0.0350000000000037" classname="addCardModule" name="add_card_button_srv_supports_passing_no_default_object_to_the_card"/>
    <testcase time="0.0339999999999989" classname="addCardModule" name="add_card_button_srv_try_the_card_fun"/>
    <testcase time="0.0309999999999988" classname="addCardModule" name="add_card_button_srv_try_the_card_fun"/>
    <testcase time="0.0300000000000011" classname="addCardModule" name="add_card_button_srv_try_the_card_fun"/>
    <testcase time="0.0300000000000011" classname="addCardModule" name="add_card_button_srv_supports_passing_card_fun_with_any_of_the_2_available_arguments"/>
    <testcase time="0.0249999999999986" classname="addCardModule" name="add_card_button_srv_supports_passing_card_fun_with_any_of_the_2_available_arguments"/>
    <testcase time="0.0240000000000009" classname="addCardModule" name="add_card_button_srv_supports_passing_card_fun_with_any_of_the_2_available_arguments"/>
    <testcase time="0.0389999999999944" classname="addCardModule" name="add_card_button_srv_supports_passing_card_fun_with_any_of_the_2_available_arguments"/>
  </testsuite>
  <testsuite name="doc" timestamp="2025-06-05T16:29:22Z" hostname="70f7a8d18ec0" tests="55" skipped="0" failures="0" errors="0" time="0.174">
    <testcase time="0.00900000000000034" classname="doc" name="doc_creates_an_empty_doc"/>
    <testcase time="0.000999999999997669" classname="doc" name="doc_creates_an_empty_doc"/>
    <testcase time="0.00600000000000023" classname="doc" name="doc_creates_a_doc_with_initial_elements"/>
    <testcase time="0.000999999999997669" classname="doc" name="doc_creates_a_doc_with_initial_elements"/>
    <testcase time="0.00300000000000011" classname="doc" name="doc_creates_a_doc_with_initial_elements"/>
    <testcase time="0.00200000000000244" classname="doc" name="doc_creates_a_doc_with_initial_elements"/>
    <testcase time="0.00399999999999778" classname="doc" name="c.doc_combines_with_character_element_and_retains_class"/>
    <testcase time="0.00100000000000477" classname="doc" name="c.doc_combines_with_character_element_and_retains_class"/>
    <testcase time="0.00300000000000011" classname="doc" name="c.doc_combines_with_character_element_and_retains_class"/>
    <testcase time="0.00499999999999545" classname="doc" name="c.doc_combines_with_multiple_character_elements_and_retains_class"/>
    <testcase time="0.00100000000000477" classname="doc" name="c.doc_combines_with_multiple_character_elements_and_retains_class"/>
    <testcase time="0.00300000000000011" classname="doc" name="c.doc_combines_with_multiple_character_elements_and_retains_class"/>
    <testcase time="0.00499999999999545" classname="doc" name="c.doc_combines_with_multiple_character_elements_and_retains_class"/>
    <testcase time="0.00100000000000477" classname="doc" name="c.doc_combines_with_multiple_character_elements_and_retains_class"/>
    <testcase time="0.00300000000000011" classname="doc" name="c.doc_combines_with_multiple_character_elements_and_retains_class"/>
    <testcase time="0.00499999999999545" classname="doc" name="c.doc_combines_with_doc_with_multiple_elements_and_retains_class"/>
    <testcase time="0.00100000000000477" classname="doc" name="c.doc_combines_with_doc_with_multiple_elements_and_retains_class"/>
    <testcase time="0.00300000000000011" classname="doc" name="c.doc_combines_with_doc_with_multiple_elements_and_retains_class"/>
    <testcase time="0.0069999999999979" classname="doc" name="c.doc_combines_with_with_single_ggplot2_element_and_retains_class"/>
    <testcase time="0.00199999999999534" classname="doc" name="c.doc_combines_with_with_single_ggplot2_element_and_retains_class"/>
    <testcase time="0.00300000000000011" classname="doc" name="c.doc_combines_with_with_single_ggplot2_element_and_retains_class"/>
    <testcase time="0.00600000000000023" classname="doc" name="c.doc_combines_with_ggplot2_section_and_retains_class"/>
    <testcase time="0.00200000000000244" classname="doc" name="c.doc_combines_with_ggplot2_section_and_retains_class"/>
    <testcase time="0.00300000000000011" classname="doc" name="c.doc_combines_with_ggplot2_section_and_retains_class"/>
    <testcase time="0.00399999999999778" classname="doc" name="_.doc_subsets_and_retains_class"/>
    <testcase time="0.00200000000000244" classname="doc" name="_.doc_subsets_and_retains_class"/>
    <testcase time="0.00300000000000011" classname="doc" name="_.doc_subsets_and_retains_class"/>
    <testcase time="0.00300000000000011" classname="doc" name="_.doc_subsets_and_retains_class"/>
    <testcase time="0.000999999999997669" classname="doc" name="_.doc_subsets_and_retains_class"/>
    <testcase time="0.00100000000000477" classname="doc" name="_.doc_subsets_and_retains_class"/>
    <testcase time="0.00499999999999545" classname="doc" name="edit_doc_modifies_elements"/>
    <testcase time="0.00100000000000477" classname="doc" name="edit_doc_modifies_elements"/>
    <testcase time="0.00300000000000011" classname="doc" name="edit_doc_modifies_elements"/>
    <testcase time="0.00300000000000011" classname="doc" name="edit_doc_modifies_elements"/>
    <testcase time="0.00499999999999545" classname="doc" name="edit_doc_appends_elements"/>
    <testcase time="0.00100000000000477" classname="doc" name="edit_doc_appends_elements"/>
    <testcase time="0.00399999999999778" classname="doc" name="edit_doc_appends_elements"/>
    <testcase time="0.000999999999997669" classname="doc" name="edit_doc_appends_elements"/>
    <testcase time="0.00100000000000477" classname="doc" name="edit_doc_appends_elements"/>
    <testcase time="0.00299999999999301" classname="doc" name="edit_doc_appends_elements"/>
    <testcase time="0.00300000000000011" classname="doc" name="edit_doc_appends_elements"/>
    <testcase time="0.00400000000000489" classname="doc" name="edit_doc_appends_elements"/>
    <testcase time="0.00399999999999778" classname="doc" name="edit_doc_modifies_and_appends"/>
    <testcase time="0.00200000000000244" classname="doc" name="edit_doc_modifies_and_appends"/>
    <testcase time="0.00300000000000011" classname="doc" name="edit_doc_modifies_and_appends"/>
    <testcase time="0.00300000000000011" classname="doc" name="edit_doc_modifies_and_appends"/>
    <testcase time="0.00300000000000011" classname="doc" name="edit_doc_modifies_and_appends"/>
    <testcase time="0.00600000000000023" classname="doc" name="edit_doc_preserves_attributes"/>
    <testcase time="0.00199999999999534" classname="doc" name="edit_doc_preserves_attributes"/>
    <testcase time="0.00400000000000489" classname="doc" name="code_chunk_creates_a_code_chunk_object_with_params"/>
    <testcase time="0.00300000000000011" classname="doc" name="code_chunk_creates_a_code_chunk_object_with_params"/>
    <testcase time="0.00300000000000011" classname="doc" name="code_chunk_creates_a_code_chunk_object_with_params"/>
    <testcase time="0.0069999999999979" classname="doc" name="keep_in_report_sets_the_keep_attribute"/>
    <testcase time="0.00300000000000011" classname="doc" name="keep_in_report_sets_the_keep_attribute"/>
    <testcase time="0.00300000000000011" classname="doc" name="keep_in_report_sets_the_keep_attribute"/>
  </testsuite>
  <testsuite name="utils" timestamp="2025-06-05T16:29:22Z" hostname="70f7a8d18ec0" tests="9" skipped="0" failures="0" errors="0" time="4.192">
    <testcase time="0.0069999999999979" classname="utils" name="panel_item"/>
    <testcase time="0.151000000000003" classname="utils" name="to_flextable_supported_class_data.frame_"/>
    <testcase time="0.128" classname="utils" name="to_flextable_supported_class_rtables_"/>
    <testcase time="3.888" classname="utils" name="to_flextable_supported_class_listing_df_"/>
    <testcase time="0.00800000000000267" classname="utils" name="to_flextable_unsupported_class"/>
    <testcase time="0.00500000000000256" classname="utils" name="split_text_block_splits_text_block_into_blocks_no_longer_than_n_lines"/>
    <testcase time="0.000999999999997669" classname="utils" name="split_text_block_splits_text_block_into_blocks_no_longer_than_n_lines"/>
    <testcase time="0.000999999999997669" classname="utils" name="split_text_block_splits_text_block_into_blocks_no_longer_than_n_lines"/>
    <testcase time="0.00300000000000011" classname="utils" name="split_text_block_splits_text_block_into_blocks_no_longer_than_n_lines"/>
  </testsuite>
  <testsuite name="yaml_utils" timestamp="2025-06-05T16:29:26Z" hostname="70f7a8d18ec0" tests="38" skipped="0" failures="0" errors="0" time="0.184">
    <testcase time="0.00900000000000034" classname="yaml_utils" name="yaml_quoted_adds_the_quoted_attribute_equal_to_TRUE_"/>
    <testcase time="0.00800000000000267" classname="yaml_utils" name="yaml_quoted_does_not_modify_the_value_of_the_object"/>
    <testcase time="0.0069999999999979" classname="yaml_utils" name="conv_str_logi_accept_only_a_string"/>
    <testcase time="0.00200000000000244" classname="yaml_utils" name="conv_str_logi_accept_only_a_string"/>
    <testcase time="0.00999999999999801" classname="yaml_utils" name="conv_str_logi_not_influence_the_regular_character"/>
    <testcase time="0.00600000000000023" classname="yaml_utils" name="conv_str_logi_character_TRUE_to_logical"/>
    <testcase time="0.00200000000000244" classname="yaml_utils" name="conv_str_logi_character_TRUE_to_logical"/>
    <testcase time="0.00300000000000011" classname="yaml_utils" name="conv_str_logi_character_TRUE_to_logical"/>
    <testcase time="0.00300000000000011" classname="yaml_utils" name="conv_str_logi_character_TRUE_to_logical"/>
    <testcase time="0.00199999999999534" classname="yaml_utils" name="conv_str_logi_character_TRUE_to_logical"/>
    <testcase time="0.00300000000000011" classname="yaml_utils" name="conv_str_logi_character_TRUE_to_logical"/>
    <testcase time="0.00300000000000011" classname="yaml_utils" name="conv_str_logi_character_TRUE_to_logical"/>
    <testcase time="0.00500000000000256" classname="yaml_utils" name="conv_str_logi_character_FALSE_to_logical"/>
    <testcase time="0.00300000000000011" classname="yaml_utils" name="conv_str_logi_character_FALSE_to_logical"/>
    <testcase time="0.00300000000000011" classname="yaml_utils" name="conv_str_logi_character_FALSE_to_logical"/>
    <testcase time="0.00300000000000011" classname="yaml_utils" name="conv_str_logi_character_FALSE_to_logical"/>
    <testcase time="0.00199999999999534" classname="yaml_utils" name="conv_str_logi_character_FALSE_to_logical"/>
    <testcase time="0.00300000000000011" classname="yaml_utils" name="conv_str_logi_character_FALSE_to_logical"/>
    <testcase time="0.00300000000000011" classname="yaml_utils" name="conv_str_logi_character_FALSE_to_logical"/>
    <testcase time="0.00600000000000023" classname="yaml_utils" name="rmd_outputs_all_returned_out_in_the_rmarkdown_namespace"/>
    <testcase time="0.00900000000000034" classname="yaml_utils" name="rmd_output_arguments_accepts_only_string_from_possible_rmarkdown_outputs"/>
    <testcase time="0.00200000000000244" classname="yaml_utils" name="rmd_output_arguments_accepts_only_string_from_possible_rmarkdown_outputs"/>
    <testcase time="0.000999999999997669" classname="yaml_utils" name="rmd_output_arguments_accepts_only_string_from_possible_rmarkdown_outputs"/>
    <testcase time="0.007000000000005" classname="yaml_utils" name="rmd_output_arguments_returned_all_pdf_document_arguments"/>
    <testcase time="0.00600000000000023" classname="yaml_utils" name="rmd_output_arguments_returned_all_pdf_document_arguments_and_their_defaults"/>
    <testcase time="0.00799999999999557" classname="yaml_utils" name="as_yaml_auto_accept_a_named_list_optionally_nested_"/>
    <testcase time="0.00400000000000489" classname="yaml_utils" name="as_yaml_auto_accept_a_named_list_optionally_nested_"/>
    <testcase time="0.00199999999999534" classname="yaml_utils" name="as_yaml_auto_accept_a_named_list_optionally_nested_"/>
    <testcase time="0.00200000000000244" classname="yaml_utils" name="as_yaml_auto_accept_a_named_list_optionally_nested_"/>
    <testcase time="0.00600000000000023" classname="yaml_utils" name="as_yaml_auto_works_the_same_as_yaml_as.yaml_for_a_nested_list_when_as_header_is_FALSE"/>
    <testcase time="0.0069999999999979" classname="yaml_utils" name="as_yaml_auto_parse"/>
    <testcase time="0.00999999999999801" classname="yaml_utils" name="as_yaml_auto_warning_for_not_accepted_argument_and_skip_it"/>
    <testcase time="0.00100000000000477" classname="yaml_utils" name="as_yaml_auto_warning_for_not_accepted_argument_and_skip_it"/>
    <testcase time="0.0069999999999979" classname="yaml_utils" name="as_yaml_auto_silent_the_warning_for_not_accepted_argument_and_skip_it"/>
    <testcase time="0.00600000000000023" classname="yaml_utils" name="as_yaml_auto_convert_character_logical_to_logical"/>
    <testcase time="0.00800000000000267" classname="yaml_utils" name="as_yaml_auto_do_not_accept_multi_outputs_without_the_multi_output_argument"/>
    <testcase time="0.00600000000000023" classname="yaml_utils" name="as_yaml_auto_accept_multi_outputs_with_the_multi_output_argument"/>
    <testcase time="0.00600000000000023" classname="yaml_utils" name="get_yaml_field_returns_the_correct_result"/>
  </testsuite>
</testsuites>
