<?xml version="1.0" encoding="UTF-8"?>
<testsuites>
  <testsuite name="DownloadModule" timestamp="2025-10-14T16:42:41Z" hostname="0c285c70e1a2" tests="4" skipped="0" failures="0" errors="0" time="1.701">
    <testcase time="0.626" classname="DownloadModule" name="download_report_button_srv_download_a_document"/>
    <testcase time="1.054" classname="DownloadModule" name="download_report_button_srv_download_a_document"/>
    <testcase time="0.0139999999999998" classname="DownloadModule" name="download_report_button_srv_download_a_document"/>
    <testcase time="0.00700000000000012" classname="DownloadModule" name="download_report_button_srv_download_a_document"/>
  </testsuite>
  <testsuite name="DownloadReportModule" timestamp="2025-10-14T16:42:42Z" hostname="0c285c70e1a2" tests="21" skipped="0" failures="0" errors="0" time="2.803">
    <testcase time="0.957" classname="DownloadReportModule" name="download_report_button_srv_render_and_downlaod_a_document"/>
    <testcase time="0.00800000000000001" classname="DownloadReportModule" name="download_report_button_srv_render_and_downlaod_a_document"/>
    <testcase time="0.00300000000000011" classname="DownloadReportModule" name="download_report_button_srv_render_and_downlaod_a_document"/>
    <testcase time="0.00199999999999978" classname="DownloadReportModule" name="download_report_button_srv_render_and_downlaod_a_document"/>
    <testcase time="0.176" classname="DownloadReportModule" name="download_report_button_srv_subset_of_rmd_yaml_args"/>
    <testcase time="0.0110000000000001" classname="DownloadReportModule" name="download_report_button_srv_subset_of_rmd_yaml_args"/>
    <testcase time="0.0110000000000001" classname="DownloadReportModule" name="download_report_button_srv_subset_of_rmd_yaml_args"/>
    <testcase time="0.0179999999999998" classname="DownloadReportModule" name="download_report_button_srv_subset_of_rmd_yaml_args"/>
    <testcase time="0.0169999999999999" classname="DownloadReportModule" name="download_report_button_srv_subset_of_rmd_yaml_args"/>
    <testcase time="0.016" classname="DownloadReportModule" name="download_report_button_srv_subset_of_rmd_yaml_args"/>
    <testcase time="0.0190000000000001" classname="DownloadReportModule" name="download_report_button_ui_returns_a_tagList"/>
    <testcase time="0.608" classname="DownloadReportModule" name="report_render_and_compress_valid_arguments"/>
    <testcase time="0.159" classname="DownloadReportModule" name="report_render_and_compress_invalid_arguments"/>
    <testcase time="0.00499999999999989" classname="DownloadReportModule" name="report_render_and_compress_invalid_arguments"/>
    <testcase time="0.00400000000000045" classname="DownloadReportModule" name="report_render_and_compress_invalid_arguments"/>
    <testcase time="0.595" classname="DownloadReportModule" name="report_render_and_compress_render_an_html_document"/>
    <testcase time="0.00699999999999967" classname="DownloadReportModule" name="report_render_and_compress_render_an_html_document"/>
    <testcase time="0.00300000000000011" classname="DownloadReportModule" name="report_render_and_compress_render_an_html_document"/>
    <testcase time="0.00300000000000011" classname="DownloadReportModule" name="report_render_and_compress_render_an_html_document"/>
    <testcase time="0.156000000000001" classname="DownloadReportModule" name="any_rcode_block"/>
    <testcase time="0.0249999999999995" classname="DownloadReportModule" name="any_rcode_block"/>
  </testsuite>
  <testsuite name="LoadReporterModule" timestamp="2025-10-14T16:42:45Z" hostname="0c285c70e1a2" tests="14" skipped="0" failures="0" errors="0" time="0.648">
    <testcase time="0.28" classname="LoadReporterModule" name="report_load_srv_loading_reporter_restores_saved_content"/>
    <testcase time="0.00499999999999989" classname="LoadReporterModule" name="report_load_srv_loading_reporter_restores_saved_content"/>
    <testcase time="0.00900000000000034" classname="LoadReporterModule" name="report_load_srv_loading_reporter_restores_saved_content"/>
    <testcase time="0.00599999999999934" classname="LoadReporterModule" name="report_load_srv_loading_reporter_restores_saved_content"/>
    <testcase time="0.00600000000000023" classname="LoadReporterModule" name="report_load_srv_loading_reporter_restores_saved_content"/>
    <testcase time="0.00499999999999989" classname="LoadReporterModule" name="report_load_srv_loading_reporter_restores_saved_content"/>
    <testcase time="0.266" classname="LoadReporterModule" name="report_load_srv_loading_reporter_with_ReportCard_restores_saved_content_with_old_blocks_"/>
    <testcase time="0.00499999999999989" classname="LoadReporterModule" name="report_load_srv_loading_reporter_with_ReportCard_restores_saved_content_with_old_blocks_"/>
    <testcase time="0.00499999999999989" classname="LoadReporterModule" name="report_load_srv_loading_reporter_with_ReportCard_restores_saved_content_with_old_blocks_"/>
    <testcase time="0.00700000000000056" classname="LoadReporterModule" name="report_load_srv_loading_reporter_with_ReportCard_restores_saved_content_with_old_blocks_"/>
    <testcase time="0.00399999999999956" classname="LoadReporterModule" name="report_load_srv_loading_reporter_with_ReportCard_restores_saved_content_with_old_blocks_"/>
    <testcase time="0.00700000000000056" classname="LoadReporterModule" name="report_load_srv_loading_reporter_with_ReportCard_restores_saved_content_with_old_blocks_"/>
    <testcase time="0.00399999999999956" classname="LoadReporterModule" name="report_load_srv_loading_reporter_with_ReportCard_restores_saved_content_with_old_blocks_"/>
    <testcase time="0.0390000000000006" classname="LoadReporterModule" name="report_load_srv_fail_to_load_a_reporter_because_of_different_id"/>
  </testsuite>
  <testsuite name="PreviewerReportModule-shinytest2" timestamp="2025-10-14T16:42:46Z" hostname="0c285c70e1a2" tests="4" skipped="4" failures="0" errors="0" time="0.073">
    <testcase time="0.00699999999999967" classname="PreviewerReportModule_shinytest2" name="preview_report_doesn_t_render_previewer_if_not_clicked">
      <skipped message="Reason: testing depth 3 is below current testing specification 5 ('test-PreviewerReportModule-shinytest2.R:3:5')"/>
    </testcase>
    <testcase time="0.0259999999999998" classname="PreviewerReportModule_shinytest2" name="preview_report_shows_the_previewer_modal_when_the_button_is_clicked">
      <skipped message="Reason: testing depth 3 is below current testing specification 5 ('test-PreviewerReportModule-shinytest2.R:9:5')"/>
    </testcase>
    <testcase time="0.0270000000000001" classname="PreviewerReportModule_shinytest2" name="preview_report_card_removal_works">
      <skipped message="Reason: testing depth 3 is below current testing specification 5 ('test-PreviewerReportModule-shinytest2.R:16:5')"/>
    </testcase>
    <testcase time="0.0129999999999999" classname="PreviewerReportModule_shinytest2" name="preview_report_card_editing_modal_is_being_shown">
      <skipped message="Reason: testing depth 3 is below current testing specification 5 ('test-PreviewerReportModule-shinytest2.R:34:5')"/>
    </testcase>
  </testsuite>
  <testsuite name="PreviewerReportModule" timestamp="2025-10-14T16:42:46Z" hostname="0c285c70e1a2" tests="13" skipped="0" failures="0" errors="0" time="0.522">
    <testcase time="0.183" classname="PreviewerReportModule" name="reporter_previewer_srv_subset_of_rmd_yaml_args"/>
    <testcase time="0.0250000000000004" classname="PreviewerReportModule" name="reporter_previewer_srv_subset_of_rmd_yaml_args"/>
    <testcase time="0.0209999999999999" classname="PreviewerReportModule" name="reporter_previewer_srv_subset_of_rmd_yaml_args"/>
    <testcase time="0.0129999999999999" classname="PreviewerReportModule" name="reporter_previewer_srv_subset_of_rmd_yaml_args"/>
    <testcase time="0.0129999999999999" classname="PreviewerReportModule" name="reporter_previewer_srv_subset_of_rmd_yaml_args"/>
    <testcase time="0.0129999999999999" classname="PreviewerReportModule" name="reporter_previewer_srv_subset_of_rmd_yaml_args"/>
    <testcase time="0.0750000000000002" classname="PreviewerReportModule" name="reporter_previewer_ui_returns_a_shiny_tag_list"/>
    <testcase time="0.024" classname="PreviewerReportModule" name="reporter_previewer_srv_previewer_buttons_parameter"/>
    <testcase time="0.0199999999999996" classname="PreviewerReportModule" name="reporter_previewer_srv_previewer_buttons_parameter"/>
    <testcase time="0.0140000000000002" classname="PreviewerReportModule" name="reporter_previewer_srv_previewer_buttons_parameter"/>
    <testcase time="0.0609999999999999" classname="PreviewerReportModule" name="reporter_previewer_srv_up_with_first_card_and_down_with_last_card_does_not_induce_change"/>
    <testcase time="0.00499999999999989" classname="PreviewerReportModule" name="reporter_previewer_srv_up_with_first_card_and_down_with_last_card_does_not_induce_change"/>
    <testcase time="0.0549999999999997" classname="PreviewerReportModule" name="reporter_previewer_srv_card_up_and_down_compensate"/>
  </testsuite>
  <testsuite name="ReportCard" timestamp="2025-10-14T16:42:46Z" hostname="0c285c70e1a2" tests="28" skipped="0" failures="0" errors="0" time="0.474">
    <testcase time="0.0120000000000005" classname="ReportCard" name="ReportCard_object_can_be_created"/>
    <testcase time="0.00699999999999967" classname="ReportCard" name="new_returns_an_object_of_type_ReportCard"/>
    <testcase time="0.00600000000000023" classname="ReportCard" name="append_text_accepts_a_character"/>
    <testcase time="0.00699999999999967" classname="ReportCard" name="append_text_returns_self"/>
    <testcase time="0.00600000000000023" classname="ReportCard" name="append_table_accepts_a_data.frame"/>
    <testcase time="0.00800000000000001" classname="ReportCard" name="append_table_returns_self"/>
    <testcase time="0.0510000000000002" classname="ReportCard" name="append_plot_returns_self"/>
    <testcase time="0.0540000000000003" classname="ReportCard" name="append_plot_accepts_a_ggplot"/>
    <testcase time="0.0489999999999995" classname="ReportCard" name="append_plot_accepts_a_ggplot_with_a_dim"/>
    <testcase time="0.00600000000000023" classname="ReportCard" name="append_rcode_accepts_a_character"/>
    <testcase time="0.00600000000000023" classname="ReportCard" name="append_rcode_returns_self"/>
    <testcase time="0.048" classname="ReportCard" name="get_content_returns_a_list_of_objects"/>
    <testcase time="0.00199999999999978" classname="ReportCard" name="get_content_returns_a_list_of_objects"/>
    <testcase time="0.0110000000000001" classname="ReportCard" name="get_metadata_returns_a_list_of_mixed_objects"/>
    <testcase time="0.00999999999999979" classname="ReportCard" name="get_metadata_returns_a_named_list"/>
    <testcase time="0.00699999999999967" classname="ReportCard" name="append_metadata_returns_an_object_of_type_ReportCard"/>
    <testcase time="0.00600000000000023" classname="ReportCard" name="append_metadata_accepts_a_character_key_and_a_character_or_list_value"/>
    <testcase time="0.00199999999999978" classname="ReportCard" name="append_metadata_accepts_a_character_key_and_a_character_or_list_value"/>
    <testcase time="0.00900000000000034" classname="ReportCard" name="append_metadata_throws_error_if_key_is_not_character"/>
    <testcase time="0.00999999999999979" classname="ReportCard" name="append_metadata_throws_error_if_key_is_not_character"/>
    <testcase time="0.00900000000000034" classname="ReportCard" name="append_metadata_throws_error_if_value_if_missing"/>
    <testcase time="0.00899999999999945" classname="ReportCard" name="append_metadata_throws_error_if_key_is_missing"/>
    <testcase time="0.00900000000000034" classname="ReportCard" name="append_metadata_throws_error_if_keys_are_duplicated"/>
    <testcase time="0.0650000000000004" classname="ReportCard" name="The_deep_copy_constructor_copies_the_plot_object"/>
    <testcase time="0.0510000000000002" classname="ReportCard" name="The_deep_copy_constructor_copies_the_objects"/>
    <testcase time="0.00299999999999923" classname="ReportCard" name="The_deep_copy_constructor_copies_the_objects"/>
    <testcase time="0.00700000000000056" classname="ReportCard" name="setting_and_getting_a_name_to_the_ReportCard"/>
    <testcase time="0.00399999999999956" classname="ReportCard" name="setting_and_getting_a_name_to_the_ReportCard"/>
  </testsuite>
  <testsuite name="Reporter" timestamp="2025-10-14T16:42:47Z" hostname="0c285c70e1a2" tests="69" skipped="0" failures="0" errors="0" time="93.503">
    <testcase time="0.00999999999999979" classname="Reporter" name="Reporter_object_can_be_created"/>
    <testcase time="0.00800000000000001" classname="Reporter" name="new_returns_an_object_of_type_Reporter"/>
    <testcase time="0.00700000000000056" classname="Reporter" name="default_reporter_id"/>
    <testcase time="3.398" classname="Reporter" name="set_id_sets_the_reporter_id_and_returns_reporter"/>
    <testcase time="0.00300000000000011" classname="Reporter" name="set_id_sets_the_reporter_id_and_returns_reporter"/>
    <testcase time="2.325" classname="Reporter" name="Reporter_with_ReportCard_get_cards_returns_the_same_cards_which_was_added_to_reporter"/>
    <testcase time="0.0170000000000012" classname="Reporter" name="Reporter_with_ReportCard_get_blocks_returns_the_same_blocks_which_was_added_to_reporter_sep_NULL"/>
    <testcase time="2.367" classname="Reporter" name="Reporter_with_ReportCard_get_blocks_by_default_adds_newpage_between_cards"/>
    <testcase time="2.4" classname="Reporter" name="Reporter_with_ReportCard_get_blocks_returns_the_same_blocks_which_was_added_to_reporter_sep_NULL"/>
    <testcase time="2.412" classname="Reporter" name="get_cards_returns_the_same_cards_which_was_added_to_reporter"/>
    <testcase time="2.906" classname="Reporter" name="get_blocks_returns_the_same_blocks_which_was_added_to_reporter_sep_NULL"/>
    <testcase time="4.857" classname="Reporter" name="get_blocks_by_default_adds_newpage_between_cards"/>
    <testcase time="0.00900000000000034" classname="Reporter" name="get_blocks_and_get_cards_return_empty_teal_card_by_default"/>
    <testcase time="0.00400000000000134" classname="Reporter" name="get_blocks_and_get_cards_return_empty_teal_card_by_default"/>
    <testcase time="0.0300000000000011" classname="Reporter" name="get_blocks_shows_repeated_cards"/>
    <testcase time="0.169" classname="Reporter" name="The_deep_copy_constructor_copies_the_content_files_to_new_files"/>
    <testcase time="0.00499999999999901" classname="Reporter" name="The_deep_copy_constructor_copies_the_content_files_to_new_files"/>
    <testcase time="0.0069999999999979" classname="Reporter" name="append_metadata_accept_only_named_list"/>
    <testcase time="0.0160000000000018" classname="Reporter" name="append_metadata_accept_only_named_list"/>
    <testcase time="0.00499999999999901" classname="Reporter" name="append_metadata_accept_only_named_list"/>
    <testcase time="0.0100000000000016" classname="Reporter" name="append_metadata_accept_only_unique_names_which_could_not_be_repeated"/>
    <testcase time="0.00300000000000011" classname="Reporter" name="append_metadata_accept_only_unique_names_which_could_not_be_repeated"/>
    <testcase time="0.00499999999999901" classname="Reporter" name="append_metadata_accept_only_unique_names_which_could_not_be_repeated"/>
    <testcase time="0.00600000000000023" classname="Reporter" name="get_metadata"/>
    <testcase time="0.00300000000000011" classname="Reporter" name="get_metadata"/>
    <testcase time="2.419" classname="Reporter" name="from_reporter_returns_identical_equal_object_from_the_same_reporter"/>
    <testcase time="0.00199999999999889" classname="Reporter" name="from_reporter_returns_identical_equal_object_from_the_same_reporter"/>
    <testcase time="4.824" classname="Reporter" name="from_reporter_does_not_return_identical_equal_object_form_other_reporter"/>
    <testcase time="0.00200000000000244" classname="Reporter" name="from_reporter_does_not_return_identical_equal_object_form_other_reporter"/>
    <testcase time="5.17" classname="Reporter" name="from_reporter_persists_the_cards_structure"/>
    <testcase time="0.000999999999997669" classname="Reporter" name="from_reporter_persists_the_cards_structure"/>
    <testcase time="0.00600000000000023" classname="Reporter" name="metadata_append_metadata_accept_only_named_list"/>
    <testcase time="0.00500000000000256" classname="Reporter" name="metadata_append_metadata_accept_only_named_list"/>
    <testcase time="0.00500000000000256" classname="Reporter" name="metadata_append_metadata_accept_only_named_list"/>
    <testcase time="0.00999999999999801" classname="Reporter" name="metadata_append_metadata_accept_only_unique_names_which_could_not_be_repeated"/>
    <testcase time="0.00300000000000011" classname="Reporter" name="metadata_append_metadata_accept_only_unique_names_which_could_not_be_repeated"/>
    <testcase time="0.00500000000000256" classname="Reporter" name="metadata_append_metadata_accept_only_unique_names_which_could_not_be_repeated"/>
    <testcase time="0.00600000000000023" classname="Reporter" name="metadata_get_metadata"/>
    <testcase time="0.00300000000000011" classname="Reporter" name="metadata_get_metadata"/>
    <testcase time="2.319" classname="Reporter" name="from_reporter_from_reporter_returns_identical_equal_object_from_the_same_reporter"/>
    <testcase time="0.000999999999997669" classname="Reporter" name="from_reporter_from_reporter_returns_identical_equal_object_from_the_same_reporter"/>
    <testcase time="4.579" classname="Reporter" name="from_reporter_from_reporter_does_not_return_identical_equal_object_form_other_reporter"/>
    <testcase time="0.00200000000000244" classname="Reporter" name="from_reporter_from_reporter_does_not_return_identical_equal_object_form_other_reporter"/>
    <testcase time="4.672" classname="Reporter" name="from_reporter_from_reporter_persists_the_cards_structure_but_not_the_name"/>
    <testcase time="0.00200000000000244" classname="Reporter" name="from_reporter_from_reporter_persists_the_cards_structure_but_not_the_name"/>
    <testcase time="2.439" classname="Reporter" name="to_list_require_the_existing_directory_path"/>
    <testcase time="0.0129999999999981" classname="Reporter" name="to_list_require_the_existing_directory_path"/>
    <testcase time="0.0100000000000051" classname="Reporter" name="to_list_returns_a_list."/>
    <testcase time="4.881" classname="Reporter" name="to_list_to_list_and_from_list_could_be_used_to_save_and_retrieve_a_Reporter_card"/>
    <testcase time="2.495" classname="Reporter" name="to_list_to_list_and_from_list_could_be_used_to_save_and_retrieve_a_Reporter_card"/>
    <testcase time="5.04600000000001" classname="Reporter" name="to_list_to_list_and_from_list_could_be_used_to_save_and_retrieve_a_Reporter_blocks"/>
    <testcase time="4.744" classname="Reporter" name="from_reporter_returns_same_object_from_the_same_reporter"/>
    <testcase time="0.00199999999999534" classname="Reporter" name="from_reporter_returns_same_object_from_the_same_reporter"/>
    <testcase time="4.56699999999999" classname="Reporter" name="from_reporter_returns_different_object_if_id_has_already_been_set"/>
    <testcase time="4.66800000000001" classname="Reporter" name="from_reporter_from_reporter_persists_the_cards_structure"/>
    <testcase time="0.00100000000000477" classname="Reporter" name="from_reporter_from_reporter_persists_the_cards_structure"/>
    <testcase time="2.437" classname="Reporter" name="to_jsondir_to_jsondir_require_the_existing_directory_path"/>
    <testcase time="0.00600000000000023" classname="Reporter" name="to_jsondir_to_jsondir_require_the_existing_directory_path"/>
    <testcase time="2.45099999999999" classname="Reporter" name="to_jsondir_to_jsondir_returns_the_same_dir_it_was_provided_to_it"/>
    <testcase time="4.91800000000001" classname="Reporter" name="to_jsondir_from_jsondir_returns_identical_equal_object"/>
    <testcase time="5.03099999999999" classname="Reporter" name="to_jsondir_to_jsondir_and_from_jsondir_could_be_used_to_save_and_retrive_a_Reporter"/>
    <testcase time="0.00300000000000011" classname="Reporter" name="to_jsondir_to_jsondir_and_from_jsondir_could_be_used_to_save_and_retrive_a_Reporter"/>
    <testcase time="0.0110000000000099" classname="Reporter" name="reorder_cards_returns_the_correct_order"/>
    <testcase time="0.0109999999999957" classname="Reporter" name="reorder_cards_returns_the_correct_order_after_removal"/>
    <testcase time="0.0109999999999957" classname="Reporter" name="reorder_cards_returns_the_correct_order_after_adding_new_card_at_the_end_"/>
    <testcase time="4.67" classname="Reporter" name="from_reporter_persists_the_cards_structure"/>
    <testcase time="0.00100000000000477" classname="Reporter" name="from_reporter_persists_the_cards_structure"/>
    <testcase time="0.0100000000000051" classname="Reporter" name="teal.reporter_Reporter_with_custom_template_function_modifies_teal_cards_on_append"/>
    <testcase time="0.0589999999999975" classname="Reporter" name="teal.reporter_Reporter_with_custom_template_function_removes_chunk_outputs_and_code_chunk"/>
  </testsuite>
  <testsuite name="ResetModule" timestamp="2025-10-14T16:44:20Z" hostname="0c285c70e1a2" tests="4" skipped="0" failures="0" errors="0" time="0.455">
    <testcase time="0.207999999999998" classname="ResetModule" name="simple_reporter_srv_reset_a_reporter_ReporterCard_"/>
    <testcase time="0.0319999999999965" classname="ResetModule" name="simple_reporter_srv_reset_a_reporter_ReporterCard_"/>
    <testcase time="0.174999999999997" classname="ResetModule" name="simple_reporter_srv_reset_a_reporter"/>
    <testcase time="0.0400000000000063" classname="ResetModule" name="simple_reporter_srv_reset_a_reporter"/>
  </testsuite>
  <testsuite name="SimpleReporter" timestamp="2025-10-14T16:44:21Z" hostname="0c285c70e1a2" tests="6" skipped="0" failures="0" errors="0" time="7.884">
    <testcase time="7.20399999999999" classname="SimpleReporter" name="simple_reporter_srv_render_and_downlaod_a_document"/>
    <testcase time="0.00900000000000034" classname="SimpleReporter" name="simple_reporter_srv_render_and_downlaod_a_document"/>
    <testcase time="0.00300000000000011" classname="SimpleReporter" name="simple_reporter_srv_render_and_downlaod_a_document"/>
    <testcase time="0.325000000000003" classname="SimpleReporter" name="simple_reporter_srv_add_a_Card_ReportCard_to_Reporter"/>
    <testcase time="0.322000000000003" classname="SimpleReporter" name="simple_reporter_srv_add_a_Card_teal_card_to_Reporter"/>
    <testcase time="0.0210000000000008" classname="SimpleReporter" name="simple_reporter_ui_returns_a_shiny.tag"/>
  </testsuite>
  <testsuite name="addCardModule" timestamp="2025-10-14T16:44:29Z" hostname="0c285c70e1a2" tests="11" skipped="0" failures="0" errors="0" time="0.328">
    <testcase time="0.0339999999999918" classname="addCardModule" name="add_card_button_srv_add_a_Card_to_the_Reporter"/>
    <testcase time="0.0100000000000051" classname="addCardModule" name="add_card_button_ui_returns_a_tagList"/>
    <testcase time="0.0280000000000058" classname="addCardModule" name="add_card_button_srv_supports_custom_teal_card_classes"/>
    <testcase time="0.0379999999999967" classname="addCardModule" name="add_card_button_srv_supports_passing_no_default_object_to_the_card"/>
    <testcase time="0.0409999999999968" classname="addCardModule" name="add_card_button_srv_try_the_card_fun"/>
    <testcase time="0.0349999999999966" classname="addCardModule" name="add_card_button_srv_try_the_card_fun"/>
    <testcase time="0.034000000000006" classname="addCardModule" name="add_card_button_srv_try_the_card_fun"/>
    <testcase time="0.0300000000000011" classname="addCardModule" name="add_card_button_srv_supports_passing_card_fun_with_any_of_the_2_available_arguments"/>
    <testcase time="0.0259999999999962" classname="addCardModule" name="add_card_button_srv_supports_passing_card_fun_with_any_of_the_2_available_arguments"/>
    <testcase time="0.0259999999999962" classname="addCardModule" name="add_card_button_srv_supports_passing_card_fun_with_any_of_the_2_available_arguments"/>
    <testcase time="0.0260000000000105" classname="addCardModule" name="add_card_button_srv_supports_passing_card_fun_with_any_of_the_2_available_arguments"/>
  </testsuite>
  <testsuite name="editor_block" timestamp="2025-10-14T16:44:29Z" hostname="0c285c70e1a2" tests="2" skipped="0" failures="0" errors="0" time="0.029">
    <testcase time="0.0139999999999958" classname="editor_block" name="srv_editor_block_for_default_method_returns_NULL"/>
    <testcase time="0.0150000000000006" classname="editor_block" name="srv_editor_block_for_default_method_returns_NULL"/>
  </testsuite>
  <testsuite name="editor_card" timestamp="2025-10-14T16:44:29Z" hostname="0c285c70e1a2" tests="2" skipped="0" failures="0" errors="0" time="0.043">
    <testcase time="0.0169999999999959" classname="editor_card" name="srv_card_editor_adds_new_block_to_queue"/>
    <testcase time="0.0259999999999962" classname="editor_card" name="srv_card_editor_adds_new_block_to_queue"/>
  </testsuite>
  <testsuite name="previewer_card" timestamp="2025-10-14T16:44:29Z" hostname="0c285c70e1a2" tests="4" skipped="0" failures="0" errors="0" time="0.177">
    <testcase time="0.0720000000000027" classname="previewer_card" name="previewer_card_srv_renders_the_empty_title_output"/>
    <testcase time="0.0510000000000019" classname="previewer_card" name="previewer_card_srv_previewer_card_srv_renders_the_title_output"/>
    <testcase time="0.0510000000000019" classname="previewer_card" name="previewer_card_srv_previewer_card_srv_renders_the_content"/>
    <testcase time="0.00300000000000011" classname="previewer_card" name="previewer_card_srv_previewer_card_srv_renders_the_content"/>
  </testsuite>
  <testsuite name="previewer_card_actions" timestamp="2025-10-14T16:44:29Z" hostname="0c285c70e1a2" tests="4" skipped="0" failures="0" errors="0" time="0.153">
    <testcase time="0.0120000000000005" classname="previewer_card_actions" name="ui_previewer_card_actions_returns_a_shiny_tag_or_tagList"/>
    <testcase time="0.0309999999999917" classname="previewer_card_actions" name="srv_previewer_card_actions_removes_a_teal_card"/>
    <testcase time="0.054000000000002" classname="previewer_card_actions" name="srv_previewer_card_actions_saves_the_new_card_without_contents_but_changed_title"/>
    <testcase time="0.0560000000000116" classname="previewer_card_actions" name="srv_previewer_card_actions_triggers_a_shiny_modal"/>
  </testsuite>
  <testsuite name="previewer_report" timestamp="2025-10-14T16:44:29Z" hostname="0c285c70e1a2" tests="4" skipped="0" failures="0" errors="0" time="0.203">
    <testcase time="0.0449999999999875" classname="previewer_report" name="preview_report_button_srv_renders_the_card_count_with_1"/>
    <testcase time="0.0420000000000016" classname="previewer_report" name="preview_report_button_srv_renders_empty_card_count"/>
    <testcase time="0.0600000000000023" classname="previewer_report" name="preview_report_button_srv_triggers_a_shiny_modal_with_input_click"/>
    <testcase time="0.0559999999999974" classname="previewer_report" name="preview_report_button_srv_triggers_a_shiny_modal_from_reporter_when_in_editor_"/>
  </testsuite>
  <testsuite name="render" timestamp="2025-10-14T16:44:30Z" hostname="0c285c70e1a2" tests="15" skipped="0" failures="0" errors="0" time="2.627">
    <testcase time="0.169000000000011" classname="render" name="render_accepts_empty_teal_report_object"/>
    <testcase time="0.150999999999996" classname="render" name="render_accepts_empty_teal_card_object"/>
    <testcase time="0.340999999999994" classname="render" name="render_accepts_teal_report_containing_code_chunks_and_outputs"/>
    <testcase time="0.158000000000001" classname="render" name="render_by_default_outputs_and_keeps_report.Rmd_file_in_the_working_directory"/>
    <testcase time="0.159000000000006" classname="render" name="render_by_default_renders_report.html_file_in_the_working_directory"/>
    <testcase time="0.158000000000001" classname="render" name="render_by_default_outputs_report.Rmd_file_containing_knitr_opts_chunk_set_with_tidy_options_set"/>
    <testcase time="0.156999999999996" classname="render" name="render_outputs_report.Rmd_with_output_dir_set_to_other_location_then_working_directory"/>
    <testcase time="0.155999999999992" classname="render" name="render_outputs_report.Rmd_with_markdown_content_added_to_teal_card"/>
    <testcase time="0.156999999999996" classname="render" name="render_outputs_report.Rmd_with_yaml_header_containing_entries_set_through_metadata"/>
    <testcase time="0.170000000000002" classname="render" name="render_outputs_report.Rmd_with_code_chunk_with_knitr_opts_chunk_set_call_using_value_from_teal.reporter.global_knitr"/>
    <testcase time="0.161000000000001" classname="render" name="render_outputs_report.Rmd_with_code_chunk_with_knitr_opts_chunk_set_call_using_value_from_global_knitr_argument"/>
    <testcase time="0.162999999999997" classname="render" name="render_outputs_report.Rmd_with_arbitrary_code_chunk_with_additional_parameters"/>
    <testcase time="0.319000000000003" classname="render" name="render_outputs_report.Rmd_with_arbitrary_code_cunk_but_chunk_output_is_missing"/>
    <testcase time="0.106000000000009" classname="render" name="render_renders_output_based_on_metadata_output_field_md_document_containing_markdown_content_code_chunks_and_their_outputs"/>
    <testcase time="0.10199999999999" classname="render" name="render_renders_output_based_on_metadata_output_field_md_document_containing_relative_path_to_a_plot_even_if_output_dir_is_set_to_absolute_path"/>
  </testsuite>
  <testsuite name="teal_card" timestamp="2025-10-14T16:44:32Z" hostname="0c285c70e1a2" tests="65" skipped="0" failures="0" errors="0" time="0.897">
    <testcase time="0.0100000000000051" classname="teal_card" name="creates_empty_teal_card_when_no_arguments_set"/>
    <testcase time="0.00600000000000023" classname="teal_card" name="teal_card_returns_the_same_object_for_if_teal_card_is_passed"/>
    <testcase time="0.0310000000000059" classname="teal_card" name="teal_card_extracts_teal_card_object_from_teal_report_if_teal_report_is_passed"/>
    <testcase time="0.0229999999999961" classname="teal_card" name="teal_card_converts_qenv_code_elements_into_teal_card_and_returns_teal_card_if_qenv_is_passed"/>
    <testcase time="0.00900000000000034" classname="teal_card" name="teal_card_keeps_list_if_given_as_argument"/>
    <testcase time="0.00600000000000023" classname="teal_card" name="combines_arguments_in_teal_card_and_sets_them_random_unique_names"/>
    <testcase time="0.00300000000000011" classname="teal_card" name="combines_arguments_in_teal_card_and_sets_them_random_unique_names"/>
    <testcase time="0.00600000000000023" classname="teal_card" name="doesn_t_ignore_NULL_and_adds_it_to_teal_card"/>
    <testcase time="0.00600000000000023" classname="teal_card" name="keeps_conditions"/>
    <testcase time="0.00699999999999079" classname="teal_card" name="appends_each_element_asis_no_list_unwrapping_"/>
    <testcase time="0.007000000000005" classname="teal_card" name="teal_card_with_multiple_arguments_appends_each_argument_to_teal_card_and_keep_original_names_if_teal_card_is_a_first_argument"/>
    <testcase time="0.00300000000000011" classname="teal_card" name="teal_card_with_multiple_arguments_appends_each_argument_to_teal_card_and_keep_original_names_if_teal_card_is_a_first_argument"/>
    <testcase time="0.0139999999999958" classname="teal_card" name="teal_card_with_multiple_arguments_appends_each_argument_to_real_report_teal_card_and_keep_original_names_if_teal_card_is_a_first_argument"/>
    <testcase time="0.00200000000000955" classname="teal_card" name="teal_card_with_multiple_arguments_appends_each_argument_to_real_report_teal_card_and_keep_original_names_if_teal_card_is_a_first_argument"/>
    <testcase time="0.00699999999999079" classname="teal_card" name="c.teal_card_combines_two_empty_teal_card_s_"/>
    <testcase time="0.00600000000000023" classname="teal_card" name="c.teal_card_combines_empty_teal_card_with_non_empty"/>
    <testcase time="0.00600000000000023" classname="teal_card" name="c.teal_card_combines_with_empty_teal_card_remains_the_same"/>
    <testcase time="0.00800000000000978" classname="teal_card" name="c.teal_card_combines_with_character_adds_as_a_new_element"/>
    <testcase time="0.00900000000000034" classname="teal_card" name="c.teal_card_combines_with_list_adds_each_list_element_separately_unwraps_list_"/>
    <testcase time="0.00799999999999557" classname="teal_card" name="c.teal_card_combines_with_teal_card_containing_a_list_append_this_list_asis_doesn_t_unwrap_list_"/>
    <testcase time="0.00799999999999557" classname="teal_card" name="c.teal_card_combines_with_NULL_remains_the_same_ignores_NULL_"/>
    <testcase time="0.0109999999999957" classname="teal_card" name="c.teal_card_combines_with_character_0_adds_as_a_new_element"/>
    <testcase time="0.0110000000000099" classname="teal_card" name="c.teal_card_combines_with_ggplot_adds_as_a_new_element"/>
    <testcase time="0.00900000000000034" classname="teal_card" name="c.teal_card_combines_with_new_teal_card_adds_new_elements_asis"/>
    <testcase time="0.012999999999991" classname="teal_card" name="c.teal_card_combines_with_new_teal_card_containing_ggplot_adds_new_elements_asis"/>
    <testcase time="0.00900000000000034" classname="teal_card" name="c.teal_card_combines_with_teal_card_containing_new_and_old_items_adds_only_new"/>
    <testcase time="0.00900000000000034" classname="teal_card" name="c.teal_card_combines_with_teal_card_containing_new_and_old_items_adds_even_if_their_order_is_different"/>
    <testcase time="0.0130000000000052" classname="teal_card" name="c.teal_card_combines_with_teal_card_with_new_and_missing_old_items_restores_original_items_adds_new_at_the_end_and_warn"/>
    <testcase time="0.00199999999999534" classname="teal_card" name="c.teal_card_combines_with_teal_card_with_new_and_missing_old_items_restores_original_items_adds_new_at_the_end_and_warn"/>
    <testcase time="0.00600000000000023" classname="teal_card" name="c.teal_card_combines_with_a_teal_card_keeps_original_metadata"/>
    <testcase time="0.00600000000000023" classname="teal_card" name="c.teal_card_combines_new_teal_card_combines_metadata_and_overwrites_original"/>
    <testcase time="0.00600000000000023" classname="teal_card" name="retains_class"/>
    <testcase time="0.00100000000000477" classname="teal_card" name="retains_class"/>
    <testcase time="0.00199999999999534" classname="teal_card" name="retains_class"/>
    <testcase time="0.00300000000000011" classname="teal_card" name="retains_class"/>
    <testcase time="0.00199999999999534" classname="teal_card" name="retains_class"/>
    <testcase time="0.00100000000000477" classname="teal_card" name="retains_class"/>
    <testcase time="0.0100000000000051" classname="teal_card" name="as.teal_card_converts_a_simple_list_with_each_element_being_converted_to_a_report_content"/>
    <testcase time="0.00799999999999557" classname="teal_card" name="as.teal_card_converts_a_custom_list_class_with_many_elements_into_single_element_teal_card"/>
    <testcase time="0.019999999999996" classname="teal_card" name="as.teal_card_converts_a_ggplot2_to_a_teal_card_with_only_1_report_content"/>
    <testcase time="0.00900000000000034" classname="teal_card" name="as.teal_card_corrects_names_if_they_do_not_exist"/>
    <testcase time="0.00199999999999534" classname="teal_card" name="as.teal_card_corrects_names_if_they_do_not_exist"/>
    <testcase time="0.007000000000005" classname="teal_card" name="as.teal_card_corrects_names_if_they_have_duplicates"/>
    <testcase time="0.00199999999999534" classname="teal_card" name="as.teal_card_corrects_names_if_they_have_duplicates"/>
    <testcase time="0.007000000000005" classname="teal_card" name="as.teal_card_corrects_names_if_they_have_duplicates"/>
    <testcase time="0.00100000000000477" classname="teal_card" name="as.teal_card_corrects_names_if_they_have_duplicates"/>
    <testcase time="0.00699999999999079" classname="teal_card" name="metadata_can_be_assigned_individually_to_teal_card_object_using_which_argument"/>
    <testcase time="0.00600000000000023" classname="teal_card" name="metadata_can_be_assigned_individually_to_teal_card_using_"/>
    <testcase time="0.00600000000000023" classname="teal_card" name="metadata_can_be_assigned_as_named_list_to_teal_card_object"/>
    <testcase time="0.00800000000000978" classname="teal_card" name="metadata_can_be_assigned_individually_to_ReportCard_object"/>
    <testcase time="0.00300000000000011" classname="teal_card" name="metadata_can_be_assigned_individually_to_ReportCard_object"/>
    <testcase time="0.007000000000005" classname="teal_card" name="metadata_can_be_assigned_as_named_list_to_ReportCard_object_if_only_has_title"/>
    <testcase time="0.00300000000000011" classname="teal_card" name="metadata_can_be_assigned_as_named_list_to_ReportCard_object_if_only_has_title"/>
    <testcase time="0.0120000000000005" classname="teal_card" name="metadata_assignment_throws_warning_when_named_list_has_other_elements_than_title"/>
    <testcase time="0.00300000000000011" classname="teal_card" name="metadata_assignment_throws_warning_when_named_list_has_other_elements_than_title"/>
    <testcase time="0.00300000000000011" classname="teal_card" name="metadata_assignment_throws_warning_when_named_list_has_other_elements_than_title"/>
    <testcase time="0.0109999999999957" classname="teal_card" name="metadata_assignment_throws_warning_when_named_list_has_element_but_not_title"/>
    <testcase time="0.00300000000000011" classname="teal_card" name="metadata_assignment_throws_warning_when_named_list_has_element_but_not_title"/>
    <testcase time="0.0100000000000051" classname="teal_card" name="metadata_only_supports_assigning_title_in_ReportCard_object"/>
    <testcase time="0.00600000000000023" classname="teal_card" name="teal_card_index_assignment_converts_to_unique_identifier"/>
    <testcase time="0.00199999999999534" classname="teal_card" name="teal_card_index_assignment_converts_to_unique_identifier"/>
    <testcase time="0.0990000000000038" classname="teal_card" name="ggplot2_objects_to_recordedplot"/>
    <testcase time="0.111999999999995" classname="teal_card" name="ggplot2_objects_to_recordedplot_when_using_c_"/>
    <testcase time="0.0990000000000038" classname="teal_card" name="ggplot2_objects_to_recordedplot_when_using_assigning"/>
    <testcase time="0.141999999999996" classname="teal_card" name="ggplot2_objects_to_recordedplot_when_using_assigning_with_new_name"/>
  </testsuite>
  <testsuite name="teal_report-c" timestamp="2025-10-14T16:44:33Z" hostname="0c285c70e1a2" tests="4" skipped="0" failures="0" errors="0" time="0.116">
    <testcase time="0.0349999999999966" classname="teal_report_c" name="c.teal_report_combines_two_empty_teal_report_objects"/>
    <testcase time="0.0220000000000056" classname="teal_report_c" name="c.teal_report_combines_empty_and_non_empty_teal_report_by_appending_elements_of_teal_card"/>
    <testcase time="0.0229999999999961" classname="teal_report_c" name="c.teal_report_combines_two_teal_report_by_combining_elements_of_teal_card"/>
    <testcase time="0.0360000000000014" classname="teal_report_c" name="c.teal_report_combines_multiple_teal_report_by_combining_elements_of_teal_card"/>
  </testsuite>
  <testsuite name="teal_report-class" timestamp="2025-10-14T16:44:33Z" hostname="0c285c70e1a2" tests="5" skipped="0" failures="0" errors="0" time="0.502">
    <testcase time="0.14200000000001" classname="teal_report_class" name="teal_card_built_from_teal_data_is_identical_when_running_via_eval_code_with_teal_report_object"/>
    <testcase time="0.137" classname="teal_report_class" name="teal_card_built_from_teal_data_is_identical_when_calling_as.teal_report"/>
    <testcase time="0.186000000000007" classname="teal_report_class" name="teal_card_built_from_teal_data_is_identical_when_calling_as.teal_report_with_multiple_calls"/>
    <testcase time="0.0219999999999914" classname="teal_report_class" name="teal_card_built_from_teal_data_drops_conditions_produced_in_a_code_chunk_evaluation"/>
    <testcase time="0.0150000000000006" classname="teal_report_class" name="teal_data_converts_to_teal_report_when_assigning_teal_card"/>
  </testsuite>
  <testsuite name="teal_report-eval_code" timestamp="2025-10-14T16:44:34Z" hostname="0c285c70e1a2" tests="4" skipped="0" failures="0" errors="0" time="0.151">
    <testcase time="0.0450000000000017" classname="teal_report_eval_code" name="eval_code_appends_code_chunks_to_the_teal_card_code_as_code_chunk"/>
    <testcase time="0.0319999999999965" classname="teal_report_eval_code" name="eval_code_appends_code_chunks_to_the_teal_card_code_as_code_chunk_and_its_output_as_chunk_output"/>
    <testcase time="0.0260000000000105" classname="teal_report_eval_code" name="eval_code_appends_code_chunks_to_the_teal_card_code_as_code_chunk_and_condition_is_excluded_from_output"/>
    <testcase time="0.0480000000000018" classname="teal_report_eval_code" name="within_appends_to_teal_card_code_as_code_chunk"/>
  </testsuite>
  <testsuite name="teal_report-extract" timestamp="2025-10-14T16:44:34Z" hostname="0c285c70e1a2" tests="1" skipped="0" failures="0" errors="0" time="0.042">
    <testcase time="0.0419999999999874" classname="teal_report_extract" name="_.teal_report_keeps_the_teal_card"/>
  </testsuite>
  <testsuite name="toHTML" timestamp="2025-10-14T16:44:34Z" hostname="0c285c70e1a2" tests="11" skipped="4" failures="5" errors="0" time="1.709">
    <testcase time="0.171000000000006" classname="toHTML" name="toHTML_generates_image_tags_from_ggplot2_object">
      <failure type="failure" message="Snapshot of code has changed: ('test-toHTML.R:7:5')">Snapshot of code has changed:
old vs new
  Code
    result
  Output
-   &lt;img src="data:image/png;base64,iVBORw0KGgoAAAANSUhEUgAAAyAAAAJYCAIAAAAVFBUnAAAABmJLR0QA/wD/AP+gvaeTAAAACXBIWXMAAA9hAAAPYQGoP6dpAAAgAElEQVR4nO3deXgUdYL/8Tq7qzsX4Qi3IopEDhcICEKGy4PDA+QBR3l0FQ+uWRVHHg/UGQRdr1UQxRnHW5dlZVhQUQ4RwRPIgICAiDOMkBG5DJCk76Pq90fvL5MFhEC+ybe78n79MU9X0+n+1Hyrqj9WVVepjuMoAAAAEEeTHQAAAMBtKFgAAACCUbAAAAAEo2ABAAAIRsECAAAQjIIFAAAgGAULAABAMEPKp5aVldXm+luapjVu3DgQCEQiEYGp0kReXl55ebnsFOJZlpWdnX348GHbtmVnEUzXdZ/PFwgEZAcRLycnR9f1o0ePyg4ins/nSyaTsVhMdhDxmjRpEolEgsGg7CDiuXXzaJpmatbi8bjsLOLl5uZWVFTITiFeVlaWZVllZWVNmzY94QvYgwUAACAYBQsAAEAwChYAAIBgFCwAAADBKFgAAACCUbAAAAAEo2ABAAAIRsECAAAQjIIFAAAgGAULAABAMAoWAACAYBQsAAAAwShYAAAAghlSPtXn86mqesZ/nvpbr9er67q4UOlC1/WsrCzZKcRLDZbf73ccR3YWwVRVNQzDlaNmGIaqqm6dNcdxTNOUHUQ8VVVN03TlqLl186hpmqIolmV5PB7ZWcRz66iZpnnyzaOcghWPx2vzLauqqmVZ8Xg8FosJTJUmTNOMRqOyU4jn8Xg8Hk8sFrNtW3YWwTRN0zTNlaNmGIZbZ01RFNu24/G47BTiWZaVSCRcOWpu3TwahuH1euPxeCKRkJ1FPLeOmqZpuq5Ho1Gfz3fCF8gpWIlEojYFK1X2bdt25bLoOI4r58swDEVREomE+wqWrutuXRpt21ZV1ZWzZppmMpl05awp7t2MuHW+Uodl3LpAunjzqCjKSWaNc7AAAAAEo2ABAAAIRsECAAAQjIIFAAAgmJyT3Ovajz/++PLLL+/evXvgwIE33nhj6vRqAACA+uHC5vH9998PGTIkHA4nk8k1a9b8+c9//uCDD1I/PAQAAKgHLqwd06ZNCwaDyWRSUZRQKLRjx46PPvpIdigAANCAuLBg7dixo/pFtkKh0LfffisxDwAAaGhcWLA6dOhQfdLn851//vmywgAAgAbIhQXr0Ucf9fv9qZOufD5f+/bthw0bJjsUAABoQFx4knuXLl1Wr149Z86cPXv2DBo0aOLEia68JzQAAEhbLixYiqK0b99+9uzZslMAAIAGyoWHCAEAAOSiYAEAAAjmzkOEkCKZTP75z39et25dhw4dbrjhhry8PNmJAACQg4IFMZLJ5NVXX719+/ZgMOj1ep9//vlPP/20efPmsnMBACABhwghxnvvvZdqV4qiRKPR8vLyGTNmyA4FAIAcFCyIsXHjxlS7SkkkEhs3bpSYBwAAiShYEKNDhw4+n69qUlXVc889V2IeAAAkomBBjGuvvTY/P9/j8SiKoqqqz+d76KGHZIcCAEAOChbE8Pv9a9asufHGGzt37nzFFVd89NFHF1xwgexQAADIwa8IIUx+fv4TTzwhOwUAAPKxBwsAAEAwChYAAIBgFCwAAADBKFgAAACCufMk93A4/MEHH+zbt++iiy7q06eP7DgAAKBhcWHBOnjw4KWXXlpRURGJRLxe7zXXXDN79mzZoQAAQAPiwkOEDz744KFDh4LBYDKZDIVC77777tq1a2WHAgAADYgLC9batWsTiUTVZCQSWbduncQ8AACgoXFhwWrevHn1Sa/X26pVK1lhAABAA+TCgvXggw9W3XXYMIycnJyrrrpKbiQAANCguLBgDR48+I033ujatWtBQcGwYcNWrVrl9/tlhwIAAA2IC39FqCjK4MGDBw8eLDsFAABooFy4BwsAAEAuChYAAIBgFCwAAADBKFgAAACCUbAAAAAEo2ABAAAIRsECAAAQjIIFAAAgGAULAABAMAoWAACAYBQsAAAAwShYAAAAglGwAAAABKNgAQAACEbBAgAAEIyCBQAAIBgFCwAAQDAKFgAAgGAULAAAAMEoWAAAAIJRsAAAAASjYAEAAAhGwQIAABCMggUAACCYIfbtnnvuuTVr1qQejxgx4uabbxb7/gAAAOlPcMH6/vvvFy1apKqq2LcFAADIICILVjKZDIfD06dP37lz54ABA8aNG2dZVtW/lpaWhkKh1OOCggJd18/4g1IFTtM0wxBcENOBqqqunC9N0xRFMQzDtm3ZWQTTNM2tS6Omaa5fIGUHqRNuHTW3zlfqC1HXdcdxZGcRz62jdsptiCpwOI8cOXL//fc/9dRT2dnZS5Ys2bx58/Tp06v+dfLkySUlJanHH3/8caNGjUR9LgAAQFoRWbCqs2175MiRCxYsqNqJtX379vLy8tTjjh07mqZ5xm+uqmpOTk4kEonFYgKyphm/31+1q89NTNP0+XyBQMCVe7A8Hk8kEpEdRDyfz6dpWjAYlB1EPI/HY9t2IpGQHUS8nJycWCwWjUZlBxHPrZtHXdezsrKCwWAymZSdRTy3jpplWaZpVlZW5ubmnvAFdbjXTtO06i2qc+fOVY/Lyspq041S++USiYQrC5bP53PlfKVGLRaLua9g6bpuGIYrR83r9aqq6spZ03U9mUy6ctYURbFt25Wz5tbNY+q7MpFIxONx2VnEsyzLraNmmuZJZk3kZRo2bNjwzDPPJJNJx3GWLl06aNCg2pxoBQAAkKFE7sEqKiravXv3bbfdFgqF+vfvP2nSJIFvDgAAkClEFixVVUePHj169GiB7wkAAJBxuJI7AACAYBQsAAAAwShYAAAAglGwAAAABKNgAQAACEbBAgAAEIyCBQAAIBgFCwAAQDAKFgAAgGAULAAAAMEoWAAAAIJRsAAAAASjYAEAAAhGwQIAABCMggUAACAYBQsAAEAwChYAAIBgFCwAAADBKFgAAACCUbAAAAAEo2ABAAAIRsECAAAQjIIFAAAgGAULAABAMAoWAACAYBQsAAAAwShYAAAAglGwAAAABKNgAQAACEbBAgAAEIyCBQAAIBgFCwAAQDAKFgAAgGAULAAAAMEoWAAAAIJRsAAAAASjYAEAAAhGwQIAABCMggUAACAYBQsAAEAwChYAAIBgFCwAAADBKFgAAACCUbAAAAAEo2ABAAAIRsECAAAQjIIFAAAgGAULAABAMAoWAACAYBQsAAAAwShYAAAAglGwAAAABKNgAQAACEbBAgAAEIyCBQAAIBgFCwAAQDAKFgAAgGCGlE/VtFoVO1VVU2+i67qgRGlEVVW3zpeiKLqupx64SWqm3Dpqbp01TdMcx3HlrCnu3YwoiuLK+Up9J/KlllmqvtR+6QVyCpbP56vNn6fmyjTNWha19KRpWi3//0lPqaXQsizHcWRnEUxVVcMw3Dpqbl0gDcPQdd0w5GwD65S7F0hXzlfqu8zr9ZqmKTuLeG4dNcMwVFU9yazJ2bgEg8HafMtqmub1eqPRaCQSEZgqTeTl5QUCAdkpxLMsyzTNYDBo27bsLIKlNh+uHLWcnBxd1105az6fL5lMxmIx2UHE83q98Xg8GAzKDiKeWzePpml6PJ5wOByPx2VnES83N9eVo5aVlZXaPFqWdcIXuHAPEAAAgFwULAAAAMEoWAAAAIJRsAAAAASjYAEAAAhGwQIAABCMggUAACAYBQsAAEAwChYAAIBgFCwAAADBKFgAAACCUbAAAAAEo2ABAAAIRsECAAAQjIIFAAAgGAULAABAMAoWAACAYBQsAAAAwShYAAAAglGwAAAABKNgAQAACEbBAgAAEIyCBQAAIBgFCwAAQDAKFgAAgGAULAAAAMEoWAAAAIJRsAAAAASjYAEAAAhGwQIAABCMggUAACAYBQsAAEAwChYAAIBgFCwAAADBKFgAAACCUbAAAAAEo2ABAAAIRsECAAAQjIIFAAAgGAULAABAMAoWAACAYBQsAAAAwShYAAAAglGwAAAABKNgAQAACEbBAgAAEIyCBQAAIBgFCwAAQDAKFgAAgGAULLhfeXn5jz/+6DiO7CAAgIaCggU3CwQCN9xwQ6dOnfr169e9e/etW7fKTgQAaBAoWHCze++9d/Xq1bFYLBQK7d27d/To0cFgUHYoAID7UbDgWrZtL1myJBaLVT2TSCRKSkokRgIANBAULLiZbdvHPJNMJqUkAQA0KBQsuJamaUOGDDFNs+oZVVUvuugiiZEAAA2EITsAUIeeffbZn3/+efPmzYZheDyeN998Mzc3V3YoAID7UbDgZo0aNXrvvff27t1bWVl53nnnVd+bBQBA3aFgweVUVW3Tpo3sFACAhqVOzsEqKysbM2YM13UEAAANk/iCFY/Hn3zyyWg0KvydAQAAMoLgguU4zuzZs++66y6xbwsAAJBBBJ+D9eGHHw4YMKBVq1bH/9OTTz65ffv21OPZs2fn5eXV8rP8fr9lWbV8kzSk63qjRo1kpxBP0zRFUVz5Iz5VVVVVdeWo6bquKIorZ03TNMdx/H6/7CDiqarq9Xpd+ZMOt24eVVVVFCU7O9uVp9a4ddQ0TTv5ll9kwfrb3/528ODBK6+88oSLSF5eXtOmTasmj78C5Omybbv2b5KGNE1z5Xwp//8rzX1bEFVVdV135ailtiCunDVVVR3HceWsKYri1llz6+axahvivs2j4upRU05aZlSBw/naa6+99957qS9R27Y1TXvppZeaN29+/CvLyspq87mapjVu3DgQCEQikVrkTVN5eXnl5eWyU4hnWVZ2dvbhw4fdt6bpuu7z+QKBgOwg4uXk5Oi6fvToUdlBxPP5fMlksvqdlFyjSZMmkUjElbfddOvm0TTN1KzF43HZWcTLzc2tqKiQnUK8rKwsy7LKysqq7zyqTuQerFtuueWWW25RFMVxnBEjRixatCh1VAgAAKBBqZMClNpvlvpfAACAhqauLjT6/vvv19E7AwAApDkO4QEAAAhGwQIAABCMggUAACAYBQsAAEAwChYAAIBgFCwAAADBKFgAAACCUbAAAAAEo2ABAAAIRsECAAAQjIIFAAAgWF3dixCARJs2bfryyy+bNm16xRVX5OTkyI4DAA0Oe7DcJhgMTps2raioaNCgQYsXL3YcR3Yi1LeZM2eOHDnyscceu++++3r16rVnzx7ZiQCgwWEPlqvYtj1q1Kjt27dHo1FFUaZMmVJRUXHTTTfJzoX6s2PHjpdffjkcDiuKkkgkIpHI3XffvWjRItm5AKBhYQ+Wq2zcuHHnzp2pdqUoSigUevzxx+VGQj3bsGFD9Unbtjdu3CgrDAA0WBQsV/npp59UVa3+zNGjR23blpUH9a9Fixa6rld/pmnTprLCAECDRcFyle7duyeTyerPdOzYUdMY5QZkwIABBQUFpmmmJv1+/wMPPCA3EgA0QHz1uspZZ5115513+v1+Xde9Xm9OTs7cuXNlh0K98ng8y5Ytu+aaa5o3b15YWDhnzpzRo0fLDgUADQ4nubvN1KlTBw8evHr16kaNGo0YMYLDQw1Q48aNKdYAIBcFy4V69OjRo0cP2SlObf/+/UeOHOnQoYNhsBwCAFyFQ4SQoLKycvTo0b169briiis6d+781VdfyU4EAIBIFCxIcN99961duzYSiVRWVh4+fPiGG244cuSI7FAAAAhDwUJ9cxznww8/jMVi1Z9kJxYAwE0oWEgLXEsCAOAmfKuhvqmqes0113i93qpnNE3r27evxEgAAIhFwYIE//7v/37JJZd4PB6/39+iRYt33nknLy9PdigAAITh5/GQwO/3v/nmm+Xl5RUVFW3atDnm9j7pbPPmzTNmzNi9e3dRUdGMGTNatmwpOxEAIB1RsCBNXl5eZu242rZt24gRI0KhkKIo+/bt++yzz0pKSjJrFgAA9YNDhEBNPf7446l2pShKIpEIBoPz58+XGwkAkJ4oWEBN7dmzp/pkNBr94YcfZIUBAKQzChZQU3379vV4PFWTWVlZF198scQ8AIC0RcECauqBBx5o1qyZ3+9XVTUrK6uoqOjqq6+WHQoAkI44yR2oqfz8/HXr1i1evHjXrl09evQYNmxYBv3+EQBQnyhYwGmwLOv666+XnQIAkO44RAgAACAYBQsAAEAwChYAAIBgFCwAAADBKFgAAACCUbAAAAAEo2ABAAAIRsECAAAQjIIFAAAgGAULAABAMAoWAACAYBQsAAAAwbjZM2pq7969q1ev1nX9kksuKSgoOK2/jcfjq1at2r9/f2FhYVFRUR0lBAAgTVCwUCMrVqwYP3586rGqqv/5n/9ZXFxcw7+tqKgYOnTovn374vG4YRhXX331nDlz6iwpAADycYgQpxaLxSZNmhT6/4LB4O233+44Tg3//LHHHistLQ0EAtFoNBgMvv/++6tXr67TwAAAyEXBwqnt3LnzmGdCodCPP/5Ywz9fs2ZNNBqt/refffaZsHAAAKQfChZOraCgIB6PV38mHo83adKkhn/evHnz6pMej6dFixbCwgEAkH4oWDi15s2bDxo0yLKs1KTP5xszZozf76/hn997771VL9Y0zbKsMWPG1ElQAADSAwULNfKnP/3ppptuatasWYsWLSZMmPD000/X/G+Li4tfe+21wsLCRo0aFRcXr1y5snHjxif/k3A4HIvFahcZAABp1JqfqixQWVlZbT5X07TGjRsHAoFIJCIwVZrIy8srLy+XnUI8y7Kys7MPHz5s2/ZJXrZv377x48dv3LhRUZTLLrtszpw5eXl59ZXxDOm67vP5AoGA7CDi5eTk6Lp+9OhR2UHE8/l8yWTSlT2+SZMmkUgkGAzKDiKeWzePpmmmZu2YkzHcITc3t6KiQnYK8bKysizLKisra9q06QlfwB4spBHbtn/961//5S9/icfj8Xh85cqVkydPlh0KAIDTduqCNWrUqOOfHDlyZB2EQUP3t7/9rbS0NJlMpibj8fjq1atd+R/iAAB3O9mFRt98881kMrl48eJXXnlF0/5ZxQ4ePMh1jFAXIpFI9SVNURRN06LRaFZWlqxIAACcgZMVrKVLlyYSidQDVVWrnrcs68MPP6zzaGh4CgsLPR5P1aSqqu3btz/lGfEAAKSbU5/kPmjQIOH7q2p/YqnH40kkEic/XTpDGYaR6rUuo2maYRjxePzki1xJScnIkSMTiYTjOPn5+UuXLj3vvPPqLeSZUVVV13VXjpphGKqquvLEW13XHcdx5TbE4/Ekk8mqQ+1u4tbNo6qqpmmecvOYodw6arqu67oei8Wq7xeo7tQFa926dd26dau6BpIQ/IrwJNz6M5ka/opQUZRIJPLNN9+YptmlSxfTNOsnXm3wK8JMxK8IM5FbN4/8ijATCfgV4bhx43w+3+DBg1977bXS0lJX9mukFcuyLrroou7du2dEuzoz27dvf/3115ctW+bKL3gAwMnOwUrZsWNHRUXF119/vWzZst/97nehUOimm2665ppr+vfvXw/5APeZMWPGq6++atu2YRiNGzdesWLFL/0HEAAgQ9XoOli5ubkDBw588sknt27dOm3atBdffHHAgAF1nQxwpc2bN7/66quhUCgSiQQCgX379k2bNk12KACAYKcuWGVlZR999NE999zTtm3bs88++9tvv33nnXd++umneggHF3McZ9euXRs2bHDliXSKosRisZkzZ3br1q1Hjx7PPvts1TmeX375ZfXTLOLx+Oeff37Kd3McZ/78+RdffHGnTp3uvPPOk58Udfjw4UmTJnXq1Klfv36LFy+u5YwAAM7AqQ8RtmzZUtf1J598ct26da1atap+vQbgzBw9enTs2LHbt283DENRlFdeeWXQoEGyQwk2ceLElStXpurj7Nmz9+3bl7qBY7NmzTweT/WOVZPrULz++uuPPPJIKBRSFOV//ud/tmzZ8sknn+i6fvwrY7HY0KFDf/zxx3g8fujQoSlTpiQSCe6uDQD17NR7sN54442RI0c+8MADY8aMeeaZZzZu3BgOh+shGVxs6tSpmzdvDoVCFRUVFRUV48aNKysrkx1KpAMHDlS1K0VRwuHwvHnzUivO8OHD/X5/VTfy+/333nvvKd/w6aefTrUrRVFisVhpaem6detO+MpPP/300KFDVQUuFAo9/vjjtZwdAMDpOnXBGjt27Pz58wOBwDvvvNOuXbu5c+c2bty4e/fu9RAOruQ4zooVK6rvwtE07auvvpIYSbgDBw4c8xNI0zR//vlnRVGys7NXrFgxYMCAnJycdu3azZo1a8SIESd/N8dxjj8muH///hO+eP/+/cdcAMll5RUAMsKpDxGmVFZWlpaW7tixY9OmTfF4vLCwsE5jwd2OP7b1Sxdqy1AdO3Y85oImlmW1bt069bht27bvvPNOzd9NVdULL7xw06ZNVe+ZTCZ79ux5whf37Nmz+nF8TdOKiopOLz0AoNZOvQfr/vvvb9euXV5e3q233urxeN5+++1oNDp//vx6CAdXUlX1uuuuq37pWtM0+/XrJzGScF6v9/nnn/f5fF6v17Isv9//8ssvH3ObxdPywgsvNGrUyO/3ezwev99/zz33nH322Sd85QUXXDBhwgS/32+aZlZWVn5+/uzZs8/4cwEAZ+bUe7AOHjz4wgsv9OvXLz8/vx4CoSF45JFHAoHAokWLNE1r2bLlG2+8kZ2dLTuUYFdeeWXXrl1XrlxpGMbll1/eqlWr2rxbhw4dSkpKli1bduTIkf79+3fp0uUkL542bdrw4cO//PLLpk2bDh8+PCcnpzYfDQA4A6e+VU5d4FY5J+HWe0Ecf6uc1IWgXHCNTW6Vk4m4VU4mcuvmkVvlZKJT3iqnpudgAcJZliX2HpcAAKSJMz8pBAAAACdEwQIAABCMggUAACAYBQsAAEAwChYAAIBgFCwAAADBKFgAAACCUbAAAAAEo2ABAAAIRsECAAAQjIIFAAAgGAULAABAMAoWAACAYBQsAAAAwShYAAAAglGwAAAABKNgAQAACEbBAgAAEIyCBQAAIBgFC0DaSSQSO3bs2LNnj+M4srMAwJkwZAcAgP/j66+/vuGGGyKRSDKZ7Nix43/91381bdpUdigAOD3swQKQRsLh8HXXXXfo0KHKyspQKLR169bJkyfLDgUAp42CBSCNfP3118lksmoykUh88cUXsVhMYiSJHMdpsPMOZDoKFoA0ouv68eddqaoqJYxEjuO88MIL7du3P+uss4qLi7dt2yY7EYDTQ8ECkEa6d+/u9/urJj0ez5AhQ0zTlBhJirfeeuvpp58OBALJZHLnzp0jRow4fPiw7FAATgMFC5lk7dq1c+bMWbhwYTgclp0FdcLr9S5cuPCcc87x+Xwej6d///6zZ8+WHUqCF198MRQKVU0mEomlS5dKzAPgdPErQmSMKVOmLF68OBqNWpY1Y8aMVatWNWvWTHYoiFdYWLh+/foDBw74fL68vDzZceSo3q4URUkkEhUVFbLCADgD7MFCZvjyyy/ffffdUCiUTCaDweDPP//80EMPyQ6FuqKqaosWLRpsu1IUZciQIV6vt2pS1/VBgwZJzAPgdFGwkBlKSkoikUjVZDwe/+qrryTmgSv98MMPI0eObNeuXa9evd59912JSaZPn965c+esrKycnByfz/fwww9fcMEFEvMAOF0cIkRmaNmypdfrrX7cpEWLFhLzwH3Ky8uHDBlSXl5u23YwGLzrrru8Xu+wYcOkhMnOzl62bNk333yzf//+bt26sbQDGYc9WMgMV111VXZ2tmH8738S+Hy+adOmyY0El3n//fcjkYht26nJUCj0H//xHxLzaJrWrVu3oUOH0q6ATETBQmbIyspatWrV0KFDmzVr1rVr1zfeeINTUiDWwYMHj7mqZ1lZmawwADIdhwiRMVq0aPH666/LTgHX+tWvfjVnzpyqw9Aej2fgwIFSEwHIYOzBAgBFUZSLLrroxhtv9Pv9lmVlZ2efddZZ06dPlx0KQKZiDxYA/K9HH330+uuv37BhQ6tWrQYOHNgAryAPQBQKFgD8U+fOnTt37iw7BYCMxyFCAAAAwShYAAAAglGwAAAABKNgAQAACEbBAgAAEIyCBQAAIBgFCwAAQDAKFgAAgGAULAAAAMEoWAAAAIJRsAAAAAQTeS9Cx3EWL178wQcfhEKhnj17TpgwIScnR+D7AwAAZASRe7B27Njx17/+9Y9//OP8+fMvvPDC1157TeCbAwAAZAqRe7A6derUqVMnRVEcxzEMIy8vr/q/fvXVV4cOHUo9/tWvfuX1es/4g1RVVRTFNM1ahE1fmqZZliU7hXip8fJ6vY7jyM4imKZpuq67ctR0XXfrAmkYhqZpmubC0yRUVXXrAunWpVHXdUVRPB5P6oHLuHvUTjJrqvBvu61btz744IMej+fFF18sKCioen7y5MklJSWpxx9//HGjRo3Efi4AAECaEF+wFEWxbXvz5s2zZs166623UnubFEUpLy+Px+P/+6mqWvX8GVBVNT8/PxgMRqNRAXHTTE5OTmVlpewU4nm93qysrKNHj9q2LTuLYKm9BcFgUHYQ8bKzs3VdLy8vlx1EPMuykslk1UbJTfLz86PRaCgUkh1EPLduHg3DyM3NraioSCQSsrOI59ZR8/v9Xq/3yJEjjRs3PuELRB4inDdvXmFhYVFRkaZpPXr0KC8vj8ViVYcCqx8xLCsrq823bGqvvuM47vuqTnHlfKWqvG3b7ps7VVXdujQ6jsOsZSIXz5or5yu1eXTrqLl4vpSTLpAizz/o1avXokWLIpGI4zjr168vLCyszYlWAAAAGUrkHqzzzz+/X79+kyZNCoVC/fv3//3vfy/wzQEAADKFyIKlKMrw4cOHDx8u9j0BAAAyiwt/ogwAACAXBQsAAEAwChYAAIBgFCwAAADBKFgAAACCUbAAAAAEo2ABAAAIRsECUH8cx5k/f37v3r07duw4YcKEw4cPy04EAHVC8IVGAeAk3n777Ycffjh1H+IlS5Zs2bLl888/N01Tdi4AEIw9WADqz9NPP51qV4qixOPxAwcOfPHFFx3foKAAABdaSURBVHIjAUBdoGABqD9HjhypPuk4zoEDB2SFAYC6Q8ECUH969Oihaf/c7Ni23bNnT4l5AKCOULAA1J85c+bk5+dnZWV5PB6/3z9lypTzzjtPdigAEI+T3AHUn3bt2m3YsGH58uVHjhzp169fp06dZCcCgDpBwQJQr7Kzs0ePHi07BQDULQ4RAgAACEbBAgAAEIyCBQAAIBgFCwAAQDAKFoD0Eo/Hn3322QEDBgwfPnzJkiWy4wDAmeBXhECDFgwGFy9e/I9//KN3796DBg1SVVV2IuXmm2/+/PPPw+Gwoijbt28/dOjQLbfcIjsUAJweChbQcB04cGDw4MGBQCAcDvv9/sGDB7/66qtyO9bOnTu/+OKLVLtSFCUUCs2cOXPcuHHp0PwAoOY4RAg0XA8//PDhw4dDoZDjOMFg8JNPPlmzZo3cSKWlpYbxf/7DLxKJVPUtAMgUFCyg4Vq/fn0ikaiaDIVCJSUlEvMoitKlS5dYLFb9mebNm/v9fll5AODMULCAhqtNmzbVJ30+31lnnSUrTErLli2nTJni9/tVVTUMw+/3z507V24kADgDnIMFNFwPP/zwtddemzoAZ5pmXl7eyJEjZYdS7rnnnuLi4uXLl6duqnP22WfLTgQAp42CBTRcffr0WbBgwWOPPbZ3794+ffrMmDHD5/PJDqUoitK7d+/evXvLTgEAZ46CBTRoffr04VpTACAc52ABAAAIRsECAAAQjIIFAAAgGAULAABAMAoWAACAYBQsAAAAwShYAAAAglGwAAAABKNgAQAACEbBAgAAEIyCBQAAIBj3IgRQryKRyOrVq48cOXLxxRefc845suMAQJ2gYAGoP3v37h0+fHhlZWUymXQc56GHHho/frzsUAAgHocIAdSfu+6668CBA5WVlaFQKBwOP/roo7t375YdCgDEo2ABqD/r169PJpNVk6qqrlu3TmIeAKgjFCwA9Sc3N7f6pKZpTZs2lRUGAOoOBQtA/bnrrrv8fn/qsa7rjRo16t+/v9xIAFAXOMkdQP25/fbbFUV5/vnnKysrL7744lmzZnk8HtmhAEA8ChaA+qOq6vjx4/nlIADX4xAhAACAYBQsAAAAwShYAAAAglGwAAAABKNgAQAACEbBAgAAEIyCBQAAIBgFCwAAQDAKFgAAgGAULAAAAMHk3CrH4/E4jnPGf66qqqIohmG48i5mqqq6cr50XVcUxePx2LYtO4tgmqZpmubKUdM0zcULZGpL4kpuXSBdvDQqimIYhiuXSbcujVVfar/0AjkFS9NqtecstQiqqpqaPZdx63ylBj31hS07i2CpguXKUVNV1d0LpCtnTVVVFy+Qrpyv1Ey5ctYU945a6rvsJLMmp2BFIpHa7MHSNM3v98fj8UgkIjBVmvB4POFwWHYK8SzL8nq9kUjEfXuwUvtCXDlqhmEoiiJr1mzbfuedd5YvX15QUHDbbbd17NhR7Psnk8lYLCb2PdOB3+9PJBKuXCDdunk0TdOyrGg0Go/HZWcRzzRNV46apmmGYYTD4aysrBO+QE7BAoBTuvXWWz/55JNQKKSq6oIFC/77v//74osvlh0KAGqEk9wBpKNNmzatXr06FAopiuI4TigUuueee2SHAoCaomABSEfffffdMScS7N69W1IWADhtFCwA6ahDhw7H/B7irLPOkhUGAE4XBQtAOioqKurbt6/f709N+v3+p556Sm4kAKg5TnIHkI5UVX377bffeuutZcuWNWvWbNKkSV26dJEdCgBqioIFIE3puj5u3Lhx48bJDgIAp41DhAAAAIJRsAAAAASjYAEAAAhGwQIAABCMggUAACAYBQsAAEAwChYAAIBgFCwAAADBKFgAAACCUbAAAAAEo2ABwD/FYrEdO3YcPXpUdhAAmY2CBQD/a8mSJR07dhw+fHjnzp3vuuuuRCIhOxGATEXBAgBFUZS///3vv/nNbwKBQCAQiMViixcvfuGFF2SHApCpKFgAoCiKsnz58mQyWTUZDofnz58vMQ+AjEbBAgBFURRVVU/5DADUEAULABRFUYYNG6bretWkz+cbO3asxDwAMhoFCwAURVHatWv30ksv5ebmZmVleTyea6+9dvLkybJDAchUhuwAAJAuhg0btnPnzj179jRv3jw7O1t2HAAZjIIFAP9kGMa5554rOwWAjMchQgAAAMEoWAAAAIJRsAAAAASjYAEAAAhGwQIAABCMggUAACAYBQsAAEAwChYAABBm/fr1l156aYcOHUaMGPHdd9/JjiMNFxoFAABibN26dcyYMeFwWFGUtWvXDhs2bOvWrQ3zvgjswQIAAGLMmjUr1a4URXEcJxKJvPzyy3IjyULBAgAAYuzdu7f6ZCKRKC0tlRVGLgoWAAAQ45JLLrEsq2rS7/dfeumlEvNIRMECAABi3HnnnR06dMjOzjZNMysrq1+/fr/+9a9lh5KDk9wBAIAYlmWtXLly1apVu3bt6tKlS3FxsaY10F05FCwAwCnEYrHt27d7PJ7CwkJd12XHQVrTdf3yyy+XnUI+ChYA4GQ2b948duzYSCTiOE5BQcHChQvbtm0rOxSQ7hrojjsAQE3EYrGxY8ceOnSosrIyEAjs3r173LhxskMBGYCCBQD4Rd9++20kEqmatG17x44d5eXlEiMBGYGCBQD4RV6v13Gc6s84jmOapqw8QKagYAEAftH555/fokWLqh+CmaY5cOBAv98vNxWQ/ihYAIBfpOv6ggULLrzwQo/Hk2pXL774ouxQQAbgV4QAgJNp27btypUrKyoqDMNg3xVQQxQsAMCp5ebmyo4AZBIOEQIAAAhGwQIAABCMggUAACAYBQsAAEAwChYAAIBgFCwAAADBKFgAAACCUbAAAAAEo2ABAAAIJvhK7j/88MPcuXP37NnTuXPnO+64o0mTJmLfHwAAIP2J3IMVjUanTZt27733Lliw4Morr3zggQccxxH4/gAAABlBZMEqLS0tLi4uKChQVbWoqGj//v3RaFTg+wMAAGQEtY52Mm3ZsmXevHlPPfVU1TN33HFHSUlJ6vHy5cvz8/Pr4nMBAACkE3wOlqIolZWVb775ZiQSmTlzZvXnhw4d2rVr19Rjx3FCodAZf4Sqqj6fLxaLJRKJWmVNS5ZlRSIR2SnEMwzD4/GEw2H3HTjWNM0wjFgsJjuIeF6vV1VVVy6Qpmnatp1MJmUHEc/v98fj8Xg8LjuIeG7dPGqalpo127ZlZxHP6/W68nCWaZqGYYTDYb/ff8IXCC5Yn3322YoVKyZPnty6detj/umKK66oelxWVlabgqVpWqpguXJNM02zNv/npC3LslIFy31bEF3XfT6fK0dN13Vd1105az6fL5lMurIW+3y+RCLhylFz6+bRNE3LsqLRqCtrsWEYrhy1rKys1KzVR8Hav3//qlWrHn30UVVVBb4tAABAZhFZsLZs2bJp06ZRo0ZVPTN//nzLsgR+BAAAQPoTWbCGDBkyZMgQgW8IAGiYHMfZv39/Tk5Odna27CzAmeBK7gCA9LJly5bu3bv37t27Y8eOt912Wzgclp0IOG0ULABAGqmsrBw9evTevXvD4XAsFlu+fPlDDz0kOxRw2ihYAIA08tVXX1W/fEY0Gl24cKH7Lu8C16NgAQDSyPEXOHTftV3QEFCwAABppG/fvtUnTdMcNmwYV/9BxqFgAQDSSH5+/ltvvdWoUaOcnByfz9erV6+nn35adijgtIm/VQ4AALVRXFy8ffv277//Pi8vr02bNuy+QiaiYAEA0o7H4+nSpYvsFMCZ4xAhAACAYBQsAAAAwShYAAAAglGwAAAABOMkdwAA4CqhUOjTTz8NBAJ9+/Zt3bq1lAwULAAA4B67du266qqrwuGw4zi2bT/zzDNjxoyp/xgcIgQAAO4xceLEn3/+ORAIBIPBcDg8derUn3/+uf5jULAAAIBLxGKxbdu2Vb87uK7rX3/9df0noWABAACXME3T4/FUf8ZxnPz8/PpPQsECAAAuoarq+PHjfT5fatI0zdatW/fo0aP+k1CwAACAe9x333133nlnkyZN/H7/ZZdd9t577+m6Xv8x+BUhAABwD8Mwpk6dOnXqVLkx2IMFAAAgGAULAABAMAoWAACAYBQsAAAAwShYAAAAglGwAAAABKNgAQAACEbBAgAAEIyCBQAAIBgFCwAAQDAKFgAAgGAULAAAAMEoWAAAAIJRsAAAAASjYAEAAAhGwQIAABCMggUAACAYBQsAAEAwChYAAIBgFCwAAADBDNkBAADAyUSj0S+//DIQCPTp06egoEB2HNQIBQsAgPS1Z8+eq666KhAIKIqSTCZnz559zTXXyA6FU+MQIQAA6WvixIkHDhyorKysrKwMhUJTpkw5fPiw7FA4NQoWAABpKh6Pb9682bbtqmcMw9iwYYPESKghChYAAGnKMAyPx1P9Gdu2GzVqJCsPao6CBQBAmlJV9ZZbbvH5fKlJXdebN2/eo0cPualQExQsAADS17Rp0yZMmJCbm+vxePr37//uu+8aBj9QywAMEgAA6cs0zQcffPDBBx90HEdVVdlxUFPswQIAIAPQrjILBQsAAEAwChYAAIBgFCwAAADBKFgAAACC8StCAADSWiQSqbrZc/PmzWXHQY1QsAAASF+7d+++6qqrgsGg4zi2bXOz50zBIUIAANLXxIkTDx48WFlZGQgEUjd7Lisrkx0Kp0bBAgAgTcXj8S1btlS/2bOu6xs3bpQYCTVEwQIAIE0df7Nnx3G42XNGUB3Hqf9PjcVitbwirWmayWSyeql3DcMwEomE7BTiaZqm63oikZCyyNUpVVU1TUsmk7KDiKfruqqqbl0gFUVx5TbENE3btl25QLp186iqamrWTrh5fOCBB/7whz+EQiFFUQzDaN++/ebNmzPodoRuHTVd1zVNi8fjpmme8AVyRqiysrI237KapjVu3DgcDkciEYGp0kReXl55ebnsFOJZlpWdnV1RUeG+rzRd130+XyAQkB1EvJycHF3XXblA+ny+ZDIZi8VkBxGvSZMm0Wg0GAzKDiKeWzePpmnm5eUFg8F4PH78v06dOjWZTL7++uuRSKS4uPi5557LrMHNzc2tqKiQnUK8rKwsy7LKy8ubNm16whdkTAUGAKABMgyDmz1nIs7BAgAgA9CuMgsFCwAAQDAKFgAAgGAULAAAAMEoWAAAAIJRsAAAAASjYAEAAAhGwQIAABCMggUAACAYBQsAAEAwChYAAIBgFCwAAADBKFgAAACCUbAAAAAEo2ABAAAIRsECAAAQjIIFAAAgGAULAABAMAoWAACAYBQsAAAAwVTHcer/UysrK2vzuYlEYvv27W3btm3cuLHAVGnCsqxIJCI7hXhHjhwpLS3t1KmTaZqyswimaZphGLFYTHYQ8UpLSyORyPnnny87iHimadq2nUwmZQcRb9u2bU2bNm3RooXsIOJ5vd5oNCo7hXihUOivf/3reeedl5WVJTuLeG4dtX379pWVlXXp0iU3N/eEL5BTsGrpyJEjl1122bRp00aNGiU7C2pqyZIljzzyyNKlSwsKCmRnQU3df//9e/bsmT9/vuwgOA3FxcXXXXfdv/3bv8kOgpr6+uuvx48f/8orr3Tr1k12FtTUnDlzFi5c+Nlnn/3SCzhECAAAIBgFCwAAQDB9+vTpsjOcNsdxHMfp2bMnB5syiG3beXl5vXr18ng8srOgphKJxNlnn921a1fZQXAaYrFYt27d2rZtKzsIasq2bcuyevbsmZOTIzsLaiqZTLZo0aKoqOiXXpCR52ABAACkMw4RAgAACEbBAgAAEIyCBQAAIJghO8Dpefnll0eNGtWkSZPU5D/+8Y9Zs2b99NNPgwYNuvXWWw0jw2angag+as8999yaNWtSz48YMeLmm2+WGAzH++GHH+bOnbtnz57OnTvfcccdqVFjRUtzJxw11rV05jjO4sWLP/jgg1Ao1LNnzwkTJuTk5LCipbMTDply8hXNyRC2be/atWvEiBGHDh1KPROJRMaOHbt3795kMrl48eI//vGPchPieMeP2uTJk23blpsKvyQSiVx33XUHDhywbfsvf/nL7bffbts2K1qaO+GoOaxr6W379u1PPPFENBq1bXvFihWzZ89mRUtzxw9Z6vmTrGgZc4jw/vvvnzJlim3bVc98++23xcXFrVq10jRt6NChK1eudPhFZJo5ZtSSyWQ4HJ4+ffp11133hz/8wZV3BMpopaWlxcXFBQUFqqoWFRXt378/Go2yoqW5E44a61qa69Sp03333Ze6Zo1hGHl5eaxoae74IVNO9aWWMQXrySeffP/999u1a1f1TGlp6XnnnZd6bFlWIpFgI5Jujhm1iooK0zR/+9vfzps3r2XLlk888YTUdDhWhw4dfvOb36Qef/PNN4WFhZZlsaKluROOGutaRti6deuIESNefPHF4cOHs6JlhOpDppzqSy3DDvFq2j8boeM4uq5Xn1RVVUYonELVqOXn57/00kupx1dfffVrr70WiUQsy5IXDSdQWVn55ptvRiKRmTNnKqxoGeKYUWNdywhdu3Z99913N2/efM8994waNYoVLf1VH7K33nrr5CtahhWs6s4666xvvvkm9TgcDvt8PjYfmUXTNNM0ZafA//HZZ5+tWLFi8uTJrVu3Tj3Dipb+jh+1Y7CupZt58+YVFhYWFRVpmtajR4/y8vJWrVrt2LEj9a+saGno+CGLxWJer7f6a45Z0TLmEOHxCgsLV6xYceTIEcdxPvzwwxEjRshOhFPYsGHDM888k0wmHcdZunTpoEGDqv8XG6Tbv3//qlWrHn300erf06xoae6Eo8a6luZ69eq1aNGiSCTiOM769esLCwu7du3KipbOjh8yr9d78hUtg/dg+f3+mTNnPvzwwwcPHhwyZAg/Qk5/RUVFu3fvvu2220KhUP/+/SdNmiQ7Ef6PLVu2bNq0adSoUVXPzJ8/nxUtzZ1w1FjX0tz555/fr1+/SZMmpQbo97//PStamjt+yJRTfalxL0IAAADBMvgQIQAAQHqiYAEAAAhGwQIAABCMggUAACAYBQsAAEAwChYAAIBgFCwAAADBKFgAAACCUbAAZBLHcTwez8cff3z99ddnZ2f379//73//+6xZs9q0adOyZcu5c+emXhYMBj0eT0lJyciRI7Oysi699NJdu3al/ikajd599935+fkXXnjh0qVL/+Vf/uXbb7+VN0MA3ImCBSDDxOPxKVOmPPvss0ePHu3QocO5555rmubu3bu3bNly9913f/fdd1Uvmzhx4quvvlpZWXn33XdfcMEFZWVljuNcfvnlfr//wIEDa9euXbhw4TfffMMNLQAIx61yAGQSx3E0TVu+fPmQIUMURVm2bNnIkSPD4bCmaYqi9O3b97e//e3o0aODwWB2dnZJSUmvXr1Sf3jllVdecsklQ4cO7dGjRyAQSN2TNRAI5OTkbNu2rXPnzhJnCoD7ZPDNngE0WO3bt089ME2zTZs2qXalKIqmafF4vOplHTp0qHo8cODAzZs3t27duqioqOqO99nZ2W3atKmv1AAaEA4RAsg8VQ1JUZSqdnU8w/jnf0PG43HLsqLRaFZWVvXXJBKJukgIoIGjYAFwrb1791Y9/uCDD/r06XPOOeesXbu26tSIioqK/fv3S0oHwM0oWABca9KkSZWVlY7jLFiwYOvWrWPGjOndu7fX6/3Tn/5k23Y4HJ4wYYLsjADciYIFwLUmTZp02WWXWZY1b968rVu3Zmdnm6a5bdu2devWZWVldenS5V//9V8bNWpU/UgiAAjBrwgBuFDqV4RlZWWNGzc+ycsSiYRpmkePHs3Ly6u3bAAaAvZgAWhAKioqdF0vKSlxHCcejz/zzDNDhgyhXQEQjoIFoAHJzc1dv3797373O8uyzj777MrKyvfee092KAAuxCFCAAAAwdiDBQAAIBgFCwAAQDAKFgAAgGAULAAAAMEoWAAAAIJRsAAAAASjYAEAAAj2/wAzE84pWhNfIQAAAABJRU5ErkJggg=="/&gt;
+   &lt;img src="data:image/png;base64,iVBORw0KGgoAAAANSUhEUgAAAyAAAAJYCAIAAAAVFBUnAAAABmJLR0QA/wD/AP+gvaeTAAAACXBIWXMAAA9hAAAPYQGoP6dpAAAgAElEQVR4nO3dd3xUdaL//1PmTE1IIYBIsdANRaWJa6GJsCpFXUAQFdkrXkW4KuqXZd2LCoqyDxuKrIICu4oUG0W8iIsGWYpwZVUCAtKrkpCQKZly5vz+mP3lZhFCIJ/kM3Pyev4152Ry5n0482HeOWWOalmWAgAAAHE02QEAAADshoIFAAAgGAULAABAMAoWAACAYBQsAAAAwShYAAAAglGwAAAABHPIeuGCgoKqfAWXrutZWVklJSXhcFhgqiSRkZFRXFwsO4V4aWlphmGcOHFCdhDxvF5vNBqNRqOygwimaVp2drbf7y8tLZWdRTy7DjSfz+dyuQoLC2UHEc/j8ZimGYlEZAcRTFXVunXrBgKBUCgkO4t4Nh5obre7oKAgJyfntE9gDxYAAIBgFCwAAADBKFgAAACCUbAAAAAEo2ABAAAIRsECAAAQjIIFAAAgGAULAABAMAoWAACAYBQsAAAAwShYAAAAglGwAAAABKNgAQAACOaQ9cJer7cqv66qqqIoLpfL4ZC2CtVH13Wfzyc7hXiGYWiaZstVczgcuq47nU7ZQQQrG2i6rsvOIp6NB5qqqrZcNYfDYVmWYRiyg1QLp9OpaTbc61FrB5q0dhKJRCzLOu9f1zTN7XbHYrFIJCIwVZIwDCMcDstOIZ6u66qq2nLVVFWNxWKxWEx2EMFUVXW73dFolIGWQjRN03XdlqumKEo8Ho9Go7JTCKaqqsfjicVittxqth9oHo/ntE+QVrBisVhVClbi72nTNO33kaYoimVZtlyveDxu41Wz5bsx8fd0PB6336opDLQUZBiGLQdaYlcxAy21xONxRVEqWDUb7o0EAACQi4IFAAAgGAULAABAMAoWAACAYDb8joOEPXv2vPXWW4cPH+7du/cdd9xhy4vMAQBAcrJnwdqyZcuAAQNCoZBlWatXr162bNn8+fMTl2kAAABUN3seIhw/fnwwGEx8DUQwGFy/fv26detkhwIAALWFPQvWrl27yk/GYrH8/HxZYQAAQG1jz4J1ySWXlJ80DKNly5aywgAAgNrGngXr+eef93q9iZOuvF5vu3btrr32WtmhAABAbWHPk9y7dOny2Wefvf7660eOHLnhhhtGjRrFGe4AAKDG2LNgKYrSpk2b1157TXYKAABQG9nzECEAAIBEFCwAAADBbHuIEFKUlJT87W9/+/HHH7t06TJ48GCHgzcYAKA24vMPwhw/fvy66647efJkOBz+6KOP3nnnnRUrVtCxAAC1EIcIIcyUKVOKiorC4bCiKMFgcOfOnR988IHsUAAASEDBgjCbNm2KRqNlk4FA4JtvvpGYBwAAWShYEKZ58+blv2/M7Xa3atVKYh4AAGShYEGYP/zhD2VfoO90OjMyMoYNGyY7FAAAElCwIEyLFi1WrVrVv3//yy67bPjw4Xl5eT6fT3YoAAAk4AoviNS8efNZs2bJTgEAgGTswQIAABCMggUAACAYBQsAAEAwChYAAIBgtj3JvaSkZPny5b/88svVV1/dsWNH2XEAAEAtYs+CdeDAgRtuuCEUCkUiEafTec899zz11FOyQwEAgNrCnocIH3nkkaKiomAwGIvFgsHgnDlzfvjhB9mhAABAbWHPgrV582bTNMsm4/H4xo0bJeYBAAC1ij0LVt26dctPOhyOhg0bygoDAABqG3sWrIkTJ3q93sRjwzBycnJ69eolNxIAAKg97FmwBg4cOGPGjMsuu6xBgwYDBgz4n//5H6fTKTsUAACoLex5FaGiKDfddNNNN90kOwUAAKiN7LkHCwAAQCIKFgAAgGAULAAAAMEoWAAAAIJRsAAAAASjYAEAAAhGwQIAABCMggUAACAYBQsAAEAwChYAAIBgFCwAAADBKFgAAACCUbAAAAAEo2ABAAAIRsECAAAQjIIFAAAgGAULAABAMAoWAACAYBQsAAAAwShYAAAAglGwAAAABKNgAQAACEbBAgAAEMwhdnGzZs1avnx54nFWVtbbb78tdvkAAADJT3DBisfjU6dObdWqldjFAgAApBDxhwg1jcOOAACgVhO8B0tRlMmTJ4dCoVatWo0aNeriiy8u/6P9+/cHg8HE4wYNGqiqet6vkqhxuq47HOJXQTpVVW25Xpqm2XjVdF23LEt2EMESg1TTNFtuNRu/G228aoqi2G/VGGip6KzvRrU6PhIsy9qxY8fEiRNnz56dkZFRNn/06NGbN29OPF69enV6errwlwYAAJCuWgpWwuzZsy+55JKePXuWzfnhhx9OnjyZeNy6deuqVFpN09LS0kKhUDQarWrQ5OP1est29dmJx+PRdd3v98sOIp7L5YrFYqZpyg4imKqq6enpDLTU4na7DcMoKSmRHUQ8p9MZj8djsZjsIIIlBlppaWkkEpGdRTzbD7Q6deqc9gnVuNdOVdV4PF5+Ttu2bcseFxQUVOWdpOu6oiixWMyWb0ePx2PL9XI6nZqm2XLVHA5HLBazXwtJ7AM3TdOWW82uA80wDIfDYctV03Xdlu/GxCFCW66aYuuBZhhGBasm8oR00zRXrlwZi8Usy9qzZ8+KFSs6duwocPkAAAApQeQeLF3XGzZs+Mgjjxw+fLhNmzZTp07NysoSuHwAAICUIPgQYbt27V599VWxywQAAEgtfGcVAACAYBQsAAAAwShYAAAAglGwAAAABKNgAQAACEbBAgAAEIyCBQAAIBgFCwAAQDAKFgAAgGAULAAAAMEoWAAAAIJRsAAAAASjYAEAAAhGwQIAABCMggUAACAYBQsAAEAwChYAAIBgFCwAAADBKFgAAACCUbAAAAAEo2ABAAAIRsECAAAQjIIFAAAgGAULAABAMAoWAACAYBQsAAAAwShYAAAAglGwAAAABKNgAQAACEbBAgAAEIyCBQAAIBgFCwAAQDAKFgAAgGAULAAAAMEoWAAAAIJRsAAAAASjYAEAAAhGwQIAABCMggUAACAYBQsAAEAwChYAAIBgFCwAAADBKFgAAACCUbAAAAAEo2ABAAAIRsECAAAQjIIFAAAgGAULAABAMAoWAACAYBQsAAAAwShYAAAAglGwAAAABKNgAQAACEbBAgAAEIyCBQAAIBgFCwAAQDAKFgAAgGAOWS+saVXqdolf1zRN13VBiZKIqqp2XS8br5ot340MtFSkaZqNV82yLPutmqqqin3fkDZeL0VRKlg1aQXL4/FU5dcTK+Z0Om252TRNq+K/T3JyOByqqtp11XRdNwxDdhDBEgPNMIwq/kWUnGw80JQq/x+bnBIDLbGC9sNASy1n/UST9jYNBAKWZZ33r+u67nK5SktLw+GwwFRJIiMjw+/3y04hXlpammEYtlw1r9cbjUaj0ajsIIJpmuZyucLhcGlpqews4tl1oPl8PpfLZctV83g8pmlGIhHZQQRTVdXtdkcikVAoJDuLeDYeaLqu+/1+t9t92ifYsCwDAADIRcECAAAQjIIFAAAgGAULAABAMAoWAACAYBQsAAAAwShYAAAAglGwAAAABKNgAQAACEbBAgAAEIyCBQAAIBgFCwAAQDAKFgAAgGAULAAAAMEoWAAAAIJRsAAAAASjYAEAAAhGwQIAABCMggUAACAYBQsAAEAwChYAAIBgFCwAAADBKFgAAACCUbAAAAAEo2ABAAAIRsECAAAQjIIFAAAgGAULAABAMAoWAACAYBQsAAAAwShYAAAAglGwAAAABKNgAQAACEbBAgAAEIyCBQAAIBgFCwAAQDAKFgAAgGAULAAAAMEoWAAAAIJRsAAAAASjYAEAAAhGwQIAABCMggUAACAYBQsAAEAwChYAAIBgFCwAAADBKFgAAACCUbAAAAAEo2ABAAAIRsGC/VmWdfjw4RMnTsgOAgCoLShYsLnt27d36dLlqquuatu27ZAhQ4qLi2UnAgDYHwULdhYOh2+//fa9e/eGQqFIJLJmzZpx48bJDgUAsD8KFuzs22+/DQaDZZPRaHTlypXRaFRiJABAbUDBgp3F43FVVU+ZaVmWlDAAgNqDggU7u+KKKwzDKJt0OBzXXnut0+mUGAkAUBtQsGBnHo9n/vz59evXT0tL83g87du3f/3112WHAgDYn0N2AKB6XXHFFf/85z937tyZlpbWuHHjXx8xBABAuGrZgxWJREaMGDFz5szqWDhwrhwOR5s2bZo0aUK7AgDUjGopWHPmzLnyyis5lRgAANRO4gvW/v37nU7nNddcI3zJAAAAKUFwwYrH46+++uqwYcPELhYAACCFCD7J/dNPPx06dOiZLoN/9tlnt2/fnng8ffp0n8933i+UOJnG6/V6PJ7zXkjS0nU9MzNTdgrxNE1TVdWuq+Zyuex6WNzr9brdbtkpxLPxQNM0za6rZlmW1+uVHaRaeDwel8slO4V4Nh5oFX+iiSxYxcXF69atmzx58pmekJmZmZOTk3hsWVY8Hj/v11JVVdf1Ki4kaWmaZtf1UhTFlqumqmo8HrdfwUr8JROPx2251ew60FRVtev/jTZeNaXKH4tJy8YDTanwE00V+JGwdevWCRMm6LqeeEnLsnw+3/z580/75IKCgqq8tK7rWVlZJSUl4XD4vBeStDIyMmx5T+K0tDTDME6cOCE7iHherzcajdrvJjyapmVnZ/v9/tLSUtlZxLPrQPP5fC6Xq7CwUHYQ8Twej2makUhEdhDBVFWtW7duIBAIhUKys4hn44HmdrsLCgrK9hydQuQerNzc3CVLliQeb9iwYdOmTQ8++KDA5QMAAKSE6vom98RJANW0cAAAgGRWXd/k3rlz586dO1fTwgEAAJIZO5kAAAAEo2ABAAAIRsECAAAQjIIFAAAgGAULAABAMAoWAACAYBQsAAAAwShYAAAAglGwAAAABKNgAQAACEbBAgAAEKy67kUIQKJIJLJ8+fL9+/dfeeWV11xzjaqqshMBQO1CwbKhY8eOPfnkkxs3bmzUqNGTTz551VVXyU6EGlVUVNS7d+/jx4+Xlpa63e4bbrjhzTffpGMBQE3iEKHdBAKBnj17Ll269NChQxs3bhw8ePCGDRtkh0KNeuaZZ44cORIIBEzTDAQCn3/++apVq2SHAoDahYJlNx9++KHf74/FYonJUCg0ZcoUuZFQw77++utIJFI2GQwG165dKzEPANRCFCy7OXDgQCgUKj/n4MGDssJAioYNG5afdLlcjRs3lhUGAGonCpbddO3a1ev1lk0ahtGtWzeJeVDzJkyY4PF4Eo91Xfd6vbfffrvcSABQ21Cw7KZnz549e/b0+Xyqqnq93pycnKeeekp2KNSorl27zp8/v0OHDjk5Ob179161alVmZqbsUABQu3AVod2oqjp79uwvv/xy48aNTZs2HThwYNnODNQev/nNbzixHQAkomDZkKqqPXr06NGjh+wgZxGPx/fs2eNwOJo2bcqXCAAA7ISCBTl27NgxbNiw48ePW5Z18cUXv/fee40aNZIdCgAAMTgHCxKYpjl06NB9+/YFAoFgMLh9+/aRI0fKDgUAgDAULEiwY8eOEydOlE3G4/H8/PzCwkKJkQAAEIiCBQk07dQ3nmVZv54JAECK4iMNErRo0aJ+/fplJ7brun755ZfzVQIAANugYEECTdMWLFjQsmVLj8fjdruvuOKKt99+W3YoAACE4SpCyHHxxRevWbPm6NGjhmHk5OTIjlNZlmXNmzfv7bffjkQit99++9ixYw3DkB0KAJB0KFiQRlXVU+6al/yef/75N954IxgMKoryyiuv5Ofnz549W3YoAEDS4RAhUFnRaHT69OmJdqUoSigUWrlyJffSBgD8GgULqKwTJ06ccqmj0+k8dOiQrDwAgKRFwQIqq169ej6fr/ycaDTapk0bWXkAAEmLggVUlqqqM2fO9Hq9hmHouu7xeCZPnlynTh3ZuQAASYeT3IFz0L1797y8vKVLl4bD4b59++bm5spOBABIRhQs4NxcdNFFY8aMkZ0CAJDUOEQIAAAgGAULAABAMAoWAACAYBQsAAAAwShYAAAAglGwAAAABKNgAQAACEbBAgAAEIyCBQAAIBgFCwAAQDAKFgAAgGAULAAAAMG42TPOQX5+/j/+8Y969erdcMMNXq/3nH63qKhoyZIlpaWlnTt3vuSSS6opIQAAyYCChcqaNm3aa6+9ZpqmYRg+n++zzz5r3LhxJX9369atAwcOjMVipmkqivLcc88NHz68OsMCACAThwhRKT/++OP06dODwWA4HPb7/cePH3/00Ucr/+ujR48uKiry+/2hUCgUCk2YMKGgoKD60gIAIBcFC5WyYcOG8pOmaZ4ypwKlpaU//fRT+TmGYWzZskVYOAAAkgwFC5VSv359XdfLz8nKyqrk77pcLsMwys8xTbNevXrCwgEAkGQoWKiUnj17ZmVlORz/OmnP6/U+/vjjlfxdVVUffPDBspPinU5ny5Yt27ZtWy1BAQBIAhQsVIrT6fzss8/69OmTmZl58cUXT506dejQoZX/9ccee+yJJ55o0qRJTk7ObbfdtnjxYk07y3vv5MmT8Xi8aqkBAJCDqwhRWfXr1587d+75/a6maQ888MDjjz9uGMaJEycqfvLGjRtHjx597NgxXdfHjh07fvx4VVXP73UBAJDi7HuwPvjgg0rOBKru6NGjgwcPPnjwYDQaLS0tfe2119555x3ZoQAAODdnL1h33HFHJWcCVbd8+fLEd2UlBIPBWbNmScwDAMB5OJ9zsGKxWFpamvAogKIooVCofMFKzJEVBgCA81PROVj33XefaZrRaHTkyJFlpyTH4/H169f/7ne/q5F4qHV69er1wgsvRKPRxKTb7e7fv7/cSAAAnKuKClazZs0Sl3E1b968rGBpmjZo0KC+fftW8YXT09Or8uuJs549Ho/L5apikiSk63qdOnVkpxDP4XCoqlrxqnXt2vWFF154/PHHnU5nNBrt1q3bs88+6/F4aizk+dF13el02u+yx8RAc7vdTqdTdhbx7DrQdF0/60BLUbquW5bldrtlB6kWbrf7lK8MtIdaO9BUy7IqXsSLL774yCOPiA6mFBQUnPWlK6DrelZWVklJSTgcFpgqSWRkZBQXF8tOIV5aWlplriJUFKWwsPCHH35o2LBh8+bNU+ISQq/XG41Gy3a82YamadnZ2X6/v7S0VHYW8ew60Hw+n8vlKiwslB1EPI/HY5pmJBKRHUQwVVXr1q0bCARseUaEjQea2+0uKCjIyck57RPO/jUNl1xyyZEjRxo2bCg6G3BG2dnZ1113newU1SgWi/39738/ePBgx44dO3ToIDsOAECwsxesl156ac2aNTk5OSNGjLjllls6depUxaN7QC138uTJvn37HjlyJBaLaZo2ePDgadOmyQ4FABDp7FcR5uXlBYPBJUuWeL3ee+65p06dOm3btp06dWoNhANsafLkyfv3708cdwsGg4sWLVqzZo3sUAAAkSr1NQ0ej6dbt26TJ0/etm3bq6++umPHjgkTJlR3MtheNBr97rvv8vPzT/leBtvYv3//0KFDW7du3bt377Vr15bNX716dflzB4PBYF5e3lmXVlxcPG7cuNzc3Kuuuuq9996r+BTGNWvW9OrVq3Xr1sOGDTtw4EBV1gIAcB7OfojQNM2dO3euWrXqvffe27hx44ABA+bNm3fttdfWQDjY2NatW4cMGRIMBi3Lql+//sKFCy+66CLZoUQqLCzs1atX4o6KBQUFd9xxxwcffNC5c2dFUerVq7d3796yZzqdzgYNGlS8NNM0BwwYsHPnzkgk8vPPP0+YMCEYDP7+978/7ZPXr19/5513BoNBRVH+/ve/9+rVa+PGjZmZmcLWDQBwNmffg5WRkXHjjTeapjlr1qxwOPzBBx8MHTq0UaNGNRAOdhWLxe64445jx46VlJT4/f49e/bcddddskMJtmjRolAoVPbFDaFQqOzA+mOPPeb1ehOPNU1zu9233nprxUvbuHHjvn37yi6eCgaDf/7zn8/05KlTpybalaIopmmGQqFFixZVZV0AAOfq7AWrV69eBw8eXLRoUV5e3u7du+33TT+oeTt27PD7/WWTlmX99NNPBQUFEiMJd/DgwVO+Q+TIkSOJBz169Jg5c2azZs3S0tK6deu2cuXK7Ozsipd29OjRU+YUFxef6Shh2QslhMPhQ4cOnVt6AEDVnL1gffLJJ6WlpTNmzCgpKbnttts8Hs+IESM++eSTGggHuzIM45SmblmWw3H2A9Yp5JprrvH5fGWTLper/IH1fv36rV+/fs+ePR9//PGll1561qV17Nix/Jlqqqq2a9fuTN8Qdu2115b/XlCv1/ub3/zmfNYBAHC+KnWSu2EY7du3f+yxx/Ly8qZNm7ZgwYKBAwdWdzLYWLNmzRo3blx2ewCHw9G1a9eMjAy5qcTq06dP7969fT6fw+FIS0tr1KjRxIkTz3tpTZs2HT9+vMfjcTqdXq83IyPjtddeO9OTn3zyyQsvvDDx0j6f78Ybb+zdu/d5vzQA4DycfZ9BOBz+7rvvPvvss7/+9a87d+5s3rz5H//4x379+tVAONiVpmnvv//+vffeu3XrVkVRunXr9uabb8oOJZiqqm+99dbatWu//fbbpk2b9uvXr4p3mxk7dmyvXr2++uqrrKysfv36VXDSekZGxtq1az/99NMDBw5ceeWV7L4CgJp39lvlOJ1Oj8czbNiwgQMHdu3aVdS1SNwqpwJ2vbHAr2+VU1RUlNjBIzGVENwqJxXZdaBxq5yUw61yUpGAW+X89NNPjRs3Ton7wSHl8N0BAABbOnvBatKkSQ3kAAAAsI1KneQOAACAyqNgAQAACEbBAgAAEIyCBQAAIBgFCwAAQDAKFgAAgGAULAAAAMEoWAAAAIJRsAAAAASjYAEAAAhGwQIAABCMggUAACAYBQsAAEAwChYAAIBgFCwAAADBKFgAAACCUbAAAAAEo2ABAAAIRsECkIwKCwu3bNkSCARkBwGA80HBApBc4vH4+PHj27dvf+utt7Zp02bOnDmyEwHAOaNgAUgu77zzzqJFi8LhcElJSSgU+tOf/vTtt9/KDgUA54aCBSC5LFiwIBgMlk2Gw+GlS5dKzCNXJBKxLEt2CgDnjIIFILnoun7KHIfDISWJXFu3br322mubNm166aWXTp8+nZoFpBYKFoDkcvfdd3u93rJJl8s1aNAgiXmkKCws7N+///bt203T9Pv9f/7zn+fOnSs7FIBzQMFCKolGo0uWLHnllVdWr17NH/R2NWTIkAceeMDpdHq93rS0tOnTp7dp00Z2qJq2YsWKWCxWNhkMBmfMmCExD4BzVRt3vCNFBQKBPn36HDp0qLS01O12d+vW7d1339U0/kiwG1VVn3jiiYcffvjYsWMXXnjhr48Y1gYlJSXlC5aiKHxjBZBa+HBCypg2bdq+ffsCgYBpmoFAYN26dZ988onsUKguTqezSZMmtbNdKYrSvXv38uvucrn69u0rMQ+Ac0XBQsrIy8sLh8Nlk4FAIC8vT2Ie2I9pmq+88krbtm2bNWs2evTowsJCWUlat279pz/9yePxpKen+3y+3NzcSZMmyQoD4DxwiBApo3Hjxt9//33ZpGEYF110kcQ8sJ9p06a98cYbiS+JWLZs2Y4dO7744gtZh6F///vf33zzzVu2bGnQoEGHDh04Gg6kFkYsUsb48ePLLi7TNM3j8dx5551yI8FOLMsqa1eKokQikb17927ZskVipAsuuKBv375XXHEF7QpIOQxapIz27dsvXry4U6dOOTk53bt3X7VqVU5OjuxQsI9oNBqJRMrP0TTt+PHjsvIASGkcIkQq6dy584oVK2SngD05nc5WrVrl5+eXfQNILBa78sor5aYCkKLYgwUA//KXv/wlKysrLS3N6/V6PJ7nnnuOvaQAzg97sADgX1q1arVp06bVq1eXlJQkblMjOxGAVEXBAoD/k56e3r9/f9kpAKQ8DhECAAAIRsECAAAQjIIFAAAgGAULAABAMAoWAACAYBQsAAAAwShYAAAAglGwAAAABKNgAQAACEbBAgAAEEzwrXKKiormzp27bt26pk2bjhgxol27dmKXDwAAkPwE78FavXr18OHD58+fP378+ClTphQWFopdPgAAQPITvAdr0KBBiQf169e/+uqr9+3bl52dLfYlAAAAkpzgglWmuLh4y5Yto0aNKj9z7dq1x48fTzy+7rrrDMM47+VrmqYoimEYqqpWJWdy0jTN7XbLTiGeruuqqtpy1RwOh6qquq7LDiJYYnxVZagmM7sOtMS70a6rpmla4v9/O0kMNIfDYcutZteBlvgPv4JVUy3LEvuSK1asmDlzpmVZEydO7Nq1a/kfjR49evPmzYnHq1evTk9PF/vSAAAAyUB8wVIUxbKskydP/vd///eDDz7YokWLsvnFxcXRaPRfL6yqVdn5pGlaZmam3++PRCJVjZt80tPTS0pKZKcQz+fzGYZRVFQkO4h4Ho8nGo3GYjHZQQRLDLRAIBAOh2VnEc+uA83r9TqdTlsONLfbbZpm2eeIbaiqmpWVFQwGS0tLZWcRz8YDzeVynThx4kynQlXLIUJVVTMyMvr3779p06byBSsjI6PscUFBQTwer8pLKIpiWVZVFpLMbLlelmXZdZPZeNUUBlqqSfzZbNdVs+W7kU+0VHTWgSbySLZpmqtXrzZNU1GU4uLijz/+ODc3V+DyAQAAUoLIPVi6rtevX//RRx/dv39/q1atBg8e3L59e4HLBwAASAmCDxHm5ua+/PLLYpcJAACQWux2sSsAAIB0FCwAAADBKFgAAACCUbAAAAAEo2ABAAAIRsECAAAQjIIFAAAgGAULQI365Zdf7r333latWl111VUffPCB7DgAUC2q5V6EAHBakUikb9++R44ciUajhYWFjzzyiGmagwcPlp0LAARjDxaAmvPFF18UFhZGo9HEZDAYfP755+VGAoDqQMECUHOOHTsWi8XKzykoKJAVBgCqD5YGf60AABcvSURBVAULQM3p2rWrpv3ffzu6rnfp0kViHgCoJhQsADWnTZs2999/v9frdTqdPp+vbt26L774ouxQACAeJ7kDqFETJky4+eab161bl5OTc+ONN/p8PtmJAEA8ChaAmtauXbt27drJTgEA1YhDhAAAAIJRsAAAAASjYAEAAAhGwQIAABCMggUg6Wzbtu3OO+/s1q3b2LFjf/nlF9lxAOCccRUhUNvl5+d/9tlnbrf7lltuadKkiew4yrZt2/r27RsKhSzL2rdv36pVqzZs2JCeni47FwCcA/ZgAbXanDlz+vbt+8ILL0yZMuWaa67Jy8uTnUh57rnnEu1KUZRoNFpSUjJ//nzZoQDg3FCwgNqrqKjoT3/6UygUMk0zEokEg8H7778/0Wwk2r17d/kMpaWlu3btkpgHAM4DBQuovbZt22YYRvk5J0+eLCwslJUnoWvXruVT+Xw+7lcIIOVQsIDaq1GjRtFo9JSZmZmZUsKUmThxYnZ2tsfjURTF5/O1bdt20KBBciMBwLniJHeg9mratGn37t2//PLLUCikKIrX633wwQd1XZebKjs7e8OGDQsWLNi1a1enTp0GDBggPRIAnCsKFlCrzZo166WXXvroo49cLteoUaNGjBghO5GiKIrP57v33ntlpwCA80fBAmo1p9P5xBNPPPHEE7KDAICtcA4WAACAYBQsAAAAwShYAAAAglGwAAAABKNgAQAACEbBAgAAEIyCBQAAIBgFCwAAQDAKFgAAgGAULAAAAMEoWAAAAIJxL0IANW3Xrl0bNmzIycnp0aOH0+mUHQcAxKNgAahR06dPnzZtmqqqmqZlZmauWLHiggsukB0KAATjECGAmrNjx45p06aFQqFgMOj3+48cOTJ+/HjZoQBAPAoWgJqzbt268pOmaf7jH/+QFQYAqg8FC0DNqVu3rq7r5efUqVNHVhgAqD4ULAA1p3fv3unp6WUdy+v1Pvzww3IjAUB1oGABqDlut3vFihXXXXed1+tt2LDhU089ddddd8kOBQDicRUhgBrVqFGjhQsXyk4BANWLPVgAAACCUbAAAAAEo2ABAAAIRsECAAAQjIIFAAAgGAULAABAMAoWAACAYBQsAAAAwShYAAAAglGwAAAABJN2qxyn02lZ1nn/uqZpiqI4HI6qLCRpqarqdDplpxBP13Ubr5qiKKqqyg4iWGKNdF235Vaz8bvR3qsmO4V4DLRUlPhvv4JVk1awEg3pvCXejpqmJdbQZlRVtet62XjVbPluZKClorJPa9lBxEt8cNhv1RhoqeisA01awSotLa3Kzidd171ebyQSCYfDAlMlCafTGQqFZKcQL/HXpy1XTVXVaDQajUZlBxFM0zSv1xuNRktLS6UEOHDgwMyZM/fv39+9e/e77rrLMAyBC7frQEt8Ttty1RRFMU0zEonITiGYqqqJgWbLrWbjgeZwOEKhkM/nO+0TpBUsAKjYtm3b+vXrFwqF4vF4Xl7ehx9+uHTp0iru/AaAmsF/VQCS1B/+8IdgMBiPxxVFCQaD+fn5n3/+uexQAFApFCwASWr79u3lTyQIhULbtm2TmAcAKo+CBSBJtWzZsvykx+M5ZQ4AJC0KFoAkNWXKFK/XmzjpyuPxNG/e/MYbb5QdCgAqhZPcASSptm3brl69+rXXXtu3b1+PHj3uu+8+W17sDcCWKFgAktell1764osvyk4BAOeMQ4QAAACCUbAAAAAEo2ABAAAIRsECAAAQjIIFAAAgGAULAABAMAoWAACAYBQsAAAAwShYAAAAglGwAAAABKNgAcC/OXr06K5du0zTlB0EQAqjYAHAv5w4caJ///6dO3fu3bt3hw4dtmzZIjsRgFRFwQKAfxk3btymTZtKS0sDgcCxY8eGDBkSDAZlhwKQkihYAKAoihKLxVatWhWNRsvP2bRpk8RIAFIXBQsAzkhVVdkRAKQkChYAKIqiOByOPn36OJ3OsjlOp7NTp04SIwFIXRQsAPiXl19+uVu3bi6Xy+v1NmrUaOHChR6PR3YoACnJITsAACSLzMzMxYsXFxQU+P3+pk2bcnwQwHmjYAHAv6lbt27dunVlpwCQ2jhECAAAIBgFCwAAQDAKFgAAgGAULAAAAMEoWAAAAIJRsAAAAASjYAEAAAhGwQIAAMLk5+ffcsstLVq06NOnT22+XTpfNAoAAMQ4cODAb3/720AgoCjKt99+e9ttt61du7Zx48ayc0nAHiwAACDG7NmzQ6FQ2WQoFJo2bZrEPBJRsAAAgBgHDhyIx+Nlk5ZlHThwQGIeiShYAABAjF69enm93rJJj8dz4403SswjEQULAACIMWTIkM6dO6elpRmGkZaW1rp163HjxskOJQcnuQMAADF0XV+0aFFeXl5+fn6LFi169uzpcrlKS0tl55KAggUAOAvLsvbu3fvzzz/n5uampaXJjoOkpqrq9ddff/3118sOIhkFCwBQkWAweNddd33zzTcOh8M0zZdffnngwIGyQwHJjnOwAAAVmTRp0vr164PB4MmTJwOBwNixY/fv3y87FJDsKFgAgIosW7YsHA6Xn7N69WpZYYBUQcECAFTEMIzyk6qqulwuWWGAVEHBAgBU5O677/Z4PGWTmqb17t1bYh4gJVCwAAAVGTt27IgRI5xOp8vlatSo0cKFC3NycmSHApIdVxECACricDimTJkyadKkkpKS7Oxs2XGA1MAeLADA2RmGQbsCKo+CBQAAIBgFCwAAQDAKFgAAgGAULAAAAMEoWAAAAIJRsAAAAASjYAEAAAhGwQIAABBM8De579u3b+7cuVu3bs3NzR05cmSTJk3ELh8AACD5iSxY8Xg8Ly/v4YcfTktL27Vr10MPPbRgwQJuug4AAGobkYcINU0bMWJEenq6qqotWrRo06bNgQMHBC4fAAAgJVTXOVixWGz37t0NGjSopuUDAAAkLdWyLOELtSxr+vTpjRs3vvXWW8vPf+CBBzZv3px4vGrVqvT0dOEvDQAAIJ3gk9wT5s2bZxjGoEGDTpnfr1+/yy+/PPHYNM1gMHjeL6GqqsfjiUQisVjs/IMmK7fbXVpaKjuFeE6nU9f1UCgkO4h4hmHE43HTNGUHEYyBlooYaCmHgZaKDMMwDCMYDHq93tM+QXzBevfdd4uKisaOHauq6ik/uuWWW8oeFxQUVKVg6bru8XjC4XA4HD7vhSStxDaTnUI8TdNUVbXlqnm93mg0Go1GZQcRTNO0xP/7dv3/0ZbvRlVVNU2z5ap5PB7TNCORiOwggiUKVjQatWsttuW70efzORyOCgqW4HOwFi9efPTo0dO2KwAAgFpC5B6sSCQyb948VVW//vrrxJxJkyZ16NBB4EsAAAAkP5EFy+l0LlmyROACAQC1VnFxcTgcrl+/vuwgwPngVjkAgORSVFQ0ePDgyy67rGPHjt26ddu5c6fsRMA5o2ABAJLLQw899PXXXyeurvjpp59uv/12+53YDtujYAEAkkgkEvniiy/Krsm1LKukpOT777+Xmwo4VxQsAEASicfjp8xRVdV+330F26NgAQCSiNvt7tq1q67rZXMMw+CCdKQcChYAILnMnDkzNzfX6/Wmp6fXq1fv/fffd7lcskMB56ZabpUDAMB5a9CgwapVq/bt2xcKhVq0aOFw8FGF1MO7FgCQdFRVvfjii2WnAM4fhwgBAAAEo2ABAAAIRsECAAAQjIIFAAAgGCe5AwAAWyktLf3qq6+KioquvvrqJk2aSMlAwQIAAPZx4MCBm266qaSkxLKseDz+zDPP3H333TUfg0OEAADAPsaMGfPzzz/7/f5AIBAKhZ588slDhw7VfAwKFgAAsAnLsr755pvyN6/UdX3jxo01n4SCBQAAbEJV1bS0tFPmZGdn13wSChYAALCPBx54wOv1Jh7rup6dnd2tW7eaj0HBAgAA9jF27NjHHnssJyfH4/H06NFj2bJlTqez5mNwFSEAALAPTdPGjBkzZswYyTHkvjwAAID9ULAAAAAEo2ABAAAIRsECAAAQjIIFAAAgGAULAABAMAoWAACAYBQsAAAAwShYAAAAglGwAAAABKNgAQAACEbBAgAAEIyCBQAAIBgFCwAAQDAKFgAAgGAULAAAAMEoWAAAAIJRsAAAAASjYAEAAAhGwQIAABDMITsAAACoSDwe37hx46FDh6688spLLrlEdhxUCgULAIDk5ff7BwwYsHv3bkVRTNN88MEHn3jiCdmhcHYcIgQAIHk988wzP/74o9/v9/v9oVBoxowZ//u//ys7FM6OggUAQPL6/PPPw+Fw2WQ4HP7yyy/lxUFlUbAAAEhederUKT9pGEZWVpasMKg8ChYAAMlr3LhxXq838VhVVafT2b9/f7mRUBkULAAAktfAgQMnT55cr149h8PRrl27ZcuW1a1bV3YonB1XEQIAkLxUVR0xYsSIESMsy1JVVXYcVBZ7sAAASAG0q9RCwQIAABCMggUAACAYBQsAAEAwChYAAIBgXEUIAEBSi8fjGzZsSNzs+dJLL5UdB5VCwQIAIHn5/f7+/fvv2bPHsqx4PP7AAw/8v//3/2SHwtlxiBAAgOT19NNP79ixw+/3BwKBUCj0xhtvbN68WXYonB0FCwCA5PXrmz1/9dVXEvOgkihYAAAkr8zMzPKT3Ow5VaiWZUl54UgkUpUvpVVV1eFwmKYZj8cFpkoSDocjFovJTiGeruuqqtpy1TRNsyxL1miqVoZhMNBSi67rmqZFo1HZQcTTNE1RFFu+GysYaAsXLhw9enQgEFAURVXVOnXqbNu2LScnp8YznifbDzTDME77BGkFq6CgoCovret6VlZWSUlJ+R2ntpGRkVFcXCw7hXhpaWmGYZw4cUJ2EPG8Xm80GrXfR5qmadnZ2X6/v7S0VHYW8ew60Hw+n8vlKiwslB1EPI/HY5pmJBKRHUQwVVXr1q2bOMXqtE949913n3322cLCwtzc3OnTp7dp06aGE1aFjQea2+0uKCg4U9nlKkIAAJLa8OHDhw8fzs2eUwvnYAEAkAJoV6mFggUAACAYBQsAAEAwChYAAIBgFCwAAADBKFgAAACCUbAAAAAEo2ABAAAIRsECAAAQjIIFAAAgGAULAABAMAoWAACAYBQsAAAAwShYAAAAglGwAAAABKNgAQAACEbBAgAAEIyCBQAAIBgFCwAAQDAKFgAAgGCqZVlSXvjkyZNV+fVIJLJt27aLLrooMzNTVKTk4Xa7S0tLZacQ7+DBg36/v3Xr1rKDiGcYRjweN01TdhDBotFofn5+kyZNsrOzZWcRz64D7dChQ0VFRbm5ubKDiGfXgRaPx7///vtGjRrl5OTIziKey+UKh8OyU4h35MiRgoKCtm3b1qlT57RPkFawqujw4cP9+/d/5pln+vXrJzsLKuuZZ5755ptvlixZIjsIKquwsLBPnz5//OMfBw4cKDsLKmvatGmff/75ypUrZQdBZQUCgeuvv378+PFDhw6VnQWV9eqrry5evDgvL+9MT+AQIQAAgGAULAAAAMH0SZMmyc5wPizLUlW1c+fOdevWlZ0FlWWaZuPGjTt06CA7CCrLsizLsjp16lSvXj3ZWVBZpmleeOGFV1xxhewgOAemaXbs2PGCCy6QHQSVZZpmgwYNOnXqdKYnpOo5WAAAAEmLQ4QAAACCUbAAAAAEc8gOUFlz5sz55JNPFEUZNWrUzTffXDbfsqz3339/2bJlmZmZY8aMadOmjbyM+Ddn2mSzZs1avnx54nFWVtbbb78tJx9OZ9++fXPnzt26dWtubu7IkSObNGmSmM9AS1pn2mQMtGRWVFQ0d+7cdevWNW3adMSIEe3atUvMZ6AlrTNtsooGmpVSli5dumTJkvJzPvroo5dffjkSifzyyy/Dhg0rKCiQlQ2n9etN9pe//GX79u2y8qACpmnOmzfv5MmT8Xh8x44dAwYMKC0tTfyIgZacKthkDLRk9uGHH/7yyy/xePzYsWNDhgwpG1AMtKR1pk1WwUBLsUOEqqqeMmfhwoV33XWXYRg5OTm/+93v1qxZIyUYzuTXm0xRFE1LsTdeLaFp2ogRI9LT01VVbdGiRZs2bQ4cOJD4EQMtOVWwyRQGWhIbNGhQTk6Oqqr169e/+uqr9+3bl5jPQEtaZ9pkypkHWmoPv9LSUr/fX3a3nObNm+fn58uNhMqYPHny4MGDn3zyyb1798rOgtOLxWK7d+9u0KCBwkBLEeU3WQIDLfkVFxdv2bKlZcuWCgMtRZTfZAlnGmgpcw7WaUWjUVVVy/aReL1ev98vNxLO6r777rvvvvssy9qxY8f48eNnz56dkZEhOxT+jWVZM2bMGDJkSHp6usJASwWnbDKFgZb0VqxYMXPmTMuyJk6c6PP5FAZa0vv1JlMqHGipvQfLMIzEkc7EZCgUSktLkxsJlaSqaqtWrfr167d582bZWXCqefPmGYYxaNCgxCQDLfmdssnKMNCSVr9+/T7++OO//vWv8+fP37lzp8JAS3q/3mRlTjvQUrtgud1un89XVFSUmNy1axfXXKQWVVXj8bjsFPg37777blFR0f3331/2lzQDLcn9epOdgoGWnFRVzcjI6N+//6ZNmxQGWio4ZZP9+qflB1pqFyxFUW677bb33nvPNM2ioqJFixZdc801shOhIqZprly5MhaLWZa1Z8+eFStWdOzYUXYo/J/FixcfPXp07Nixp3xUM9CS1mk3GQMtmZmmuXr1atM0FUUpLi7++OOPc3NzEz9ioCWnM22yigdaytwqZ82aNS+++GJi9XRdHzduXPfu3RVFicfjf/vb3z799NOMjIwxY8aUfTUFpDvTJvv+++/feuutw4cPt2nT5p577mnWrJnkoPj/RSKR22+/XVXVsotiJk2alLh3JAMtOVWwyRhoyWzr1q1vvfXW/v37W7VqddNNN5UVKQZa0jrTJqtgoKVMwQIAAEgVKX+IEAAAINlQsAAAAASjYAEAAAhGwQIAABCMggUAACAYBQsAAEAwChYAAIBgFCwAAADBKFgAUsaUKVNGjhz55ptvtm7d2ufz3XbbbYWFhf/85z9vuOGGtLS06667btu2beWffPfdd8+YMaNly5ZpaWnDhw8vLCwsv7QFCxa0bNmyTp06/fv3X7FihdPpLCkpqfF1AmBPFCwAKcM0zTlz5ui6/v333xcUFFiW1bZt26lTpy5atOjkyZMjR47s3Llz4u5MiSfPmzfv8OHD33333fHjx5s1a9a+fftoNJr46YIFC/7rv/5r6dKlRUVFL7744n/8x3+U/QgAqo6CBSCVXH755aNGjTIMw+12P/roo0eOHHn99dczMzM1TbvzzjsDgcDu3bvLnlynTp2nn37a7Xa73e6nnnoqEAh8+umniR+NHTt2+vTprVq10jStefPmb7zxhqQVAmBPFCwAqaRLly5ljzMyMhRFycrKSkwahqEoSigUKnvCTTfdVHYXZFVVb7nllvXr1yuKEggEfv755/KL6tSpU/VnB1CLULAApJKywqQoiqqq5/S7qvpvt7cv/+vnuigAqBgFC4BtrVixoqxRWZa1fPnyrl27Kori9XpzcnI2b95c9sxvv/1WTkQANkXBAmBbRUVFkydPjkaj0Wh06tSpqqr+9re/VRRFVdWXXnrpoYce2rt3r6IoBw4c+M///E/JWQHYi0N2AACoLkOHDvV6vc2bNz969Gj//v3z8/NdLlfiR3feeaeiKN27dz927Ng111wzbdq0wYMHlz/+CABV8W9nJACAbTz99NNHjhyp5OWBeXl5N998c3FxMSdjARCCP9cA1EZFRUXvvvtuOBy2LGvnzp333Xff5MmTaVcAROEQIYDaKDMzs06dOl26dPnhhx/atm07ceLExEFDABCCQ4QAAACCcYgQAABAMAoWAACAYBQsAAAAwShYAAAAglGwAAAABKNgAQAACEbBAgAAEOz/A+A6mhfeIllBAAAAAElFTkSuQmCC"/&gt;

* Run `testthat::snapshot_accept('toHTML')` to accept the change.
* Run `testthat::snapshot_review('toHTML')` to interactively review the change.</failure>
    </testcase>
    <testcase time="0.0660000000000025" classname="toHTML" name="toHTML_generates_image_tags_from_grob">
      <failure type="failure" message="Snapshot of code has changed: ('test-toHTML.R:14:5')">Snapshot of code has changed:
old vs new
  Code
    result
  Output
-   &lt;img src="data:image/png;base64,iVBORw0KGgoAAAANSUhEUgAAAyAAAAJYCAYAAACadoJwAAAEDmlDQ1BrQ0dDb2xvclNwYWNlR2VuZXJpY1JHQgAAOI2NVV1oHFUUPpu5syskzoPUpqaSDv41lLRsUtGE2uj+ZbNt3CyTbLRBkMns3Z1pJjPj/KRpKT4UQRDBqOCT4P9bwSchaqvtiy2itFCiBIMo+ND6R6HSFwnruTOzu5O4a73L3PnmnO9+595z7t4LkLgsW5beJQIsGq4t5dPis8fmxMQ6dMF90A190C0rjpUqlSYBG+PCv9rt7yDG3tf2t/f/Z+uuUEcBiN2F2Kw4yiLiZQD+FcWyXYAEQfvICddi+AnEO2ycIOISw7UAVxieD/Cyz5mRMohfRSwoqoz+xNuIB+cj9loEB3Pw2448NaitKSLLRck2q5pOI9O9g/t/tkXda8Tbg0+PszB9FN8DuPaXKnKW4YcQn1Xk3HSIry5ps8UQ/2W5aQnxIwBdu7yFcgrxPsRjVXu8HOh0qao30cArp9SZZxDfg3h1wTzKxu5E/LUxX5wKdX5SnAzmDx4A4OIqLbB69yMesE1pKojLjVdoNsfyiPi45hZmAn3uLWdpOtfQOaVmikEs7ovj8hFWpz7EV6mel0L9Xy23FMYlPYZenAx0yDB1/PX6dledmQjikjkXCxqMJS9WtfFCyH9XtSekEF+2dH+P4tzITduTygGfv58a5VCTH5PtXD7EFZiNyUDBhHnsFTBgE0SQIA9pfFtgo6cKGuhooeilaKH41eDs38Ip+f4At1Rq/sjr6NEwQqb/I/DQqsLvaFUjvAx+eWirddAJZnAj1DFJL0mSg/gcIpPkMBkhoyCSJ8lTZIxk0TpKDjXHliJzZPO50dR5ASNSnzeLvIvod0HG/mdkmOC0z8VKnzcQ2M/Yz2vKldduXjp9bleLu0ZWn7vWc+l0JGcaai10yNrUnXLP/8Jf59ewX+c3Wgz+B34Df+vbVrc16zTMVgp9um9bxEfzPU5kPqUtVWxhs6OiWTVW+gIfywB9uXi7CGcGW/zk98k/kmvJ95IfJn/j3uQ+4c5zn3Kfcd+AyF3gLnJfcl9xH3OfR2rUee80a+6vo7EK5mmXUdyfQlrYLTwoZIU9wsPCZEtP6BWGhAlhL3p2N6sTjRdduwbHsG9kq32sgBepc+xurLPW4T9URpYGJ3ym4+8zA05u44QjST8ZIoVtu3qE7fWmdn5LPdqvgcZz8Ww8BWJ8X3w0PhQ/wnCDGd+LvlHs8dRy6bLLDuKMaZ20tZrqisPJ5ONiCq8yKhYM5cCgKOu66Lsc0aYOtZdo5QCwezI4wm9J/v0X23mlZXOfBjj8Jzv3WrY5D+CsA9D7aMs2gGfjve8ArD6mePZSeCfEYt8CONWDw8FXTxrPqx/r9Vt4biXeANh8vV7/+/16ffMD1N8AuKD/A/8leAvFY9bLAAAAOGVYSWZNTQAqAAAACAABh2kABAAAAAEAAAAaAAAAAAACoAIABAAAAAEAAAMgoAMABAAAAAEAAAJYAAAAAOGil64AACfqSURBVHgB7dexbYQAFERBbF1hdAKlQaVnOdgSXjZI6BOx0mTv5zzP733fh4cAAQIECBAgQIAAAQKlwPu+x+e6ruP/9RAgQIAAAQIECBAgQKAW+K0H/J8AAQIECBAgQIAAAQITECCTcAkQIECAAAECBAgQyAUESE5sgAABAgQIECBAgACBCQiQSbgECBAgQIAAAQIECOQCAiQnNkCAAAECBAgQIECAwAQEyCRcAgQIECBAgAABAgRyAQGSExsgQIAAAQIECBAgQGACAmQSLgECBAgQIECAAAECuYAAyYkNECBAgAABAgQIECAwAQEyCZcAAQIECBAgQIAAgVxAgOTEBggQIECAAAECBAgQmIAAmYRLgAABAgQIECBAgEAuIEByYgMECBAgQIAAAQIECExAgEzCJUCAAAECBAgQIEAgFxAgObEBAgQIECBAgAABAgQmIEAm4RIgQIAAAQIECBAgkAsIkJzYAAECBAgQIECAAAECExAgk3AJECBAgAABAgQIEMgFBEhObIAAAQIECBAgQIAAgQkIkEm4BAgQIECAAAECBAjkAgIkJzZAgAABAgQIECBAgMAEBMgkXAIECBAgQIAAAQIEcgEBkhMbIECAAAECBAgQIEBgAgJkEi4BAgQIECBAgAABArmAAMmJDRAgQIAAAQIECBAgMAEBMgmXAAECBAgQIECAAIFcQIDkxAYIECBAgAABAgQIEJiAAJmES4AAAQIECBAgQIBALiBAcmIDBAgQIECAAAECBAhMQIBMwiVAgAABAgQIECBAIBcQIDmxAQIECBAgQIAAAQIEJiBAJuESIECAAAECBAgQIJALCJCc2AABAgQIECBAgAABAhMQIJNwCRAgQIAAAQIECBDIBQRITmyAAAECBAgQIECAAIEJCJBJuAQIECBAgAABAgQI5AICJCc2QIAAAQIECBAgQIDABATIJFwCBAgQIECAAAECBHIBAZITGyBAgAABAgQIECBAYAICZBIuAQIECBAgQIAAAQK5gADJiQ0QIECAAAECBAgQIDABATIJlwABAgQIECBAgACBXECA5MQGCBAgQIAAAQIECBCYgACZhEuAAAECBAgQIECAQC4gQHJiAwQIECBAgAABAgQITECATMIlQIAAAQIECBAgQCAXECA5sQECBAgQIECAAAECBCYgQCbhEiBAgAABAgQIECCQCwiQnNgAAQIECBAgQIAAAQITECCTcAkQIECAAAECBAgQyAUESE5sgAABAgQIECBAgACBCQiQSbgECBAgQIAAAQIECOQCAiQnNkCAAAECBAgQIECAwAQEyCRcAgQIECBAgAABAgRyAQGSExsgQIAAAQIECBAgQGACAmQSLgECBAgQIECAAAECuYAAyYkNECBAgAABAgQIECAwAQEyCZcAAQIECBAgQIAAgVxAgOTEBggQIECAAAECBAgQmIAAmYRLgAABAgQIECBAgEAuIEByYgMECBAgQIAAAQIECExAgEzCJUCAAAECBAgQIEAgFxAgObEBAgQIECBAgAABAgQmIEAm4RIgQIAAAQIECBAgkAsIkJzYAAECBAgQIECAAAECExAgk3AJECBAgAABAgQIEMgFBEhObIAAAQIECBAgQIAAgQkIkEm4BAgQIECAAAECBAjkAgIkJzZAgAABAgQIECBAgMAEBMgkXAIECBAgQIAAAQIEcgEBkhMbIECAAAECBAgQIEBgAgJkEi4BAgQIECBAgAABArmAAMmJDRAgQIAAAQIECBAgMAEBMgmXAAECBAgQIECAAIFcQIDkxAYIECBAgAABAgQIEJiAAJmES4AAAQIECBAgQIBALiBAcmIDBAgQIECAAAECBAhMQIBMwiVAgAABAgQIECBAIBcQIDmxAQIECBAgQIAAAQIEJiBAJuESIECAAAECBAgQIJALCJCc2AABAgQIECBAgAABAhMQIJNwCRAgQIAAAQIECBDIBQRITmyAAAECBAgQIECAAIEJCJBJuAQIECBAgAABAgQI5AICJCc2QIAAAQIECBAgQIDABATIJFwCBAgQIECAAAECBHIBAZITGyBAgAABAgQIECBAYAICZBIuAQIECBAgQIAAAQK5gADJiQ0QIECAAAECBAgQIDABATIJlwABAgQIECBAgACBXECA5MQGCBAgQIAAAQIECBCYgACZhEuAAAECBAgQIECAQC4gQHJiAwQIECBAgAABAgQITECATMIlQIAAAQIECBAgQCAXECA5sQECBAgQIECAAAECBCYgQCbhEiBAgAABAgQIECCQCwiQnNgAAQIECBAgQIAAAQITECCTcAkQIECAAAECBAgQyAUESE5sgAABAgQIECBAgACBCQiQSbgECBAgQIAAAQIECOQCAiQnNkCAAAECBAgQIECAwAQEyCRcAgQIECBAgAABAgRyAQGSExsgQIAAAQIECBAgQGACAmQSLgECBAgQIECAAAECuYAAyYkNECBAgAABAgQIECAwAQEyCZcAAQIECBAgQIAAgVxAgOTEBggQIECAAAECBAgQmIAAmYRLgAABAgQIECBAgEAuIEByYgMECBAgQIAAAQIECExAgEzCJUCAAAECBAgQIEAgFxAgObEBAgQIECBAgAABAgQmIEAm4RIgQIAAAQIECBAgkAsIkJzYAAECBAgQIECAAAECExAgk3AJECBAgAABAgQIEMgFBEhObIAAAQIECBAgQIAAgQkIkEm4BAgQIECAAAECBAjkAgIkJzZAgAABAgQIECBAgMAEBMgkXAIECBAgQIAAAQIEcgEBkhMbIECAAAECBAgQIEBgAgJkEi4BAgQIECBAgAABArmAAMmJDRAgQIAAAQIECBAgMAEBMgmXAAECBAgQIECAAIFcQIDkxAYIECBAgAABAgQIEJiAAJmES4AAAQIECBAgQIBALiBAcmIDBAgQIECAAAECBAhMQIBMwiVAgAABAgQIECBAIBcQIDmxAQIECBAgQIAAAQIEJiBAJuESIECAAAECBAgQIJALCJCc2AABAgQIECBAgAABAhMQIJNwCRAgQIAAAQIECBDIBQRITmyAAAECBAgQIECAAIEJCJBJuAQIECBAgAABAgQI5AICJCc2QIAAAQIECBAgQIDABATIJFwCBAgQIECAAAECBHIBAZITGyBAgAABAgQIECBAYAICZBIuAQIECBAgQIAAAQK5gADJiQ0QIECAAAECBAgQIDABATIJlwABAgQIECBAgACBXECA5MQGCBAgQIAAAQIECBCYgACZhEuAAAECBAgQIECAQC4gQHJiAwQIECBAgAABAgQITECATMIlQIAAAQIECBAgQCAXECA5sQECBAgQIECAAAECBCYgQCbhEiBAgAABAgQIECCQCwiQnNgAAQIECBAgQIAAAQITECCTcAkQIECAAAECBAgQyAUESE5sgAABAgQIECBAgACBCQiQSbgECBAgQIAAAQIECOQCAiQnNkCAAAECBAgQIECAwAQEyCRcAgQIECBAgAABAgRyAQGSExsgQIAAAQIECBAgQGACAmQSLgECBAgQIECAAAECuYAAyYkNECBAgAABAgQIECAwAQEyCZcAAQIECBAgQIAAgVxAgOTEBggQIECAAAECBAgQmIAAmYRLgAABAgQIECBAgEAuIEByYgMECBAgQIAAAQIECExAgEzCJUCAAAECBAgQIEAgFxAgObEBAgQIECBAgAABAgQmIEAm4RIgQIAAAQIECBAgkAsIkJzYAAECBAgQIECAAAECExAgk3AJECBAgAABAgQIEMgFBEhObIAAAQIECBAgQIAAgQkIkEm4BAgQIECAAAECBAjkAgIkJzZAgAABAgQIECBAgMAEBMgkXAIECBAgQIAAAQIEcgEBkhMbIECAAAECBAgQIEBgAgJkEi4BAgQIECBAgAABArmAAMmJDRAgQIAAAQIECBAgMAEBMgmXAAECBAgQIECAAIFcQIDkxAYIECBAgAABAgQIEJiAAJmES4AAAQIECBAgQIBALiBAcmIDBAgQIECAAAECBAhMQIBMwiVAgAABAgQIECBAIBcQIDmxAQIECBAgQIAAAQIEJiBAJuESIECAAAECBAgQIJALCJCc2AABAgQIECBAgAABAhMQIJNwCRAgQIAAAQIECBDIBQRITmyAAAECBAgQIECAAIEJCJBJuAQIECBAgAABAgQI5AICJCc2QIAAAQIECBAgQIDABATIJFwCBAgQIECAAAECBHIBAZITGyBAgAABAgQIECBAYAICZBIuAQIECBAgQIAAAQK5gADJiQ0QIECAAAECBAgQIDABATIJlwABAgQIECBAgACBXECA5MQGCBAgQIAAAQIECBCYgACZhEuAAAECBAgQIECAQC4gQHJiAwQIECBAgAABAgQITECATMIlQIAAAQIECBAgQCAXECA5sQECBAgQIECAAAECBCYgQCbhEiBAgAABAgQIECCQCwiQnNgAAQIECBAgQIAAAQITECCTcAkQIECAAAECBAgQyAUESE5sgAABAgQIECBAgACBCQiQSbgECBAgQIAAAQIECOQCAiQnNkCAAAECBAgQIECAwAQEyCRcAgQIECBAgAABAgRyAQGSExsgQIAAAQIECBAgQGACAmQSLgECBAgQIECAAAECuYAAyYkNECBAgAABAgQIECAwAQEyCZcAAQIECBAgQIAAgVxAgOTEBggQIECAAAECBAgQmIAAmYRLgAABAgQIECBAgEAuIEByYgMECBAgQIAAAQIECExAgEzCJUCAAAECBAgQIEAgFxAgObEBAgQIECBAgAABAgQmIEAm4RIgQIAAAQIECBAgkAsIkJzYAAECBAgQIECAAAECExAgk3AJECBAgAABAgQIEMgFBEhObIAAAQIECBAgQIAAgQkIkEm4BAgQIECAAAECBAjkAgIkJzZAgAABAgQIECBAgMAEBMgkXAIECBAgQIAAAQIEcgEBkhMbIECAAAECBAgQIEBgAgJkEi4BAgQIECBAgAABArmAAMmJDRAgQIAAAQIECBAgMAEBMgmXAAECBAgQIECAAIFcQIDkxAYIECBAgAABAgQIEJiAAJmES4AAAQIECBAgQIBALiBAcmIDBAgQIECAAAECBAhMQIBMwiVAgAABAgQIECBAIBcQIDmxAQIECBAgQIAAAQIEJiBAJuESIECAAAECBAgQIJALCJCc2AABAgQIECBAgAABAhMQIJNwCRAgQIAAAQIECBDIBQRITmyAAAECBAgQIECAAIEJCJBJuAQIECBAgAABAgQI5AICJCc2QIAAAQIECBAgQIDABATIJFwCBAgQIECAAAECBHIBAZITGyBAgAABAgQIECBAYAICZBIuAQIECBAgQIAAAQK5gADJiQ0QIECAAAECBAgQIDABATIJlwABAgQIECBAgACBXECA5MQGCBAgQIAAAQIECBCYgACZhEuAAAECBAgQIECAQC4gQHJiAwQIECBAgAABAgQITECATMIlQIAAAQIECBAgQCAXECA5sQECBAgQIECAAAECBCYgQCbhEiBAgAABAgQIECCQCwiQnNgAAQIECBAgQIAAAQITECCTcAkQIECAAAECBAgQyAUESE5sgAABAgQIECBAgACBCQiQSbgECBAgQIAAAQIECOQCAiQnNkCAAAECBAgQIECAwAQEyCRcAgQIECBAgAABAgRyAQGSExsgQIAAAQIECBAgQGACAmQSLgECBAgQIECAAAECuYAAyYkNECBAgAABAgQIECAwAQEyCZcAAQIECBAgQIAAgVxAgOTEBggQIECAAAECBAgQmIAAmYRLgAABAgQIECBAgEAuIEByYgMECBAgQIAAAQIECExAgEzCJUCAAAECBAgQIEAgFxAgObEBAgQIECBAgAABAgQmIEAm4RIgQIAAAQIECBAgkAsIkJzYAAECBAgQIECAAAECExAgk3AJECBAgAABAgQIEMgFBEhObIAAAQIECBAgQIAAgQkIkEm4BAgQIECAAAECBAjkAgIkJzZAgAABAgQIECBAgMAEBMgkXAIECBAgQIAAAQIEcgEBkhMbIECAAAECBAgQIEBgAgJkEi4BAgQIECBAgAABArmAAMmJDRAgQIAAAQIECBAgMAEBMgmXAAECBAgQIECAAIFcQIDkxAYIECBAgAABAgQIEJiAAJmES4AAAQIECBAgQIBALiBAcmIDBAgQIECAAAECBAhMQIBMwiVAgAABAgQIECBAIBcQIDmxAQIECBAgQIAAAQIEJiBAJuESIECAAAECBAgQIJALCJCc2AABAgQIECBAgAABAhMQIJNwCRAgQIAAAQIECBDIBQRITmyAAAECBAgQIECAAIEJCJBJuAQIECBAgAABAgQI5AICJCc2QIAAAQIECBAgQIDABATIJFwCBAgQIECAAAECBHIBAZITGyBAgAABAgQIECBAYAICZBIuAQIECBAgQIAAAQK5gADJiQ0QIECAAAECBAgQIDABATIJlwABAgQIECBAgACBXECA5MQGCBAgQIAAAQIECBCYgACZhEuAAAECBAgQIECAQC4gQHJiAwQIECBAgAABAgQITECATMIlQIAAAQIECBAgQCAXECA5sQECBAgQIECAAAECBCYgQCbhEiBAgAABAgQIECCQCwiQnNgAAQIECBAgQIAAAQITECCTcAkQIECAAAECBAgQyAUESE5sgAABAgQIECBAgACBCQiQSbgECBAgQIAAAQIECOQCAiQnNkCAAAECBAgQIECAwAQEyCRcAgQIECBAgAABAgRyAQGSExsgQIAAAQIECBAgQGACAmQSLgECBAgQIECAAAECuYAAyYkNECBAgAABAgQIECAwAQEyCZcAAQIECBAgQIAAgVxAgOTEBggQIECAAAECBAgQmIAAmYRLgAABAgQIECBAgEAuIEByYgMECBAgQIAAAQIECExAgEzCJUCAAAECBAgQIEAgFxAgObEBAgQIECBAgAABAgQmIEAm4RIgQIAAAQIECBAgkAsIkJzYAAECBAgQIECAAAECExAgk3AJECBAgAABAgQIEMgFBEhObIAAAQIECBAgQIAAgQkIkEm4BAgQIECAAAECBAjkAgIkJzZAgAABAgQIECBAgMAEBMgkXAIECBAgQIAAAQIEcgEBkhMbIECAAAECBAgQIEBgAgJkEi4BAgQIECBAgAABArmAAMmJDRAgQIAAAQIECBAgMAEBMgmXAAECBAgQIECAAIFcQIDkxAYIECBAgAABAgQIEJiAAJmES4AAAQIECBAgQIBALiBAcmIDBAgQIECAAAECBAhMQIBMwiVAgAABAgQIECBAIBcQIDmxAQIECBAgQIAAAQIEJiBAJuESIECAAAECBAgQIJALCJCc2AABAgQIECBAgAABAhMQIJNwCRAgQIAAAQIECBDIBQRITmyAAAECBAgQIECAAIEJCJBJuAQIECBAgAABAgQI5AICJCc2QIAAAQIECBAgQIDABATIJFwCBAgQIECAAAECBHIBAZITGyBAgAABAgQIECBAYAICZBIuAQIECBAgQIAAAQK5gADJiQ0QIECAAAECBAgQIDABATIJlwABAgQIECBAgACBXECA5MQGCBAgQIAAAQIECBCYgACZhEuAAAECBAgQIECAQC4gQHJiAwQIECBAgAABAgQITECATMIlQIAAAQIECBAgQCAXECA5sQECBAgQIECAAAECBCYgQCbhEiBAgAABAgQIECCQCwiQnNgAAQIECBAgQIAAAQITECCTcAkQIECAAAECBAgQyAUESE5sgAABAgQIECBAgACBCQiQSbgECBAgQIAAAQIECOQCAiQnNkCAAAECBAgQIECAwAQEyCRcAgQIECBAgAABAgRyAQGSExsgQIAAAQIECBAgQGACAmQSLgECBAgQIECAAAECuYAAyYkNECBAgAABAgQIECAwAQEyCZcAAQIECBAgQIAAgVxAgOTEBggQIECAAAECBAgQmIAAmYRLgAABAgQIECBAgEAuIEByYgMECBAgQIAAAQIECExAgEzCJUCAAAECBAgQIEAgFxAgObEBAgQIECBAgAABAgQmIEAm4RIgQIAAAQIECBAgkAsIkJzYAAECBAgQIECAAAECExAgk3AJECBAgAABAgQIEMgFBEhObIAAAQIECBAgQIAAgQkIkEm4BAgQIECAAAECBAjkAgIkJzZAgAABAgQIECBAgMAEBMgkXAIECBAgQIAAAQIEcgEBkhMbIECAAAECBAgQIEBgAgJkEi4BAgQIECBAgAABArmAAMmJDRAgQIAAAQIECBAgMAEBMgmXAAECBAgQIECAAIFcQIDkxAYIECBAgAABAgQIEJiAAJmES4AAAQIECBAgQIBALiBAcmIDBAgQIECAAAECBAhMQIBMwiVAgAABAgQIECBAIBcQIDmxAQIECBAgQIAAAQIEJiBAJuESIECAAAECBAgQIJALCJCc2AABAgQIECBAgAABAhMQIJNwCRAgQIAAAQIECBDIBQRITmyAAAECBAgQIECAAIEJCJBJuAQIECBAgAABAgQI5AICJCc2QIAAAQIECBAgQIDABATIJFwCBAgQIECAAAECBHIBAZITGyBAgAABAgQIECBAYAICZBIuAQIECBAgQIAAAQK5gADJiQ0QIECAAAECBAgQIDABATIJlwABAgQIECBAgACBXECA5MQGCBAgQIAAAQIECBCYgACZhEuAAAECBAgQIECAQC4gQHJiAwQIECBAgAABAgQITECATMIlQIAAAQIECBAgQCAXECA5sQECBAgQIECAAAECBCYgQCbhEiBAgAABAgQIECCQCwiQnNgAAQIECBAgQIAAAQITECCTcAkQIECAAAECBAgQyAUESE5sgAABAgQIECBAgACBCQiQSbgECBAgQIAAAQIECOQCAiQnNkCAAAECBAgQIECAwAQEyCRcAgQIECBAgAABAgRyAQGSExsgQIAAAQIECBAgQGACAmQSLgECBAgQIECAAAECuYAAyYkNECBAgAABAgQIECAwAQEyCZcAAQIECBAgQIAAgVxAgOTEBggQIECAAAECBAgQmIAAmYRLgAABAgQIECBAgEAuIEByYgMECBAgQIAAAQIECExAgEzCJUCAAAECBAgQIEAgFxAgObEBAgQIECBAgAABAgQmIEAm4RIgQIAAAQIECBAgkAsIkJzYAAECBAgQIECAAAECExAgk3AJECBAgAABAgQIEMgFBEhObIAAAQIECBAgQIAAgQkIkEm4BAgQIECAAAECBAjkAgIkJzZAgAABAgQIECBAgMAEBMgkXAIECBAgQIAAAQIEcgEBkhMbIECAAAECBAgQIEBgAgJkEi4BAgQIECBAgAABArmAAMmJDRAgQIAAAQIECBAgMAEBMgmXAAECBAgQIECAAIFcQIDkxAYIECBAgAABAgQIEJiAAJmES4AAAQIECBAgQIBALiBAcmIDBAgQIECAAAECBAhMQIBMwiVAgAABAgQIECBAIBcQIDmxAQIECBAgQIAAAQIEJiBAJuESIECAAAECBAgQIJALCJCc2AABAgQIECBAgAABAhMQIJNwCRAgQIAAAQIECBDIBQRITmyAAAECBAgQIECAAIEJCJBJuAQIECBAgAABAgQI5AICJCc2QIAAAQIECBAgQIDABATIJFwCBAgQIECAAAECBHIBAZITGyBAgAABAgQIECBAYAICZBIuAQIECBAgQIAAAQK5gADJiQ0QIECAAAECBAgQIDABATIJlwABAgQIECBAgACBXECA5MQGCBAgQIAAAQIECBCYgACZhEuAAAECBAgQIECAQC4gQHJiAwQIECBAgAABAgQITECATMIlQIAAAQIECBAgQCAXECA5sQECBAgQIECAAAECBCYgQCbhEiBAgAABAgQIECCQCwiQnNgAAQIECBAgQIAAAQITECCTcAkQIECAAAECBAgQyAUESE5sgAABAgQIECBAgACBCQiQSbgECBAgQIAAAQIECOQCAiQnNkCAAAECBAgQIECAwAQEyCRcAgQIECBAgAABAgRyAQGSExsgQIAAAQIECBAgQGACAmQSLgECBAgQIECAAAECuYAAyYkNECBAgAABAgQIECAwAQEyCZcAAQIECBAgQIAAgVxAgOTEBggQIECAAAECBAgQmIAAmYRLgAABAgQIECBAgEAuIEByYgMECBAgQIAAAQIECExAgEzCJUCAAAECBAgQIEAgFxAgObEBAgQIECBAgAABAgQmIEAm4RIgQIAAAQIECBAgkAsIkJzYAAECBAgQIECAAAECExAgk3AJECBAgAABAgQIEMgFBEhObIAAAQIECBAgQIAAgQkIkEm4BAgQIECAAAECBAjkAgIkJzZAgAABAgQIECBAgMAEBMgkXAIECBAgQIAAAQIEcgEBkhMbIECAAAECBAgQIEBgAgJkEi4BAgQIECBAgAABArmAAMmJDRAgQIAAAQIECBAgMAEBMgmXAAECBAgQIECAAIFcQIDkxAYIECBAgAABAgQIEJiAAJmES4AAAQIECBAgQIBALiBAcmIDBAgQIECAAAECBAhMQIBMwiVAgAABAgQIECBAIBcQIDmxAQIECBAgQIAAAQIEJiBAJuESIECAAAECBAgQIJALCJCc2AABAgQIECBAgAABAhMQIJNwCRAgQIAAAQIECBDIBQRITmyAAAECBAgQIECAAIEJCJBJuAQIECBAgAABAgQI5AICJCc2QIAAAQIECBAgQIDABATIJFwCBAgQIECAAAECBHIBAZITGyBAgAABAgQIECBAYAICZBIuAQIECBAgQIAAAQK5gADJiQ0QIECAAAECBAgQIDABATIJlwABAgQIECBAgACBXECA5MQGCBAgQIAAAQIECBCYgACZhEuAAAECBAgQIECAQC4gQHJiAwQIECBAgAABAgQITECATMIlQIAAAQIECBAgQCAXECA5sQECBAgQIECAAAECBCYgQCbhEiBAgAABAgQIECCQCwiQnNgAAQIECBAgQIAAAQITECCTcAkQIECAAAECBAgQyAUESE5sgAABAgQIECBAgACBCQiQSbgECBAgQIAAAQIECOQCAiQnNkCAAAECBAgQIECAwAQEyCRcAgQIECBAgAABAgRyAQGSExsgQIAAAQIECBAgQGACAmQSLgECBAgQIECAAAECuYAAyYkNECBAgAABAgQIECAwAQEyCZcAAQIECBAgQIAAgVxAgOTEBggQIECAAAECBAgQmIAAmYRLgAABAgQIECBAgEAuIEByYgMECBAgQIAAAQIECExAgEzCJUCAAAECBAgQIEAgFxAgObEBAgQIECBAgAABAgQmIEAm4RIgQIAAAQIECBAgkAsIkJzYAAECBAgQIECAAAECExAgk3AJECBAgAABAgQIEMgFBEhObIAAAQIECBAgQIAAgQkIkEm4BAgQIECAAAECBAjkAgIkJzZAgAABAgQIECBAgMAEBMgkXAIECBAgQIAAAQIEcgEBkhMbIECAAAECBAgQIEBgAgJkEi4BAgQIECBAgAABArmAAMmJDRAgQIAAAQIECBAgMAEBMgmXAAECBAgQIECAAIFcQIDkxAYIECBAgAABAgQIEJiAAJmES4AAAQIECBAgQIBALiBAcmIDBAgQIECAAAECBAhMQIBMwiVAgAABAgQIECBAIBcQIDmxAQIECBAgQIAAAQIEJiBAJuESIECAAAECBAgQIJALCJCc2AABAgQIECBAgAABAhMQIJNwCRAgQIAAAQIECBDIBQRITmyAAAECBAgQIECAAIEJCJBJuAQIECBAgAABAgQI5AICJCc2QIAAAQIECBAgQIDABATIJFwCBAgQIECAAAECBHIBAZITGyBAgAABAgQIECBAYAICZBIuAQIECBAgQIAAAQK5gADJiQ0QIECAAAECBAgQIDABATIJlwABAgQIECBAgACBXECA5MQGCBAgQIAAAQIECBCYgACZhEuAAAECBAgQIECAQC4gQHJiAwQIECBAgAABAgQITECATMIlQIAAAQIECBAgQCAXECA5sQECBAgQIECAAAECBCYgQCbhEiBAgAABAgQIECCQCwiQnNgAAQIECBAgQIAAAQITECCTcAkQIECAAAECBAgQyAUESE5sgAABAgQIECBAgACBCQiQSbgECBAgQIAAAQIECOQCAiQnNkCAAAECBAgQIECAwAQEyCRcAgQIECBAgAABAgRyAQGSExsgQIAAAQIECBAgQGACAmQSLgECBAgQIECAAAECuYAAyYkNECBAgAABAgQIECAwAQEyCZcAAQIECBAgQIAAgVxAgOTEBggQIECAAAECBAgQmIAAmYRLgAABAgQIECBAgEAuIEByYgMECBAgQIAAAQIECExAgEzCJUCAAAECBAgQIEAgFxAgObEBAgQIECBAgAABAgQmIEAm4RIgQIAAAQIECBAgkAsIkJzYAAECBAgQIECAAAECExAgk3AJECBAgAABAgQIEMgFBEhObIAAAQIECBAgQIAAgQkIkEm4BAgQIECAAAECBAjkAgIkJzZAgAABAgQIECBAgMAEBMgkXAIECBAgQIAAAQIEcgEBkhMbIECAAAECBAgQIEBgAgJkEi4BAgQIECBAgAABArmAAMmJDRAgQIAAAQIECBAgMAEBMgmXAAECBAgQIECAAIFcQIDkxAYIECBAgAABAgQIEJiAAJmES4AAAQIECBAgQIBALiBAcmIDBAgQIECAAAECBAhMQIBMwiVAgAABAgQIECBAIBcQIDmxAQIECBAgQIAAAQIEJiBAJuESIECAAAECBAgQIJALCJCc2AABAgQIECBAgAABAhMQIJNwCRAgQIAAAQIECBDIBQRITmyAAAECBAgQIECAAIEJCJBJuAQIECBAgAABAgQI5AICJCc2QIAAAQIECBAgQIDABATIJFwCBAgQIECAAAECBHIBAZITGyBAgAABAgQIECBAYAICZBIuAQIECBAgQIAAAQK5gADJiQ0QIECAAAECBAgQIDABATIJlwABAgQIECBAgACBXECA5MQGCBAgQIAAAQIECBCYgACZhEuAAAECBAgQIECAQC4gQHJiAwQIECBAgAABAgQITECATMIlQIAAAQIECBAgQCAXECA5sQECBAgQIECAAAECBCYgQCbhEiBAgAABAgQIECCQCwiQnNgAAQIECBAgQIAAAQITECCTcAkQIECAAAECBAgQyAUESE5sgAABAgQIECBAgACBCQiQSbgECBAgQIAAAQIECOQCAiQnNkCAAAECBAgQIECAwAQEyCRcAgQIECBAgAABAgRyAQGSExsgQIAAAQIECBAgQGACAmQSLgECBAgQIECAAAECuYAAyYkNECBAgAABAgQIECAwAQEyCZcAAQIECBAgQIAAgVxAgOTEBggQIECAAAECBAgQmIAAmYRLgAABAgQIECBAgEAuIEByYgMECBAgQIAAAQIECExAgEzCJUCAAAECBAgQIEAgFxAgObEBAgQIECBAgAABAgQmIEAm4RIgQIAAAQIECBAgkAsIkJzYAAECBAgQIECAAAECExAgk3AJECBAgAABAgQIEMgFBEhObIAAAQIECBAgQIAAgQkIkEm4BAgQIECAAAECBAjkAgIkJzZAgAABAgQIECBAgMAEPs/z7NslQIAAAQIECBAgQIBAJvC+7/EHto8Pc8ql7m4AAAAASUVORK5CYII="/&gt;
+   &lt;img src="data:image/png;base64,iVBORw0KGgoAAAANSUhEUgAAAyAAAAJYCAMAAACtqHJCAAAADFBMVEVgYGCZmZmfn5/////q2mIxAAAFr0lEQVR4nO3TAQHAQAgAId/177wEXgLowMwDDjP7AYcVBG6CQBAEgiAQBIEgCARBIAgCQRAIgkAQBIIgEASBIAgEQSAIAkEQCIJAEASCIBAEgSAIBEEgCAJBEAiCQBAEgiAQBIEgCARBIAgCQRAIgkAQBIIgEASBIAgEQSAIAkEQCIJAEASCIBAEgSAIBEEgCAJBEAiCQBAEgiAQBIEgCARBIAgCQRAIgkAQBIIgEASBIAgEQSAIAkEQCIJAEASCIBAEgSAIBEEgCAJBEAiCQBAEgiAQBIEgCARBIAgCQRAIgkAQBIIgEASBIAgEQSAIAkEQCIJAEASCIBAEgSAIBEEgCAJBEAiCQBAEgiAQBIEgCARBIAgCQRAIgkAQBIIgEASBIAgEQSAIAkEQCIJAEASCIBAEgSAIBEEgCAJBEAiCQBAEgiAQBIEgCARBIAgCQRAIgkAQBIIgEASBIAgEQSAIAkEQCIJAEASCIBAEgSAIBEEgCAJBEAiCQBAEgiAQBIEgCARBIAgCQRAIgkAQBIIgEASBIAgEQSAIAkEQCIJAEASCIBAEgSAIBEEgCAJBEAiCQBAEgiAQBIEgCARBIAgCQRAIgkAQBIIgEASBIAgEQSAIAkEQCIJAEASCIBAEgSAIBEEgCAJBEAiCQBAEgiAQBIEgCARBIAgCQRAIgkAQBIIgEASBIAgEQSAIAkEQCIJAEASCIBAEgSAIBEEgCAJBEAiCQBAEgiAQBIEgCARBIAgCQRAIgkAQBIIgEASBIAgEQSAIAkEQCIJAEASCIBAEgSAIBEEgCAJBEAiCQBAEgiAQBIEgCARBIAgCQRAIgkAQBIIgEASBIAgEQSAIAkEQCIJAEASCIBAEgSAIBEEgCAJBEAiCQBAEgiAQBIEgCARBIAgCQRAIgkAQBIIgEASBIAgEQSAIAkEQCIJAEASCIBAEgSAIBEEgCAJBEAiCQBAEgiAQBIEgCARBIAgCQRAIgkAQBIIgEASBIAgEQSAIAkEQCIJAEASCIBAEgSAIBEEgCAJBEAiCQBAEgiAQBIEgCARBIAgCQRAIgkAQBIIgEASBIAgEQSAIAkEQCIJAEASCIBAEgSAIBEEgCAJBEAiCQBAEgiAQBIEgCARBIAgCQRAIgkAQBIIgEASBIAgEQSAIAkEQCIJAEASCIBAEgSAIBEEgCAJBEAiCQBAEgiAQBIEgCARBIAgCQRAIgkAQBIIgEASBIAgEQSAIAkEQCIJAEASCIBAEgSAIBEEgCAJBEAiCQBAEgiAQBIEgCARBIAgCQRAIgkAQBIIgEASBIAgEQSAIAkEQCIJAEASCIBAEgSAIBEEgCAJBEAiCQBAEgiAQBIEgCARBIAgCQRAIgkAQBIIgEASBIAgEQSAIAkEQCIJAEASCIBAEgSAIBEEgCAJBEAiCQBAEgiAQBIEgCARBIAgCQRAIgkAQBIIgEASBIAgEQSAIAkEQCIJAEASCIBAEgSAIBEEgCAJBEAiCQBAEgiAQBIEgCARBIAgCQRAIgkAQBIIgEASBIAgEQSAIAkEQCIJAEASCIBAEgSAIBEEgCAJBEAiCQBAEgiAQBIEgCARBIAgCQRAIgkAQBIIgEASBIAgEQSAIAkEQCIJAEASCIBAEgSAIBEEgCAJBEAiCQBAEgiAQBIEgCARBIAgCQRAIgkAQBIIgEASBIAgEQSAIAkEQCIJAEASCIBAEgSAIBEEgCAJBEAiCQBAEgiAQBIEgCARBIAgCQRAIgkAQBIIgEASBIAgEQSAIAkEQCIJAEASCIBAEgSAIBEEgCAJBEAiCQBAEgiAQBIEgCARBIAgCQRAIgkAQBIIgEASBIAgEQSAIAkEQCIJAEASCIBAEgSAIBEEgCAJBEAiCQBAEgiAQBIEgCARBIAgCQRAIgkAQBIIgEASBIAgEQSAIAkEQCIJAEASCIBAEgbAzDzjMD0uE6QxjWSI1AAAAAElFTkSuQmCC"/&gt;

* Run `testthat::snapshot_accept('toHTML')` to accept the change.
* Run `testthat::snapshot_review('toHTML')` to interactively review the change.</failure>
    </testcase>
    <testcase time="0.201999999999998" classname="toHTML" name="toHTML_generates_image_tags_from_recordedplot">
      <failure type="failure" message="Snapshot of code has changed: ('test-toHTML.R:22:5')">Snapshot of code has changed:
old vs new
  Code
    result
  Output
-   &lt;img src="data:image/png;base64,iVBORw0KGgoAAAANSUhEUgAAAyAAAAJYCAIAAAAVFBUnAAAABmJLR0QA/wD/AP+gvaeTAAAACXBIWXMAAA9hAAAPYQGoP6dpAAAgAElEQVR4nO3deXgUdYL/8Tq7qzsX4Qi3IopEDhcICEKGy4PDA+QBR3l0FQ+uWRVHHg/UGQRdr1UQxRnHW5dlZVhQUQ4RwRPIgICAiDOMkBG5DJCk76Pq90fvL5MFhEC+ybe78n79MU9X0+n+1Hyrqj9WVVepjuMoAAAAEEeTHQAAAMBtKFgAAACCUbAAAAAEo2ABAAAIRsECAAAQjIIFAAAgGAULAABAMEPKp5aVldXm+luapjVu3DgQCEQiEYGp0kReXl55ebnsFOJZlpWdnX348GHbtmVnEUzXdZ/PFwgEZAcRLycnR9f1o0ePyg4ins/nSyaTsVhMdhDxmjRpEolEgsGg7CDiuXXzaJpmatbi8bjsLOLl5uZWVFTITiFeVlaWZVllZWVNmzY94QvYgwUAACAYBQsAAEAwChYAAIBgFCwAAADBKFgAAACCUbAAAAAEo2ABAAAIRsECAAAQjIIFAAAgGAULAABAMAoWAACAYBQsAAAAwShYAAAAghlSPtXn86mqesZ/nvpbr9er67q4UOlC1/WsrCzZKcRLDZbf73ccR3YWwVRVNQzDlaNmGIaqqm6dNcdxTNOUHUQ8VVVN03TlqLl186hpmqIolmV5PB7ZWcRz66iZpnnyzaOcghWPx2vzLauqqmVZ8Xg8FosJTJUmTNOMRqOyU4jn8Xg8Hk8sFrNtW3YWwTRN0zTNlaNmGIZbZ01RFNu24/G47BTiWZaVSCRcOWpu3TwahuH1euPxeCKRkJ1FPLeOmqZpuq5Ho1Gfz3fCF8gpWIlEojYFK1X2bdt25bLoOI4r58swDEVREomE+wqWrutuXRpt21ZV1ZWzZppmMpl05awp7t2MuHW+Uodl3LpAunjzqCjKSWaNc7AAAAAEo2ABAAAIRsECAAAQjIIFAAAgmJyT3Ovajz/++PLLL+/evXvgwIE33nhj6vRqAACA+uHC5vH9998PGTIkHA4nk8k1a9b8+c9//uCDD1I/PAQAAKgHLqwd06ZNCwaDyWRSUZRQKLRjx46PPvpIdigAANCAuLBg7dixo/pFtkKh0LfffisxDwAAaGhcWLA6dOhQfdLn851//vmywgAAgAbIhQXr0Ucf9fv9qZOufD5f+/bthw0bJjsUAABoQFx4knuXLl1Wr149Z86cPXv2DBo0aOLEia68JzQAAEhbLixYiqK0b99+9uzZslMAAIAGyoWHCAEAAOSiYAEAAAjmzkOEkCKZTP75z39et25dhw4dbrjhhry8PNmJAACQg4IFMZLJ5NVXX719+/ZgMOj1ep9//vlPP/20efPmsnMBACABhwghxnvvvZdqV4qiRKPR8vLyGTNmyA4FAIAcFCyIsXHjxlS7SkkkEhs3bpSYBwAAiShYEKNDhw4+n69qUlXVc889V2IeAAAkomBBjGuvvTY/P9/j8SiKoqqqz+d76KGHZIcCAEAOChbE8Pv9a9asufHGGzt37nzFFVd89NFHF1xwgexQAADIwa8IIUx+fv4TTzwhOwUAAPKxBwsAAEAwChYAAIBgFCwAAADBKFgAAACCufMk93A4/MEHH+zbt++iiy7q06eP7DgAAKBhcWHBOnjw4KWXXlpRURGJRLxe7zXXXDN79mzZoQAAQAPiwkOEDz744KFDh4LBYDKZDIVC77777tq1a2WHAgAADYgLC9batWsTiUTVZCQSWbduncQ8AACgoXFhwWrevHn1Sa/X26pVK1lhAABAA+TCgvXggw9W3XXYMIycnJyrrrpKbiQAANCguLBgDR48+I033ujatWtBQcGwYcNWrVrl9/tlhwIAAA2IC39FqCjK4MGDBw8eLDsFAABooFy4BwsAAEAuChYAAIBgFCwAAADBKFgAAACCUbAAAAAEo2ABAAAIRsECAAAQjIIFAAAgGAULAABAMAoWAACAYBQsAAAAwShYAAAAglGwAAAABKNgAQAACEbBAgAAEIyCBQAAIBgFCwAAQDAKFgAAgGAULAAAAMEoWAAAAIJRsAAAAASjYAEAAAhGwQIAABCMggUAACCYIfbtnnvuuTVr1qQejxgx4uabbxb7/gAAAOlPcMH6/vvvFy1apKqq2LcFAADIICILVjKZDIfD06dP37lz54ABA8aNG2dZVtW/lpaWhkKh1OOCggJd18/4g1IFTtM0wxBcENOBqqqunC9N0xRFMQzDtm3ZWQTTNM2tS6Omaa5fIGUHqRNuHTW3zlfqC1HXdcdxZGcRz62jdsptiCpwOI8cOXL//fc/9dRT2dnZS5Ys2bx58/Tp06v+dfLkySUlJanHH3/8caNGjUR9LgAAQFoRWbCqs2175MiRCxYsqNqJtX379vLy8tTjjh07mqZ5xm+uqmpOTk4kEonFYgKyphm/31+1q89NTNP0+XyBQMCVe7A8Hk8kEpEdRDyfz6dpWjAYlB1EPI/HY9t2IpGQHUS8nJycWCwWjUZlBxHPrZtHXdezsrKCwWAymZSdRTy3jpplWaZpVlZW5ubmnvAFdbjXTtO06i2qc+fOVY/Lyspq041S++USiYQrC5bP53PlfKVGLRaLua9g6bpuGIYrR83r9aqq6spZ03U9mUy6ctYURbFt25Wz5tbNY+q7MpFIxONx2VnEsyzLraNmmuZJZk3kZRo2bNjwzDPPJJNJx3GWLl06aNCg2pxoBQAAkKFE7sEqKiravXv3bbfdFgqF+vfvP2nSJIFvDgAAkClEFixVVUePHj169GiB7wkAAJBxuJI7AACAYBQsAAAAwShYAAAAglGwAAAABKNgAQAACEbBAgAAEIyCBQAAIBgFCwAAQDAKFgAAgGAULAAAAMEoWAAAAIJRsAAAAASjYAEAAAhGwQIAABCMggUAACAYBQsAAEAwChYAAIBgFCwAAADBKFgAAACCUbAAAAAEo2ABAAAIRsECAAAQjIIFAAAgGAULAABAMAoWAACAYBQsAAAAwShYAAAAglGwAAAABKNgAQAACEbBAgAAEIyCBQAAIBgFCwAAQDAKFgAAgGAULAAAAMEoWAAAAIJRsAAAAASjYAEAAAhGwQIAABCMggUAACAYBQsAAEAwChYAAIBgFCwAAADBKFgAAACCUbAAAAAEo2ABAAAIRsECAAAQjIIFAAAgGAULAABAMAoWAACAYBQsAAAAwShYAAAAglGwAAAABKNgAQAACEbBAgAAEIyCBQAAIBgFCwAAQDAKFgAAgGCGlE/VtFoVO1VVU2+i67qgRGlEVVW3zpeiKLqupx64SWqm3Dpqbp01TdMcx3HlrCnu3YwoiuLK+Up9J/KlllmqvtR+6QVyCpbP56vNn6fmyjTNWha19KRpWi3//0lPqaXQsizHcWRnEUxVVcMw3Dpqbl0gDcPQdd0w5GwD65S7F0hXzlfqu8zr9ZqmKTuLeG4dNcMwVFU9yazJ2bgEg8HafMtqmub1eqPRaCQSEZgqTeTl5QUCAdkpxLMsyzTNYDBo27bsLIKlNh+uHLWcnBxd1105az6fL5lMxmIx2UHE83q98Xg8GAzKDiKeWzePpml6PJ5wOByPx2VnES83N9eVo5aVlZXaPFqWdcIXuHAPEAAAgFwULAAAAMEoWAAAAIJRsAAAAASjYAEAAAhGwQIAABCMggUAACAYBQsAAEAwChYAAIBgFCwAAADBKFgAAACCUbAAAAAEo2ABAAAIRsECAAAQjIIFAAAgGAULAABAMAoWAACAYBQsAAAAwShYAAAAglGwAAAABKNgAQAACEbBAgAAEIyCBQAAIBgFCwAAQDAKFgAAgGAULAAAAMEoWAAAAIJRsAAAAASjYAEAAAhGwQIAABCMggUAACAYBQsAAEAwChYAAIBgFCwAAADBKFgAAACCUbAAAAAEo2ABAAAIRsECAAAQjIIFAAAgGAULAABAMAoWAACAYBQsAAAAwShYAAAAglGwAAAABKNgAQAACEbBAgAAEIyCBQAAIBgFCwAAQDAKFgAAgGAULLhfeXn5jz/+6DiO7CAAgIaCggU3CwQCN9xwQ6dOnfr169e9e/etW7fKTgQAaBAoWHCze++9d/Xq1bFYLBQK7d27d/To0cFgUHYoAID7UbDgWrZtL1myJBaLVT2TSCRKSkokRgIANBAULLiZbdvHPJNMJqUkAQA0KBQsuJamaUOGDDFNs+oZVVUvuugiiZEAAA2EITsAUIeeffbZn3/+efPmzYZheDyeN998Mzc3V3YoAID7UbDgZo0aNXrvvff27t1bWVl53nnnVd+bBQBA3aFgweVUVW3Tpo3sFACAhqVOzsEqKysbM2YM13UEAAANk/iCFY/Hn3zyyWg0KvydAQAAMoLgguU4zuzZs++66y6xbwsAAJBBBJ+D9eGHHw4YMKBVq1bH/9OTTz65ffv21OPZs2fn5eXV8rP8fr9lWbV8kzSk63qjRo1kpxBP0zRFUVz5Iz5VVVVVdeWo6bquKIorZ03TNMdx/H6/7CDiqarq9Xpd+ZMOt24eVVVVFCU7O9uVp9a4ddQ0TTv5ll9kwfrb3/528ODBK6+88oSLSF5eXtOmTasmj78C5Omybbv2b5KGNE1z5Xwp//8rzX1bEFVVdV135ailtiCunDVVVR3HceWsKYri1llz6+axahvivs2j4upRU05aZlSBw/naa6+99957qS9R27Y1TXvppZeaN29+/CvLyspq87mapjVu3DgQCEQikVrkTVN5eXnl5eWyU4hnWVZ2dvbhw4fdt6bpuu7z+QKBgOwg4uXk5Oi6fvToUdlBxPP5fMlksvqdlFyjSZMmkUjElbfddOvm0TTN1KzF43HZWcTLzc2tqKiQnUK8rKwsy7LKysqq7zyqTuQerFtuueWWW25RFMVxnBEjRixatCh1VAgAAKBBqZMClNpvlvpfAACAhqauLjT6/vvv19E7AwAApDkO4QEAAAhGwQIAABCMggUAACAYBQsAAEAwChYAAIBgFCwAAADBKFgAAACCUbAAAAAEo2ABAAAIRsECAAAQjIIFAAAgWF3dixCARJs2bfryyy+bNm16xRVX5OTkyI4DAA0Oe7DcJhgMTps2raioaNCgQYsXL3YcR3Yi1LeZM2eOHDnyscceu++++3r16rVnzx7ZiQCgwWEPlqvYtj1q1Kjt27dHo1FFUaZMmVJRUXHTTTfJzoX6s2PHjpdffjkcDiuKkkgkIpHI3XffvWjRItm5AKBhYQ+Wq2zcuHHnzp2pdqUoSigUevzxx+VGQj3bsGFD9Unbtjdu3CgrDAA0WBQsV/npp59UVa3+zNGjR23blpUH9a9Fixa6rld/pmnTprLCAECDRcFyle7duyeTyerPdOzYUdMY5QZkwIABBQUFpmmmJv1+/wMPPCA3EgA0QHz1uspZZ5115513+v1+Xde9Xm9OTs7cuXNlh0K98ng8y5Ytu+aaa5o3b15YWDhnzpzRo0fLDgUADQ4nubvN1KlTBw8evHr16kaNGo0YMYLDQw1Q48aNKdYAIBcFy4V69OjRo0cP2SlObf/+/UeOHOnQoYNhsBwCAFyFQ4SQoLKycvTo0b169briiis6d+781VdfyU4EAIBIFCxIcN99961duzYSiVRWVh4+fPiGG244cuSI7FAAAAhDwUJ9cxznww8/jMVi1Z9kJxYAwE0oWEgLXEsCAOAmfKuhvqmqes0113i93qpnNE3r27evxEgAAIhFwYIE//7v/37JJZd4PB6/39+iRYt33nknLy9PdigAAITh5/GQwO/3v/nmm+Xl5RUVFW3atDnm9j7pbPPmzTNmzNi9e3dRUdGMGTNatmwpOxEAIB1RsCBNXl5eZu242rZt24gRI0KhkKIo+/bt++yzz0pKSjJrFgAA9YNDhEBNPf7446l2pShKIpEIBoPz58+XGwkAkJ4oWEBN7dmzp/pkNBr94YcfZIUBAKQzChZQU3379vV4PFWTWVlZF198scQ8AIC0RcECauqBBx5o1qyZ3+9XVTUrK6uoqOjqq6+WHQoAkI44yR2oqfz8/HXr1i1evHjXrl09evQYNmxYBv3+EQBQnyhYwGmwLOv666+XnQIAkO44RAgAACAYBQsAAEAwChYAAIBgFCwAAADBKFgAAACCUbAAAAAEo2ABAAAIRsECAAAQjIIFAAAgGAULAABAMAoWAACAYBQsAAAAwbjZM2pq7969q1ev1nX9kksuKSgoOK2/jcfjq1at2r9/f2FhYVFRUR0lBAAgTVCwUCMrVqwYP3586rGqqv/5n/9ZXFxcw7+tqKgYOnTovn374vG4YRhXX331nDlz6iwpAADycYgQpxaLxSZNmhT6/4LB4O233+44Tg3//LHHHistLQ0EAtFoNBgMvv/++6tXr67TwAAAyEXBwqnt3LnzmGdCodCPP/5Ywz9fs2ZNNBqt/refffaZsHAAAKQfChZOraCgIB6PV38mHo83adKkhn/evHnz6pMej6dFixbCwgEAkH4oWDi15s2bDxo0yLKs1KTP5xszZozf76/hn997771VL9Y0zbKsMWPG1ElQAADSAwULNfKnP/3ppptuatasWYsWLSZMmPD000/X/G+Li4tfe+21wsLCRo0aFRcXr1y5snHjxif/k3A4HIvFahcZAABp1JqfqixQWVlZbT5X07TGjRsHAoFIJCIwVZrIy8srLy+XnUI8y7Kys7MPHz5s2/ZJXrZv377x48dv3LhRUZTLLrtszpw5eXl59ZXxDOm67vP5AoGA7CDi5eTk6Lp+9OhR2UHE8/l8yWTSlT2+SZMmkUgkGAzKDiKeWzePpmmmZu2YkzHcITc3t6KiQnYK8bKysizLKisra9q06QlfwB4spBHbtn/961//5S9/icfj8Xh85cqVkydPlh0KAIDTduqCNWrUqOOfHDlyZB2EQUP3t7/9rbS0NJlMpibj8fjq1atd+R/iAAB3O9mFRt98881kMrl48eJXXnlF0/5ZxQ4ePMh1jFAXIpFI9SVNURRN06LRaFZWlqxIAACcgZMVrKVLlyYSidQDVVWrnrcs68MPP6zzaGh4CgsLPR5P1aSqqu3btz/lGfEAAKSbU5/kPmjQIOH7q2p/YqnH40kkEic/XTpDGYaR6rUuo2maYRjxePzki1xJScnIkSMTiYTjOPn5+UuXLj3vvPPqLeSZUVVV13VXjpphGKqquvLEW13XHcdx5TbE4/Ekk8mqQ+1u4tbNo6qqpmmecvOYodw6arqu67oei8Wq7xeo7tQFa926dd26dau6BpIQ/IrwJNz6M5ka/opQUZRIJPLNN9+YptmlSxfTNOsnXm3wK8JMxK8IM5FbN4/8ijATCfgV4bhx43w+3+DBg1977bXS0lJX9mukFcuyLrroou7du2dEuzoz27dvf/3115ctW+bKL3gAwMnOwUrZsWNHRUXF119/vWzZst/97nehUOimm2665ppr+vfvXw/5APeZMWPGq6++atu2YRiNGzdesWLFL/0HEAAgQ9XoOli5ubkDBw588sknt27dOm3atBdffHHAgAF1nQxwpc2bN7/66quhUCgSiQQCgX379k2bNk12KACAYKcuWGVlZR999NE999zTtm3bs88++9tvv33nnXd++umneggHF3McZ9euXRs2bHDliXSKosRisZkzZ3br1q1Hjx7PPvts1TmeX375ZfXTLOLx+Oeff37Kd3McZ/78+RdffHGnTp3uvPPOk58Udfjw4UmTJnXq1Klfv36LFy+u5YwAAM7AqQ8RtmzZUtf1J598ct26da1atap+vQbgzBw9enTs2LHbt283DENRlFdeeWXQoEGyQwk2ceLElStXpurj7Nmz9+3bl7qBY7NmzTweT/WOVZPrULz++uuPPPJIKBRSFOV//ud/tmzZ8sknn+i6fvwrY7HY0KFDf/zxx3g8fujQoSlTpiQSCe6uDQD17NR7sN54442RI0c+8MADY8aMeeaZZzZu3BgOh+shGVxs6tSpmzdvDoVCFRUVFRUV48aNKysrkx1KpAMHDlS1K0VRwuHwvHnzUivO8OHD/X5/VTfy+/333nvvKd/w6aefTrUrRVFisVhpaem6detO+MpPP/300KFDVQUuFAo9/vjjtZwdAMDpOnXBGjt27Pz58wOBwDvvvNOuXbu5c+c2bty4e/fu9RAOruQ4zooVK6rvwtE07auvvpIYSbgDBw4c8xNI0zR//vlnRVGys7NXrFgxYMCAnJycdu3azZo1a8SIESd/N8dxjj8muH///hO+eP/+/cdcAMll5RUAMsKpDxGmVFZWlpaW7tixY9OmTfF4vLCwsE5jwd2OP7b1Sxdqy1AdO3Y85oImlmW1bt069bht27bvvPNOzd9NVdULL7xw06ZNVe+ZTCZ79ux5whf37Nmz+nF8TdOKiopOLz0AoNZOvQfr/vvvb9euXV5e3q233urxeN5+++1oNDp//vx6CAdXUlX1uuuuq37pWtM0+/XrJzGScF6v9/nnn/f5fF6v17Isv9//8ssvH3ObxdPywgsvNGrUyO/3ezwev99/zz33nH322Sd85QUXXDBhwgS/32+aZlZWVn5+/uzZs8/4cwEAZ+bUe7AOHjz4wgsv9OvXLz8/vx4CoSF45JFHAoHAokWLNE1r2bLlG2+8kZ2dLTuUYFdeeWXXrl1XrlxpGMbll1/eqlWr2rxbhw4dSkpKli1bduTIkf79+3fp0uUkL542bdrw4cO//PLLpk2bDh8+PCcnpzYfDQA4A6e+VU5d4FY5J+HWe0Ecf6uc1IWgXHCNTW6Vk4m4VU4mcuvmkVvlZKJT3iqnpudgAcJZliX2HpcAAKSJMz8pBAAAACdEwQIAABCMggUAACAYBQsAAEAwChYAAIBgFCwAAADBKFgAAACCUbAAAAAEo2ABAAAIRsECAAAQjIIFAAAgGAULAABAMAoWAACAYBQsAAAAwShYAAAAglGwAAAABKNgAQAACEbBAgAAEIyCBQAAIBgFC0DaSSQSO3bs2LNnj+M4srMAwJkwZAcAgP/j66+/vuGGGyKRSDKZ7Nix43/91381bdpUdigAOD3swQKQRsLh8HXXXXfo0KHKyspQKLR169bJkyfLDgUAp42CBSCNfP3118lksmoykUh88cUXsVhMYiSJHMdpsPMOZDoKFoA0ouv68eddqaoqJYxEjuO88MIL7du3P+uss4qLi7dt2yY7EYDTQ8ECkEa6d+/u9/urJj0ez5AhQ0zTlBhJirfeeuvpp58OBALJZHLnzp0jRow4fPiw7FAATgMFC5lk7dq1c+bMWbhwYTgclp0FdcLr9S5cuPCcc87x+Xwej6d///6zZ8+WHUqCF198MRQKVU0mEomlS5dKzAPgdPErQmSMKVOmLF68OBqNWpY1Y8aMVatWNWvWTHYoiFdYWLh+/foDBw74fL68vDzZceSo3q4URUkkEhUVFbLCADgD7MFCZvjyyy/ffffdUCiUTCaDweDPP//80EMPyQ6FuqKqaosWLRpsu1IUZciQIV6vt2pS1/VBgwZJzAPgdFGwkBlKSkoikUjVZDwe/+qrryTmgSv98MMPI0eObNeuXa9evd59912JSaZPn965c+esrKycnByfz/fwww9fcMEFEvMAOF0cIkRmaNmypdfrrX7cpEWLFhLzwH3Ky8uHDBlSXl5u23YwGLzrrru8Xu+wYcOkhMnOzl62bNk333yzf//+bt26sbQDGYc9WMgMV111VXZ2tmH8738S+Hy+adOmyY0El3n//fcjkYht26nJUCj0H//xHxLzaJrWrVu3oUOH0q6ATETBQmbIyspatWrV0KFDmzVr1rVr1zfeeINTUiDWwYMHj7mqZ1lZmawwADIdhwiRMVq0aPH666/LTgHX+tWvfjVnzpyqw9Aej2fgwIFSEwHIYOzBAgBFUZSLLrroxhtv9Pv9lmVlZ2efddZZ06dPlx0KQKZiDxYA/K9HH330+uuv37BhQ6tWrQYOHNgAryAPQBQKFgD8U+fOnTt37iw7BYCMxyFCAAAAwShYAAAAglGwAAAABKNgAQAACEbBAgAAEIyCBQAAIBgFCwAAQDAKFgAAgGAULAAAAMEoWAAAAIJRsAAAAAQTeS9Cx3EWL178wQcfhEKhnj17TpgwIScnR+D7AwAAZASRe7B27Njx17/+9Y9//OP8+fMvvPDC1157TeCbAwAAZAqRe7A6derUqVMnRVEcxzEMIy8vr/q/fvXVV4cOHUo9/tWvfuX1es/4g1RVVRTFNM1ahE1fmqZZliU7hXip8fJ6vY7jyM4imKZpuq67ctR0XXfrAmkYhqZpmubC0yRUVXXrAunWpVHXdUVRPB5P6oHLuHvUTjJrqvBvu61btz744IMej+fFF18sKCioen7y5MklJSWpxx9//HGjRo3Efi4AAECaEF+wFEWxbXvz5s2zZs166623UnubFEUpLy+Px+P/+6mqWvX8GVBVNT8/PxgMRqNRAXHTTE5OTmVlpewU4nm93qysrKNHj9q2LTuLYKm9BcFgUHYQ8bKzs3VdLy8vlx1EPMuykslk1UbJTfLz86PRaCgUkh1EPLduHg3DyM3NraioSCQSsrOI59ZR8/v9Xq/3yJEjjRs3PuELRB4inDdvXmFhYVFRkaZpPXr0KC8vj8ViVYcCqx8xLCsrq823bGqvvuM47vuqTnHlfKWqvG3b7ps7VVXdujQ6jsOsZSIXz5or5yu1eXTrqLl4vpSTLpAizz/o1avXokWLIpGI4zjr168vLCyszYlWAAAAGUrkHqzzzz+/X79+kyZNCoVC/fv3//3vfy/wzQEAADKFyIKlKMrw4cOHDx8u9j0BAAAyiwt/ogwAACAXBQsAAEAwChYAAIBgFCwAAADBKFgAAACCUbAAAAAEo2ABAAAIRsECUH8cx5k/f37v3r07duw4YcKEw4cPy04EAHVC8IVGAeAk3n777Ycffjh1H+IlS5Zs2bLl888/N01Tdi4AEIw9WADqz9NPP51qV4qixOPxAwcOfPHFFx3foKAAABdaSURBVHIjAUBdoGABqD9HjhypPuk4zoEDB2SFAYC6Q8ECUH969Oihaf/c7Ni23bNnT4l5AKCOULAA1J85c+bk5+dnZWV5PB6/3z9lypTzzjtPdigAEI+T3AHUn3bt2m3YsGH58uVHjhzp169fp06dZCcCgDpBwQJQr7Kzs0ePHi07BQDULQ4RAgAACEbBAgAAEIyCBQAAIBgFCwAAQDAKFoD0Eo/Hn3322QEDBgwfPnzJkiWy4wDAmeBXhECDFgwGFy9e/I9//KN3796DBg1SVVV2IuXmm2/+/PPPw+Gwoijbt28/dOjQLbfcIjsUAJweChbQcB04cGDw4MGBQCAcDvv9/sGDB7/66qtyO9bOnTu/+OKLVLtSFCUUCs2cOXPcuHHp0PwAoOY4RAg0XA8//PDhw4dDoZDjOMFg8JNPPlmzZo3cSKWlpYbxf/7DLxKJVPUtAMgUFCyg4Vq/fn0ikaiaDIVCJSUlEvMoitKlS5dYLFb9mebNm/v9fll5AODMULCAhqtNmzbVJ30+31lnnSUrTErLli2nTJni9/tVVTUMw+/3z507V24kADgDnIMFNFwPP/zwtddemzoAZ5pmXl7eyJEjZYdS7rnnnuLi4uXLl6duqnP22WfLTgQAp42CBTRcffr0WbBgwWOPPbZ3794+ffrMmDHD5/PJDqUoitK7d+/evXvLTgEAZ46CBTRoffr04VpTACAc52ABAAAIRsECAAAQjIIFAAAgGAULAABAMAoWAACAYBQsAAAAwShYAAAAglGwAAAABKNgAQAACEbBAgAAEIyCBQAAIBj3IgRQryKRyOrVq48cOXLxxRefc845suMAQJ2gYAGoP3v37h0+fHhlZWUymXQc56GHHho/frzsUAAgHocIAdSfu+6668CBA5WVlaFQKBwOP/roo7t375YdCgDEo2ABqD/r169PJpNVk6qqrlu3TmIeAKgjFCwA9Sc3N7f6pKZpTZs2lRUGAOoOBQtA/bnrrrv8fn/qsa7rjRo16t+/v9xIAFAXOMkdQP25/fbbFUV5/vnnKysrL7744lmzZnk8HtmhAEA8ChaA+qOq6vjx4/nlIADX4xAhAACAYBQsAAAAwShYAAAAglGwAAAABKNgAQAACEbBAgAAEIyCBQAAIBgFCwAAQDAKFgAAgGAULAAAAMHk3CrH4/E4jnPGf66qqqIohmG48i5mqqq6cr50XVcUxePx2LYtO4tgmqZpmubKUdM0zcULZGpL4kpuXSBdvDQqimIYhiuXSbcujVVfar/0AjkFS9NqtecstQiqqpqaPZdx63ylBj31hS07i2CpguXKUVNV1d0LpCtnTVVVFy+Qrpyv1Ey5ctYU945a6rvsJLMmp2BFIpHa7MHSNM3v98fj8UgkIjBVmvB4POFwWHYK8SzL8nq9kUjEfXuwUvtCXDlqhmEoiiJr1mzbfuedd5YvX15QUHDbbbd17NhR7Psnk8lYLCb2PdOB3+9PJBKuXCDdunk0TdOyrGg0Go/HZWcRzzRNV46apmmGYYTD4aysrBO+QE7BAoBTuvXWWz/55JNQKKSq6oIFC/77v//74osvlh0KAGqEk9wBpKNNmzatXr06FAopiuI4TigUuueee2SHAoCaomABSEfffffdMScS7N69W1IWADhtFCwA6ahDhw7H/B7irLPOkhUGAE4XBQtAOioqKurbt6/f709N+v3+p556Sm4kAKg5TnIHkI5UVX377bffeuutZcuWNWvWbNKkSV26dJEdCgBqioIFIE3puj5u3Lhx48bJDgIAp41DhAAAAIJRsAAAAASjYAEAAAhGwQIAABCMggUAACAYBQsAAEAwChYAAIBgFCwAAADBKFgAAACCUbAAAAAEo2ABwD/FYrEdO3YcPXpUdhAAmY2CBQD/a8mSJR07dhw+fHjnzp3vuuuuRCIhOxGATEXBAgBFUZS///3vv/nNbwKBQCAQiMViixcvfuGFF2SHApCpKFgAoCiKsnz58mQyWTUZDofnz58vMQ+AjEbBAgBFURRVVU/5DADUEAULABRFUYYNG6bretWkz+cbO3asxDwAMhoFCwAURVHatWv30ksv5ebmZmVleTyea6+9dvLkybJDAchUhuwAAJAuhg0btnPnzj179jRv3jw7O1t2HAAZjIIFAP9kGMa5554rOwWAjMchQgAAAMEoWAAAAIJRsAAAAASjYAEAAAhGwQIAABCMggUAACAYBQsAAEAwChYAABBm/fr1l156aYcOHUaMGPHdd9/JjiMNFxoFAABibN26dcyYMeFwWFGUtWvXDhs2bOvWrQ3zvgjswQIAAGLMmjUr1a4URXEcJxKJvPzyy3IjyULBAgAAYuzdu7f6ZCKRKC0tlRVGLgoWAAAQ45JLLrEsq2rS7/dfeumlEvNIRMECAABi3HnnnR06dMjOzjZNMysrq1+/fr/+9a9lh5KDk9wBAIAYlmWtXLly1apVu3bt6tKlS3FxsaY10F05FCwAwCnEYrHt27d7PJ7CwkJd12XHQVrTdf3yyy+XnUI+ChYA4GQ2b948duzYSCTiOE5BQcHChQvbtm0rOxSQ7hrojjsAQE3EYrGxY8ceOnSosrIyEAjs3r173LhxskMBGYCCBQD4Rd9++20kEqmatG17x44d5eXlEiMBGYGCBQD4RV6v13Gc6s84jmOapqw8QKagYAEAftH555/fokWLqh+CmaY5cOBAv98vNxWQ/ihYAIBfpOv6ggULLrzwQo/Hk2pXL774ouxQQAbgV4QAgJNp27btypUrKyoqDMNg3xVQQxQsAMCp5ebmyo4AZBIOEQIAAAhGwQIAABCMggUAACAYBQsAAEAwChYAAIBgFCwAAADBKFgAAACCUbAAAAAEo2ABAAAIJvhK7j/88MPcuXP37NnTuXPnO+64o0mTJmLfHwAAIP2J3IMVjUanTZt27733Lliw4Morr3zggQccxxH4/gAAABlBZMEqLS0tLi4uKChQVbWoqGj//v3RaFTg+wMAAGQEtY52Mm3ZsmXevHlPPfVU1TN33HFHSUlJ6vHy5cvz8/Pr4nMBAACkE3wOlqIolZWVb775ZiQSmTlzZvXnhw4d2rVr19Rjx3FCodAZf4Sqqj6fLxaLJRKJWmVNS5ZlRSIR2SnEMwzD4/GEw2H3HTjWNM0wjFgsJjuIeF6vV1VVVy6Qpmnatp1MJmUHEc/v98fj8Xg8LjuIeG7dPGqalpo127ZlZxHP6/W68nCWaZqGYYTDYb/ff8IXCC5Yn3322YoVKyZPnty6detj/umKK66oelxWVlabgqVpWqpguXJNM02zNv/npC3LslIFy31bEF3XfT6fK0dN13Vd1105az6fL5lMurIW+3y+RCLhylFz6+bRNE3LsqLRqCtrsWEYrhy1rKys1KzVR8Hav3//qlWrHn30UVVVBb4tAABAZhFZsLZs2bJp06ZRo0ZVPTN//nzLsgR+BAAAQPoTWbCGDBkyZMgQgW8IAGiYHMfZv39/Tk5Odna27CzAmeBK7gCA9LJly5bu3bv37t27Y8eOt912Wzgclp0IOG0ULABAGqmsrBw9evTevXvD4XAsFlu+fPlDDz0kOxRw2ihYAIA08tVXX1W/fEY0Gl24cKH7Lu8C16NgAQDSyPEXOHTftV3QEFCwAABppG/fvtUnTdMcNmwYV/9BxqFgAQDSSH5+/ltvvdWoUaOcnByfz9erV6+nn35adijgtIm/VQ4AALVRXFy8ffv277//Pi8vr02bNuy+QiaiYAEA0o7H4+nSpYvsFMCZ4xAhAACAYBQsAAAAwShYAAAAglGwAAAABOMkdwAA4CqhUOjTTz8NBAJ9+/Zt3bq1lAwULAAA4B67du266qqrwuGw4zi2bT/zzDNjxoyp/xgcIgQAAO4xceLEn3/+ORAIBIPBcDg8derUn3/+uf5jULAAAIBLxGKxbdu2Vb87uK7rX3/9df0noWABAACXME3T4/FUf8ZxnPz8/PpPQsECAAAuoarq+PHjfT5fatI0zdatW/fo0aP+k1CwAACAe9x333133nlnkyZN/H7/ZZdd9t577+m6Xv8x+BUhAABwD8Mwpk6dOnXqVLkx2IMFAAAgGAULAABAMAoWAACAYBQsAAAAwShYAAAAglGwAAAABKNgAQAACEbBAgAAEIyCBQAAIBgFCwAAQDAKFgAAgGAULAAAAMEoWAAAAIJRsAAAAASjYAEAAAhGwQIAABCMggUAACAYBQsAAEAwChYAAIBgFCwAAADBDNkBAADAyUSj0S+//DIQCPTp06egoEB2HNQIBQsAgPS1Z8+eq666KhAIKIqSTCZnz559zTXXyA6FU+MQIQAA6WvixIkHDhyorKysrKwMhUJTpkw5fPiw7FA4NQoWAABpKh6Pb9682bbtqmcMw9iwYYPESKghChYAAGnKMAyPx1P9Gdu2GzVqJCsPao6CBQBAmlJV9ZZbbvH5fKlJXdebN2/eo0cPualQExQsAADS17Rp0yZMmJCbm+vxePr37//uu+8aBj9QywAMEgAA6cs0zQcffPDBBx90HEdVVdlxUFPswQIAIAPQrjILBQsAAEAwChYAAIBgFCwAAADBKFgAAACC8StCAADSWiQSqbrZc/PmzWXHQY1QsAAASF+7d+++6qqrgsGg4zi2bXOz50zBIUIAANLXxIkTDx48WFlZGQgEUjd7Lisrkx0Kp0bBAgAgTcXj8S1btlS/2bOu6xs3bpQYCTVEwQIAIE0df7Nnx3G42XNGUB3Hqf9PjcVitbwirWmayWSyeql3DcMwEomE7BTiaZqm63oikZCyyNUpVVU1TUsmk7KDiKfruqqqbl0gFUVx5TbENE3btl25QLp186iqamrWTrh5fOCBB/7whz+EQiFFUQzDaN++/ebNmzPodoRuHTVd1zVNi8fjpmme8AVyRqiysrI237KapjVu3DgcDkciEYGp0kReXl55ebnsFOJZlpWdnV1RUeG+rzRd130+XyAQkB1EvJycHF3XXblA+ny+ZDIZi8VkBxGvSZMm0Wg0GAzKDiKeWzePpmnm5eUFg8F4PH78v06dOjWZTL7++uuRSKS4uPi5557LrMHNzc2tqKiQnUK8rKwsy7LKy8ubNm16whdkTAUGAKABMgyDmz1nIs7BAgAgA9CuMgsFCwAAQDAKFgAAgGAULAAAAMEoWAAAAIJRsAAAAASjYAEAAAhGwQIAABCMggUAACAYBQsAAEAwChYAAIBgFCwAAADBKFgAAACCUbAAAAAEo2ABAAAIRsECAAAQjIIFAAAgGAULAABAMAoWAACAYBQsAAAAwVTHcer/UysrK2vzuYlEYvv27W3btm3cuLHAVGnCsqxIJCI7hXhHjhwpLS3t1KmTaZqyswimaZphGLFYTHYQ8UpLSyORyPnnny87iHimadq2nUwmZQcRb9u2bU2bNm3RooXsIOJ5vd5oNCo7hXihUOivf/3reeedl5WVJTuLeG4dtX379pWVlXXp0iU3N/eEL5BTsGrpyJEjl1122bRp00aNGiU7C2pqyZIljzzyyNKlSwsKCmRnQU3df//9e/bsmT9/vuwgOA3FxcXXXXfdv/3bv8kOgpr6+uuvx48f/8orr3Tr1k12FtTUnDlzFi5c+Nlnn/3SCzhECAAAIBgFCwAAQDB9+vTpsjOcNsdxHMfp2bMnB5syiG3beXl5vXr18ng8srOgphKJxNlnn921a1fZQXAaYrFYt27d2rZtKzsIasq2bcuyevbsmZOTIzsLaiqZTLZo0aKoqOiXXpCR52ABAACkMw4RAgAACEbBAgAAEIyCBQAAIJghO8Dpefnll0eNGtWkSZPU5D/+8Y9Zs2b99NNPgwYNuvXWWw0jw2angag+as8999yaNWtSz48YMeLmm2+WGAzH++GHH+bOnbtnz57OnTvfcccdqVFjRUtzJxw11rV05jjO4sWLP/jgg1Ao1LNnzwkTJuTk5LCipbMTDply8hXNyRC2be/atWvEiBGHDh1KPROJRMaOHbt3795kMrl48eI//vGPchPieMeP2uTJk23blpsKvyQSiVx33XUHDhywbfsvf/nL7bffbts2K1qaO+GoOaxr6W379u1PPPFENBq1bXvFihWzZ89mRUtzxw9Z6vmTrGgZc4jw/vvvnzJlim3bVc98++23xcXFrVq10jRt6NChK1eudPhFZJo5ZtSSyWQ4HJ4+ffp11133hz/8wZV3BMpopaWlxcXFBQUFqqoWFRXt378/Go2yoqW5E44a61qa69Sp03333Ze6Zo1hGHl5eaxoae74IVNO9aWWMQXrySeffP/999u1a1f1TGlp6XnnnZd6bFlWIpFgI5Jujhm1iooK0zR/+9vfzps3r2XLlk888YTUdDhWhw4dfvOb36Qef/PNN4WFhZZlsaKluROOGutaRti6deuIESNefPHF4cOHs6JlhOpDppzqSy3DDvFq2j8boeM4uq5Xn1RVVUYonELVqOXn57/00kupx1dfffVrr70WiUQsy5IXDSdQWVn55ptvRiKRmTNnKqxoGeKYUWNdywhdu3Z99913N2/efM8994waNYoVLf1VH7K33nrr5CtahhWs6s4666xvvvkm9TgcDvt8PjYfmUXTNNM0ZafA//HZZ5+tWLFi8uTJrVu3Tj3Dipb+jh+1Y7CupZt58+YVFhYWFRVpmtajR4/y8vJWrVrt2LEj9a+saGno+CGLxWJer7f6a45Z0TLmEOHxCgsLV6xYceTIEcdxPvzwwxEjRshOhFPYsGHDM888k0wmHcdZunTpoEGDqv8XG6Tbv3//qlWrHn300erf06xoae6Eo8a6luZ69eq1aNGiSCTiOM769esLCwu7du3KipbOjh8yr9d78hUtg/dg+f3+mTNnPvzwwwcPHhwyZAg/Qk5/RUVFu3fvvu2220KhUP/+/SdNmiQ7Ef6PLVu2bNq0adSoUVXPzJ8/nxUtzZ1w1FjX0tz555/fr1+/SZMmpQbo97//PStamjt+yJRTfalxL0IAAADBMvgQIQAAQHqiYAEAAAhGwQIAABCMggUAACAYBQsAAEAwChYAAIBgFCwAAADBKFgAAACCUbAAZBLHcTwez8cff3z99ddnZ2f379//73//+6xZs9q0adOyZcu5c+emXhYMBj0eT0lJyciRI7Oysi699NJdu3al/ikajd599935+fkXXnjh0qVL/+Vf/uXbb7+VN0MA3ImCBSDDxOPxKVOmPPvss0ePHu3QocO5555rmubu3bu3bNly9913f/fdd1Uvmzhx4quvvlpZWXn33XdfcMEFZWVljuNcfvnlfr//wIEDa9euXbhw4TfffMMNLQAIx61yAGQSx3E0TVu+fPmQIUMURVm2bNnIkSPD4bCmaYqi9O3b97e//e3o0aODwWB2dnZJSUmvXr1Sf3jllVdecsklQ4cO7dGjRyAQSN2TNRAI5OTkbNu2rXPnzhJnCoD7ZPDNngE0WO3bt089ME2zTZs2qXalKIqmafF4vOplHTp0qHo8cODAzZs3t27duqioqOqO99nZ2W3atKmv1AAaEA4RAsg8VQ1JUZSqdnU8w/jnf0PG43HLsqLRaFZWVvXXJBKJukgIoIGjYAFwrb1791Y9/uCDD/r06XPOOeesXbu26tSIioqK/fv3S0oHwM0oWABca9KkSZWVlY7jLFiwYOvWrWPGjOndu7fX6/3Tn/5k23Y4HJ4wYYLsjADciYIFwLUmTZp02WWXWZY1b968rVu3Zmdnm6a5bdu2devWZWVldenS5V//9V8bNWpU/UgiAAjBrwgBuFDqV4RlZWWNGzc+ycsSiYRpmkePHs3Ly6u3bAAaAvZgAWhAKioqdF0vKSlxHCcejz/zzDNDhgyhXQEQjoIFoAHJzc1dv3797373O8uyzj777MrKyvfee092KAAuxCFCAAAAwdiDBQAAIBgFCwAAQDAKFgAAgGAULAAAAMEoWAAAAIJRsAAAAASjYAEAAAj2/wAzE84pWhNfIQAAAABJRU5ErkJggg=="/&gt;
+   &lt;img src="data:image/png;base64,iVBORw0KGgoAAAANSUhEUgAAAyAAAAJYCAIAAAAVFBUnAAAABmJLR0QA/wD/AP+gvaeTAAAACXBIWXMAAA9hAAAPYQGoP6dpAAAgAElEQVR4nO3dd3xUdaL//1PmTE1IIYBIsdANRaWJa6GJsCpFXUAQFdkrXkW4KuqXZd2LCoqyDxuKrIICu4oUG0W8iIsGWYpwZVUCAtKrkpCQKZly5vz+mP3lZhFCIJ/kM3Pyev4152Ry5n0482HeOWWOalmWAgAAAHE02QEAAADshoIFAAAgGAULAABAMAoWAACAYBQsAAAAwShYAAAAglGwAAAABHPIeuGCgoKqfAWXrutZWVklJSXhcFhgqiSRkZFRXFwsO4V4aWlphmGcOHFCdhDxvF5vNBqNRqOygwimaVp2drbf7y8tLZWdRTy7DjSfz+dyuQoLC2UHEc/j8ZimGYlEZAcRTFXVunXrBgKBUCgkO4t4Nh5obre7oKAgJyfntE9gDxYAAIBgFCwAAADBKFgAAACCUbAAAAAEo2ABAAAIRsECAAAQjIIFAAAgGAULAABAMAoWAACAYBQsAAAAwShYAAAAglGwAAAABKNgAQAACOaQ9cJer7cqv66qqqIoLpfL4ZC2CtVH13Wfzyc7hXiGYWiaZstVczgcuq47nU7ZQQQrG2i6rsvOIp6NB5qqqrZcNYfDYVmWYRiyg1QLp9OpaTbc61FrB5q0dhKJRCzLOu9f1zTN7XbHYrFIJCIwVZIwDCMcDstOIZ6u66qq2nLVVFWNxWKxWEx2EMFUVXW73dFolIGWQjRN03XdlqumKEo8Ho9Go7JTCKaqqsfjicVittxqth9oHo/ntE+QVrBisVhVClbi72nTNO33kaYoimVZtlyveDxu41Wz5bsx8fd0PB6336opDLQUZBiGLQdaYlcxAy21xONxRVEqWDUb7o0EAACQi4IFAAAgGAULAABAMAoWAACAYDb8joOEPXv2vPXWW4cPH+7du/cdd9xhy4vMAQBAcrJnwdqyZcuAAQNCoZBlWatXr162bNn8+fMTl2kAAABUN3seIhw/fnwwGEx8DUQwGFy/fv26detkhwIAALWFPQvWrl27yk/GYrH8/HxZYQAAQG1jz4J1ySWXlJ80DKNly5aywgAAgNrGngXr+eef93q9iZOuvF5vu3btrr32WtmhAABAbWHPk9y7dOny2Wefvf7660eOHLnhhhtGjRrFGe4AAKDG2LNgKYrSpk2b1157TXYKAABQG9nzECEAAIBEFCwAAADBbHuIEFKUlJT87W9/+/HHH7t06TJ48GCHgzcYAKA24vMPwhw/fvy66647efJkOBz+6KOP3nnnnRUrVtCxAAC1EIcIIcyUKVOKiorC4bCiKMFgcOfOnR988IHsUAAASEDBgjCbNm2KRqNlk4FA4JtvvpGYBwAAWShYEKZ58+blv2/M7Xa3atVKYh4AAGShYEGYP/zhD2VfoO90OjMyMoYNGyY7FAAAElCwIEyLFi1WrVrVv3//yy67bPjw4Xl5eT6fT3YoAAAk4AoviNS8efNZs2bJTgEAgGTswQIAABCMggUAACAYBQsAAEAwChYAAIBgtj3JvaSkZPny5b/88svVV1/dsWNH2XEAAEAtYs+CdeDAgRtuuCEUCkUiEafTec899zz11FOyQwEAgNrCnocIH3nkkaKiomAwGIvFgsHgnDlzfvjhB9mhAABAbWHPgrV582bTNMsm4/H4xo0bJeYBAAC1ij0LVt26dctPOhyOhg0bygoDAABqG3sWrIkTJ3q93sRjwzBycnJ69eolNxIAAKg97FmwBg4cOGPGjMsuu6xBgwYDBgz4n//5H6fTKTsUAACoLex5FaGiKDfddNNNN90kOwUAAKiN7LkHCwAAQCIKFgAAgGAULAAAAMEoWAAAAIJRsAAAAASjYAEAAAhGwQIAABCMggUAACAYBQsAAEAwChYAAIBgFCwAAADBKFgAAACCUbAAAAAEo2ABAAAIRsECAAAQjIIFAAAgGAULAABAMAoWAACAYBQsAAAAwShYAAAAglGwAAAABKNgAQAACEbBAgAAEMwhdnGzZs1avnx54nFWVtbbb78tdvkAAADJT3DBisfjU6dObdWqldjFAgAApBDxhwg1jcOOAACgVhO8B0tRlMmTJ4dCoVatWo0aNeriiy8u/6P9+/cHg8HE4wYNGqiqet6vkqhxuq47HOJXQTpVVW25Xpqm2XjVdF23LEt2EMESg1TTNFtuNRu/G228aoqi2G/VGGip6KzvRrU6PhIsy9qxY8fEiRNnz56dkZFRNn/06NGbN29OPF69enV6errwlwYAAJCuWgpWwuzZsy+55JKePXuWzfnhhx9OnjyZeNy6deuqVFpN09LS0kKhUDQarWrQ5OP1est29dmJx+PRdd3v98sOIp7L5YrFYqZpyg4imKqq6enpDLTU4na7DcMoKSmRHUQ8p9MZj8djsZjsIIIlBlppaWkkEpGdRTzbD7Q6deqc9gnVuNdOVdV4PF5+Ttu2bcseFxQUVOWdpOu6oiixWMyWb0ePx2PL9XI6nZqm2XLVHA5HLBazXwtJ7AM3TdOWW82uA80wDIfDYctV03Xdlu/GxCFCW66aYuuBZhhGBasm8oR00zRXrlwZi8Usy9qzZ8+KFSs6duwocPkAAAApQeQeLF3XGzZs+Mgjjxw+fLhNmzZTp07NysoSuHwAAICUIPgQYbt27V599VWxywQAAEgtfGcVAACAYBQsAAAAwShYAAAAglGwAAAABKNgAQAACEbBAgAAEIyCBQAAIBgFCwAAQDAKFgAAgGAULAAAAMEoWAAAAIJRsAAAAASjYAEAAAhGwQIAABCMggUAACAYBQsAAEAwChYAAIBgFCwAAADBKFgAAACCUbAAAAAEo2ABAAAIRsECAAAQjIIFAAAgGAULAABAMAoWAACAYBQsAAAAwShYAAAAglGwAAAABKNgAQAACEbBAgAAEIyCBQAAIBgFCwAAQDAKFgAAgGAULAAAAMEoWAAAAIJRsAAAAASjYAEAAAhGwQIAABCMggUAACAYBQsAAEAwChYAAIBgFCwAAADBKFgAAACCUbAAAAAEo2ABAAAIRsECAAAQjIIFAAAgGAULAABAMAoWAACAYBQsAAAAwShYAAAAglGwAAAABKNgAQAACEbBAgAAEIyCBQAAIBgFCwAAQDAKFgAAgGAOWS+saVXqdolf1zRN13VBiZKIqqp2XS8br5ot340MtFSkaZqNV82yLPutmqqqin3fkDZeL0VRKlg1aQXL4/FU5dcTK+Z0Om252TRNq+K/T3JyOByqqtp11XRdNwxDdhDBEgPNMIwq/kWUnGw80JQq/x+bnBIDLbGC9sNASy1n/UST9jYNBAKWZZ33r+u67nK5SktLw+GwwFRJIiMjw+/3y04hXlpammEYtlw1r9cbjUaj0ajsIIJpmuZyucLhcGlpqews4tl1oPl8PpfLZctV83g8pmlGIhHZQQRTVdXtdkcikVAoJDuLeDYeaLqu+/1+t9t92ifYsCwDAADIRcECAAAQjIIFAAAgGAULAABAMAoWAACAYBQsAAAAwShYAAAAglGwAAAABKNgAQAACEbBAgAAEIyCBQAAIBgFCwAAQDAKFgAAgGAULAAAAMEoWAAAAIJRsAAAAASjYAEAAAhGwQIAABCMggUAACAYBQsAAEAwChYAAIBgFCwAAADBKFgAAACCUbAAAAAEo2ABAAAIRsECAAAQjIIFAAAgGAULAABAMAoWAACAYBQsAAAAwShYAAAAglGwAAAABKNgAQAACEbBAgAAEIyCBQAAIBgFCwAAQDAKFgAAgGAULAAAAMEoWAAAAIJRsAAAAASjYAEAAAhGwQIAABCMggUAACAYBQsAAEAwChYAAIBgFCwAAADBKFgAAACCUbAAAAAEo2ABAAAIRsGC/VmWdfjw4RMnTsgOAgCoLShYsLnt27d36dLlqquuatu27ZAhQ4qLi2UnAgDYHwULdhYOh2+//fa9e/eGQqFIJLJmzZpx48bJDgUAsD8KFuzs22+/DQaDZZPRaHTlypXRaFRiJABAbUDBgp3F43FVVU+ZaVmWlDAAgNqDggU7u+KKKwzDKJt0OBzXXnut0+mUGAkAUBtQsGBnHo9n/vz59evXT0tL83g87du3f/3112WHAgDYn0N2AKB6XXHFFf/85z937tyZlpbWuHHjXx8xBABAuGrZgxWJREaMGDFz5szqWDhwrhwOR5s2bZo0aUK7AgDUjGopWHPmzLnyyis5lRgAANRO4gvW/v37nU7nNddcI3zJAAAAKUFwwYrH46+++uqwYcPELhYAACCFCD7J/dNPPx06dOiZLoN/9tlnt2/fnng8ffp0n8933i+UOJnG6/V6PJ7zXkjS0nU9MzNTdgrxNE1TVdWuq+Zyuex6WNzr9brdbtkpxLPxQNM0za6rZlmW1+uVHaRaeDwel8slO4V4Nh5oFX+iiSxYxcXF69atmzx58pmekJmZmZOTk3hsWVY8Hj/v11JVVdf1Ki4kaWmaZtf1UhTFlqumqmo8HrdfwUr8JROPx2251ew60FRVtev/jTZeNaXKH4tJy8YDTanwE00V+JGwdevWCRMm6LqeeEnLsnw+3/z580/75IKCgqq8tK7rWVlZJSUl4XD4vBeStDIyMmx5T+K0tDTDME6cOCE7iHherzcajdrvJjyapmVnZ/v9/tLSUtlZxLPrQPP5fC6Xq7CwUHYQ8Twej2makUhEdhDBVFWtW7duIBAIhUKys4hn44HmdrsLCgrK9hydQuQerNzc3CVLliQeb9iwYdOmTQ8++KDA5QMAAKSE6vom98RJANW0cAAAgGRWXd/k3rlz586dO1fTwgEAAJIZO5kAAAAEo2ABAAAIRsECAAAQjIIFAAAgGAULAABAMAoWAACAYBQsAAAAwShYAAAAglGwAAAABKNgAQAACEbBAgAAEKy67kUIQKJIJLJ8+fL9+/dfeeWV11xzjaqqshMBQO1CwbKhY8eOPfnkkxs3bmzUqNGTTz551VVXyU6EGlVUVNS7d+/jx4+Xlpa63e4bbrjhzTffpGMBQE3iEKHdBAKBnj17Ll269NChQxs3bhw8ePCGDRtkh0KNeuaZZ44cORIIBEzTDAQCn3/++apVq2SHAoDahYJlNx9++KHf74/FYonJUCg0ZcoUuZFQw77++utIJFI2GQwG165dKzEPANRCFCy7OXDgQCgUKj/n4MGDssJAioYNG5afdLlcjRs3lhUGAGonCpbddO3a1ev1lk0ahtGtWzeJeVDzJkyY4PF4Eo91Xfd6vbfffrvcSABQ21Cw7KZnz549e/b0+Xyqqnq93pycnKeeekp2KNSorl27zp8/v0OHDjk5Ob179161alVmZqbsUABQu3AVod2oqjp79uwvv/xy48aNTZs2HThwYNnODNQev/nNbzixHQAkomDZkKqqPXr06NGjh+wgZxGPx/fs2eNwOJo2bcqXCAAA7ISCBTl27NgxbNiw48ePW5Z18cUXv/fee40aNZIdCgAAMTgHCxKYpjl06NB9+/YFAoFgMLh9+/aRI0fKDgUAgDAULEiwY8eOEydOlE3G4/H8/PzCwkKJkQAAEIiCBQk07dQ3nmVZv54JAECK4iMNErRo0aJ+/fplJ7brun755ZfzVQIAANugYEECTdMWLFjQsmVLj8fjdruvuOKKt99+W3YoAACE4SpCyHHxxRevWbPm6NGjhmHk5OTIjlNZlmXNmzfv7bffjkQit99++9ixYw3DkB0KAJB0KFiQRlXVU+6al/yef/75N954IxgMKoryyiuv5Ofnz549W3YoAEDS4RAhUFnRaHT69OmJdqUoSigUWrlyJffSBgD8GgULqKwTJ06ccqmj0+k8dOiQrDwAgKRFwQIqq169ej6fr/ycaDTapk0bWXkAAEmLggVUlqqqM2fO9Hq9hmHouu7xeCZPnlynTh3ZuQAASYeT3IFz0L1797y8vKVLl4bD4b59++bm5spOBABIRhQs4NxcdNFFY8aMkZ0CAJDUOEQIAAAgGAULAABAMAoWAACAYBQsAAAAwShYAAAAglGwAAAABKNgAQAACEbBAgAAEIyCBQAAIBgFCwAAQDAKFgAAgGAULAAAAMG42TPOQX5+/j/+8Y969erdcMMNXq/3nH63qKhoyZIlpaWlnTt3vuSSS6opIQAAyYCChcqaNm3aa6+9ZpqmYRg+n++zzz5r3LhxJX9369atAwcOjMVipmkqivLcc88NHz68OsMCACAThwhRKT/++OP06dODwWA4HPb7/cePH3/00Ucr/+ujR48uKiry+/2hUCgUCk2YMKGgoKD60gIAIBcFC5WyYcOG8pOmaZ4ypwKlpaU//fRT+TmGYWzZskVYOAAAkgwFC5VSv359XdfLz8nKyqrk77pcLsMwys8xTbNevXrCwgEAkGQoWKiUnj17ZmVlORz/OmnP6/U+/vjjlfxdVVUffPDBspPinU5ny5Yt27ZtWy1BAQBIAhQsVIrT6fzss8/69OmTmZl58cUXT506dejQoZX/9ccee+yJJ55o0qRJTk7ObbfdtnjxYk07y3vv5MmT8Xi8aqkBAJCDqwhRWfXr1587d+75/a6maQ888MDjjz9uGMaJEycqfvLGjRtHjx597NgxXdfHjh07fvx4VVXP73UBAJDi7HuwPvjgg0rOBKru6NGjgwcPPnjwYDQaLS0tfe2119555x3ZoQAAODdnL1h33HFHJWcCVbd8+fLEd2UlBIPBWbNmScwDAMB5OJ9zsGKxWFpamvAogKIooVCofMFKzJEVBgCA81PROVj33XefaZrRaHTkyJFlpyTH4/H169f/7ne/q5F4qHV69er1wgsvRKPRxKTb7e7fv7/cSAAAnKuKClazZs0Sl3E1b968rGBpmjZo0KC+fftW8YXT09Or8uuJs549Ho/L5apikiSk63qdOnVkpxDP4XCoqlrxqnXt2vWFF154/PHHnU5nNBrt1q3bs88+6/F4aizk+dF13el02u+yx8RAc7vdTqdTdhbx7DrQdF0/60BLUbquW5bldrtlB6kWbrf7lK8MtIdaO9BUy7IqXsSLL774yCOPiA6mFBQUnPWlK6DrelZWVklJSTgcFpgqSWRkZBQXF8tOIV5aWlplriJUFKWwsPCHH35o2LBh8+bNU+ISQq/XG41Gy3a82YamadnZ2X6/v7S0VHYW8ew60Hw+n8vlKiwslB1EPI/HY5pmJBKRHUQwVVXr1q0bCARseUaEjQea2+0uKCjIyck57RPO/jUNl1xyyZEjRxo2bCg6G3BG2dnZ1113newU1SgWi/39738/ePBgx44dO3ToIDsOAECwsxesl156ac2aNTk5OSNGjLjllls6depUxaN7QC138uTJvn37HjlyJBaLaZo2ePDgadOmyQ4FABDp7FcR5uXlBYPBJUuWeL3ee+65p06dOm3btp06dWoNhANsafLkyfv3708cdwsGg4sWLVqzZo3sUAAAkSr1NQ0ej6dbt26TJ0/etm3bq6++umPHjgkTJlR3MtheNBr97rvv8vPzT/leBtvYv3//0KFDW7du3bt377Vr15bNX716dflzB4PBYF5e3lmXVlxcPG7cuNzc3Kuuuuq9996r+BTGNWvW9OrVq3Xr1sOGDTtw4EBV1gIAcB7OfojQNM2dO3euWrXqvffe27hx44ABA+bNm3fttdfWQDjY2NatW4cMGRIMBi3Lql+//sKFCy+66CLZoUQqLCzs1atX4o6KBQUFd9xxxwcffNC5c2dFUerVq7d3796yZzqdzgYNGlS8NNM0BwwYsHPnzkgk8vPPP0+YMCEYDP7+978/7ZPXr19/5513BoNBRVH+/ve/9+rVa+PGjZmZmcLWDQBwNmffg5WRkXHjjTeapjlr1qxwOPzBBx8MHTq0UaNGNRAOdhWLxe64445jx46VlJT4/f49e/bcddddskMJtmjRolAoVPbFDaFQqOzA+mOPPeb1ehOPNU1zu9233nprxUvbuHHjvn37yi6eCgaDf/7zn8/05KlTpybalaIopmmGQqFFixZVZV0AAOfq7AWrV69eBw8eXLRoUV5e3u7du+33TT+oeTt27PD7/WWTlmX99NNPBQUFEiMJd/DgwVO+Q+TIkSOJBz169Jg5c2azZs3S0tK6deu2cuXK7Ozsipd29OjRU+YUFxef6Shh2QslhMPhQ4cOnVt6AEDVnL1gffLJJ6WlpTNmzCgpKbnttts8Hs+IESM++eSTGggHuzIM45SmblmWw3H2A9Yp5JprrvH5fGWTLper/IH1fv36rV+/fs+ePR9//PGll1561qV17Nix/Jlqqqq2a9fuTN8Qdu2115b/XlCv1/ub3/zmfNYBAHC+KnWSu2EY7du3f+yxx/Ly8qZNm7ZgwYKBAwdWdzLYWLNmzRo3blx2ewCHw9G1a9eMjAy5qcTq06dP7969fT6fw+FIS0tr1KjRxIkTz3tpTZs2HT9+vMfjcTqdXq83IyPjtddeO9OTn3zyyQsvvDDx0j6f78Ybb+zdu/d5vzQA4DycfZ9BOBz+7rvvPvvss7/+9a87d+5s3rz5H//4x379+tVAONiVpmnvv//+vffeu3XrVkVRunXr9uabb8oOJZiqqm+99dbatWu//fbbpk2b9uvXr4p3mxk7dmyvXr2++uqrrKysfv36VXDSekZGxtq1az/99NMDBw5ceeWV7L4CgJp39lvlOJ1Oj8czbNiwgQMHdu3aVdS1SNwqpwJ2vbHAr2+VU1RUlNjBIzGVENwqJxXZdaBxq5yUw61yUpGAW+X89NNPjRs3Ton7wSHl8N0BAABbOnvBatKkSQ3kAAAAsI1KneQOAACAyqNgAQAACEbBAgAAEIyCBQAAIBgFCwAAQDAKFgAAgGAULAAAAMEoWAAAAIJRsAAAAASjYAEAAAhGwQIAABCMggUAACAYBQsAAEAwChYAAIBgFCwAAADBKFgAAACCUbAAAAAEo2ABAAAIRsECkIwKCwu3bNkSCARkBwGA80HBApBc4vH4+PHj27dvf+utt7Zp02bOnDmyEwHAOaNgAUgu77zzzqJFi8LhcElJSSgU+tOf/vTtt9/KDgUA54aCBSC5LFiwIBgMlk2Gw+GlS5dKzCNXJBKxLEt2CgDnjIIFILnoun7KHIfDISWJXFu3br322mubNm166aWXTp8+nZoFpBYKFoDkcvfdd3u93rJJl8s1aNAgiXmkKCws7N+///bt203T9Pv9f/7zn+fOnSs7FIBzQMFCKolGo0uWLHnllVdWr17NH/R2NWTIkAceeMDpdHq93rS0tOnTp7dp00Z2qJq2YsWKWCxWNhkMBmfMmCExD4BzVRt3vCNFBQKBPn36HDp0qLS01O12d+vW7d1339U0/kiwG1VVn3jiiYcffvjYsWMXXnjhr48Y1gYlJSXlC5aiKHxjBZBa+HBCypg2bdq+ffsCgYBpmoFAYN26dZ988onsUKguTqezSZMmtbNdKYrSvXv38uvucrn69u0rMQ+Ac0XBQsrIy8sLh8Nlk4FAIC8vT2Ie2I9pmq+88krbtm2bNWs2evTowsJCWUlat279pz/9yePxpKen+3y+3NzcSZMmyQoD4DxwiBApo3Hjxt9//33ZpGEYF110kcQ8sJ9p06a98cYbiS+JWLZs2Y4dO7744gtZh6F///vf33zzzVu2bGnQoEGHDh04Gg6kFkYsUsb48ePLLi7TNM3j8dx5551yI8FOLMsqa1eKokQikb17927ZskVipAsuuKBv375XXHEF7QpIOQxapIz27dsvXry4U6dOOTk53bt3X7VqVU5OjuxQsI9oNBqJRMrP0TTt+PHjsvIASGkcIkQq6dy584oVK2SngD05nc5WrVrl5+eXfQNILBa78sor5aYCkKLYgwUA//KXv/wlKysrLS3N6/V6PJ7nnnuOvaQAzg97sADgX1q1arVp06bVq1eXlJQkblMjOxGAVEXBAoD/k56e3r9/f9kpAKQ8DhECAAAIRsECAAAQjIIFAAAgGAULAABAMAoWAACAYBQsAAAAwShYAAAAglGwAAAABKNgAQAACEbBAgAAEEzwrXKKiormzp27bt26pk2bjhgxol27dmKXDwAAkPwE78FavXr18OHD58+fP378+ClTphQWFopdPgAAQPITvAdr0KBBiQf169e/+uqr9+3bl52dLfYlAAAAkpzgglWmuLh4y5Yto0aNKj9z7dq1x48fTzy+7rrrDMM47+VrmqYoimEYqqpWJWdy0jTN7XbLTiGeruuqqtpy1RwOh6qquq7LDiJYYnxVZagmM7sOtMS70a6rpmla4v9/O0kMNIfDYcutZteBlvgPv4JVUy3LEvuSK1asmDlzpmVZEydO7Nq1a/kfjR49evPmzYnHq1evTk9PF/vSAAAAyUB8wVIUxbKskydP/vd///eDDz7YokWLsvnFxcXRaPRfL6yqVdn5pGlaZmam3++PRCJVjZt80tPTS0pKZKcQz+fzGYZRVFQkO4h4Ho8nGo3GYjHZQQRLDLRAIBAOh2VnEc+uA83r9TqdTlsONLfbbZpm2eeIbaiqmpWVFQwGS0tLZWcRz8YDzeVynThx4kynQlXLIUJVVTMyMvr3779p06byBSsjI6PscUFBQTwer8pLKIpiWVZVFpLMbLlelmXZdZPZeNUUBlqqSfzZbNdVs+W7kU+0VHTWgSbySLZpmqtXrzZNU1GU4uLijz/+ODc3V+DyAQAAUoLIPVi6rtevX//RRx/dv39/q1atBg8e3L59e4HLBwAASAmCDxHm5ua+/PLLYpcJAACQWux2sSsAAIB0FCwAAADBKFgAAACCUbAAAAAEo2ABAAAIRsECAAAQjIIFAAAgGAULQI365Zdf7r333latWl111VUffPCB7DgAUC2q5V6EAHBakUikb9++R44ciUajhYWFjzzyiGmagwcPlp0LAARjDxaAmvPFF18UFhZGo9HEZDAYfP755+VGAoDqQMECUHOOHTsWi8XKzykoKJAVBgCqD5YGf60AABcvSURBVAULQM3p2rWrpv3ffzu6rnfp0kViHgCoJhQsADWnTZs2999/v9frdTqdPp+vbt26L774ouxQACAeJ7kDqFETJky4+eab161bl5OTc+ONN/p8PtmJAEA8ChaAmtauXbt27drJTgEA1YhDhAAAAIJRsAAAAASjYAEAAAhGwQIAABCMggUg6Wzbtu3OO+/s1q3b2LFjf/nlF9lxAOCccRUhUNvl5+d/9tlnbrf7lltuadKkiew4yrZt2/r27RsKhSzL2rdv36pVqzZs2JCeni47FwCcA/ZgAbXanDlz+vbt+8ILL0yZMuWaa67Jy8uTnUh57rnnEu1KUZRoNFpSUjJ//nzZoQDg3FCwgNqrqKjoT3/6UygUMk0zEokEg8H7778/0Wwk2r17d/kMpaWlu3btkpgHAM4DBQuovbZt22YYRvk5J0+eLCwslJUnoWvXruVT+Xw+7lcIIOVQsIDaq1GjRtFo9JSZmZmZUsKUmThxYnZ2tsfjURTF5/O1bdt20KBBciMBwLniJHeg9mratGn37t2//PLLUCikKIrX633wwQd1XZebKjs7e8OGDQsWLNi1a1enTp0GDBggPRIAnCsKFlCrzZo166WXXvroo49cLteoUaNGjBghO5GiKIrP57v33ntlpwCA80fBAmo1p9P5xBNPPPHEE7KDAICtcA4WAACAYBQsAAAAwShYAAAAglGwAAAABKNgAQAACEbBAgAAEIyCBQAAIBgFCwAAQDAKFgAAgGAULAAAAMEoWAAAAIJxL0IANW3Xrl0bNmzIycnp0aOH0+mUHQcAxKNgAahR06dPnzZtmqqqmqZlZmauWLHiggsukB0KAATjECGAmrNjx45p06aFQqFgMOj3+48cOTJ+/HjZoQBAPAoWgJqzbt268pOmaf7jH/+QFQYAqg8FC0DNqVu3rq7r5efUqVNHVhgAqD4ULAA1p3fv3unp6WUdy+v1Pvzww3IjAUB1oGABqDlut3vFihXXXXed1+tt2LDhU089ddddd8kOBQDicRUhgBrVqFGjhQsXyk4BANWLPVgAAACCUbAAAAAEo2ABAAAIRsECAAAQjIIFAAAgGAULAABAMAoWAACAYBQsAAAAwShYAAAAglGwAAAABJN2qxyn02lZ1nn/uqZpiqI4HI6qLCRpqarqdDplpxBP13Ubr5qiKKqqyg4iWGKNdF235Vaz8bvR3qsmO4V4DLRUlPhvv4JVk1awEg3pvCXejpqmJdbQZlRVtet62XjVbPluZKClorJPa9lBxEt8cNhv1RhoqeisA01awSotLa3Kzidd171ebyQSCYfDAlMlCafTGQqFZKcQL/HXpy1XTVXVaDQajUZlBxFM0zSv1xuNRktLS6UEOHDgwMyZM/fv39+9e/e77rrLMAyBC7frQEt8Ttty1RRFMU0zEonITiGYqqqJgWbLrWbjgeZwOEKhkM/nO+0TpBUsAKjYtm3b+vXrFwqF4vF4Xl7ehx9+uHTp0iru/AaAmsF/VQCS1B/+8IdgMBiPxxVFCQaD+fn5n3/+uexQAFApFCwASWr79u3lTyQIhULbtm2TmAcAKo+CBSBJtWzZsvykx+M5ZQ4AJC0KFoAkNWXKFK/XmzjpyuPxNG/e/MYbb5QdCgAqhZPcASSptm3brl69+rXXXtu3b1+PHj3uu+8+W17sDcCWKFgAktell1764osvyk4BAOeMQ4QAAACCUbAAAAAEo2ABAAAIRsECAAAQjIIFAAAgGAULAABAMAoWAACAYBQsAAAAwShYAAAAglGwAAAABKNgAcC/OXr06K5du0zTlB0EQAqjYAHAv5w4caJ///6dO3fu3bt3hw4dtmzZIjsRgFRFwQKAfxk3btymTZtKS0sDgcCxY8eGDBkSDAZlhwKQkihYAKAoihKLxVatWhWNRsvP2bRpk8RIAFIXBQsAzkhVVdkRAKQkChYAKIqiOByOPn36OJ3OsjlOp7NTp04SIwFIXRQsAPiXl19+uVu3bi6Xy+v1NmrUaOHChR6PR3YoACnJITsAACSLzMzMxYsXFxQU+P3+pk2bcnwQwHmjYAHAv6lbt27dunVlpwCQ2jhECAAAIBgFCwAAQDAKFgAAgGAULAAAAMEoWAAAAIJRsAAAAASjYAEAAAhGwQIAAMLk5+ffcsstLVq06NOnT22+XTpfNAoAAMQ4cODAb3/720AgoCjKt99+e9ttt61du7Zx48ayc0nAHiwAACDG7NmzQ6FQ2WQoFJo2bZrEPBJRsAAAgBgHDhyIx+Nlk5ZlHThwQGIeiShYAABAjF69enm93rJJj8dz4403SswjEQULAACIMWTIkM6dO6elpRmGkZaW1rp163HjxskOJQcnuQMAADF0XV+0aFFeXl5+fn6LFi169uzpcrlKS0tl55KAggUAOAvLsvbu3fvzzz/n5uampaXJjoOkpqrq9ddff/3118sOIhkFCwBQkWAweNddd33zzTcOh8M0zZdffnngwIGyQwHJjnOwAAAVmTRp0vr164PB4MmTJwOBwNixY/fv3y87FJDsKFgAgIosW7YsHA6Xn7N69WpZYYBUQcECAFTEMIzyk6qqulwuWWGAVEHBAgBU5O677/Z4PGWTmqb17t1bYh4gJVCwAAAVGTt27IgRI5xOp8vlatSo0cKFC3NycmSHApIdVxECACricDimTJkyadKkkpKS7Oxs2XGA1MAeLADA2RmGQbsCKo+CBQAAIBgFCwAAQDAKFgAAgGAULAAAAMEoWAAAAIJRsAAAAASjYAEAAAhGwQIAABBM8De579u3b+7cuVu3bs3NzR05cmSTJk3ELh8AACD5iSxY8Xg8Ly/v4YcfTktL27Vr10MPPbRgwQJuug4AAGobkYcINU0bMWJEenq6qqotWrRo06bNgQMHBC4fAAAgJVTXOVixWGz37t0NGjSopuUDAAAkLdWyLOELtSxr+vTpjRs3vvXWW8vPf+CBBzZv3px4vGrVqvT0dOEvDQAAIJ3gk9wT5s2bZxjGoEGDTpnfr1+/yy+/PPHYNM1gMHjeL6GqqsfjiUQisVjs/IMmK7fbXVpaKjuFeE6nU9f1UCgkO4h4hmHE43HTNGUHEYyBlooYaCmHgZaKDMMwDCMYDHq93tM+QXzBevfdd4uKisaOHauq6ik/uuWWW8oeFxQUVKVg6bru8XjC4XA4HD7vhSStxDaTnUI8TdNUVbXlqnm93mg0Go1GZQcRTNO0xP/7dv3/0ZbvRlVVNU2z5ap5PB7TNCORiOwggiUKVjQatWsttuW70efzORyOCgqW4HOwFi9efPTo0dO2KwAAgFpC5B6sSCQyb948VVW//vrrxJxJkyZ16NBB4EsAAAAkP5EFy+l0LlmyROACAQC1VnFxcTgcrl+/vuwgwPngVjkAgORSVFQ0ePDgyy67rGPHjt26ddu5c6fsRMA5o2ABAJLLQw899PXXXyeurvjpp59uv/12+53YDtujYAEAkkgkEvniiy/Krsm1LKukpOT777+Xmwo4VxQsAEASicfjp8xRVdV+330F26NgAQCSiNvt7tq1q67rZXMMw+CCdKQcChYAILnMnDkzNzfX6/Wmp6fXq1fv/fffd7lcskMB56ZabpUDAMB5a9CgwapVq/bt2xcKhVq0aOFw8FGF1MO7FgCQdFRVvfjii2WnAM4fhwgBAAAEo2ABAAAIRsECAAAQjIIFAAAgGCe5AwAAWyktLf3qq6+KioquvvrqJk2aSMlAwQIAAPZx4MCBm266qaSkxLKseDz+zDPP3H333TUfg0OEAADAPsaMGfPzzz/7/f5AIBAKhZ588slDhw7VfAwKFgAAsAnLsr755pvyN6/UdX3jxo01n4SCBQAAbEJV1bS0tFPmZGdn13wSChYAALCPBx54wOv1Jh7rup6dnd2tW7eaj0HBAgAA9jF27NjHHnssJyfH4/H06NFj2bJlTqez5mNwFSEAALAPTdPGjBkzZswYyTHkvjwAAID9ULAAAAAEo2ABAAAIRsECAAAQjIIFAAAgGAULAABAMAoWAACAYBQsAAAAwShYAAAAglGwAAAABKNgAQAACEbBAgAAEIyCBQAAIBgFCwAAQDAKFgAAgGAULAAAAMEoWAAAAIJRsAAAAASjYAEAAAhGwQIAABDMITsAAACoSDwe37hx46FDh6688spLLrlEdhxUCgULAIDk5ff7BwwYsHv3bkVRTNN88MEHn3jiCdmhcHYcIgQAIHk988wzP/74o9/v9/v9oVBoxowZ//u//ys7FM6OggUAQPL6/PPPw+Fw2WQ4HP7yyy/lxUFlUbAAAEhederUKT9pGEZWVpasMKg8ChYAAMlr3LhxXq838VhVVafT2b9/f7mRUBkULAAAktfAgQMnT55cr149h8PRrl27ZcuW1a1bV3YonB1XEQIAkLxUVR0xYsSIESMsy1JVVXYcVBZ7sAAASAG0q9RCwQIAABCMggUAACAYBQsAAEAwChYAAIBgXEUIAEBSi8fjGzZsSNzs+dJLL5UdB5VCwQIAIHn5/f7+/fvv2bPHsqx4PP7AAw/8v//3/2SHwtlxiBAAgOT19NNP79ixw+/3BwKBUCj0xhtvbN68WXYonB0FCwCA5PXrmz1/9dVXEvOgkihYAAAkr8zMzPKT3Ow5VaiWZUl54UgkUpUvpVVV1eFwmKYZj8cFpkoSDocjFovJTiGeruuqqtpy1TRNsyxL1miqVoZhMNBSi67rmqZFo1HZQcTTNE1RFFu+GysYaAsXLhw9enQgEFAURVXVOnXqbNu2LScnp8YznifbDzTDME77BGkFq6CgoCovret6VlZWSUlJ+R2ntpGRkVFcXCw7hXhpaWmGYZw4cUJ2EPG8Xm80GrXfR5qmadnZ2X6/v7S0VHYW8ew60Hw+n8vlKiwslB1EPI/HY5pmJBKRHUQwVVXr1q2bOMXqtE949913n3322cLCwtzc3OnTp7dp06aGE1aFjQea2+0uKCg4U9nlKkIAAJLa8OHDhw8fzs2eUwvnYAEAkAJoV6mFggUAACAYBQsAAEAwChYAAIBgFCwAAADBKFgAAACCUbAAAAAEo2ABAAAIRsECAAAQjIIFAAAgGAULAABAMAoWAACAYBQsAAAAwShYAAAAglGwAAAABKNgAQAACEbBAgAAEIyCBQAAIBgFCwAAQDAKFgAAgGCqZVlSXvjkyZNV+fVIJLJt27aLLrooMzNTVKTk4Xa7S0tLZacQ7+DBg36/v3Xr1rKDiGcYRjweN01TdhDBotFofn5+kyZNsrOzZWcRz64D7dChQ0VFRbm5ubKDiGfXgRaPx7///vtGjRrl5OTIziKey+UKh8OyU4h35MiRgoKCtm3b1qlT57RPkFawqujw4cP9+/d/5pln+vXrJzsLKuuZZ5755ptvlixZIjsIKquwsLBPnz5//OMfBw4cKDsLKmvatGmff/75ypUrZQdBZQUCgeuvv378+PFDhw6VnQWV9eqrry5evDgvL+9MT+AQIQAAgGAULAAAAMH0SZMmyc5wPizLUlW1c+fOdevWlZ0FlWWaZuPGjTt06CA7CCrLsizLsjp16lSvXj3ZWVBZpmleeOGFV1xxhewgOAemaXbs2PGCCy6QHQSVZZpmgwYNOnXqdKYnpOo5WAAAAEmLQ4QAAACCUbAAAAAEc8gOUFlz5sz55JNPFEUZNWrUzTffXDbfsqz3339/2bJlmZmZY8aMadOmjbyM+Ddn2mSzZs1avnx54nFWVtbbb78tJx9OZ9++fXPnzt26dWtubu7IkSObNGmSmM9AS1pn2mQMtGRWVFQ0d+7cdevWNW3adMSIEe3atUvMZ6AlrTNtsooGmpVSli5dumTJkvJzPvroo5dffjkSifzyyy/Dhg0rKCiQlQ2n9etN9pe//GX79u2y8qACpmnOmzfv5MmT8Xh8x44dAwYMKC0tTfyIgZacKthkDLRk9uGHH/7yyy/xePzYsWNDhgwpG1AMtKR1pk1WwUBLsUOEqqqeMmfhwoV33XWXYRg5OTm/+93v1qxZIyUYzuTXm0xRFE1LsTdeLaFp2ogRI9LT01VVbdGiRZs2bQ4cOJD4EQMtOVWwyRQGWhIbNGhQTk6Oqqr169e/+uqr9+3bl5jPQEtaZ9pkypkHWmoPv9LSUr/fX3a3nObNm+fn58uNhMqYPHny4MGDn3zyyb1798rOgtOLxWK7d+9u0KCBwkBLEeU3WQIDLfkVFxdv2bKlZcuWCgMtRZTfZAlnGmgpcw7WaUWjUVVVy/aReL1ev98vNxLO6r777rvvvvssy9qxY8f48eNnz56dkZEhOxT+jWVZM2bMGDJkSHp6usJASwWnbDKFgZb0VqxYMXPmTMuyJk6c6PP5FAZa0vv1JlMqHGipvQfLMIzEkc7EZCgUSktLkxsJlaSqaqtWrfr167d582bZWXCqefPmGYYxaNCgxCQDLfmdssnKMNCSVr9+/T7++OO//vWv8+fP37lzp8JAS3q/3mRlTjvQUrtgud1un89XVFSUmNy1axfXXKQWVVXj8bjsFPg37777blFR0f3331/2lzQDLcn9epOdgoGWnFRVzcjI6N+//6ZNmxQGWio4ZZP9+qflB1pqFyxFUW677bb33nvPNM2ioqJFixZdc801shOhIqZprly5MhaLWZa1Z8+eFStWdOzYUXYo/J/FixcfPXp07Nixp3xUM9CS1mk3GQMtmZmmuXr1atM0FUUpLi7++OOPc3NzEz9ioCWnM22yigdaytwqZ82aNS+++GJi9XRdHzduXPfu3RVFicfjf/vb3z799NOMjIwxY8aUfTUFpDvTJvv+++/feuutw4cPt2nT5p577mnWrJnkoPj/RSKR22+/XVXVsotiJk2alLh3JAMtOVWwyRhoyWzr1q1vvfXW/v37W7VqddNNN5UVKQZa0jrTJqtgoKVMwQIAAEgVKX+IEAAAINlQsAAAAASjYAEAAAhGwQIAABCMggUAACAYBQsAAEAwChYAAIBgFCwAAADBKFgAUsaUKVNGjhz55ptvtm7d2ufz3XbbbYWFhf/85z9vuOGGtLS06667btu2beWffPfdd8+YMaNly5ZpaWnDhw8vLCwsv7QFCxa0bNmyTp06/fv3X7FihdPpLCkpqfF1AmBPFCwAKcM0zTlz5ui6/v333xcUFFiW1bZt26lTpy5atOjkyZMjR47s3Llz4u5MiSfPmzfv8OHD33333fHjx5s1a9a+fftoNJr46YIFC/7rv/5r6dKlRUVFL7744n/8x3+U/QgAqo6CBSCVXH755aNGjTIMw+12P/roo0eOHHn99dczMzM1TbvzzjsDgcDu3bvLnlynTp2nn37a7Xa73e6nnnoqEAh8+umniR+NHTt2+vTprVq10jStefPmb7zxhqQVAmBPFCwAqaRLly5ljzMyMhRFycrKSkwahqEoSigUKnvCTTfdVHYXZFVVb7nllvXr1yuKEggEfv755/KL6tSpU/VnB1CLULAApJKywqQoiqqq5/S7qvpvt7cv/+vnuigAqBgFC4BtrVixoqxRWZa1fPnyrl27Kori9XpzcnI2b95c9sxvv/1WTkQANkXBAmBbRUVFkydPjkaj0Wh06tSpqqr+9re/VRRFVdWXXnrpoYce2rt3r6IoBw4c+M///E/JWQHYi0N2AACoLkOHDvV6vc2bNz969Gj//v3z8/NdLlfiR3feeaeiKN27dz927Ng111wzbdq0wYMHlz/+CABV8W9nJACAbTz99NNHjhyp5OWBeXl5N998c3FxMSdjARCCP9cA1EZFRUXvvvtuOBy2LGvnzp333Xff5MmTaVcAROEQIYDaKDMzs06dOl26dPnhhx/atm07ceLExEFDABCCQ4QAAACCcYgQAABAMAoWAACAYBQsAAAAwShYAAAAglGwAAAABKNgAQAACEbBAgAAEOz/A+A6mhfeIllBAAAAAElFTkSuQmCC"/&gt;

* Run `testthat::snapshot_accept('toHTML')` to accept the change.
* Run `testthat::snapshot_review('toHTML')` to interactively review the change.</failure>
    </testcase>
    <testcase time="0.0150000000000006" classname="toHTML" name="toHTML_generates_a_code_chunk_with_pre_element">
      <skipped message="Reason: accordion sets random attributes to the html output ('test-toHTML.R:28:5')"/>
    </testcase>
    <testcase time="0.0330000000000013" classname="toHTML" name="toHTML_generates_an_output_chunk_that_is_similar_to_its_contents"/>
    <testcase time="0.00399999999999068" classname="toHTML" name="toHTML_generates_output_from_teal_card_in_teal_report">
      <skipped message="Reason: accordion sets random attributes to the html output ('test-toHTML.R:39:5')"/>
    </testcase>
    <testcase time="0.0150000000000006" classname="toHTML" name="toHTML_can_be_locally_overwritten"/>
    <testcase time="0.722000000000008" classname="toHTML" name="toHTML_generates_a_shiny_tag_for_gtsummary">
      <failure type="failure" message="Snapshot of code has changed: ('test-toHTML.R:56:5')">Snapshot of code has changed:
old[2:5] vs new[2:5]
    result
  Output
    &lt;style&gt;&lt;/style&gt;
-   &lt;div class="tabwid"&gt;&lt;style&gt;.cl-4d72380c{}.cl-4d6d2074{font-family:'Helvetica';font-size:11pt;font-weight:normal;font-style:normal;text-decoration:none;color:rgba(0, 0, 0, 1.00);background-color:transparent;}.cl-4d6ef598{margin:0;text-align:center;border-bottom: 0 solid rgba(0, 0, 0, 1.00);border-top: 0 solid rgba(0, 0, 0, 1.00);border-left: 0 solid rgba(0, 0, 0, 1.00);border-right: 0 solid rgba(0, 0, 0, 1.00);padding-bottom:2pt;padding-top:2pt;padding-left:5pt;padding-right:5pt;line-height: 1;background-color:transparent;}.cl-4d6ef5a2{margin:0;text-align:center;border-bottom: 0 solid rgba(0, 0, 0, 1.00);border-top: 0 solid rgba(0, 0, 0, 1.00);border-left: 0 solid rgba(0, 0, 0, 1.00);border-right: 0 solid rgba(0, 0, 0, 1.00);padding-bottom:5pt;padding-top:5pt;padding-left:5pt;padding-right:5pt;line-height: 1;background-color:transparent;}.cl-4d6f0830{width:0.583in;background-color:transparent;vertical-align: middle;border-bottom: 1pt solid rgba(0, 0, 0, 1.00);border-top: 1pt solid rgba(0, 0, 0, 1.00);border-left: 0 solid rgba(0, 0, 0, 1.00);border-right: 0 solid rgba(0, 0, 0, 1.00);margin-bottom:0;margin-top:0;margin-left:0;margin-right:0;}.cl-4d6f0831{width:0.472in;background-color:transparent;vertical-align: middle;border-bottom: 1pt solid rgba(0, 0, 0, 1.00);border-top: 1pt solid rgba(0, 0, 0, 1.00);border-left: 0 solid rgba(0, 0, 0, 1.00);border-right: 0 solid rgba(0, 0, 0, 1.00);margin-bottom:0;margin-top:0;margin-left:0;margin-right:0;}.cl-4d6f0832{width:0.668in;background-color:transparent;vertical-align: middle;border-bottom: 1pt solid rgba(0, 0, 0, 1.00);border-top: 1pt solid rgba(0, 0, 0, 1.00);border-left: 0 solid rgba(0, 0, 0, 1.00);border-right: 0 solid rgba(0, 0, 0, 1.00);margin-bottom:0;margin-top:0;margin-left:0;margin-right:0;}.cl-4d6f083a{width:0.54in;background-color:transparent;vertical-align: middle;border-bottom: 1pt solid rgba(0, 0, 0, 1.00);border-top: 1pt solid rgba(0, 0, 0, 1.00);border-left: 0 solid rgba(0, 0, 0, 1.00);border-right: 0 solid rgba(0, 0, 0, 1.00);margin-bottom:0;margin-top:0;margin-left:0;margin-right:0;}.cl-4d6f0844{width:0.438in;background-color:transparent;vertical-align: middle;border-bottom: 1pt solid rgba(0, 0, 0, 1.00);border-top: 1pt solid rgba(0, 0, 0, 1.00);border-left: 0 solid rgba(0, 0, 0, 1.00);border-right: 0 solid rgba(0, 0, 0, 1.00);margin-bottom:0;margin-top:0;margin-left:0;margin-right:0;}.cl-4d6f0845{width:0.497in;background-color:transparent;vertical-align: middle;border-bottom: 1pt solid rgba(0, 0, 0, 1.00);border-top: 1pt solid rgba(0, 0, 0, 1.00);border-left: 0 solid rgba(0, 0, 0, 1.00);border-right: 0 solid rgba(0, 0, 0, 1.00);margin-bottom:0;margin-top:0;margin-left:0;margin-right:0;}.cl-4d6f084e{width:0.591in;background-color:transparent;vertical-align: middle;border-bottom: 1pt solid rgba(0, 0, 0, 1.00);border-top: 1pt solid rgba(0, 0, 0, 1.00);border-left: 0 solid rgba(0, 0, 0, 1.00);border-right: 0 solid rgba(0, 0, 0, 1.00);margin-bottom:0;margin-top:0;margin-left:0;margin-right:0;}.cl-4d6f084f{width:0.582in;background-color:transparent;vertical-align: middle;border-bottom: 1pt solid rgba(0, 0, 0, 1.00);border-top: 1pt solid rgba(0, 0, 0, 1.00);border-left: 0 solid rgba(0, 0, 0, 1.00);border-right: 0 solid rgba(0, 0, 0, 1.00);margin-bottom:0;margin-top:0;margin-left:0;margin-right:0;}.cl-4d6f0858{width:0.583in;background-color:transparent;vertical-align: top;border-bottom: 0 solid rgba(0, 0, 0, 1.00);border-top: 0 solid rgba(0, 0, 0, 1.00);border-left: 0 solid rgba(0, 0, 0, 1.00);border-right: 0 solid rgba(0, 0, 0, 1.00);margin-bottom:0;margin-top:0;margin-left:0;margin-right:0;}.cl-4d6f0862{width:0.472in;background-color:transparent;vertical-align: top;border-bottom: 0 solid rgba(0, 0, 0, 1.00);border-top: 0 solid rgba(0, 0, 0, 1.00);border-left: 0 solid rgba(0, 0, 0, 1.00);border-right: 0 solid rgba(0, 0, 0, 1.00);margin-bottom:0;margin-top:0;margin-left:0;margin-right:0;}.cl-4d6f0863{width:0.668in;background-color:transparent;vertical-align: top;border-bottom: 0 solid rgba(0, 0, 0, 1.00);border-top: 0 solid rgba(0, 0, 0, 1.00);border-left: 0 solid rgba(0, 0, 0, 1.00);border-right: 0 solid rgba(0, 0, 0, 1.00);margin-bottom:0;margin-top:0;margin-left:0;margin-right:0;}.cl-4d6f0876{width:0.54in;background-color:transparent;vertical-align: top;border-bottom: 0 solid rgba(0, 0, 0, 1.00);border-top: 0 solid rgba(0, 0, 0, 1.00);border-left: 0 solid rgba(0, 0, 0, 1.00);border-right: 0 solid rgba(0, 0, 0, 1.00);margin-bottom:0;margin-top:0;margin-left:0;margin-right:0;}.cl-4d6f0877{width:0.438in;background-color:transparent;vertical-align: top;border-bottom: 0 solid rgba(0, 0, 0, 1.00);border-top: 0 solid rgba(0, 0, 0, 1.00);border-left: 0 solid rgba(0, 0, 0, 1.00);border-right: 0 solid rgba(0, 0, 0, 1.00);margin-bottom:0;margin-top:0;margin-left:0;margin-right:0;}.cl-4d6f0880{width:0.497in;background-color:transparent;vertical-align: top;border-bottom: 0 solid rgba(0, 0, 0, 1.00);border-top: 0 solid rgba(0, 0, 0, 1.00);border-left: 0 solid rgba(0, 0, 0, 1.00);border-right: 0 solid rgba(0, 0, 0, 1.00);margin-bottom:0;margin-top:0;margin-left:0;margin-right:0;}.cl-4d6f0881{width:0.591in;background-color:transparent;vertical-align: top;border-bottom: 0 solid rgba(0, 0, 0, 1.00);border-top: 0 solid rgba(0, 0, 0, 1.00);border-left: 0 solid rgba(0, 0, 0, 1.00);border-right: 0 solid rgba(0, 0, 0, 1.00);margin-bottom:0;margin-top:0;margin-left:0;margin-right:0;}.cl-4d6f0882{width:0.582in;background-color:transparent;vertical-align: top;border-bottom: 0 solid rgba(0, 0, 0, 1.00);border-top: 0 solid rgba(0, 0, 0, 1.00);border-left: 0 solid rgba(0, 0, 0, 1.00);border-right: 0 solid rgba(0, 0, 0, 1.00);margin-bottom:0;margin-top:0;margin-left:0;margin-right:0;}.cl-4d6f088a{width:0.583in;background-color:transparent;vertical-align: top;border-bottom: 0 solid rgba(0, 0, 0, 1.00);border-top: 0 solid rgba(0, 0, 0, 1.00);border-left: 0 solid rgba(0, 0, 0, 1.00);border-right: 0 solid rgba(0, 0, 0, 1.00);margin-bottom:0;margin-top:0;margin-left:0;margin-right:0;}.cl-4d6f088b{width:0.472in;background-color:transparent;vertical-align: top;border-bottom: 0 solid rgba(0, 0, 0, 1.00);border-top: 0 solid rgba(0, 0, 0, 1.00);border-left: 0 solid rgba(0, 0, 0, 1.00);border-right: 0 solid rgba(0, 0, 0, 1.00);margin-bottom:0;margin-top:0;margin-left:0;margin-right:0;}.cl-4d6f0894{width:0.668in;background-color:transparent;vertical-align: top;border-bottom: 0 solid rgba(0, 0, 0, 1.00);border-top: 0 solid rgba(0, 0, 0, 1.00);border-left: 0 solid rgba(0, 0, 0, 1.00);border-right: 0 solid rgba(0, 0, 0, 1.00);margin-bottom:0;margin-top:0;margin-left:0;margin-right:0;}.cl-4d6f0895{width:0.54in;background-color:transparent;vertical-align: top;border-bottom: 0 solid rgba(0, 0, 0, 1.00);border-top: 0 solid rgba(0, 0, 0, 1.00);border-left: 0 solid rgba(0, 0, 0, 1.00);border-right: 0 solid rgba(0, 0, 0, 1.00);margin-bottom:0;margin-top:0;margin-left:0;margin-right:0;}.cl-4d6f089e{width:0.438in;background-color:transparent;vertical-align: top;border-bottom: 0 solid rgba(0, 0, 0, 1.00);border-top: 0 solid rgba(0, 0, 0, 1.00);border-left: 0 solid rgba(0, 0, 0, 1.00);border-right: 0 solid rgba(0, 0, 0, 1.00);margin-bottom:0;margin-top:0;margin-left:0;margin-right:0;}.cl-4d6f089f{width:0.497in;background-color:transparent;vertical-align: top;border-bottom: 0 solid rgba(0, 0, 0, 1.00);border-top: 0 solid rgba(0, 0, 0, 1.00);border-left: 0 solid rgba(0, 0, 0, 1.00);border-right: 0 solid rgba(0, 0, 0, 1.00);margin-bottom:0;margin-top:0;margin-left:0;margin-right:0;}.cl-4d6f08a0{width:0.591in;background-color:transparent;vertical-align: top;border-bottom: 0 solid rgba(0, 0, 0, 1.00);border-top: 0 solid rgba(0, 0, 0, 1.00);border-left: 0 solid rgba(0, 0, 0, 1.00);border-right: 0 solid rgba(0, 0, 0, 1.00);margin-bottom:0;margin-top:0;margin-left:0;margin-right:0;}.cl-4d6f08a8{width:0.582in;background-color:transparent;vertical-align: top;border-bottom: 0 solid rgba(0, 0, 0, 1.00);border-top: 0 solid rgba(0, 0, 0, 1.00);border-left: 0 solid rgba(0, 0, 0, 1.00);border-right: 0 solid rgba(0, 0, 0, 1.00);margin-bottom:0;margin-top:0;margin-left:0;margin-right:0;}.cl-4d6f08a9{width:0.583in;background-color:transparent;vertical-align: top;border-bottom: 0 solid rgba(0, 0, 0, 1.00);border-top: 0 solid rgba(0, 0, 0, 1.00);border-left: 0 solid rgba(0, 0, 0, 1.00);border-right: 0 solid rgba(0, 0, 0, 1.00);margin-bottom:0;margin-top:0;margin-left:0;margin-right:0;}.cl-4d6f08b2{width:0.472in;background-color:transparent;vertical-align: top;border-bottom: 0 solid rgba(0, 0, 0, 1.00);border-top: 0 solid rgba(0, 0, 0, 1.00);border-left: 0 solid rgba(0, 0, 0, 1.00);border-right: 0 solid rgba(0, 0, 0, 1.00);margin-bottom:0;margin-top:0;margin-left:0;margin-right:0;}.cl-4d6f08b3{width:0.668in;background-color:transparent;vertical-align: top;border-bottom: 0 solid rgba(0, 0, 0, 1.00);border-top: 0 solid rgba(0, 0, 0, 1.00);border-left: 0 solid rgba(0, 0, 0, 1.00);border-right: 0 solid rgba(0, 0, 0, 1.00);margin-bottom:0;margin-top:0;margin-left:0;margin-right:0;}.cl-4d6f08bc{width:0.54in;background-color:transparent;vertical-align: top;border-bottom: 0 solid rgba(0, 0, 0, 1.00);border-top: 0 solid rgba(0, 0, 0, 1.00);border-left: 0 solid rgba(0, 0, 0, 1.00);border-right: 0 solid rgba(0, 0, 0, 1.00);margin-bottom:0;margin-top:0;margin-left:0;margin-right:0;}.cl-4d6f08c6{width:0.438in;background-color:transparent;vertical-align: top;border-bottom: 0 solid rgba(0, 0, 0, 1.00);border-top: 0 solid rgba(0, 0, 0, 1.00);border-left: 0 solid rgba(0, 0, 0, 1.00);border-right: 0 solid rgba(0, 0, 0, 1.00);margin-bottom:0;margin-top:0;margin-left:0;margin-right:0;}.cl-4d6f08c7{width:0.497in;background-color:transparent;vertical-align: top;border-bottom: 0 solid rgba(0, 0, 0, 1.00);border-top: 0 solid rgba(0, 0, 0, 1.00);border-left: 0 solid rgba(0, 0, 0, 1.00);border-right: 0 solid rgba(0, 0, 0, 1.00);margin-bottom:0;margin-top:0;margin-left:0;margin-right:0;}.cl-4d6f08d0{width:0.591in;background-color:transparent;vertical-align: top;border-bottom: 0 solid rgba(0, 0, 0, 1.00);border-top: 0 solid rgba(0, 0, 0, 1.00);border-left: 0 solid rgba(0, 0, 0, 1.00);border-right: 0 solid rgba(0, 0, 0, 1.00);margin-bottom:0;margin-top:0;margin-left:0;margin-right:0;}.cl-4d6f08d1{width:0.582in;background-color:transparent;vertical-align: top;border-bottom: 0 solid rgba(0, 0, 0, 1.00);border-top: 0 solid rgba(0, 0, 0, 1.00);border-left: 0 solid rgba(0, 0, 0, 1.00);border-right: 0 solid rgba(0, 0, 0, 1.00);margin-bottom:0;margin-top:0;margin-left:0;margin-right:0;}.cl-4d6f08d2{width:0.583in;background-color:transparent;vertical-align: top;border-bottom: 0 solid rgba(0, 0, 0, 1.00);border-top: 0 solid rgba(0, 0, 0, 1.00);border-left: 0 solid rgba(0, 0, 0, 1.00);border-right: 0 solid rgba(0, 0, 0, 1.00);margin-bottom:0;margin-top:0;margin-left:0;margin-right:0;}.cl-4d6f08da{width:0.472in;background-color:transparent;vertical-align: top;border-bottom: 0 solid rgba(0, 0, 0, 1.00);border-top: 0 solid rgba(0, 0, 0, 1.00);border-left: 0 solid rgba(0, 0, 0, 1.00);border-right: 0 solid rgba(0, 0, 0, 1.00);margin-bottom:0;margin-top:0;margin-left:0;margin-right:0;}.cl-4d6f08db{width:0.668in;background-color:transparent;vertical-align: top;border-bottom: 0 solid rgba(0, 0, 0, 1.00);border-top: 0 solid rgba(0, 0, 0, 1.00);border-left: 0 solid rgba(0, 0, 0, 1.00);border-right: 0 solid rgba(0, 0, 0, 1.00);margin-bottom:0;margin-top:0;margin-left:0;margin-right:0;}.cl-4d6f08dc{width:0.54in;background-color:transparent;vertical-align: top;border-bottom: 0 solid rgba(0, 0, 0, 1.00);border-top: 0 solid rgba(0, 0, 0, 1.00);border-left: 0 solid rgba(0, 0, 0, 1.00);border-right: 0 solid rgba(0, 0, 0, 1.00);margin-bottom:0;margin-top:0;margin-left:0;margin-right:0;}.cl-4d6f08e4{width:0.438in;background-color:transparent;vertical-align: top;border-bottom: 0 solid rgba(0, 0, 0, 1.00);border-top: 0 solid rgba(0, 0, 0, 1.00);border-left: 0 solid rgba(0, 0, 0, 1.00);border-right: 0 solid rgba(0, 0, 0, 1.00);margin-bottom:0;margin-top:0;margin-left:0;margin-right:0;}.cl-4d6f08e5{width:0.497in;background-color:transparent;vertical-align: top;border-bottom: 0 solid rgba(0, 0, 0, 1.00);border-top: 0 solid rgba(0, 0, 0, 1.00);border-left: 0 solid rgba(0, 0, 0, 1.00);border-right: 0 solid rgba(0, 0, 0, 1.00);margin-bottom:0;margin-top:0;margin-left:0;margin-right:0;}.cl-4d6f08e6{width:0.591in;background-color:transparent;vertical-align: top;border-bottom: 0 solid rgba(0, 0, 0, 1.00);border-top: 0 solid rgba(0, 0, 0, 1.00);border-left: 0 solid rgba(0, 0, 0, 1.00);border-right: 0 solid rgba(0, 0, 0, 1.00);margin-bottom:0;margin-top:0;margin-left:0;margin-right:0;}.cl-4d6f08ee{width:0.582in;background-color:transparent;vertical-align: top;border-bottom: 0 solid rgba(0, 0, 0, 1.00);border-top: 0 solid rgba(0, 0, 0, 1.00);border-left: 0 solid rgba(0, 0, 0, 1.00);border-right: 0 solid rgba(0, 0, 0, 1.00);margin-bottom:0;margin-top:0;margin-left:0;margin-right:0;}.cl-4d6f08ef{width:0.583in;background-color:transparent;vertical-align: top;border-bottom: 1pt solid rgba(0, 0, 0, 1.00);border-top: 0 solid rgba(0, 0, 0, 1.00);border-left: 0 solid rgba(0, 0, 0, 1.00);border-right: 0 solid rgba(0, 0, 0, 1.00);margin-bottom:0;margin-top:0;margin-left:0;margin-right:0;}.cl-4d6f08f0{width:0.472in;background-color:transparent;vertical-align: top;border-bottom: 1pt solid rgba(0, 0, 0, 1.00);border-top: 0 solid rgba(0, 0, 0, 1.00);border-left: 0 solid rgba(0, 0, 0, 1.00);border-right: 0 solid rgba(0, 0, 0, 1.00);margin-bottom:0;margin-top:0;margin-left:0;margin-right:0;}.cl-4d6f08f8{width:0.668in;background-color:transparent;vertical-align: top;border-bottom: 1pt solid rgba(0, 0, 0, 1.00);border-top: 0 solid rgba(0, 0, 0, 1.00);border-left: 0 solid rgba(0, 0, 0, 1.00);border-right: 0 solid rgba(0, 0, 0, 1.00);margin-bottom:0;margin-top:0;margin-left:0;margin-right:0;}.cl-4d6f08f9{width:0.54in;background-color:transparent;vertical-align: top;border-bottom: 1pt solid rgba(0, 0, 0, 1.00);border-top: 0 solid rgba(0, 0, 0, 1.00);border-left: 0 solid rgba(0, 0, 0, 1.00);border-right: 0 solid rgba(0, 0, 0, 1.00);margin-bottom:0;margin-top:0;margin-left:0;margin-right:0;}.cl-4d6f0902{width:0.438in;background-color:transparent;vertical-align: top;border-bottom: 1pt solid rgba(0, 0, 0, 1.00);border-top: 0 solid rgba(0, 0, 0, 1.00);border-left: 0 solid rgba(0, 0, 0, 1.00);border-right: 0 solid rgba(0, 0, 0, 1.00);margin-bottom:0;margin-top:0;margin-left:0;margin-right:0;}.cl-4d6f0903{width:0.497in;background-color:transparent;vertical-align: top;border-bottom: 1pt solid rgba(0, 0, 0, 1.00);border-top: 0 solid rgba(0, 0, 0, 1.00);border-left: 0 solid rgba(0, 0, 0, 1.00);border-right: 0 solid rgba(0, 0, 0, 1.00);margin-bottom:0;margin-top:0;margin-left:0;margin-right:0;}.cl-4d6f090c{width:0.591in;background-color:transparent;vertical-align: top;border-bottom: 1pt solid rgba(0, 0, 0, 1.00);border-top: 0 solid rgba(0, 0, 0, 1.00);border-left: 0 solid rgba(0, 0, 0, 1.00);border-right: 0 solid rgba(0, 0, 0, 1.00);margin-bottom:0;margin-top:0;margin-left:0;margin-right:0;}.cl-4d6f090d{width:0.582in;background-color:transparent;vertical-align: top;border-bottom: 1pt solid rgba(0, 0, 0, 1.00);border-top: 0 solid rgba(0, 0, 0, 1.00);border-left: 0 solid rgba(0, 0, 0, 1.00);border-right: 0 solid rgba(0, 0, 0, 1.00);margin-bottom:0;margin-top:0;margin-left:0;margin-right:0;}&lt;/style&gt;&lt;table data-quarto-disable-processing='true' class='cl-4d72380c'&gt;&lt;thead&gt;&lt;tr style="overflow-wrap:break-word;"&gt;&lt;th class="cl-4d6f0830"&gt;&lt;p class="cl-4d6ef598"&gt;&lt;span class="cl-4d6d2074"&gt;mpg&lt;/span&gt;&lt;/p&gt;&lt;/th&gt;&lt;th class="cl-4d6f0831"&gt;&lt;p class="cl-4d6ef598"&gt;&lt;span class="cl-4d6d2074"&gt;cyl&lt;/span&gt;&lt;/p&gt;&lt;/th&gt;&lt;th class="cl-4d6f0832"&gt;&lt;p class="cl-4d6ef598"&gt;&lt;span class="cl-4d6d2074"&gt;disp&lt;/span&gt;&lt;/p&gt;&lt;/th&gt;&lt;th class="cl-4d6f083a"&gt;&lt;p class="cl-4d6ef598"&gt;&lt;span class="cl-4d6d2074"&gt;hp&lt;/span&gt;&lt;/p&gt;&lt;/th&gt;&lt;th class="cl-4d6f0830"&gt;&lt;p class="cl-4d6ef598"&gt;&lt;span class="cl-4d6d2074"&gt;drat&lt;/span&gt;&lt;/p&gt;&lt;/th&gt;&lt;th class="cl-4d6f0832"&gt;&lt;p class="cl-4d6ef598"&gt;&lt;span class="cl-4d6d2074"&gt;wt&lt;/span&gt;&lt;/p&gt;&lt;/th&gt;&lt;th class="cl-4d6f0832"&gt;&lt;p class="cl-4d6ef598"&gt;&lt;span class="cl-4d6d2074"&gt;qsec&lt;/span&gt;&lt;/p&gt;&lt;/th&gt;&lt;th class="cl-4d6f0844"&gt;&lt;p class="cl-4d6ef598"&gt;&lt;span class="cl-4d6d2074"&gt;vs&lt;/span&gt;&lt;/p&gt;&lt;/th&gt;&lt;th class="cl-4d6f0845"&gt;&lt;p class="cl-4d6ef598"&gt;&lt;span class="cl-4d6d2074"&gt;am&lt;/span&gt;&lt;/p&gt;&lt;/th&gt;&lt;th class="cl-4d6f084e"&gt;&lt;p class="cl-4d6ef598"&gt;&lt;span class="cl-4d6d2074"&gt;gear&lt;/span&gt;&lt;/p&gt;&lt;/th&gt;&lt;th class="cl-4d6f084f"&gt;&lt;p class="cl-4d6ef598"&gt;&lt;span class="cl-4d6d2074"&gt;carb&lt;/span&gt;&lt;/p&gt;&lt;/th&gt;&lt;/tr&gt;&lt;/thead&gt;&lt;tbody&gt;&lt;tr style="overflow-wrap:break-word;"&gt;&lt;td class="cl-4d6f0858"&gt;&lt;p class="cl-4d6ef5a2"&gt;&lt;span class="cl-4d6d2074"&gt;21.0&lt;/span&gt;&lt;/p&gt;&lt;/td&gt;&lt;td class="cl-4d6f0862"&gt;&lt;p class="cl-4d6ef5a2"&gt;&lt;span class="cl-4d6d2074"&gt;6&lt;/span&gt;&lt;/p&gt;&lt;/td&gt;&lt;td class="cl-4d6f0863"&gt;&lt;p class="cl-4d6ef5a2"&gt;&lt;span class="cl-4d6d2074"&gt;160.0&lt;/span&gt;&lt;/p&gt;&lt;/td&gt;&lt;td class="cl-4d6f0876"&gt;&lt;p class="cl-4d6ef5a2"&gt;&lt;span class="cl-4d6d2074"&gt;110&lt;/span&gt;&lt;/p&gt;&lt;/td&gt;&lt;td class="cl-4d6f0858"&gt;&lt;p class="cl-4d6ef5a2"&gt;&lt;span class="cl-4d6d2074"&gt;3.90&lt;/span&gt;&lt;/p&gt;&lt;/td&gt;&lt;td class="cl-4d6f0863"&gt;&lt;p class="cl-4d6ef5a2"&gt;&lt;span class="cl-4d6d2074"&gt;2.620&lt;/span&gt;&lt;/p&gt;&lt;/td&gt;&lt;td class="cl-4d6f0863"&gt;&lt;p class="cl-4d6ef5a2"&gt;&lt;span class="cl-4d6d2074"&gt;16.46&lt;/span&gt;&lt;/p&gt;&lt;/td&gt;&lt;td class="cl-4d6f0877"&gt;&lt;p class="cl-4d6ef5a2"&gt;&lt;span class="cl-4d6d2074"&gt;0&lt;/span&gt;&lt;/p&gt;&lt;/td&gt;&lt;td class="cl-4d6f0880"&gt;&lt;p class="cl-4d6ef5a2"&gt;&lt;span class="cl-4d6d2074"&gt;1&lt;/span&gt;&lt;/p&gt;&lt;/td&gt;&lt;td class="cl-4d6f0881"&gt;&lt;p class="cl-4d6ef5a2"&gt;&lt;span class="cl-4d6d2074"&gt;4&lt;/span&gt;&lt;/p&gt;&lt;/td&gt;&lt;td class="cl-4d6f0882"&gt;&lt;p class="cl-4d6ef5a2"&gt;&lt;span class="cl-4d6d2074"&gt;4&lt;/span&gt;&lt;/p&gt;&lt;/td&gt;&lt;/tr&gt;&lt;tr style="overflow-wrap:break-word;"&gt;&lt;td class="cl-4d6f088a"&gt;&lt;p class="cl-4d6ef5a2"&gt;&lt;span class="cl-4d6d2074"&gt;21.0&lt;/span&gt;&lt;/p&gt;&lt;/td&gt;&lt;td class="cl-4d6f088b"&gt;&lt;p class="cl-4d6ef5a2"&gt;&lt;span class="cl-4d6d2074"&gt;6&lt;/span&gt;&lt;/p&gt;&lt;/td&gt;&lt;td class="cl-4d6f0894"&gt;&lt;p class="cl-4d6ef5a2"&gt;&lt;span class="cl-4d6d2074"&gt;160.0&lt;/span&gt;&lt;/p&gt;&lt;/td&gt;&lt;td class="cl-4d6f0895"&gt;&lt;p class="cl-4d6ef5a2"&gt;&lt;span class="cl-4d6d2074"&gt;110&lt;/span&gt;&lt;/p&gt;&lt;/td&gt;&lt;td class="cl-4d6f088a"&gt;&lt;p class="cl-4d6ef5a2"&gt;&lt;span class="cl-4d6d2074"&gt;3.90&lt;/span&gt;&lt;/p&gt;&lt;/td&gt;&lt;td class="cl-4d6f0894"&gt;&lt;p class="cl-4d6ef5a2"&gt;&lt;span class="cl-4d6d2074"&gt;2.875&lt;/span&gt;&lt;/p&gt;&lt;/td&gt;&lt;td class="cl-4d6f0894"&gt;&lt;p class="cl-4d6ef5a2"&gt;&lt;span class="cl-4d6d2074"&gt;17.02&lt;/span&gt;&lt;/p&gt;&lt;/td&gt;&lt;td class="cl-4d6f089e"&gt;&lt;p class="cl-4d6ef5a2"&gt;&lt;span class="cl-4d6d2074"&gt;0&lt;/span&gt;&lt;/p&gt;&lt;/td&gt;&lt;td class="cl-4d6f089f"&gt;&lt;p class="cl-4d6ef5a2"&gt;&lt;span class="cl-4d6d2074"&gt;1&lt;/span&gt;&lt;/p&gt;&lt;/td&gt;&lt;td class="cl-4d6f08a0"&gt;&lt;p class="cl-4d6ef5a2"&gt;&lt;span class="cl-4d6d2074"&gt;4&lt;/span&gt;&lt;/p&gt;&lt;/td&gt;&lt;td class="cl-4d6f08a8"&gt;&lt;p class="cl-4d6ef5a2"&gt;&lt;span class="cl-4d6d2074"&gt;4&lt;/span&gt;&lt;/p&gt;&lt;/td&gt;&lt;/tr&gt;&lt;tr style="overflow-wrap:break-word;"&gt;&lt;td class="cl-4d6f08a9"&gt;&lt;p class="cl-4d6ef5a2"&gt;&lt;span class="cl-4d6d2074"&gt;22.8&lt;/span&gt;&lt;/p&gt;&lt;/td&gt;&lt;td class="cl-4d6f08b2"&gt;&lt;p class="cl-4d6ef5a2"&gt;&lt;span class="cl-4d6d2074"&gt;4&lt;/span&gt;&lt;/p&gt;&lt;/td&gt;&lt;td class="cl-4d6f08b3"&gt;&lt;p class="cl-4d6ef5a2"&gt;&lt;span class="cl-4d6d2074"&gt;108.0&lt;/span&gt;&lt;/p&gt;&lt;/td&gt;&lt;td class="cl-4d6f08bc"&gt;&lt;p class="cl-4d6ef5a2"&gt;&lt;span class="cl-4d6d2074"&gt;93&lt;/span&gt;&lt;/p&gt;&lt;/td&gt;&lt;td class="cl-4d6f08a9"&gt;&lt;p class="cl-4d6ef5a2"&gt;&lt;span class="cl-4d6d2074"&gt;3.85&lt;/span&gt;&lt;/p&gt;&lt;/td&gt;&lt;td class="cl-4d6f08b3"&gt;&lt;p class="cl-4d6ef5a2"&gt;&lt;span class="cl-4d6d2074"&gt;2.320&lt;/span&gt;&lt;/p&gt;&lt;/td&gt;&lt;td class="cl-4d6f08b3"&gt;&lt;p class="cl-4d6ef5a2"&gt;&lt;span class="cl-4d6d2074"&gt;18.61&lt;/span&gt;&lt;/p&gt;&lt;/td&gt;&lt;td class="cl-4d6f08c6"&gt;&lt;p class="cl-4d6ef5a2"&gt;&lt;span class="cl-4d6d2074"&gt;1&lt;/span&gt;&lt;/p&gt;&lt;/td&gt;&lt;td class="cl-4d6f08c7"&gt;&lt;p class="cl-4d6ef5a2"&gt;&lt;span class="cl-4d6d2074"&gt;1&lt;/span&gt;&lt;/p&gt;&lt;/td&gt;&lt;td class="cl-4d6f08d0"&gt;&lt;p class="cl-4d6ef5a2"&gt;&lt;span class="cl-4d6d2074"&gt;4&lt;/span&gt;&lt;/p&gt;&lt;/td&gt;&lt;td class="cl-4d6f08d1"&gt;&lt;p class="cl-4d6ef5a2"&gt;&lt;span class="cl-4d6d2074"&gt;1&lt;/span&gt;&lt;/p&gt;&lt;/td&gt;&lt;/tr&gt;&lt;tr style="overflow-wrap:break-word;"&gt;&lt;td class="cl-4d6f088a"&gt;&lt;p class="cl-4d6ef5a2"&gt;&lt;span class="cl-4d6d2074"&gt;21.4&lt;/span&gt;&lt;/p&gt;&lt;/td&gt;&lt;td class="cl-4d6f088b"&gt;&lt;p class="cl-4d6ef5a2"&gt;&lt;span class="cl-4d6d2074"&gt;6&lt;/span&gt;&lt;/p&gt;&lt;/td&gt;&lt;td class="cl-4d6f0894"&gt;&lt;p class="cl-4d6ef5a2"&gt;&lt;span class="cl-4d6d2074"&gt;258.0&lt;/span&gt;&lt;/p&gt;&lt;/td&gt;&lt;td class="cl-4d6f0895"&gt;&lt;p class="cl-4d6ef5a2"&gt;&lt;span class="cl-4d6d2074"&gt;110&lt;/span&gt;&lt;/p&gt;&lt;/td&gt;&lt;td class="cl-4d6f088a"&gt;&lt;p class="cl-4d6ef5a2"&gt;&lt;span class="cl-4d6d2074"&gt;3.08&lt;/span&gt;&lt;/p&gt;&lt;/td&gt;&lt;td class="cl-4d6f0894"&gt;&lt;p class="cl-4d6ef5a2"&gt;&lt;span class="cl-4d6d2074"&gt;3.215&lt;/span&gt;&lt;/p&gt;&lt;/td&gt;&lt;td class="cl-4d6f0894"&gt;&lt;p class="cl-4d6ef5a2"&gt;&lt;span class="cl-4d6d2074"&gt;19.44&lt;/span&gt;&lt;/p&gt;&lt;/td&gt;&lt;td class="cl-4d6f089e"&gt;&lt;p class="cl-4d6ef5a2"&gt;&lt;span class="cl-4d6d2074"&gt;1&lt;/span&gt;&lt;/p&gt;&lt;/td&gt;&lt;td class="cl-4d6f089f"&gt;&lt;p class="cl-4d6ef5a2"&gt;&lt;span class="cl-4d6d2074"&gt;0&lt;/span&gt;&lt;/p&gt;&lt;/td&gt;&lt;td class="cl-4d6f08a0"&gt;&lt;p class="cl-4d6ef5a2"&gt;&lt;span class="cl-4d6d2074"&gt;3&lt;/span&gt;&lt;/p&gt;&lt;/td&gt;&lt;td class="cl-4d6f08a8"&gt;&lt;p class="cl-4d6ef5a2"&gt;&lt;span class="cl-4d6d2074"&gt;1&lt;/span&gt;&lt;/p&gt;&lt;/td&gt;&lt;/tr&gt;&lt;tr style="overflow-wrap:break-word;"&gt;&lt;td class="cl-4d6f0858"&gt;&lt;p class="cl-4d6ef5a2"&gt;&lt;span class="cl-4d6d2074"&gt;18.7&lt;/span&gt;&lt;/p&gt;&lt;/td&gt;&lt;td class="cl-4d6f0862"&gt;&lt;p class="cl-4d6ef5a2"&gt;&lt;span class="cl-4d6d2074"&gt;8&lt;/span&gt;&lt;/p&gt;&lt;/td&gt;&lt;td class="cl-4d6f0863"&gt;&lt;p class="cl-4d6ef5a2"&gt;&lt;span class="cl-4d6d2074"&gt;360.0&lt;/span&gt;&lt;/p&gt;&lt;/td&gt;&lt;td class="cl-4d6f0876"&gt;&lt;p class="cl-4d6ef5a2"&gt;&lt;span class="cl-4d6d2074"&gt;175&lt;/span&gt;&lt;/p&gt;&lt;/td&gt;&lt;td class="cl-4d6f0858"&gt;&lt;p class="cl-4d6ef5a2"&gt;&lt;span class="cl-4d6d2074"&gt;3.15&lt;/span&gt;&lt;/p&gt;&lt;/td&gt;&lt;td class="cl-4d6f0863"&gt;&lt;p class="cl-4d6ef5a2"&gt;&lt;span class="cl-4d6d2074"&gt;3.440&lt;/span&gt;&lt;/p&gt;&lt;/td&gt;&lt;td class="cl-4d6f0863"&gt;&lt;p class="cl-4d6ef5a2"&gt;&lt;span class="cl-4d6d2074"&gt;17.02&lt;/span&gt;&lt;/p&gt;&lt;/td&gt;&lt;td class="cl-4d6f0877"&gt;&lt;p class="cl-4d6ef5a2"&gt;&lt;span class="cl-4d6d2074"&gt;0&lt;/span&gt;&lt;/p&gt;&lt;/td&gt;&lt;td class="cl-4d6f0880"&gt;&lt;p class="cl-4d6ef5a2"&gt;&lt;span class="cl-4d6d2074"&gt;0&lt;/span&gt;&lt;/p&gt;&lt;/td&gt;&lt;td class="cl-4d6f0881"&gt;&lt;p class="cl-4d6ef5a2"&gt;&lt;span class="cl-4d6d2074"&gt;3&lt;/span&gt;&lt;/p&gt;&lt;/td&gt;&lt;td class="cl-4d6f0882"&gt;&lt;p class="cl-4d6ef5a2"&gt;&lt;span class="cl-4d6d2074"&gt;2&lt;/span&gt;&lt;/p&gt;&lt;/td&gt;&lt;/tr&gt;&lt;tr style="overflow-wrap:break-word;"&gt;&lt;td class="cl-4d6f0858"&gt;&lt;p class="cl-4d6ef5a2"&gt;&lt;span class="cl-4d6d2074"&gt;18.1&lt;/span&gt;&lt;/p&gt;&lt;/td&gt;&lt;td class="cl-4d6f0862"&gt;&lt;p class="cl-4d6ef5a2"&gt;&lt;span class="cl-4d6d2074"&gt;6&lt;/span&gt;&lt;/p&gt;&lt;/td&gt;&lt;td class="cl-4d6f0863"&gt;&lt;p class="cl-4d6ef5a2"&gt;&lt;span class="cl-4d6d2074"&gt;225.0&lt;/span&gt;&lt;/p&gt;&lt;/td&gt;&lt;td class="cl-4d6f0876"&gt;&lt;p class="cl-4d6ef5a2"&gt;&lt;span class="cl-4d6d2074"&gt;105&lt;/span&gt;&lt;/p&gt;&lt;/td&gt;&lt;td class="cl-4d6f0858"&gt;&lt;p class="cl-4d6ef5a2"&gt;&lt;span class="cl-4d6d2074"&gt;2.76&lt;/span&gt;&lt;/p&gt;&lt;/td&gt;&lt;td class="cl-4d6f0863"&gt;&lt;p class="cl-4d6ef5a2"&gt;&lt;span class="cl-4d6d2074"&gt;3.460&lt;/span&gt;&lt;/p&gt;&lt;/td&gt;&lt;td class="cl-4d6f0863"&gt;&lt;p class="cl-4d6ef5a2"&gt;&lt;span class="cl-4d6d2074"&gt;20.22&lt;/span&gt;&lt;/p&gt;&lt;/td&gt;&lt;td class="cl-4d6f0877"&gt;&lt;p class="cl-4d6ef5a2"&gt;&lt;span class="cl-4d6d2074"&gt;1&lt;/span&gt;&lt;/p&gt;&lt;/td&gt;&lt;td class="cl-4d6f0880"&gt;&lt;p class="cl-4d6ef5a2"&gt;&lt;span class="cl-4d6d2074"&gt;0&lt;/span&gt;&lt;/p&gt;&lt;/td&gt;&lt;td class="cl-4d6f0881"&gt;&lt;p class="cl-4d6ef5a2"&gt;&lt;span class="cl-4d6d2074"&gt;3&lt;/span&gt;&lt;/p&gt;&lt;/td&gt;&lt;td class="cl-4d6f0882"&gt;&lt;p class="cl-4d6ef5a2"&gt;&lt;span class="cl-4d6d2074"&gt;1&lt;/span&gt;&lt;/p&gt;&lt;/td&gt;&lt;/tr&gt;&lt;tr style="overflow-wrap:break-word;"&gt;&lt;td class="cl-4d6f0858"&gt;&lt;p class="cl-4d6ef5a2"&gt;&lt;span class="cl-4d6d2074"&gt;14.3&lt;/span&gt;&lt;/p&gt;&lt;/td&gt;&lt;td class="cl-4d6f0862"&gt;&lt;p class="cl-4d6ef5a2"&gt;&lt;span class="cl-4d6d2074"&gt;8&lt;/span&gt;&lt;/p&gt;&lt;/td&gt;&lt;td class="cl-4d6f0863"&gt;&lt;p class="cl-4d6ef5a2"&gt;&lt;span class="cl-4d6d2074"&gt;360.0&lt;/span&gt;&lt;/p&gt;&lt;/td&gt;&lt;td class="cl-4d6f0876"&gt;&lt;p class="cl-4d6ef5a2"&gt;&lt;span class="cl-4d6d2074"&gt;245&lt;/span&gt;&lt;/p&gt;&lt;/td&gt;&lt;td class="cl-4d6f0858"&gt;&lt;p class="cl-4d6ef5a2"&gt;&lt;span class="cl-4d6d2074"&gt;3.21&lt;/span&gt;&lt;/p&gt;&lt;/td&gt;&lt;td class="cl-4d6f0863"&gt;&lt;p class="cl-4d6ef5a2"&gt;&lt;span class="cl-4d6d2074"&gt;3.570&lt;/span&gt;&lt;/p&gt;&lt;/td&gt;&lt;td class="cl-4d6f0863"&gt;&lt;p class="cl-4d6ef5a2"&gt;&lt;span class="cl-4d6d2074"&gt;15.84&lt;/span&gt;&lt;/p&gt;&lt;/td&gt;&lt;td class="cl-4d6f0877"&gt;&lt;p class="cl-4d6ef5a2"&gt;&lt;span class="cl-4d6d2074"&gt;0&lt;/span&gt;&lt;/p&gt;&lt;/td&gt;&lt;td class="cl-4d6f0880"&gt;&lt;p class="cl-4d6ef5a2"&gt;&lt;span class="cl-4d6d2074"&gt;0&lt;/span&gt;&lt;/p&gt;&lt;/td&gt;&lt;td class="cl-4d6f0881"&gt;&lt;p class="cl-4d6ef5a2"&gt;&lt;span class="cl-4d6d2074"&gt;3&lt;/span&gt;&lt;/p&gt;&lt;/td&gt;&lt;td class="cl-4d6f0882"&gt;&lt;p class="cl-4d6ef5a2"&gt;&lt;span class="cl-4d6d2074"&gt;4&lt;/span&gt;&lt;/p&gt;&lt;/td&gt;&lt;/tr&gt;&lt;tr style="overflow-wrap:break-word;"&gt;&lt;td class="cl-4d6f088a"&gt;&lt;p class="cl-4d6ef5a2"&gt;&lt;span class="cl-4d6d2074"&gt;24.4&lt;/span&gt;&lt;/p&gt;&lt;/td&gt;&lt;td class="cl-4d6f088b"&gt;&lt;p class="cl-4d6ef5a2"&gt;&lt;span class="cl-4d6d2074"&gt;4&lt;/span&gt;&lt;/p&gt;&lt;/td&gt;&lt;td class="cl-4d6f0894"&gt;&lt;p class="cl-4d6ef5a2"&gt;&lt;span class="cl-4d6d2074"&gt;146.7&lt;/span&gt;&lt;/p&gt;&lt;/td&gt;&lt;td class="cl-4d6f0895"&gt;&lt;p class="cl-4d6ef5a2"&gt;&lt;span class="cl-4d6d2074"&gt;62&lt;/span&gt;&lt;/p&gt;&lt;/td&gt;&lt;td class="cl-4d6f088a"&gt;&lt;p class="cl-4d6ef5a2"&gt;&lt;span class="cl-4d6d2074"&gt;3.69&lt;/span&gt;&lt;/p&gt;&lt;/td&gt;&lt;td class="cl-4d6f0894"&gt;&lt;p class="cl-4d6ef5a2"&gt;&lt;span class="cl-4d6d2074"&gt;3.190&lt;/span&gt;&lt;/p&gt;&lt;/td&gt;&lt;td class="cl-4d6f0894"&gt;&lt;p class="cl-4d6ef5a2"&gt;&lt;span class="cl-4d6d2074"&gt;20.00&lt;/span&gt;&lt;/p&gt;&lt;/td&gt;&lt;td class="cl-4d6f089e"&gt;&lt;p class="cl-4d6ef5a2"&gt;&lt;span class="cl-4d6d2074"&gt;1&lt;/span&gt;&lt;/p&gt;&lt;/td&gt;&lt;td class="cl-4d6f089f"&gt;&lt;p class="cl-4d6ef5a2"&gt;&lt;span class="cl-4d6d2074"&gt;0&lt;/span&gt;&lt;/p&gt;&lt;/td&gt;&lt;td class="cl-4d6f08a0"&gt;&lt;p class="cl-4d6ef5a2"&gt;&lt;span class="cl-4d6d2074"&gt;4&lt;/span&gt;&lt;/p&gt;&lt;/td&gt;&lt;td class="cl-4d6f08a8"&gt;&lt;p class="cl-4d6ef5a2"&gt;&lt;span class="cl-4d6d2074"&gt;2&lt;/span&gt;&lt;/p&gt;&lt;/td&gt;&lt;/tr&gt;&lt;tr style="overflow-wrap:break-word;"&gt;&lt;td class="cl-4d6f088a"&gt;&lt;p class="cl-4d6ef5a2"&gt;&lt;span class="cl-4d6d2074"&gt;22.8&lt;/span&gt;&lt;/p&gt;&lt;/td&gt;&lt;td class="cl-4d6f088b"&gt;&lt;p class="cl-4d6ef5a2"&gt;&lt;span class="cl-4d6d2074"&gt;4&lt;/span&gt;&lt;/p&gt;&lt;/td&gt;&lt;td class="cl-4d6f0894"&gt;&lt;p class="cl-4d6ef5a2"&gt;&lt;span class="cl-4d6d2074"&gt;140.8&lt;/span&gt;&lt;/p&gt;&lt;/td&gt;&lt;td class="cl-4d6f0895"&gt;&lt;p class="cl-4d6ef5a2"&gt;&lt;span class="cl-4d6d2074"&gt;95&lt;/span&gt;&lt;/p&gt;&lt;/td&gt;&lt;td class="cl-4d6f088a"&gt;&lt;p class="cl-4d6ef5a2"&gt;&lt;span class="cl-4d6d2074"&gt;3.92&lt;/span&gt;&lt;/p&gt;&lt;/td&gt;&lt;td class="cl-4d6f0894"&gt;&lt;p class="cl-4d6ef5a2"&gt;&lt;span class="cl-4d6d2074"&gt;3.150&lt;/span&gt;&lt;/p&gt;&lt;/td&gt;&lt;td class="cl-4d6f0894"&gt;&lt;p class="cl-4d6ef5a2"&gt;&lt;span class="cl-4d6d2074"&gt;22.90&lt;/span&gt;&lt;/p&gt;&lt;/td&gt;&lt;td class="cl-4d6f089e"&gt;&lt;p class="cl-4d6ef5a2"&gt;&lt;span class="cl-4d6d2074"&gt;1&lt;/span&gt;&lt;/p&gt;&lt;/td&gt;&lt;td class="cl-4d6f089f"&gt;&lt;p class="cl-4d6ef5a2"&gt;&lt;span class="cl-4d6d2074"&gt;0&lt;/span&gt;&lt;/p&gt;&lt;/td&gt;&lt;td class="cl-4d6f08a0"&gt;&lt;p class="cl-4d6ef5a2"&gt;&lt;span class="cl-4d6d2074"&gt;4&lt;/span&gt;&lt;/p&gt;&lt;/td&gt;&lt;td class="cl-4d6f08a8"&gt;&lt;p class="cl-4d6ef5a2"&gt;&lt;span class="cl-4d6d2074"&gt;2&lt;/span&gt;&lt;/p&gt;&lt;/td&gt;&lt;/tr&gt;&lt;tr style="overflow-wrap:break-word;"&gt;&lt;td class="cl-4d6f0858"&gt;&lt;p class="cl-4d6ef5a2"&gt;&lt;span class="cl-4d6d2074"&gt;19.2&lt;/span&gt;&lt;/p&gt;&lt;/td&gt;&lt;td class="cl-4d6f0862"&gt;&lt;p class="cl-4d6ef5a2"&gt;&lt;span class="cl-4d6d2074"&gt;6&lt;/span&gt;&lt;/p&gt;&lt;/td&gt;&lt;td class="cl-4d6f0863"&gt;&lt;p class="cl-4d6ef5a2"&gt;&lt;span class="cl-4d6d2074"&gt;167.6&lt;/span&gt;&lt;/p&gt;&lt;/td&gt;&lt;td class="cl-4d6f0876"&gt;&lt;p class="cl-4d6ef5a2"&gt;&lt;span class="cl-4d6d2074"&gt;123&lt;/span&gt;&lt;/p&gt;&lt;/td&gt;&lt;td class="cl-4d6f0858"&gt;&lt;p class="cl-4d6ef5a2"&gt;&lt;span class="cl-4d6d2074"&gt;3.92&lt;/span&gt;&lt;/p&gt;&lt;/td&gt;&lt;td class="cl-4d6f0863"&gt;&lt;p class="cl-4d6ef5a2"&gt;&lt;span class="cl-4d6d2074"&gt;3.440&lt;/span&gt;&lt;/p&gt;&lt;/td&gt;&lt;td class="cl-4d6f0863"&gt;&lt;p class="cl-4d6ef5a2"&gt;&lt;span class="cl-4d6d2074"&gt;18.30&lt;/span&gt;&lt;/p&gt;&lt;/td&gt;&lt;td class="cl-4d6f0877"&gt;&lt;p class="cl-4d6ef5a2"&gt;&lt;span class="cl-4d6d2074"&gt;1&lt;/span&gt;&lt;/p&gt;&lt;/td&gt;&lt;td class="cl-4d6f0880"&gt;&lt;p class="cl-4d6ef5a2"&gt;&lt;span class="cl-4d6d2074"&gt;0&lt;/span&gt;&lt;/p&gt;&lt;/td&gt;&lt;td class="cl-4d6f0881"&gt;&lt;p class="cl-4d6ef5a2"&gt;&lt;span class="cl-4d6d2074"&gt;4&lt;/span&gt;&lt;/p&gt;&lt;/td&gt;&lt;td class="cl-4d6f0882"&gt;&lt;p class="cl-4d6ef5a2"&gt;&lt;span class="cl-4d6d2074"&gt;4&lt;/span&gt;&lt;/p&gt;&lt;/td&gt;&lt;/tr&gt;&lt;tr style="overflow-wrap:break-word;"&gt;&lt;td class="cl-4d6f0858"&gt;&lt;p class="cl-4d6ef5a2"&gt;&lt;span class="cl-4d6d2074"&gt;17.8&lt;/span&gt;&lt;/p&gt;&lt;/td&gt;&lt;td class="cl-4d6f0862"&gt;&lt;p class="cl-4d6ef5a2"&gt;&lt;span class="cl-4d6d2074"&gt;6&lt;/span&gt;&lt;/p&gt;&lt;/td&gt;&lt;td class="cl-4d6f0863"&gt;&lt;p class="cl-4d6ef5a2"&gt;&lt;span class="cl-4d6d2074"&gt;167.6&lt;/span&gt;&lt;/p&gt;&lt;/td&gt;&lt;td class="cl-4d6f0876"&gt;&lt;p class="cl-4d6ef5a2"&gt;&lt;span class="cl-4d6d2074"&gt;123&lt;/span&gt;&lt;/p&gt;&lt;/td&gt;&lt;td class="cl-4d6f0858"&gt;&lt;p class="cl-4d6ef5a2"&gt;&lt;span class="cl-4d6d2074"&gt;3.92&lt;/span&gt;&lt;/p&gt;&lt;/td&gt;&lt;td class="cl-4d6f0863"&gt;&lt;p class="cl-4d6ef5a2"&gt;&lt;span class="cl-4d6d2074"&gt;3.440&lt;/span&gt;&lt;/p&gt;&lt;/td&gt;&lt;td class="cl-4d6f0863"&gt;&lt;p class="cl-4d6ef5a2"&gt;&lt;span class="cl-4d6d2074"&gt;18.90&lt;/span&gt;&lt;/p&gt;&lt;/td&gt;&lt;td class="cl-4d6f0877"&gt;&lt;p class="cl-4d6ef5a2"&gt;&lt;span class="cl-4d6d2074"&gt;1&lt;/span&gt;&lt;/p&gt;&lt;/td&gt;&lt;td class="cl-4d6f0880"&gt;&lt;p class="cl-4d6ef5a2"&gt;&lt;span class="cl-4d6d2074"&gt;0&lt;/span&gt;&lt;/p&gt;&lt;/td&gt;&lt;td class="cl-4d6f0881"&gt;&lt;p class="cl-4d6ef5a2"&gt;&lt;span class="cl-4d6d2074"&gt;4&lt;/span&gt;&lt;/p&gt;&lt;/td&gt;&lt;td class="cl-4d6f0882"&gt;&lt;p class="cl-4d6ef5a2"&gt;&lt;span class="cl-4d6d2074"&gt;4&lt;/span&gt;&lt;/p&gt;&lt;/td&gt;&lt;/tr&gt;&lt;tr style="overflow-wrap:break-word;"&gt;&lt;td class="cl-4d6f088a"&gt;&lt;p class="cl-4d6ef5a2"&gt;&lt;span class="cl-4d6d2074"&gt;16.4&lt;/span&gt;&lt;/p&gt;&lt;/td&gt;&lt;td class="cl-4d6f088b"&gt;&lt;p class="cl-4d6ef5a2"&gt;&lt;span class="cl-4d6d2074"&gt;8&lt;/span&gt;&lt;/p&gt;&lt;/td&gt;&lt;td class="cl-4d6f0894"&gt;&lt;p class="cl-4d6ef5a2"&gt;&lt;span class="cl-4d6d2074"&gt;275.8&lt;/span&gt;&lt;/p&gt;&lt;/td&gt;&lt;td class="cl-4d6f0895"&gt;&lt;p class="cl-4d6ef5a2"&gt;&lt;span class="cl-4d6d2074"&gt;180&lt;/span&gt;&lt;/p&gt;&lt;/td&gt;&lt;td class="cl-4d6f088a"&gt;&lt;p class="cl-4d6ef5a2"&gt;&lt;span class="cl-4d6d2074"&gt;3.07&lt;/span&gt;&lt;/p&gt;&lt;/td&gt;&lt;td class="cl-4d6f0894"&gt;&lt;p class="cl-4d6ef5a2"&gt;&lt;span class="cl-4d6d2074"&gt;4.070&lt;/span&gt;&lt;/p&gt;&lt;/td&gt;&lt;td class="cl-4d6f0894"&gt;&lt;p class="cl-4d6ef5a2"&gt;&lt;span class="cl-4d6d2074"&gt;17.40&lt;/span&gt;&lt;/p&gt;&lt;/td&gt;&lt;td class="cl-4d6f089e"&gt;&lt;p class="cl-4d6ef5a2"&gt;&lt;span class="cl-4d6d2074"&gt;0&lt;/span&gt;&lt;/p&gt;&lt;/td&gt;&lt;td class="cl-4d6f089f"&gt;&lt;p class="cl-4d6ef5a2"&gt;&lt;span class="cl-4d6d2074"&gt;0&lt;/span&gt;&lt;/p&gt;&lt;/td&gt;&lt;td class="cl-4d6f08a0"&gt;&lt;p class="cl-4d6ef5a2"&gt;&lt;span class="cl-4d6d2074"&gt;3&lt;/span&gt;&lt;/p&gt;&lt;/td&gt;&lt;td class="cl-4d6f08a8"&gt;&lt;p class="cl-4d6ef5a2"&gt;&lt;span class="cl-4d6d2074"&gt;3&lt;/span&gt;&lt;/p&gt;&lt;/td&gt;&lt;/tr&gt;&lt;tr style="overflow-wrap:break-word;"&gt;&lt;td class="cl-4d6f088a"&gt;&lt;p class="cl-4d6ef5a2"&gt;&lt;span class="cl-4d6d2074"&gt;17.3&lt;/span&gt;&lt;/p&gt;&lt;/td&gt;&lt;td class="cl-4d6f088b"&gt;&lt;p class="cl-4d6ef5a2"&gt;&lt;span class="cl-4d6d2074"&gt;8&lt;/span&gt;&lt;/p&gt;&lt;/td&gt;&lt;td class="cl-4d6f0894"&gt;&lt;p class="cl-4d6ef5a2"&gt;&lt;span class="cl-4d6d2074"&gt;275.8&lt;/span&gt;&lt;/p&gt;&lt;/td&gt;&lt;td class="cl-4d6f0895"&gt;&lt;p class="cl-4d6ef5a2"&gt;&lt;span class="cl-4d6d2074"&gt;180&lt;/span&gt;&lt;/p&gt;&lt;/td&gt;&lt;td class="cl-4d6f088a"&gt;&lt;p class="cl-4d6ef5a2"&gt;&lt;span class="cl-4d6d2074"&gt;3.07&lt;/span&gt;&lt;/p&gt;&lt;/td&gt;&lt;td class="cl-4d6f0894"&gt;&lt;p class="cl-4d6ef5a2"&gt;&lt;span class="cl-4d6d2074"&gt;3.730&lt;/span&gt;&lt;/p&gt;&lt;/td&gt;&lt;td class="cl-4d6f0894"&gt;&lt;p class="cl-4d6ef5a2"&gt;&lt;span class="cl-4d6d2074"&gt;17.60&lt;/span&gt;&lt;/p&gt;&lt;/td&gt;&lt;td class="cl-4d6f089e"&gt;&lt;p class="cl-4d6ef5a2"&gt;&lt;span class="cl-4d6d2074"&gt;0&lt;/span&gt;&lt;/p&gt;&lt;/td&gt;&lt;td class="cl-4d6f089f"&gt;&lt;p class="cl-4d6ef5a2"&gt;&lt;span class="cl-4d6d2074"&gt;0&lt;/span&gt;&lt;/p&gt;&lt;/td&gt;&lt;td class="cl-4d6f08a0"&gt;&lt;p class="cl-4d6ef5a2"&gt;&lt;span class="cl-4d6d2074"&gt;3&lt;/span&gt;&lt;/p&gt;&lt;/td&gt;&lt;td class="cl-4d6f08a8"&gt;&lt;p class="cl-4d6ef5a2"&gt;&lt;span class="cl-4d6d2074"&gt;3&lt;/span&gt;&lt;/p&gt;&lt;/td&gt;&lt;/tr&gt;&lt;tr style="overflow-wrap:break-word;"&gt;&lt;td class="cl-4d6f088a"&gt;&lt;p class="cl-4d6ef5a2"&gt;&lt;span class="cl-4d6d2074"&gt;15.2&lt;/span&gt;&lt;/p&gt;&lt;/td&gt;&lt;td class="cl-4d6f088b"&gt;&lt;p class="cl-4d6ef5a2"&gt;&lt;span class="cl-4d6d2074"&gt;8&lt;/span&gt;&lt;/p&gt;&lt;/td&gt;&lt;td class="cl-4d6f0894"&gt;&lt;p class="cl-4d6ef5a2"&gt;&lt;span class="cl-4d6d2074"&gt;275.8&lt;/span&gt;&lt;/p&gt;&lt;/td&gt;&lt;td class="cl-4d6f0895"&gt;&lt;p class="cl-4d6ef5a2"&gt;&lt;span class="cl-4d6d2074"&gt;180&lt;/span&gt;&lt;/p&gt;&lt;/td&gt;&lt;td class="cl-4d6f088a"&gt;&lt;p class="cl-4d6ef5a2"&gt;&lt;span class="cl-4d6d2074"&gt;3.07&lt;/span&gt;&lt;/p&gt;&lt;/td&gt;&lt;td class="cl-4d6f0894"&gt;&lt;p class="cl-4d6ef5a2"&gt;&lt;span class="cl-4d6d2074"&gt;3.780&lt;/span&gt;&lt;/p&gt;&lt;/td&gt;&lt;td class="cl-4d6f0894"&gt;&lt;p class="cl-4d6ef5a2"&gt;&lt;span class="cl-4d6d2074"&gt;18.00&lt;/span&gt;&lt;/p&gt;&lt;/td&gt;&lt;td class="cl-4d6f089e"&gt;&lt;p class="cl-4d6ef5a2"&gt;&lt;span class="cl-4d6d2074"&gt;0&lt;/span&gt;&lt;/p&gt;&lt;/td&gt;&lt;td class="cl-4d6f089f"&gt;&lt;p class="cl-4d6ef5a2"&gt;&lt;span class="cl-4d6d2074"&gt;0&lt;/span&gt;&lt;/p&gt;&lt;/td&gt;&lt;td class="cl-4d6f08a0"&gt;&lt;p class="cl-4d6ef5a2"&gt;&lt;span class="cl-4d6d2074"&gt;3&lt;/span&gt;&lt;/p&gt;&lt;/td&gt;&lt;td class="cl-4d6f08a8"&gt;&lt;p class="cl-4d6ef5a2"&gt;&lt;span class="cl-4d6d2074"&gt;3&lt;/span&gt;&lt;/p&gt;&lt;/td&gt;&lt;/tr&gt;&lt;tr style="overflow-wrap:break-word;"&gt;&lt;td class="cl-4d6f0858"&gt;&lt;p class="cl-4d6ef5a2"&gt;&lt;span class="cl-4d6d2074"&gt;10.4&lt;/span&gt;&lt;/p&gt;&lt;/td&gt;&lt;td class="cl-4d6f0862"&gt;&lt;p class="cl-4d6ef5a2"&gt;&lt;span class="cl-4d6d2074"&gt;8&lt;/span&gt;&lt;/p&gt;&lt;/td&gt;&lt;td class="cl-4d6f0863"&gt;&lt;p class="cl-4d6ef5a2"&gt;&lt;span class="cl-4d6d2074"&gt;472.0&lt;/span&gt;&lt;/p&gt;&lt;/td&gt;&lt;td class="cl-4d6f0876"&gt;&lt;p class="cl-4d6ef5a2"&gt;&lt;span class="cl-4d6d2074"&gt;205&lt;/span&gt;&lt;/p&gt;&lt;/td&gt;&lt;td class="cl-4d6f0858"&gt;&lt;p class="cl-4d6ef5a2"&gt;&lt;span class="cl-4d6d2074"&gt;2.93&lt;/span&gt;&lt;/p&gt;&lt;/td&gt;&lt;td class="cl-4d6f0863"&gt;&lt;p class="cl-4d6ef5a2"&gt;&lt;span class="cl-4d6d2074"&gt;5.250&lt;/span&gt;&lt;/p&gt;&lt;/td&gt;&lt;td class="cl-4d6f0863"&gt;&lt;p class="cl-4d6ef5a2"&gt;&lt;span class="cl-4d6d2074"&gt;17.98&lt;/span&gt;&lt;/p&gt;&lt;/td&gt;&lt;td class="cl-4d6f0877"&gt;&lt;p class="cl-4d6ef5a2"&gt;&lt;span class="cl-4d6d2074"&gt;0&lt;/span&gt;&lt;/p&gt;&lt;/td&gt;&lt;td class="cl-4d6f0880"&gt;&lt;p class="cl-4d6ef5a2"&gt;&lt;span class="cl-4d6d2074"&gt;0&lt;/span&gt;&lt;/p&gt;&lt;/td&gt;&lt;td class="cl-4d6f0881"&gt;&lt;p class="cl-4d6ef5a2"&gt;&lt;span class="cl-4d6d2074"&gt;3&lt;/span&gt;&lt;/p&gt;&lt;/td&gt;&lt;td class="cl-4d6f0882"&gt;&lt;p class="cl-4d6ef5a2"&gt;&lt;span class="cl-4d6d2074"&gt;4&lt;/span&gt;&lt;/p&gt;&lt;/td&gt;&lt;/tr&gt;&lt;tr style="overflow-wrap:break-word;"&gt;&lt;td class="cl-4d6f088a"&gt;&lt;p class="cl-4d6ef5a2"&gt;&lt;span class="cl-4d6d2074"&gt;10.4&lt;/span&gt;&lt;/p&gt;&lt;/td&gt;&lt;td class="cl-4d6f088b"&gt;&lt;p class="cl-4d6ef5a2"&gt;&lt;span class="cl-4d6d2074"&gt;8&lt;/span&gt;&lt;/p&gt;&lt;/td&gt;&lt;td class="cl-4d6f0894"&gt;&lt;p class="cl-4d6ef5a2"&gt;&lt;span class="cl-4d6d2074"&gt;460.0&lt;/span&gt;&lt;/p&gt;&lt;/td&gt;&lt;td class="cl-4d6f0895"&gt;&lt;p class="cl-4d6ef5a2"&gt;&lt;span class="cl-4d6d2074"&gt;215&lt;/span&gt;&lt;/p&gt;&lt;/td&gt;&lt;td class="cl-4d6f088a"&gt;&lt;p class="cl-4d6ef5a2"&gt;&lt;span class="cl-4d6d2074"&gt;3.00&lt;/span&gt;&lt;/p&gt;&lt;/td&gt;&lt;td class="cl-4d6f0894"&gt;&lt;p class="cl-4d6ef5a2"&gt;&lt;span class="cl-4d6d2074"&gt;5.424&lt;/span&gt;&lt;/p&gt;&lt;/td&gt;&lt;td class="cl-4d6f0894"&gt;&lt;p class="cl-4d6ef5a2"&gt;&lt;span class="cl-4d6d2074"&gt;17.82&lt;/span&gt;&lt;/p&gt;&lt;/td&gt;&lt;td class="cl-4d6f089e"&gt;&lt;p class="cl-4d6ef5a2"&gt;&lt;span class="cl-4d6d2074"&gt;0&lt;/span&gt;&lt;/p&gt;&lt;/td&gt;&lt;td class="cl-4d6f089f"&gt;&lt;p class="cl-4d6ef5a2"&gt;&lt;span class="cl-4d6d2074"&gt;0&lt;/span&gt;&lt;/p&gt;&lt;/td&gt;&lt;td class="cl-4d6f08a0"&gt;&lt;p class="cl-4d6ef5a2"&gt;&lt;span class="cl-4d6d2074"&gt;3&lt;/span&gt;&lt;/p&gt;&lt;/td&gt;&lt;td class="cl-4d6f08a8"&gt;&lt;p class="cl-4d6ef5a2"&gt;&lt;span class="cl-4d6d2074"&gt;4&lt;/span&gt;&lt;/p&gt;&lt;/td&gt;&lt;/tr&gt;&lt;tr style="overflow-wrap:break-word;"&gt;&lt;td class="cl-4d6f0858"&gt;&lt;p class="cl-4d6ef5a2"&gt;&lt;span class="cl-4d6d2074"&gt;14.7&lt;/span&gt;&lt;/p&gt;&lt;/td&gt;&lt;td class="cl-4d6f0862"&gt;&lt;p class="cl-4d6ef5a2"&gt;&lt;span class="cl-4d6d2074"&gt;8&lt;/span&gt;&lt;/p&gt;&lt;/td&gt;&lt;td class="cl-4d6f0863"&gt;&lt;p class="cl-4d6ef5a2"&gt;&lt;span class="cl-4d6d2074"&gt;440.0&lt;/span&gt;&lt;/p&gt;&lt;/td&gt;&lt;td class="cl-4d6f0876"&gt;&lt;p class="cl-4d6ef5a2"&gt;&lt;span class="cl-4d6d2074"&gt;230&lt;/span&gt;&lt;/p&gt;&lt;/td&gt;&lt;td class="cl-4d6f0858"&gt;&lt;p class="cl-4d6ef5a2"&gt;&lt;span class="cl-4d6d2074"&gt;3.23&lt;/span&gt;&lt;/p&gt;&lt;/td&gt;&lt;td class="cl-4d6f0863"&gt;&lt;p class="cl-4d6ef5a2"&gt;&lt;span class="cl-4d6d2074"&gt;5.345&lt;/span&gt;&lt;/p&gt;&lt;/td&gt;&lt;td class="cl-4d6f0863"&gt;&lt;p class="cl-4d6ef5a2"&gt;&lt;span class="cl-4d6d2074"&gt;17.42&lt;/span&gt;&lt;/p&gt;&lt;/td&gt;&lt;td class="cl-4d6f0877"&gt;&lt;p class="cl-4d6ef5a2"&gt;&lt;span class="cl-4d6d2074"&gt;0&lt;/span&gt;&lt;/p&gt;&lt;/td&gt;&lt;td class="cl-4d6f0880"&gt;&lt;p class="cl-4d6ef5a2"&gt;&lt;span class="cl-4d6d2074"&gt;0&lt;/span&gt;&lt;/p&gt;&lt;/td&gt;&lt;td class="cl-4d6f0881"&gt;&lt;p class="cl-4d6ef5a2"&gt;&lt;span class="cl-4d6d2074"&gt;3&lt;/span&gt;&lt;/p&gt;&lt;/td&gt;&lt;td class="cl-4d6f0882"&gt;&lt;p class="cl-4d6ef5a2"&gt;&lt;span class="cl-4d6d2074"&gt;4&lt;/span&gt;&lt;/p&gt;&lt;/td&gt;&lt;/tr&gt;&lt;tr style="overflow-wrap:break-word;"&gt;&lt;td class="cl-4d6f0858"&gt;&lt;p class="cl-4d6ef5a2"&gt;&lt;span class="cl-4d6d2074"&gt;32.4&lt;/span&gt;&lt;/p&gt;&lt;/td&gt;&lt;td class="cl-4d6f0862"&gt;&lt;p class="cl-4d6ef5a2"&gt;&lt;span class="cl-4d6d2074"&gt;4&lt;/span&gt;&lt;/p&gt;&lt;/td&gt;&lt;td class="cl-4d6f0863"&gt;&lt;p class="cl-4d6ef5a2"&gt;&lt;span class="cl-4d6d2074"&gt;78.7&lt;/span&gt;&lt;/p&gt;&lt;/td&gt;&lt;td class="cl-4d6f0876"&gt;&lt;p class="cl-4d6ef5a2"&gt;&lt;span class="cl-4d6d2074"&gt;66&lt;/span&gt;&lt;/p&gt;&lt;/td&gt;&lt;td class="cl-4d6f0858"&gt;&lt;p class="cl-4d6ef5a2"&gt;&lt;span class="cl-4d6d2074"&gt;4.08&lt;/span&gt;&lt;/p&gt;&lt;/td&gt;&lt;td class="cl-4d6f0863"&gt;&lt;p class="cl-4d6ef5a2"&gt;&lt;span class="cl-4d6d2074"&gt;2.200&lt;/span&gt;&lt;/p&gt;&lt;/td&gt;&lt;td class="cl-4d6f0863"&gt;&lt;p class="cl-4d6ef5a2"&gt;&lt;span class="cl-4d6d2074"&gt;19.47&lt;/span&gt;&lt;/p&gt;&lt;/td&gt;&lt;td class="cl-4d6f0877"&gt;&lt;p class="cl-4d6ef5a2"&gt;&lt;span class="cl-4d6d2074"&gt;1&lt;/span&gt;&lt;/p&gt;&lt;/td&gt;&lt;td class="cl-4d6f0880"&gt;&lt;p class="cl-4d6ef5a2"&gt;&lt;span class="cl-4d6d2074"&gt;1&lt;/span&gt;&lt;/p&gt;&lt;/td&gt;&lt;td class="cl-4d6f0881"&gt;&lt;p class="cl-4d6ef5a2"&gt;&lt;span class="cl-4d6d2074"&gt;4&lt;/span&gt;&lt;/p&gt;&lt;/td&gt;&lt;td class="cl-4d6f0882"&gt;&lt;p class="cl-4d6ef5a2"&gt;&lt;span class="cl-4d6d2074"&gt;1&lt;/span&gt;&lt;/p&gt;&lt;/td&gt;&lt;/tr&gt;&lt;tr style="overflow-wrap:break-word;"&gt;&lt;td class="cl-4d6f088a"&gt;&lt;p class="cl-4d6ef5a2"&gt;&lt;span class="cl-4d6d2074"&gt;30.4&lt;/span&gt;&lt;/p&gt;&lt;/td&gt;&lt;td class="cl-4d6f088b"&gt;&lt;p class="cl-4d6ef5a2"&gt;&lt;span class="cl-4d6d2074"&gt;4&lt;/span&gt;&lt;/p&gt;&lt;/td&gt;&lt;td class="cl-4d6f0894"&gt;&lt;p class="cl-4d6ef5a2"&gt;&lt;span class="cl-4d6d2074"&gt;75.7&lt;/span&gt;&lt;/p&gt;&lt;/td&gt;&lt;td class="cl-4d6f0895"&gt;&lt;p class="cl-4d6ef5a2"&gt;&lt;span class="cl-4d6d2074"&gt;52&lt;/span&gt;&lt;/p&gt;&lt;/td&gt;&lt;td class="cl-4d6f088a"&gt;&lt;p class="cl-4d6ef5a2"&gt;&lt;span class="cl-4d6d2074"&gt;4.93&lt;/span&gt;&lt;/p&gt;&lt;/td&gt;&lt;td class="cl-4d6f0894"&gt;&lt;p class="cl-4d6ef5a2"&gt;&lt;span class="cl-4d6d2074"&gt;1.615&lt;/span&gt;&lt;/p&gt;&lt;/td&gt;&lt;td class="cl-4d6f0894"&gt;&lt;p class="cl-4d6ef5a2"&gt;&lt;span class="cl-4d6d2074"&gt;18.52&lt;/span&gt;&lt;/p&gt;&lt;/td&gt;&lt;td class="cl-4d6f089e"&gt;&lt;p class="cl-4d6ef5a2"&gt;&lt;span class="cl-4d6d2074"&gt;1&lt;/span&gt;&lt;/p&gt;&lt;/td&gt;&lt;td class="cl-4d6f089f"&gt;&lt;p class="cl-4d6ef5a2"&gt;&lt;span class="cl-4d6d2074"&gt;1&lt;/span&gt;&lt;/p&gt;&lt;/td&gt;&lt;td class="cl-4d6f08a0"&gt;&lt;p class="cl-4d6ef5a2"&gt;&lt;span class="cl-4d6d2074"&gt;4&lt;/span&gt;&lt;/p&gt;&lt;/td&gt;&lt;td class="cl-4d6f08a8"&gt;&lt;p class="cl-4d6ef5a2"&gt;&lt;span class="cl-4d6d2074"&gt;2&lt;/span&gt;&lt;/p&gt;&lt;/td&gt;&lt;/tr&gt;&lt;tr style="overflow-wrap:break-word;"&gt;&lt;td class="cl-4d6f0858"&gt;&lt;p class="cl-4d6ef5a2"&gt;&lt;span class="cl-4d6d2074"&gt;33.9&lt;/span&gt;&lt;/p&gt;&lt;/td&gt;&lt;td class="cl-4d6f0862"&gt;&lt;p class="cl-4d6ef5a2"&gt;&lt;span class="cl-4d6d2074"&gt;4&lt;/span&gt;&lt;/p&gt;&lt;/td&gt;&lt;td class="cl-4d6f0863"&gt;&lt;p class="cl-4d6ef5a2"&gt;&lt;span class="cl-4d6d2074"&gt;71.1&lt;/span&gt;&lt;/p&gt;&lt;/td&gt;&lt;td class="cl-4d6f0876"&gt;&lt;p class="cl-4d6ef5a2"&gt;&lt;span class="cl-4d6d2074"&gt;65&lt;/span&gt;&lt;/p&gt;&lt;/td&gt;&lt;td class="cl-4d6f0858"&gt;&lt;p class="cl-4d6ef5a2"&gt;&lt;span class="cl-4d6d2074"&gt;4.22&lt;/span&gt;&lt;/p&gt;&lt;/td&gt;&lt;td class="cl-4d6f0863"&gt;&lt;p class="cl-4d6ef5a2"&gt;&lt;span class="cl-4d6d2074"&gt;1.835&lt;/span&gt;&lt;/p&gt;&lt;/td&gt;&lt;td class="cl-4d6f0863"&gt;&lt;p class="cl-4d6ef5a2"&gt;&lt;span class="cl-4d6d2074"&gt;19.90&lt;/span&gt;&lt;/p&gt;&lt;/td&gt;&lt;td class="cl-4d6f0877"&gt;&lt;p class="cl-4d6ef5a2"&gt;&lt;span class="cl-4d6d2074"&gt;1&lt;/span&gt;&lt;/p&gt;&lt;/td&gt;&lt;td class="cl-4d6f0880"&gt;&lt;p class="cl-4d6ef5a2"&gt;&lt;span class="cl-4d6d2074"&gt;1&lt;/span&gt;&lt;/p&gt;&lt;/td&gt;&lt;td class="cl-4d6f0881"&gt;&lt;p class="cl-4d6ef5a2"&gt;&lt;span class="cl-4d6d2074"&gt;4&lt;/span&gt;&lt;/p&gt;&lt;/td&gt;&lt;td class="cl-4d6f0882"&gt;&lt;p class="cl-4d6ef5a2"&gt;&lt;span class="cl-4d6d2074"&gt;1&lt;/span&gt;&lt;/p&gt;&lt;/td&gt;&lt;/tr&gt;&lt;tr style="overflow-wrap:break-word;"&gt;&lt;td class="cl-4d6f08d2"&gt;&lt;p class="cl-4d6ef5a2"&gt;&lt;span class="cl-4d6d2074"&gt;21.5&lt;/span&gt;&lt;/p&gt;&lt;/td&gt;&lt;td class="cl-4d6f08da"&gt;&lt;p class="cl-4d6ef5a2"&gt;&lt;span class="cl-4d6d2074"&gt;4&lt;/span&gt;&lt;/p&gt;&lt;/td&gt;&lt;td class="cl-4d6f08db"&gt;&lt;p class="cl-4d6ef5a2"&gt;&lt;span class="cl-4d6d2074"&gt;120.1&lt;/span&gt;&lt;/p&gt;&lt;/td&gt;&lt;td class="cl-4d6f08dc"&gt;&lt;p class="cl-4d6ef5a2"&gt;&lt;span class="cl-4d6d2074"&gt;97&lt;/span&gt;&lt;/p&gt;&lt;/td&gt;&lt;td class="cl-4d6f08d2"&gt;&lt;p class="cl-4d6ef5a2"&gt;&lt;span class="cl-4d6d2074"&gt;3.70&lt;/span&gt;&lt;/p&gt;&lt;/td&gt;&lt;td class="cl-4d6f08db"&gt;&lt;p class="cl-4d6ef5a2"&gt;&lt;span class="cl-4d6d2074"&gt;2.465&lt;/span&gt;&lt;/p&gt;&lt;/td&gt;&lt;td class="cl-4d6f08db"&gt;&lt;p class="cl-4d6ef5a2"&gt;&lt;span class="cl-4d6d2074"&gt;20.01&lt;/span&gt;&lt;/p&gt;&lt;/td&gt;&lt;td class="cl-4d6f08e4"&gt;&lt;p class="cl-4d6ef5a2"&gt;&lt;span class="cl-4d6d2074"&gt;1&lt;/span&gt;&lt;/p&gt;&lt;/td&gt;&lt;td class="cl-4d6f08e5"&gt;&lt;p class="cl-4d6ef5a2"&gt;&lt;span class="cl-4d6d2074"&gt;0&lt;/span&gt;&lt;/p&gt;&lt;/td&gt;&lt;td class="cl-4d6f08e6"&gt;&lt;p class="cl-4d6ef5a2"&gt;&lt;span class="cl-4d6d2074"&gt;3&lt;/span&gt;&lt;/p&gt;&lt;/td&gt;&lt;td class="cl-4d6f08ee"&gt;&lt;p class="cl-4d6ef5a2"&gt;&lt;span class="cl-4d6d2074"&gt;1&lt;/span&gt;&lt;/p&gt;&lt;/td&gt;&lt;/tr&gt;&lt;tr style="overflow-wrap:break-word;"&gt;&lt;td class="cl-4d6f08a9"&gt;&lt;p class="cl-4d6ef5a2"&gt;&lt;span class="cl-4d6d2074"&gt;15.5&lt;/span&gt;&lt;/p&gt;&lt;/td&gt;&lt;td class="cl-4d6f08b2"&gt;&lt;p class="cl-4d6ef5a2"&gt;&lt;span class="cl-4d6d2074"&gt;8&lt;/span&gt;&lt;/p&gt;&lt;/td&gt;&lt;td class="cl-4d6f08b3"&gt;&lt;p class="cl-4d6ef5a2"&gt;&lt;span class="cl-4d6d2074"&gt;318.0&lt;/span&gt;&lt;/p&gt;&lt;/td&gt;&lt;td class="cl-4d6f08bc"&gt;&lt;p class="cl-4d6ef5a2"&gt;&lt;span class="cl-4d6d2074"&gt;150&lt;/span&gt;&lt;/p&gt;&lt;/td&gt;&lt;td class="cl-4d6f08a9"&gt;&lt;p class="cl-4d6ef5a2"&gt;&lt;span class="cl-4d6d2074"&gt;2.76&lt;/span&gt;&lt;/p&gt;&lt;/td&gt;&lt;td class="cl-4d6f08b3"&gt;&lt;p class="cl-4d6ef5a2"&gt;&lt;span class="cl-4d6d2074"&gt;3.520&lt;/span&gt;&lt;/p&gt;&lt;/td&gt;&lt;td class="cl-4d6f08b3"&gt;&lt;p class="cl-4d6ef5a2"&gt;&lt;span class="cl-4d6d2074"&gt;16.87&lt;/span&gt;&lt;/p&gt;&lt;/td&gt;&lt;td class="cl-4d6f08c6"&gt;&lt;p class="cl-4d6ef5a2"&gt;&lt;span class="cl-4d6d2074"&gt;0&lt;/span&gt;&lt;/p&gt;&lt;/td&gt;&lt;td class="cl-4d6f08c7"&gt;&lt;p class="cl-4d6ef5a2"&gt;&lt;span class="cl-4d6d2074"&gt;0&lt;/span&gt;&lt;/p&gt;&lt;/td&gt;&lt;td class="cl-4d6f08d0"&gt;&lt;p class="cl-4d6ef5a2"&gt;&lt;span class="cl-4d6d2074"&gt;3&lt;/span&gt;&lt;/p&gt;&lt;/td&gt;&lt;td class="cl-4d6f08d1"&gt;&lt;p class="cl-4d6ef5a2"&gt;&lt;span class="cl-4d6d2074"&gt;2&lt;/span&gt;&lt;/p&gt;&lt;/td&gt;&lt;/tr&gt;&lt;tr style="overflow-wrap:break-word;"&gt;&lt;td class="cl-4d6f0858"&gt;&lt;p class="cl-4d6ef5a2"&gt;&lt;span class="cl-4d6d2074"&gt;15.2&lt;/span&gt;&lt;/p&gt;&lt;/td&gt;&lt;td class="cl-4d6f0862"&gt;&lt;p class="cl-4d6ef5a2"&gt;&lt;span class="cl-4d6d2074"&gt;8&lt;/span&gt;&lt;/p&gt;&lt;/td&gt;&lt;td class="cl-4d6f0863"&gt;&lt;p class="cl-4d6ef5a2"&gt;&lt;span class="cl-4d6d2074"&gt;304.0&lt;/span&gt;&lt;/p&gt;&lt;/td&gt;&lt;td class="cl-4d6f0876"&gt;&lt;p class="cl-4d6ef5a2"&gt;&lt;span class="cl-4d6d2074"&gt;150&lt;/span&gt;&lt;/p&gt;&lt;/td&gt;&lt;td class="cl-4d6f0858"&gt;&lt;p class="cl-4d6ef5a2"&gt;&lt;span class="cl-4d6d2074"&gt;3.15&lt;/span&gt;&lt;/p&gt;&lt;/td&gt;&lt;td class="cl-4d6f0863"&gt;&lt;p class="cl-4d6ef5a2"&gt;&lt;span class="cl-4d6d2074"&gt;3.435&lt;/span&gt;&lt;/p&gt;&lt;/td&gt;&lt;td class="cl-4d6f0863"&gt;&lt;p class="cl-4d6ef5a2"&gt;&lt;span class="cl-4d6d2074"&gt;17.30&lt;/span&gt;&lt;/p&gt;&lt;/td&gt;&lt;td class="cl-4d6f0877"&gt;&lt;p class="cl-4d6ef5a2"&gt;&lt;span class="cl-4d6d2074"&gt;0&lt;/span&gt;&lt;/p&gt;&lt;/td&gt;&lt;td class="cl-4d6f0880"&gt;&lt;p class="cl-4d6ef5a2"&gt;&lt;span class="cl-4d6d2074"&gt;0&lt;/span&gt;&lt;/p&gt;&lt;/td&gt;&lt;td class="cl-4d6f0881"&gt;&lt;p class="cl-4d6ef5a2"&gt;&lt;span class="cl-4d6d2074"&gt;3&lt;/span&gt;&lt;/p&gt;&lt;/td&gt;&lt;td class="cl-4d6f0882"&gt;&lt;p class="cl-4d6ef5a2"&gt;&lt;span class="cl-4d6d2074"&gt;2&lt;/span&gt;&lt;/p&gt;&lt;/td&gt;&lt;/tr&gt;&lt;tr style="overflow-wrap:break-word;"&gt;&lt;td class="cl-4d6f0858"&gt;&lt;p class="cl-4d6ef5a2"&gt;&lt;span class="cl-4d6d2074"&gt;13.3&lt;/span&gt;&lt;/p&gt;&lt;/td&gt;&lt;td class="cl-4d6f0862"&gt;&lt;p class="cl-4d6ef5a2"&gt;&lt;span class="cl-4d6d2074"&gt;8&lt;/span&gt;&lt;/p&gt;&lt;/td&gt;&lt;td class="cl-4d6f0863"&gt;&lt;p class="cl-4d6ef5a2"&gt;&lt;span class="cl-4d6d2074"&gt;350.0&lt;/span&gt;&lt;/p&gt;&lt;/td&gt;&lt;td class="cl-4d6f0876"&gt;&lt;p class="cl-4d6ef5a2"&gt;&lt;span class="cl-4d6d2074"&gt;245&lt;/span&gt;&lt;/p&gt;&lt;/td&gt;&lt;td class="cl-4d6f0858"&gt;&lt;p class="cl-4d6ef5a2"&gt;&lt;span class="cl-4d6d2074"&gt;3.73&lt;/span&gt;&lt;/p&gt;&lt;/td&gt;&lt;td class="cl-4d6f0863"&gt;&lt;p class="cl-4d6ef5a2"&gt;&lt;span class="cl-4d6d2074"&gt;3.840&lt;/span&gt;&lt;/p&gt;&lt;/td&gt;&lt;td class="cl-4d6f0863"&gt;&lt;p class="cl-4d6ef5a2"&gt;&lt;span class="cl-4d6d2074"&gt;15.41&lt;/span&gt;&lt;/p&gt;&lt;/td&gt;&lt;td class="cl-4d6f0877"&gt;&lt;p class="cl-4d6ef5a2"&gt;&lt;span class="cl-4d6d2074"&gt;0&lt;/span&gt;&lt;/p&gt;&lt;/td&gt;&lt;td class="cl-4d6f0880"&gt;&lt;p class="cl-4d6ef5a2"&gt;&lt;span class="cl-4d6d2074"&gt;0&lt;/span&gt;&lt;/p&gt;&lt;/td&gt;&lt;td class="cl-4d6f0881"&gt;&lt;p class="cl-4d6ef5a2"&gt;&lt;span class="cl-4d6d2074"&gt;3&lt;/span&gt;&lt;/p&gt;&lt;/td&gt;&lt;td class="cl-4d6f0882"&gt;&lt;p class="cl-4d6ef5a2"&gt;&lt;span class="cl-4d6d2074"&gt;4&lt;/span&gt;&lt;/p&gt;&lt;/td&gt;&lt;/tr&gt;&lt;tr style="overflow-wrap:break-word;"&gt;&lt;td class="cl-4d6f0858"&gt;&lt;p class="cl-4d6ef5a2"&gt;&lt;span class="cl-4d6d2074"&gt;19.2&lt;/span&gt;&lt;/p&gt;&lt;/td&gt;&lt;td class="cl-4d6f0862"&gt;&lt;p class="cl-4d6ef5a2"&gt;&lt;span class="cl-4d6d2074"&gt;8&lt;/span&gt;&lt;/p&gt;&lt;/td&gt;&lt;td class="cl-4d6f0863"&gt;&lt;p class="cl-4d6ef5a2"&gt;&lt;span class="cl-4d6d2074"&gt;400.0&lt;/span&gt;&lt;/p&gt;&lt;/td&gt;&lt;td class="cl-4d6f0876"&gt;&lt;p class="cl-4d6ef5a2"&gt;&lt;span class="cl-4d6d2074"&gt;175&lt;/span&gt;&lt;/p&gt;&lt;/td&gt;&lt;td class="cl-4d6f0858"&gt;&lt;p class="cl-4d6ef5a2"&gt;&lt;span class="cl-4d6d2074"&gt;3.08&lt;/span&gt;&lt;/p&gt;&lt;/td&gt;&lt;td class="cl-4d6f0863"&gt;&lt;p class="cl-4d6ef5a2"&gt;&lt;span class="cl-4d6d2074"&gt;3.845&lt;/span&gt;&lt;/p&gt;&lt;/td&gt;&lt;td class="cl-4d6f0863"&gt;&lt;p class="cl-4d6ef5a2"&gt;&lt;span class="cl-4d6d2074"&gt;17.05&lt;/span&gt;&lt;/p&gt;&lt;/td&gt;&lt;td class="cl-4d6f0877"&gt;&lt;p class="cl-4d6ef5a2"&gt;&lt;span class="cl-4d6d2074"&gt;0&lt;/span&gt;&lt;/p&gt;&lt;/td&gt;&lt;td class="cl-4d6f0880"&gt;&lt;p class="cl-4d6ef5a2"&gt;&lt;span class="cl-4d6d2074"&gt;0&lt;/span&gt;&lt;/p&gt;&lt;/td&gt;&lt;td class="cl-4d6f0881"&gt;&lt;p class="cl-4d6ef5a2"&gt;&lt;span class="cl-4d6d2074"&gt;3&lt;/span&gt;&lt;/p&gt;&lt;/td&gt;&lt;td class="cl-4d6f0882"&gt;&lt;p class="cl-4d6ef5a2"&gt;&lt;span class="cl-4d6d2074"&gt;2&lt;/span&gt;&lt;/p&gt;&lt;/td&gt;&lt;/tr&gt;&lt;tr style="overflow-wrap:break-word;"&gt;&lt;td class="cl-4d6f0858"&gt;&lt;p class="cl-4d6ef5a2"&gt;&lt;span class="cl-4d6d2074"&gt;27.3&lt;/span&gt;&lt;/p&gt;&lt;/td&gt;&lt;td class="cl-4d6f0862"&gt;&lt;p class="cl-4d6ef5a2"&gt;&lt;span class="cl-4d6d2074"&gt;4&lt;/span&gt;&lt;/p&gt;&lt;/td&gt;&lt;td class="cl-4d6f0863"&gt;&lt;p class="cl-4d6ef5a2"&gt;&lt;span class="cl-4d6d2074"&gt;79.0&lt;/span&gt;&lt;/p&gt;&lt;/td&gt;&lt;td class="cl-4d6f0876"&gt;&lt;p class="cl-4d6ef5a2"&gt;&lt;span class="cl-4d6d2074"&gt;66&lt;/span&gt;&lt;/p&gt;&lt;/td&gt;&lt;td class="cl-4d6f0858"&gt;&lt;p class="cl-4d6ef5a2"&gt;&lt;span class="cl-4d6d2074"&gt;4.08&lt;/span&gt;&lt;/p&gt;&lt;/td&gt;&lt;td class="cl-4d6f0863"&gt;&lt;p class="cl-4d6ef5a2"&gt;&lt;span class="cl-4d6d2074"&gt;1.935&lt;/span&gt;&lt;/p&gt;&lt;/td&gt;&lt;td class="cl-4d6f0863"&gt;&lt;p class="cl-4d6ef5a2"&gt;&lt;span class="cl-4d6d2074"&gt;18.90&lt;/span&gt;&lt;/p&gt;&lt;/td&gt;&lt;td class="cl-4d6f0877"&gt;&lt;p class="cl-4d6ef5a2"&gt;&lt;span class="cl-4d6d2074"&gt;1&lt;/span&gt;&lt;/p&gt;&lt;/td&gt;&lt;td class="cl-4d6f0880"&gt;&lt;p class="cl-4d6ef5a2"&gt;&lt;span class="cl-4d6d2074"&gt;1&lt;/span&gt;&lt;/p&gt;&lt;/td&gt;&lt;td class="cl-4d6f0881"&gt;&lt;p class="cl-4d6ef5a2"&gt;&lt;span class="cl-4d6d2074"&gt;4&lt;/span&gt;&lt;/p&gt;&lt;/td&gt;&lt;td class="cl-4d6f0882"&gt;&lt;p class="cl-4d6ef5a2"&gt;&lt;span class="cl-4d6d2074"&gt;1&lt;/span&gt;&lt;/p&gt;&lt;/td&gt;&lt;/tr&gt;&lt;tr style="overflow-wrap:break-word;"&gt;&lt;td class="cl-4d6f0858"&gt;&lt;p class="cl-4d6ef5a2"&gt;&lt;span class="cl-4d6d2074"&gt;26.0&lt;/span&gt;&lt;/p&gt;&lt;/td&gt;&lt;td class="cl-4d6f0862"&gt;&lt;p class="cl-4d6ef5a2"&gt;&lt;span class="cl-4d6d2074"&gt;4&lt;/span&gt;&lt;/p&gt;&lt;/td&gt;&lt;td class="cl-4d6f0863"&gt;&lt;p class="cl-4d6ef5a2"&gt;&lt;span class="cl-4d6d2074"&gt;120.3&lt;/span&gt;&lt;/p&gt;&lt;/td&gt;&lt;td class="cl-4d6f0876"&gt;&lt;p class="cl-4d6ef5a2"&gt;&lt;span class="cl-4d6d2074"&gt;91&lt;/span&gt;&lt;/p&gt;&lt;/td&gt;&lt;td class="cl-4d6f0858"&gt;&lt;p class="cl-4d6ef5a2"&gt;&lt;span class="cl-4d6d2074"&gt;4.43&lt;/span&gt;&lt;/p&gt;&lt;/td&gt;&lt;td class="cl-4d6f0863"&gt;&lt;p class="cl-4d6ef5a2"&gt;&lt;span class="cl-4d6d2074"&gt;2.140&lt;/span&gt;&lt;/p&gt;&lt;/td&gt;&lt;td class="cl-4d6f0863"&gt;&lt;p class="cl-4d6ef5a2"&gt;&lt;span class="cl-4d6d2074"&gt;16.70&lt;/span&gt;&lt;/p&gt;&lt;/td&gt;&lt;td class="cl-4d6f0877"&gt;&lt;p class="cl-4d6ef5a2"&gt;&lt;span class="cl-4d6d2074"&gt;0&lt;/span&gt;&lt;/p&gt;&lt;/td&gt;&lt;td class="cl-4d6f0880"&gt;&lt;p class="cl-4d6ef5a2"&gt;&lt;span class="cl-4d6d2074"&gt;1&lt;/span&gt;&lt;/p&gt;&lt;/td&gt;&lt;td class="cl-4d6f0881"&gt;&lt;p class="cl-4d6ef5a2"&gt;&lt;span class="cl-4d6d2074"&gt;5&lt;/span&gt;&lt;/p&gt;&lt;/td&gt;&lt;td class="cl-4d6f0882"&gt;&lt;p class="cl-4d6ef5a2"&gt;&lt;span class="cl-4d6d2074"&gt;2&lt;/span&gt;&lt;/p&gt;&lt;/td&gt;&lt;/tr&gt;&lt;tr style="overflow-wrap:break-word;"&gt;&lt;td class="cl-4d6f088a"&gt;&lt;p class="cl-4d6ef5a2"&gt;&lt;span class="cl-4d6d2074"&gt;30.4&lt;/span&gt;&lt;/p&gt;&lt;/td&gt;&lt;td class="cl-4d6f088b"&gt;&lt;p class="cl-4d6ef5a2"&gt;&lt;span class="cl-4d6d2074"&gt;4&lt;/span&gt;&lt;/p&gt;&lt;/td&gt;&lt;td class="cl-4d6f0894"&gt;&lt;p class="cl-4d6ef5a2"&gt;&lt;span class="cl-4d6d2074"&gt;95.1&lt;/span&gt;&lt;/p&gt;&lt;/td&gt;&lt;td class="cl-4d6f0895"&gt;&lt;p class="cl-4d6ef5a2"&gt;&lt;span class="cl-4d6d2074"&gt;113&lt;/span&gt;&lt;/p&gt;&lt;/td&gt;&lt;td class="cl-4d6f088a"&gt;&lt;p class="cl-4d6ef5a2"&gt;&lt;span class="cl-4d6d2074"&gt;3.77&lt;/span&gt;&lt;/p&gt;&lt;/td&gt;&lt;td class="cl-4d6f0894"&gt;&lt;p class="cl-4d6ef5a2"&gt;&lt;span class="cl-4d6d2074"&gt;1.513&lt;/span&gt;&lt;/p&gt;&lt;/td&gt;&lt;td class="cl-4d6f0894"&gt;&lt;p class="cl-4d6ef5a2"&gt;&lt;span class="cl-4d6d2074"&gt;16.90&lt;/span&gt;&lt;/p&gt;&lt;/td&gt;&lt;td class="cl-4d6f089e"&gt;&lt;p class="cl-4d6ef5a2"&gt;&lt;span class="cl-4d6d2074"&gt;1&lt;/span&gt;&lt;/p&gt;&lt;/td&gt;&lt;td class="cl-4d6f089f"&gt;&lt;p class="cl-4d6ef5a2"&gt;&lt;span class="cl-4d6d2074"&gt;1&lt;/span&gt;&lt;/p&gt;&lt;/td&gt;&lt;td class="cl-4d6f08a0"&gt;&lt;p class="cl-4d6ef5a2"&gt;&lt;span class="cl-4d6d2074"&gt;5&lt;/span&gt;&lt;/p&gt;&lt;/td&gt;&lt;td class="cl-4d6f08a8"&gt;&lt;p class="cl-4d6ef5a2"&gt;&lt;span class="cl-4d6d2074"&gt;2&lt;/span&gt;&lt;/p&gt;&lt;/td&gt;&lt;/tr&gt;&lt;tr style="overflow-wrap:break-word;"&gt;&lt;td class="cl-4d6f0858"&gt;&lt;p class="cl-4d6ef5a2"&gt;&lt;span class="cl-4d6d2074"&gt;15.8&lt;/span&gt;&lt;/p&gt;&lt;/td&gt;&lt;td class="cl-4d6f0862"&gt;&lt;p class="cl-4d6ef5a2"&gt;&lt;span class="cl-4d6d2074"&gt;8&lt;/span&gt;&lt;/p&gt;&lt;/td&gt;&lt;td class="cl-4d6f0863"&gt;&lt;p class="cl-4d6ef5a2"&gt;&lt;span class="cl-4d6d2074"&gt;351.0&lt;/span&gt;&lt;/p&gt;&lt;/td&gt;&lt;td class="cl-4d6f0876"&gt;&lt;p class="cl-4d6ef5a2"&gt;&lt;span class="cl-4d6d2074"&gt;264&lt;/span&gt;&lt;/p&gt;&lt;/td&gt;&lt;td class="cl-4d6f0858"&gt;&lt;p class="cl-4d6ef5a2"&gt;&lt;span class="cl-4d6d2074"&gt;4.22&lt;/span&gt;&lt;/p&gt;&lt;/td&gt;&lt;td class="cl-4d6f0863"&gt;&lt;p class="cl-4d6ef5a2"&gt;&lt;span class="cl-4d6d2074"&gt;3.170&lt;/span&gt;&lt;/p&gt;&lt;/td&gt;&lt;td class="cl-4d6f0863"&gt;&lt;p class="cl-4d6ef5a2"&gt;&lt;span class="cl-4d6d2074"&gt;14.50&lt;/span&gt;&lt;/p&gt;&lt;/td&gt;&lt;td class="cl-4d6f0877"&gt;&lt;p class="cl-4d6ef5a2"&gt;&lt;span class="cl-4d6d2074"&gt;0&lt;/span&gt;&lt;/p&gt;&lt;/td&gt;&lt;td class="cl-4d6f0880"&gt;&lt;p class="cl-4d6ef5a2"&gt;&lt;span class="cl-4d6d2074"&gt;1&lt;/span&gt;&lt;/p&gt;&lt;/td&gt;&lt;td class="cl-4d6f0881"&gt;&lt;p class="cl-4d6ef5a2"&gt;&lt;span class="cl-4d6d2074"&gt;5&lt;/span&gt;&lt;/p&gt;&lt;/td&gt;&lt;td class="cl-4d6f0882"&gt;&lt;p class="cl-4d6ef5a2"&gt;&lt;span class="cl-4d6d2074"&gt;4&lt;/span&gt;&lt;/p&gt;&lt;/td&gt;&lt;/tr&gt;&lt;tr style="overflow-wrap:break-word;"&gt;&lt;td class="cl-4d6f0858"&gt;&lt;p class="cl-4d6ef5a2"&gt;&lt;span class="cl-4d6d2074"&gt;19.7&lt;/span&gt;&lt;/p&gt;&lt;/td&gt;&lt;td class="cl-4d6f0862"&gt;&lt;p class="cl-4d6ef5a2"&gt;&lt;span class="cl-4d6d2074"&gt;6&lt;/span&gt;&lt;/p&gt;&lt;/td&gt;&lt;td class="cl-4d6f0863"&gt;&lt;p class="cl-4d6ef5a2"&gt;&lt;span class="cl-4d6d2074"&gt;145.0&lt;/span&gt;&lt;/p&gt;&lt;/td&gt;&lt;td class="cl-4d6f0876"&gt;&lt;p class="cl-4d6ef5a2"&gt;&lt;span class="cl-4d6d2074"&gt;175&lt;/span&gt;&lt;/p&gt;&lt;/td&gt;&lt;td class="cl-4d6f0858"&gt;&lt;p class="cl-4d6ef5a2"&gt;&lt;span class="cl-4d6d2074"&gt;3.62&lt;/span&gt;&lt;/p&gt;&lt;/td&gt;&lt;td class="cl-4d6f0863"&gt;&lt;p class="cl-4d6ef5a2"&gt;&lt;span class="cl-4d6d2074"&gt;2.770&lt;/span&gt;&lt;/p&gt;&lt;/td&gt;&lt;td class="cl-4d6f0863"&gt;&lt;p class="cl-4d6ef5a2"&gt;&lt;span class="cl-4d6d2074"&gt;15.50&lt;/span&gt;&lt;/p&gt;&lt;/td&gt;&lt;td class="cl-4d6f0877"&gt;&lt;p class="cl-4d6ef5a2"&gt;&lt;span class="cl-4d6d2074"&gt;0&lt;/span&gt;&lt;/p&gt;&lt;/td&gt;&lt;td class="cl-4d6f0880"&gt;&lt;p class="cl-4d6ef5a2"&gt;&lt;span class="cl-4d6d2074"&gt;1&lt;/span&gt;&lt;/p&gt;&lt;/td&gt;&lt;td class="cl-4d6f0881"&gt;&lt;p class="cl-4d6ef5a2"&gt;&lt;span class="cl-4d6d2074"&gt;5&lt;/span&gt;&lt;/p&gt;&lt;/td&gt;&lt;td class="cl-4d6f0882"&gt;&lt;p class="cl-4d6ef5a2"&gt;&lt;span class="cl-4d6d2074"&gt;6&lt;/span&gt;&lt;/p&gt;&lt;/td&gt;&lt;/tr&gt;&lt;tr style="overflow-wrap:break-word;"&gt;&lt;td class="cl-4d6f0858"&gt;&lt;p class="cl-4d6ef5a2"&gt;&lt;span class="cl-4d6d2074"&gt;15.0&lt;/span&gt;&lt;/p&gt;&lt;/td&gt;&lt;td class="cl-4d6f0862"&gt;&lt;p class="cl-4d6ef5a2"&gt;&lt;span class="cl-4d6d2074"&gt;8&lt;/span&gt;&lt;/p&gt;&lt;/td&gt;&lt;td class="cl-4d6f0863"&gt;&lt;p class="cl-4d6ef5a2"&gt;&lt;span class="cl-4d6d2074"&gt;301.0&lt;/span&gt;&lt;/p&gt;&lt;/td&gt;&lt;td class="cl-4d6f0876"&gt;&lt;p class="cl-4d6ef5a2"&gt;&lt;span class="cl-4d6d2074"&gt;335&lt;/span&gt;&lt;/p&gt;&lt;/td&gt;&lt;td class="cl-4d6f0858"&gt;&lt;p class="cl-4d6ef5a2"&gt;&lt;span class="cl-4d6d2074"&gt;3.54&lt;/span&gt;&lt;/p&gt;&lt;/td&gt;&lt;td class="cl-4d6f0863"&gt;&lt;p class="cl-4d6ef5a2"&gt;&lt;span class="cl-4d6d2074"&gt;3.570&lt;/span&gt;&lt;/p&gt;&lt;/td&gt;&lt;td class="cl-4d6f0863"&gt;&lt;p class="cl-4d6ef5a2"&gt;&lt;span class="cl-4d6d2074"&gt;14.60&lt;/span&gt;&lt;/p&gt;&lt;/td&gt;&lt;td class="cl-4d6f0877"&gt;&lt;p class="cl-4d6ef5a2"&gt;&lt;span class="cl-4d6d2074"&gt;0&lt;/span&gt;&lt;/p&gt;&lt;/td&gt;&lt;td class="cl-4d6f0880"&gt;&lt;p class="cl-4d6ef5a2"&gt;&lt;span class="cl-4d6d2074"&gt;1&lt;/span&gt;&lt;/p&gt;&lt;/td&gt;&lt;td class="cl-4d6f0881"&gt;&lt;p class="cl-4d6ef5a2"&gt;&lt;span class="cl-4d6d2074"&gt;5&lt;/span&gt;&lt;/p&gt;&lt;/td&gt;&lt;td class="cl-4d6f0882"&gt;&lt;p class="cl-4d6ef5a2"&gt;&lt;span class="cl-4d6d2074"&gt;8&lt;/span&gt;&lt;/p&gt;&lt;/td&gt;&lt;/tr&gt;&lt;tr style="overflow-wrap:break-word;"&gt;&lt;td class="cl-4d6f08ef"&gt;&lt;p class="cl-4d6ef5a2"&gt;&lt;span class="cl-4d6d2074"&gt;21.4&lt;/span&gt;&lt;/p&gt;&lt;/td&gt;&lt;td class="cl-4d6f08f0"&gt;&lt;p class="cl-4d6ef5a2"&gt;&lt;span class="cl-4d6d2074"&gt;4&lt;/span&gt;&lt;/p&gt;&lt;/td&gt;&lt;td class="cl-4d6f08f8"&gt;&lt;p class="cl-4d6ef5a2"&gt;&lt;span class="cl-4d6d2074"&gt;121.0&lt;/span&gt;&lt;/p&gt;&lt;/td&gt;&lt;td class="cl-4d6f08f9"&gt;&lt;p class="cl-4d6ef5a2"&gt;&lt;span class="cl-4d6d2074"&gt;109&lt;/span&gt;&lt;/p&gt;&lt;/td&gt;&lt;td class="cl-4d6f08ef"&gt;&lt;p class="cl-4d6ef5a2"&gt;&lt;span class="cl-4d6d2074"&gt;4.11&lt;/span&gt;&lt;/p&gt;&lt;/td&gt;&lt;td class="cl-4d6f08f8"&gt;&lt;p class="cl-4d6ef5a2"&gt;&lt;span class="cl-4d6d2074"&gt;2.780&lt;/span&gt;&lt;/p&gt;&lt;/td&gt;&lt;td class="cl-4d6f08f8"&gt;&lt;p class="cl-4d6ef5a2"&gt;&lt;span class="cl-4d6d2074"&gt;18.60&lt;/span&gt;&lt;/p&gt;&lt;/td&gt;&lt;td class="cl-4d6f0902"&gt;&lt;p class="cl-4d6ef5a2"&gt;&lt;span class="cl-4d6d2074"&gt;1&lt;/span&gt;&lt;/p&gt;&lt;/td&gt;&lt;td class="cl-4d6f0903"&gt;&lt;p class="cl-4d6ef5a2"&gt;&lt;span class="cl-4d6d2074"&gt;1&lt;/span&gt;&lt;/p&gt;&lt;/td&gt;&lt;td class="cl-4d6f090c"&gt;&lt;p class="cl-4d6ef5a2"&gt;&lt;span class="cl-4d6d2074"&gt;4&lt;/span&gt;&lt;/p&gt;&lt;/td&gt;&lt;td class="cl-4d6f090d"&gt;&lt;p class="cl-4d6ef5a2"&gt;&lt;span class="cl-4d6d2074"&gt;2&lt;/span&gt;&lt;/p&gt;&lt;/td&gt;&lt;/tr&gt;&lt;/tbody&gt;&lt;/table&gt;&lt;/div&gt;
+   &lt;div class="tabwid"&gt;&lt;style&gt;.cl-113e14d4{}.cl-11354de0{font-family:'DejaVu Sans';font-size:11pt;font-weight:normal;font-style:normal;text-decoration:none;color:rgba(0, 0, 0, 1.00);background-color:transparent;}.cl-11387cb8{margin:0;text-align:center;border-bottom: 0 solid rgba(0, 0, 0, 1.00);border-top: 0 solid rgba(0, 0, 0, 1.00);border-left: 0 solid rgba(0, 0, 0, 1.00);border-right: 0 solid rgba(0, 0, 0, 1.00);padding-bottom:2pt;padding-top:2pt;padding-left:5pt;padding-right:5pt;line-height: 1;background-color:transparent;}.cl-11387cc2{margin:0;text-align:center;border-bottom: 0 solid rgba(0, 0, 0, 1.00);border-top: 0 solid rgba(0, 0, 0, 1.00);border-left: 0 solid rgba(0, 0, 0, 1.00);border-right: 0 solid rgba(0, 0, 0, 1.00);padding-bottom:5pt;padding-top:5pt;padding-left:5pt;padding-right:5pt;line-height: 1;background-color:transparent;}.cl-11389e64{width:0.628in;background-color:transparent;vertical-align: middle;border-bottom: 1pt solid rgba(0, 0, 0, 1.00);border-top: 1pt solid rgba(0, 0, 0, 1.00);border-left: 0 solid rgba(0, 0, 0, 1.00);border-right: 0 solid rgba(0, 0, 0, 1.00);margin-bottom:0;margin-top:0;margin-left:0;margin-right:0;}.cl-11389e6e{width:0.502in;background-color:transparent;vertical-align: middle;border-bottom: 1pt solid rgba(0, 0, 0, 1.00);border-top: 1pt solid rgba(0, 0, 0, 1.00);border-left: 0 solid rgba(0, 0, 0, 1.00);border-right: 0 solid rgba(0, 0, 0, 1.00);margin-bottom:0;margin-top:0;margin-left:0;margin-right:0;}.cl-11389e78{width:0.723in;background-color:transparent;vertical-align: middle;border-bottom: 1pt solid rgba(0, 0, 0, 1.00);border-top: 1pt solid rgba(0, 0, 0, 1.00);border-left: 0 solid rgba(0, 0, 0, 1.00);border-right: 0 solid rgba(0, 0, 0, 1.00);margin-bottom:0;margin-top:0;margin-left:0;margin-right:0;}.cl-11389e79{width:0.577in;background-color:transparent;vertical-align: middle;border-bottom: 1pt solid rgba(0, 0, 0, 1.00);border-top: 1pt solid rgba(0, 0, 0, 1.00);border-left: 0 solid rgba(0, 0, 0, 1.00);border-right: 0 solid rgba(0, 0, 0, 1.00);margin-bottom:0;margin-top:0;margin-left:0;margin-right:0;}.cl-11389e7a{width:0.625in;background-color:transparent;vertical-align: middle;border-bottom: 1pt solid rgba(0, 0, 0, 1.00);border-top: 1pt solid rgba(0, 0, 0, 1.00);border-left: 0 solid rgba(0, 0, 0, 1.00);border-right: 0 solid rgba(0, 0, 0, 1.00);margin-bottom:0;margin-top:0;margin-left:0;margin-right:0;}.cl-11389e82{width:0.455in;background-color:transparent;vertical-align: middle;border-bottom: 1pt solid rgba(0, 0, 0, 1.00);border-top: 1pt solid rgba(0, 0, 0, 1.00);border-left: 0 solid rgba(0, 0, 0, 1.00);border-right: 0 solid rgba(0, 0, 0, 1.00);margin-bottom:0;margin-top:0;margin-left:0;margin-right:0;}.cl-11389e83{width:0.528in;background-color:transparent;vertical-align: middle;border-bottom: 1pt solid rgba(0, 0, 0, 1.00);border-top: 1pt solid rgba(0, 0, 0, 1.00);border-left: 0 solid rgba(0, 0, 0, 1.00);border-right: 0 solid rgba(0, 0, 0, 1.00);margin-bottom:0;margin-top:0;margin-left:0;margin-right:0;}.cl-11389e8c{width:0.633in;background-color:transparent;vertical-align: middle;border-bottom: 1pt solid rgba(0, 0, 0, 1.00);border-top: 1pt solid rgba(0, 0, 0, 1.00);border-left: 0 solid rgba(0, 0, 0, 1.00);border-right: 0 solid rgba(0, 0, 0, 1.00);margin-bottom:0;margin-top:0;margin-left:0;margin-right:0;}.cl-11389e8d{width:0.623in;background-color:transparent;vertical-align: middle;border-bottom: 1pt solid rgba(0, 0, 0, 1.00);border-top: 1pt solid rgba(0, 0, 0, 1.00);border-left: 0 solid rgba(0, 0, 0, 1.00);border-right: 0 solid rgba(0, 0, 0, 1.00);margin-bottom:0;margin-top:0;margin-left:0;margin-right:0;}.cl-11389e96{width:0.628in;background-color:transparent;vertical-align: top;border-bottom: 0 solid rgba(0, 0, 0, 1.00);border-top: 0 solid rgba(0, 0, 0, 1.00);border-left: 0 solid rgba(0, 0, 0, 1.00);border-right: 0 solid rgba(0, 0, 0, 1.00);margin-bottom:0;margin-top:0;margin-left:0;margin-right:0;}.cl-11389e97{width:0.502in;background-color:transparent;vertical-align: top;border-bottom: 0 solid rgba(0, 0, 0, 1.00);border-top: 0 solid rgba(0, 0, 0, 1.00);border-left: 0 solid rgba(0, 0, 0, 1.00);border-right: 0 solid rgba(0, 0, 0, 1.00);margin-bottom:0;margin-top:0;margin-left:0;margin-right:0;}.cl-11389ea0{width:0.723in;background-color:transparent;vertical-align: top;border-bottom: 0 solid rgba(0, 0, 0, 1.00);border-top: 0 solid rgba(0, 0, 0, 1.00);border-left: 0 solid rgba(0, 0, 0, 1.00);border-right: 0 solid rgba(0, 0, 0, 1.00);margin-bottom:0;margin-top:0;margin-left:0;margin-right:0;}.cl-11389ea1{width:0.577in;background-color:transparent;vertical-align: top;border-bottom: 0 solid rgba(0, 0, 0, 1.00);border-top: 0 solid rgba(0, 0, 0, 1.00);border-left: 0 solid rgba(0, 0, 0, 1.00);border-right: 0 solid rgba(0, 0, 0, 1.00);margin-bottom:0;margin-top:0;margin-left:0;margin-right:0;}.cl-11389ea2{width:0.625in;background-color:transparent;vertical-align: top;border-bottom: 0 solid rgba(0, 0, 0, 1.00);border-top: 0 solid rgba(0, 0, 0, 1.00);border-left: 0 solid rgba(0, 0, 0, 1.00);border-right: 0 solid rgba(0, 0, 0, 1.00);margin-bottom:0;margin-top:0;margin-left:0;margin-right:0;}.cl-11389eaa{width:0.455in;background-color:transparent;vertical-align: top;border-bottom: 0 solid rgba(0, 0, 0, 1.00);border-top: 0 solid rgba(0, 0, 0, 1.00);border-left: 0 solid rgba(0, 0, 0, 1.00);border-right: 0 solid rgba(0, 0, 0, 1.00);margin-bottom:0;margin-top:0;margin-left:0;margin-right:0;}.cl-11389eab{width:0.528in;background-color:transparent;vertical-align: top;border-bottom: 0 solid rgba(0, 0, 0, 1.00);border-top: 0 solid rgba(0, 0, 0, 1.00);border-left: 0 solid rgba(0, 0, 0, 1.00);border-right: 0 solid rgba(0, 0, 0, 1.00);margin-bottom:0;margin-top:0;margin-left:0;margin-right:0;}.cl-11389eac{width:0.633in;background-color:transparent;vertical-align: top;border-bottom: 0 solid rgba(0, 0, 0, 1.00);border-top: 0 solid rgba(0, 0, 0, 1.00);border-left: 0 solid rgba(0, 0, 0, 1.00);border-right: 0 solid rgba(0, 0, 0, 1.00);margin-bottom:0;margin-top:0;margin-left:0;margin-right:0;}.cl-11389eb4{width:0.623in;background-color:transparent;vertical-align: top;border-bottom: 0 solid rgba(0, 0, 0, 1.00);border-top: 0 solid rgba(0, 0, 0, 1.00);border-left: 0 solid rgba(0, 0, 0, 1.00);border-right: 0 solid rgba(0, 0, 0, 1.00);margin-bottom:0;margin-top:0;margin-left:0;margin-right:0;}.cl-11389eb5{width:0.628in;background-color:transparent;vertical-align: top;border-bottom: 1pt solid rgba(0, 0, 0, 1.00);border-top: 0 solid rgba(0, 0, 0, 1.00);border-left: 0 solid rgba(0, 0, 0, 1.00);border-right: 0 solid rgba(0, 0, 0, 1.00);margin-bottom:0;margin-top:0;margin-left:0;margin-right:0;}.cl-11389ebe{width:0.502in;background-color:transparent;vertical-align: top;border-bottom: 1pt solid rgba(0, 0, 0, 1.00);border-top: 0 solid rgba(0, 0, 0, 1.00);border-left: 0 solid rgba(0, 0, 0, 1.00);border-right: 0 solid rgba(0, 0, 0, 1.00);margin-bottom:0;margin-top:0;margin-left:0;margin-right:0;}.cl-11389ebf{width:0.723in;background-color:transparent;vertical-align: top;border-bottom: 1pt solid rgba(0, 0, 0, 1.00);border-top: 0 solid rgba(0, 0, 0, 1.00);border-left: 0 solid rgba(0, 0, 0, 1.00);border-right: 0 solid rgba(0, 0, 0, 1.00);margin-bottom:0;margin-top:0;margin-left:0;margin-right:0;}.cl-11389ec0{width:0.577in;background-color:transparent;vertical-align: top;border-bottom: 1pt solid rgba(0, 0, 0, 1.00);border-top: 0 solid rgba(0, 0, 0, 1.00);border-left: 0 solid rgba(0, 0, 0, 1.00);border-right: 0 solid rgba(0, 0, 0, 1.00);margin-bottom:0;margin-top:0;margin-left:0;margin-right:0;}.cl-11389ec8{width:0.625in;background-color:transparent;vertical-align: top;border-bottom: 1pt solid rgba(0, 0, 0, 1.00);border-top: 0 solid rgba(0, 0, 0, 1.00);border-left: 0 solid rgba(0, 0, 0, 1.00);border-right: 0 solid rgba(0, 0, 0, 1.00);margin-bottom:0;margin-top:0;margin-left:0;margin-right:0;}.cl-11389ed2{width:0.455in;background-color:transparent;vertical-align: top;border-bottom: 1pt solid rgba(0, 0, 0, 1.00);border-top: 0 solid rgba(0, 0, 0, 1.00);border-left: 0 solid rgba(0, 0, 0, 1.00);border-right: 0 solid rgba(0, 0, 0, 1.00);margin-bottom:0;margin-top:0;margin-left:0;margin-right:0;}.cl-11389ed3{width:0.528in;background-color:transparent;vertical-align: top;border-bottom: 1pt solid rgba(0, 0, 0, 1.00);border-top: 0 solid rgba(0, 0, 0, 1.00);border-left: 0 solid rgba(0, 0, 0, 1.00);border-right: 0 solid rgba(0, 0, 0, 1.00);margin-bottom:0;margin-top:0;margin-left:0;margin-right:0;}.cl-11389ed4{width:0.633in;background-color:transparent;vertical-align: top;border-bottom: 1pt solid rgba(0, 0, 0, 1.00);border-top: 0 solid rgba(0, 0, 0, 1.00);border-left: 0 solid rgba(0, 0, 0, 1.00);border-right: 0 solid rgba(0, 0, 0, 1.00);margin-bottom:0;margin-top:0;margin-left:0;margin-right:0;}.cl-11389edc{width:0.623in;background-color:transparent;vertical-align: top;border-bottom: 1pt solid rgba(0, 0, 0, 1.00);border-top: 0 solid rgba(0, 0, 0, 1.00);border-left: 0 solid rgba(0, 0, 0, 1.00);border-right: 0 solid rgba(0, 0, 0, 1.00);margin-bottom:0;margin-top:0;margin-left:0;margin-right:0;}&lt;/style&gt;&lt;table data-quarto-disable-processing='true' class='cl-113e14d4'&gt;&lt;thead&gt;&lt;tr style="overflow-wrap:break-word;"&gt;&lt;th class="cl-11389e64"&gt;&lt;p class="cl-11387cb8"&gt;&lt;span class="cl-11354de0"&gt;mpg&lt;/span&gt;&lt;/p&gt;&lt;/th&gt;&lt;th class="cl-11389e6e"&gt;&lt;p class="cl-11387cb8"&gt;&lt;span class="cl-11354de0"&gt;cyl&lt;/span&gt;&lt;/p&gt;&lt;/th&gt;&lt;th class="cl-11389e78"&gt;&lt;p class="cl-11387cb8"&gt;&lt;span class="cl-11354de0"&gt;disp&lt;/span&gt;&lt;/p&gt;&lt;/th&gt;&lt;th class="cl-11389e79"&gt;&lt;p class="cl-11387cb8"&gt;&lt;span class="cl-11354de0"&gt;hp&lt;/span&gt;&lt;/p&gt;&lt;/th&gt;&lt;th class="cl-11389e7a"&gt;&lt;p class="cl-11387cb8"&gt;&lt;span class="cl-11354de0"&gt;drat&lt;/span&gt;&lt;/p&gt;&lt;/th&gt;&lt;th class="cl-11389e78"&gt;&lt;p class="cl-11387cb8"&gt;&lt;span class="cl-11354de0"&gt;wt&lt;/span&gt;&lt;/p&gt;&lt;/th&gt;&lt;th class="cl-11389e78"&gt;&lt;p class="cl-11387cb8"&gt;&lt;span class="cl-11354de0"&gt;qsec&lt;/span&gt;&lt;/p&gt;&lt;/th&gt;&lt;th class="cl-11389e82"&gt;&lt;p class="cl-11387cb8"&gt;&lt;span class="cl-11354de0"&gt;vs&lt;/span&gt;&lt;/p&gt;&lt;/th&gt;&lt;th class="cl-11389e83"&gt;&lt;p class="cl-11387cb8"&gt;&lt;span class="cl-11354de0"&gt;am&lt;/span&gt;&lt;/p&gt;&lt;/th&gt;&lt;th class="cl-11389e8c"&gt;&lt;p class="cl-11387cb8"&gt;&lt;span class="cl-11354de0"&gt;gear&lt;/span&gt;&lt;/p&gt;&lt;/th&gt;&lt;th class="cl-11389e8d"&gt;&lt;p class="cl-11387cb8"&gt;&lt;span class="cl-11354de0"&gt;carb&lt;/span&gt;&lt;/p&gt;&lt;/th&gt;&lt;/tr&gt;&lt;/thead&gt;&lt;tbody&gt;&lt;tr style="overflow-wrap:break-word;"&gt;&lt;td class="cl-11389e96"&gt;&lt;p class="cl-11387cc2"&gt;&lt;span class="cl-11354de0"&gt;21.0&lt;/span&gt;&lt;/p&gt;&lt;/td&gt;&lt;td class="cl-11389e97"&gt;&lt;p class="cl-11387cc2"&gt;&lt;span class="cl-11354de0"&gt;6&lt;/span&gt;&lt;/p&gt;&lt;/td&gt;&lt;td class="cl-11389ea0"&gt;&lt;p class="cl-11387cc2"&gt;&lt;span class="cl-11354de0"&gt;160.0&lt;/span&gt;&lt;/p&gt;&lt;/td&gt;&lt;td class="cl-11389ea1"&gt;&lt;p class="cl-11387cc2"&gt;&lt;span class="cl-11354de0"&gt;110&lt;/span&gt;&lt;/p&gt;&lt;/td&gt;&lt;td class="cl-11389ea2"&gt;&lt;p class="cl-11387cc2"&gt;&lt;span class="cl-11354de0"&gt;3.90&lt;/span&gt;&lt;/p&gt;&lt;/td&gt;&lt;td class="cl-11389ea0"&gt;&lt;p class="cl-11387cc2"&gt;&lt;span class="cl-11354de0"&gt;2.620&lt;/span&gt;&lt;/p&gt;&lt;/td&gt;&lt;td class="cl-11389ea0"&gt;&lt;p class="cl-11387cc2"&gt;&lt;span class="cl-11354de0"&gt;16.46&lt;/span&gt;&lt;/p&gt;&lt;/td&gt;&lt;td class="cl-11389eaa"&gt;&lt;p class="cl-11387cc2"&gt;&lt;span class="cl-11354de0"&gt;0&lt;/span&gt;&lt;/p&gt;&lt;/td&gt;&lt;td class="cl-11389eab"&gt;&lt;p class="cl-11387cc2"&gt;&lt;span class="cl-11354de0"&gt;1&lt;/span&gt;&lt;/p&gt;&lt;/td&gt;&lt;td class="cl-11389eac"&gt;&lt;p class="cl-11387cc2"&gt;&lt;span class="cl-11354de0"&gt;4&lt;/span&gt;&lt;/p&gt;&lt;/td&gt;&lt;td class="cl-11389eb4"&gt;&lt;p class="cl-11387cc2"&gt;&lt;span class="cl-11354de0"&gt;4&lt;/span&gt;&lt;/p&gt;&lt;/td&gt;&lt;/tr&gt;&lt;tr style="overflow-wrap:break-word;"&gt;&lt;td class="cl-11389e96"&gt;&lt;p class="cl-11387cc2"&gt;&lt;span class="cl-11354de0"&gt;21.0&lt;/span&gt;&lt;/p&gt;&lt;/td&gt;&lt;td class="cl-11389e97"&gt;&lt;p class="cl-11387cc2"&gt;&lt;span class="cl-11354de0"&gt;6&lt;/span&gt;&lt;/p&gt;&lt;/td&gt;&lt;td class="cl-11389ea0"&gt;&lt;p class="cl-11387cc2"&gt;&lt;span class="cl-11354de0"&gt;160.0&lt;/span&gt;&lt;/p&gt;&lt;/td&gt;&lt;td class="cl-11389ea1"&gt;&lt;p class="cl-11387cc2"&gt;&lt;span class="cl-11354de0"&gt;110&lt;/span&gt;&lt;/p&gt;&lt;/td&gt;&lt;td class="cl-11389ea2"&gt;&lt;p class="cl-11387cc2"&gt;&lt;span class="cl-11354de0"&gt;3.90&lt;/span&gt;&lt;/p&gt;&lt;/td&gt;&lt;td class="cl-11389ea0"&gt;&lt;p class="cl-11387cc2"&gt;&lt;span class="cl-11354de0"&gt;2.875&lt;/span&gt;&lt;/p&gt;&lt;/td&gt;&lt;td class="cl-11389ea0"&gt;&lt;p class="cl-11387cc2"&gt;&lt;span class="cl-11354de0"&gt;17.02&lt;/span&gt;&lt;/p&gt;&lt;/td&gt;&lt;td class="cl-11389eaa"&gt;&lt;p class="cl-11387cc2"&gt;&lt;span class="cl-11354de0"&gt;0&lt;/span&gt;&lt;/p&gt;&lt;/td&gt;&lt;td class="cl-11389eab"&gt;&lt;p class="cl-11387cc2"&gt;&lt;span class="cl-11354de0"&gt;1&lt;/span&gt;&lt;/p&gt;&lt;/td&gt;&lt;td class="cl-11389eac"&gt;&lt;p class="cl-11387cc2"&gt;&lt;span class="cl-11354de0"&gt;4&lt;/span&gt;&lt;/p&gt;&lt;/td&gt;&lt;td class="cl-11389eb4"&gt;&lt;p class="cl-11387cc2"&gt;&lt;span class="cl-11354de0"&gt;4&lt;/span&gt;&lt;/p&gt;&lt;/td&gt;&lt;/tr&gt;&lt;tr style="overflow-wrap:break-word;"&gt;&lt;td class="cl-11389e96"&gt;&lt;p class="cl-11387cc2"&gt;&lt;span class="cl-11354de0"&gt;22.8&lt;/span&gt;&lt;/p&gt;&lt;/td&gt;&lt;td class="cl-11389e97"&gt;&lt;p class="cl-11387cc2"&gt;&lt;span class="cl-11354de0"&gt;4&lt;/span&gt;&lt;/p&gt;&lt;/td&gt;&lt;td class="cl-11389ea0"&gt;&lt;p class="cl-11387cc2"&gt;&lt;span class="cl-11354de0"&gt;108.0&lt;/span&gt;&lt;/p&gt;&lt;/td&gt;&lt;td class="cl-11389ea1"&gt;&lt;p class="cl-11387cc2"&gt;&lt;span class="cl-11354de0"&gt;93&lt;/span&gt;&lt;/p&gt;&lt;/td&gt;&lt;td class="cl-11389ea2"&gt;&lt;p class="cl-11387cc2"&gt;&lt;span class="cl-11354de0"&gt;3.85&lt;/span&gt;&lt;/p&gt;&lt;/td&gt;&lt;td class="cl-11389ea0"&gt;&lt;p class="cl-11387cc2"&gt;&lt;span class="cl-11354de0"&gt;2.320&lt;/span&gt;&lt;/p&gt;&lt;/td&gt;&lt;td class="cl-11389ea0"&gt;&lt;p class="cl-11387cc2"&gt;&lt;span class="cl-11354de0"&gt;18.61&lt;/span&gt;&lt;/p&gt;&lt;/td&gt;&lt;td class="cl-11389eaa"&gt;&lt;p class="cl-11387cc2"&gt;&lt;span class="cl-11354de0"&gt;1&lt;/span&gt;&lt;/p&gt;&lt;/td&gt;&lt;td class="cl-11389eab"&gt;&lt;p class="cl-11387cc2"&gt;&lt;span class="cl-11354de0"&gt;1&lt;/span&gt;&lt;/p&gt;&lt;/td&gt;&lt;td class="cl-11389eac"&gt;&lt;p class="cl-11387cc2"&gt;&lt;span class="cl-11354de0"&gt;4&lt;/span&gt;&lt;/p&gt;&lt;/td&gt;&lt;td class="cl-11389eb4"&gt;&lt;p class="cl-11387cc2"&gt;&lt;span class="cl-11354de0"&gt;1&lt;/span&gt;&lt;/p&gt;&lt;/td&gt;&lt;/tr&gt;&lt;tr style="overflow-wrap:break-word;"&gt;&lt;td class="cl-11389e96"&gt;&lt;p class="cl-11387cc2"&gt;&lt;span class="cl-11354de0"&gt;21.4&lt;/span&gt;&lt;/p&gt;&lt;/td&gt;&lt;td class="cl-11389e97"&gt;&lt;p class="cl-11387cc2"&gt;&lt;span class="cl-11354de0"&gt;6&lt;/span&gt;&lt;/p&gt;&lt;/td&gt;&lt;td class="cl-11389ea0"&gt;&lt;p class="cl-11387cc2"&gt;&lt;span class="cl-11354de0"&gt;258.0&lt;/span&gt;&lt;/p&gt;&lt;/td&gt;&lt;td class="cl-11389ea1"&gt;&lt;p class="cl-11387cc2"&gt;&lt;span class="cl-11354de0"&gt;110&lt;/span&gt;&lt;/p&gt;&lt;/td&gt;&lt;td class="cl-11389ea2"&gt;&lt;p class="cl-11387cc2"&gt;&lt;span class="cl-11354de0"&gt;3.08&lt;/span&gt;&lt;/p&gt;&lt;/td&gt;&lt;td class="cl-11389ea0"&gt;&lt;p class="cl-11387cc2"&gt;&lt;span class="cl-11354de0"&gt;3.215&lt;/span&gt;&lt;/p&gt;&lt;/td&gt;&lt;td class="cl-11389ea0"&gt;&lt;p class="cl-11387cc2"&gt;&lt;span class="cl-11354de0"&gt;19.44&lt;/span&gt;&lt;/p&gt;&lt;/td&gt;&lt;td class="cl-11389eaa"&gt;&lt;p class="cl-11387cc2"&gt;&lt;span class="cl-11354de0"&gt;1&lt;/span&gt;&lt;/p&gt;&lt;/td&gt;&lt;td class="cl-11389eab"&gt;&lt;p class="cl-11387cc2"&gt;&lt;span class="cl-11354de0"&gt;0&lt;/span&gt;&lt;/p&gt;&lt;/td&gt;&lt;td class="cl-11389eac"&gt;&lt;p class="cl-11387cc2"&gt;&lt;span class="cl-11354de0"&gt;3&lt;/span&gt;&lt;/p&gt;&lt;/td&gt;&lt;td class="cl-11389eb4"&gt;&lt;p class="cl-11387cc2"&gt;&lt;span class="cl-11354de0"&gt;1&lt;/span&gt;&lt;/p&gt;&lt;/td&gt;&lt;/tr&gt;&lt;tr style="overflow-wrap:break-word;"&gt;&lt;td class="cl-11389e96"&gt;&lt;p class="cl-11387cc2"&gt;&lt;span class="cl-11354de0"&gt;18.7&lt;/span&gt;&lt;/p&gt;&lt;/td&gt;&lt;td class="cl-11389e97"&gt;&lt;p class="cl-11387cc2"&gt;&lt;span class="cl-11354de0"&gt;8&lt;/span&gt;&lt;/p&gt;&lt;/td&gt;&lt;td class="cl-11389ea0"&gt;&lt;p class="cl-11387cc2"&gt;&lt;span class="cl-11354de0"&gt;360.0&lt;/span&gt;&lt;/p&gt;&lt;/td&gt;&lt;td class="cl-11389ea1"&gt;&lt;p class="cl-11387cc2"&gt;&lt;span class="cl-11354de0"&gt;175&lt;/span&gt;&lt;/p&gt;&lt;/td&gt;&lt;td class="cl-11389ea2"&gt;&lt;p class="cl-11387cc2"&gt;&lt;span class="cl-11354de0"&gt;3.15&lt;/span&gt;&lt;/p&gt;&lt;/td&gt;&lt;td class="cl-11389ea0"&gt;&lt;p class="cl-11387cc2"&gt;&lt;span class="cl-11354de0"&gt;3.440&lt;/span&gt;&lt;/p&gt;&lt;/td&gt;&lt;td class="cl-11389ea0"&gt;&lt;p class="cl-11387cc2"&gt;&lt;span class="cl-11354de0"&gt;17.02&lt;/span&gt;&lt;/p&gt;&lt;/td&gt;&lt;td class="cl-11389eaa"&gt;&lt;p class="cl-11387cc2"&gt;&lt;span class="cl-11354de0"&gt;0&lt;/span&gt;&lt;/p&gt;&lt;/td&gt;&lt;td class="cl-11389eab"&gt;&lt;p class="cl-11387cc2"&gt;&lt;span class="cl-11354de0"&gt;0&lt;/span&gt;&lt;/p&gt;&lt;/td&gt;&lt;td class="cl-11389eac"&gt;&lt;p class="cl-11387cc2"&gt;&lt;span class="cl-11354de0"&gt;3&lt;/span&gt;&lt;/p&gt;&lt;/td&gt;&lt;td class="cl-11389eb4"&gt;&lt;p class="cl-11387cc2"&gt;&lt;span class="cl-11354de0"&gt;2&lt;/span&gt;&lt;/p&gt;&lt;/td&gt;&lt;/tr&gt;&lt;tr style="overflow-wrap:break-word;"&gt;&lt;td class="cl-11389e96"&gt;&lt;p class="cl-11387cc2"&gt;&lt;span class="cl-11354de0"&gt;18.1&lt;/span&gt;&lt;/p&gt;&lt;/td&gt;&lt;td class="cl-11389e97"&gt;&lt;p class="cl-11387cc2"&gt;&lt;span class="cl-11354de0"&gt;6&lt;/span&gt;&lt;/p&gt;&lt;/td&gt;&lt;td class="cl-11389ea0"&gt;&lt;p class="cl-11387cc2"&gt;&lt;span class="cl-11354de0"&gt;225.0&lt;/span&gt;&lt;/p&gt;&lt;/td&gt;&lt;td class="cl-11389ea1"&gt;&lt;p class="cl-11387cc2"&gt;&lt;span class="cl-11354de0"&gt;105&lt;/span&gt;&lt;/p&gt;&lt;/td&gt;&lt;td class="cl-11389ea2"&gt;&lt;p class="cl-11387cc2"&gt;&lt;span class="cl-11354de0"&gt;2.76&lt;/span&gt;&lt;/p&gt;&lt;/td&gt;&lt;td class="cl-11389ea0"&gt;&lt;p class="cl-11387cc2"&gt;&lt;span class="cl-11354de0"&gt;3.460&lt;/span&gt;&lt;/p&gt;&lt;/td&gt;&lt;td class="cl-11389ea0"&gt;&lt;p class="cl-11387cc2"&gt;&lt;span class="cl-11354de0"&gt;20.22&lt;/span&gt;&lt;/p&gt;&lt;/td&gt;&lt;td class="cl-11389eaa"&gt;&lt;p class="cl-11387cc2"&gt;&lt;span class="cl-11354de0"&gt;1&lt;/span&gt;&lt;/p&gt;&lt;/td&gt;&lt;td class="cl-11389eab"&gt;&lt;p class="cl-11387cc2"&gt;&lt;span class="cl-11354de0"&gt;0&lt;/span&gt;&lt;/p&gt;&lt;/td&gt;&lt;td class="cl-11389eac"&gt;&lt;p class="cl-11387cc2"&gt;&lt;span class="cl-11354de0"&gt;3&lt;/span&gt;&lt;/p&gt;&lt;/td&gt;&lt;td class="cl-11389eb4"&gt;&lt;p class="cl-11387cc2"&gt;&lt;span class="cl-11354de0"&gt;1&lt;/span&gt;&lt;/p&gt;&lt;/td&gt;&lt;/tr&gt;&lt;tr style="overflow-wrap:break-word;"&gt;&lt;td class="cl-11389e96"&gt;&lt;p class="cl-11387cc2"&gt;&lt;span class="cl-11354de0"&gt;14.3&lt;/span&gt;&lt;/p&gt;&lt;/td&gt;&lt;td class="cl-11389e97"&gt;&lt;p class="cl-11387cc2"&gt;&lt;span class="cl-11354de0"&gt;8&lt;/span&gt;&lt;/p&gt;&lt;/td&gt;&lt;td class="cl-11389ea0"&gt;&lt;p class="cl-11387cc2"&gt;&lt;span class="cl-11354de0"&gt;360.0&lt;/span&gt;&lt;/p&gt;&lt;/td&gt;&lt;td class="cl-11389ea1"&gt;&lt;p class="cl-11387cc2"&gt;&lt;span class="cl-11354de0"&gt;245&lt;/span&gt;&lt;/p&gt;&lt;/td&gt;&lt;td class="cl-11389ea2"&gt;&lt;p class="cl-11387cc2"&gt;&lt;span class="cl-11354de0"&gt;3.21&lt;/span&gt;&lt;/p&gt;&lt;/td&gt;&lt;td class="cl-11389ea0"&gt;&lt;p class="cl-11387cc2"&gt;&lt;span class="cl-11354de0"&gt;3.570&lt;/span&gt;&lt;/p&gt;&lt;/td&gt;&lt;td class="cl-11389ea0"&gt;&lt;p class="cl-11387cc2"&gt;&lt;span class="cl-11354de0"&gt;15.84&lt;/span&gt;&lt;/p&gt;&lt;/td&gt;&lt;td class="cl-11389eaa"&gt;&lt;p class="cl-11387cc2"&gt;&lt;span class="cl-11354de0"&gt;0&lt;/span&gt;&lt;/p&gt;&lt;/td&gt;&lt;td class="cl-11389eab"&gt;&lt;p class="cl-11387cc2"&gt;&lt;span class="cl-11354de0"&gt;0&lt;/span&gt;&lt;/p&gt;&lt;/td&gt;&lt;td class="cl-11389eac"&gt;&lt;p class="cl-11387cc2"&gt;&lt;span class="cl-11354de0"&gt;3&lt;/span&gt;&lt;/p&gt;&lt;/td&gt;&lt;td class="cl-11389eb4"&gt;&lt;p class="cl-11387cc2"&gt;&lt;span class="cl-11354de0"&gt;4&lt;/span&gt;&lt;/p&gt;&lt;/td&gt;&lt;/tr&gt;&lt;tr style="overflow-wrap:break-word;"&gt;&lt;td class="cl-11389e96"&gt;&lt;p class="cl-11387cc2"&gt;&lt;span class="cl-11354de0"&gt;24.4&lt;/span&gt;&lt;/p&gt;&lt;/td&gt;&lt;td class="cl-11389e97"&gt;&lt;p class="cl-11387cc2"&gt;&lt;span class="cl-11354de0"&gt;4&lt;/span&gt;&lt;/p&gt;&lt;/td&gt;&lt;td class="cl-11389ea0"&gt;&lt;p class="cl-11387cc2"&gt;&lt;span class="cl-11354de0"&gt;146.7&lt;/span&gt;&lt;/p&gt;&lt;/td&gt;&lt;td class="cl-11389ea1"&gt;&lt;p class="cl-11387cc2"&gt;&lt;span class="cl-11354de0"&gt;62&lt;/span&gt;&lt;/p&gt;&lt;/td&gt;&lt;td class="cl-11389ea2"&gt;&lt;p class="cl-11387cc2"&gt;&lt;span class="cl-11354de0"&gt;3.69&lt;/span&gt;&lt;/p&gt;&lt;/td&gt;&lt;td class="cl-11389ea0"&gt;&lt;p class="cl-11387cc2"&gt;&lt;span class="cl-11354de0"&gt;3.190&lt;/span&gt;&lt;/p&gt;&lt;/td&gt;&lt;td class="cl-11389ea0"&gt;&lt;p class="cl-11387cc2"&gt;&lt;span class="cl-11354de0"&gt;20.00&lt;/span&gt;&lt;/p&gt;&lt;/td&gt;&lt;td class="cl-11389eaa"&gt;&lt;p class="cl-11387cc2"&gt;&lt;span class="cl-11354de0"&gt;1&lt;/span&gt;&lt;/p&gt;&lt;/td&gt;&lt;td class="cl-11389eab"&gt;&lt;p class="cl-11387cc2"&gt;&lt;span class="cl-11354de0"&gt;0&lt;/span&gt;&lt;/p&gt;&lt;/td&gt;&lt;td class="cl-11389eac"&gt;&lt;p class="cl-11387cc2"&gt;&lt;span class="cl-11354de0"&gt;4&lt;/span&gt;&lt;/p&gt;&lt;/td&gt;&lt;td class="cl-11389eb4"&gt;&lt;p class="cl-11387cc2"&gt;&lt;span class="cl-11354de0"&gt;2&lt;/span&gt;&lt;/p&gt;&lt;/td&gt;&lt;/tr&gt;&lt;tr style="overflow-wrap:break-word;"&gt;&lt;td class="cl-11389e96"&gt;&lt;p class="cl-11387cc2"&gt;&lt;span class="cl-11354de0"&gt;22.8&lt;/span&gt;&lt;/p&gt;&lt;/td&gt;&lt;td class="cl-11389e97"&gt;&lt;p class="cl-11387cc2"&gt;&lt;span class="cl-11354de0"&gt;4&lt;/span&gt;&lt;/p&gt;&lt;/td&gt;&lt;td class="cl-11389ea0"&gt;&lt;p class="cl-11387cc2"&gt;&lt;span class="cl-11354de0"&gt;140.8&lt;/span&gt;&lt;/p&gt;&lt;/td&gt;&lt;td class="cl-11389ea1"&gt;&lt;p class="cl-11387cc2"&gt;&lt;span class="cl-11354de0"&gt;95&lt;/span&gt;&lt;/p&gt;&lt;/td&gt;&lt;td class="cl-11389ea2"&gt;&lt;p class="cl-11387cc2"&gt;&lt;span class="cl-11354de0"&gt;3.92&lt;/span&gt;&lt;/p&gt;&lt;/td&gt;&lt;td class="cl-11389ea0"&gt;&lt;p class="cl-11387cc2"&gt;&lt;span class="cl-11354de0"&gt;3.150&lt;/span&gt;&lt;/p&gt;&lt;/td&gt;&lt;td class="cl-11389ea0"&gt;&lt;p class="cl-11387cc2"&gt;&lt;span class="cl-11354de0"&gt;22.90&lt;/span&gt;&lt;/p&gt;&lt;/td&gt;&lt;td class="cl-11389eaa"&gt;&lt;p class="cl-11387cc2"&gt;&lt;span class="cl-11354de0"&gt;1&lt;/span&gt;&lt;/p&gt;&lt;/td&gt;&lt;td class="cl-11389eab"&gt;&lt;p class="cl-11387cc2"&gt;&lt;span class="cl-11354de0"&gt;0&lt;/span&gt;&lt;/p&gt;&lt;/td&gt;&lt;td class="cl-11389eac"&gt;&lt;p class="cl-11387cc2"&gt;&lt;span class="cl-11354de0"&gt;4&lt;/span&gt;&lt;/p&gt;&lt;/td&gt;&lt;td class="cl-11389eb4"&gt;&lt;p class="cl-11387cc2"&gt;&lt;span class="cl-11354de0"&gt;2&lt;/span&gt;&lt;/p&gt;&lt;/td&gt;&lt;/tr&gt;&lt;tr style="overflow-wrap:break-word;"&gt;&lt;td class="cl-11389e96"&gt;&lt;p class="cl-11387cc2"&gt;&lt;span class="cl-11354de0"&gt;19.2&lt;/span&gt;&lt;/p&gt;&lt;/td&gt;&lt;td class="cl-11389e97"&gt;&lt;p class="cl-11387cc2"&gt;&lt;span class="cl-11354de0"&gt;6&lt;/span&gt;&lt;/p&gt;&lt;/td&gt;&lt;td class="cl-11389ea0"&gt;&lt;p class="cl-11387cc2"&gt;&lt;span class="cl-11354de0"&gt;167.6&lt;/span&gt;&lt;/p&gt;&lt;/td&gt;&lt;td class="cl-11389ea1"&gt;&lt;p class="cl-11387cc2"&gt;&lt;span class="cl-11354de0"&gt;123&lt;/span&gt;&lt;/p&gt;&lt;/td&gt;&lt;td class="cl-11389ea2"&gt;&lt;p class="cl-11387cc2"&gt;&lt;span class="cl-11354de0"&gt;3.92&lt;/span&gt;&lt;/p&gt;&lt;/td&gt;&lt;td class="cl-11389ea0"&gt;&lt;p class="cl-11387cc2"&gt;&lt;span class="cl-11354de0"&gt;3.440&lt;/span&gt;&lt;/p&gt;&lt;/td&gt;&lt;td class="cl-11389ea0"&gt;&lt;p class="cl-11387cc2"&gt;&lt;span class="cl-11354de0"&gt;18.30&lt;/span&gt;&lt;/p&gt;&lt;/td&gt;&lt;td class="cl-11389eaa"&gt;&lt;p class="cl-11387cc2"&gt;&lt;span class="cl-11354de0"&gt;1&lt;/span&gt;&lt;/p&gt;&lt;/td&gt;&lt;td class="cl-11389eab"&gt;&lt;p class="cl-11387cc2"&gt;&lt;span class="cl-11354de0"&gt;0&lt;/span&gt;&lt;/p&gt;&lt;/td&gt;&lt;td class="cl-11389eac"&gt;&lt;p class="cl-11387cc2"&gt;&lt;span class="cl-11354de0"&gt;4&lt;/span&gt;&lt;/p&gt;&lt;/td&gt;&lt;td class="cl-11389eb4"&gt;&lt;p class="cl-11387cc2"&gt;&lt;span class="cl-11354de0"&gt;4&lt;/span&gt;&lt;/p&gt;&lt;/td&gt;&lt;/tr&gt;&lt;tr style="overflow-wrap:break-word;"&gt;&lt;td class="cl-11389e96"&gt;&lt;p class="cl-11387cc2"&gt;&lt;span class="cl-11354de0"&gt;17.8&lt;/span&gt;&lt;/p&gt;&lt;/td&gt;&lt;td class="cl-11389e97"&gt;&lt;p class="cl-11387cc2"&gt;&lt;span class="cl-11354de0"&gt;6&lt;/span&gt;&lt;/p&gt;&lt;/td&gt;&lt;td class="cl-11389ea0"&gt;&lt;p class="cl-11387cc2"&gt;&lt;span class="cl-11354de0"&gt;167.6&lt;/span&gt;&lt;/p&gt;&lt;/td&gt;&lt;td class="cl-11389ea1"&gt;&lt;p class="cl-11387cc2"&gt;&lt;span class="cl-11354de0"&gt;123&lt;/span&gt;&lt;/p&gt;&lt;/td&gt;&lt;td class="cl-11389ea2"&gt;&lt;p class="cl-11387cc2"&gt;&lt;span class="cl-11354de0"&gt;3.92&lt;/span&gt;&lt;/p&gt;&lt;/td&gt;&lt;td class="cl-11389ea0"&gt;&lt;p class="cl-11387cc2"&gt;&lt;span class="cl-11354de0"&gt;3.440&lt;/span&gt;&lt;/p&gt;&lt;/td&gt;&lt;td class="cl-11389ea0"&gt;&lt;p class="cl-11387cc2"&gt;&lt;span class="cl-11354de0"&gt;18.90&lt;/span&gt;&lt;/p&gt;&lt;/td&gt;&lt;td class="cl-11389eaa"&gt;&lt;p class="cl-11387cc2"&gt;&lt;span class="cl-11354de0"&gt;1&lt;/span&gt;&lt;/p&gt;&lt;/td&gt;&lt;td class="cl-11389eab"&gt;&lt;p class="cl-11387cc2"&gt;&lt;span class="cl-11354de0"&gt;0&lt;/span&gt;&lt;/p&gt;&lt;/td&gt;&lt;td class="cl-11389eac"&gt;&lt;p class="cl-11387cc2"&gt;&lt;span class="cl-11354de0"&gt;4&lt;/span&gt;&lt;/p&gt;&lt;/td&gt;&lt;td class="cl-11389eb4"&gt;&lt;p class="cl-11387cc2"&gt;&lt;span class="cl-11354de0"&gt;4&lt;/span&gt;&lt;/p&gt;&lt;/td&gt;&lt;/tr&gt;&lt;tr style="overflow-wrap:break-word;"&gt;&lt;td class="cl-11389e96"&gt;&lt;p class="cl-11387cc2"&gt;&lt;span class="cl-11354de0"&gt;16.4&lt;/span&gt;&lt;/p&gt;&lt;/td&gt;&lt;td class="cl-11389e97"&gt;&lt;p class="cl-11387cc2"&gt;&lt;span class="cl-11354de0"&gt;8&lt;/span&gt;&lt;/p&gt;&lt;/td&gt;&lt;td class="cl-11389ea0"&gt;&lt;p class="cl-11387cc2"&gt;&lt;span class="cl-11354de0"&gt;275.8&lt;/span&gt;&lt;/p&gt;&lt;/td&gt;&lt;td class="cl-11389ea1"&gt;&lt;p class="cl-11387cc2"&gt;&lt;span class="cl-11354de0"&gt;180&lt;/span&gt;&lt;/p&gt;&lt;/td&gt;&lt;td class="cl-11389ea2"&gt;&lt;p class="cl-11387cc2"&gt;&lt;span class="cl-11354de0"&gt;3.07&lt;/span&gt;&lt;/p&gt;&lt;/td&gt;&lt;td class="cl-11389ea0"&gt;&lt;p class="cl-11387cc2"&gt;&lt;span class="cl-11354de0"&gt;4.070&lt;/span&gt;&lt;/p&gt;&lt;/td&gt;&lt;td class="cl-11389ea0"&gt;&lt;p class="cl-11387cc2"&gt;&lt;span class="cl-11354de0"&gt;17.40&lt;/span&gt;&lt;/p&gt;&lt;/td&gt;&lt;td class="cl-11389eaa"&gt;&lt;p class="cl-11387cc2"&gt;&lt;span class="cl-11354de0"&gt;0&lt;/span&gt;&lt;/p&gt;&lt;/td&gt;&lt;td class="cl-11389eab"&gt;&lt;p class="cl-11387cc2"&gt;&lt;span class="cl-11354de0"&gt;0&lt;/span&gt;&lt;/p&gt;&lt;/td&gt;&lt;td class="cl-11389eac"&gt;&lt;p class="cl-11387cc2"&gt;&lt;span class="cl-11354de0"&gt;3&lt;/span&gt;&lt;/p&gt;&lt;/td&gt;&lt;td class="cl-11389eb4"&gt;&lt;p class="cl-11387cc2"&gt;&lt;span class="cl-11354de0"&gt;3&lt;/span&gt;&lt;/p&gt;&lt;/td&gt;&lt;/tr&gt;&lt;tr style="overflow-wrap:break-word;"&gt;&lt;td class="cl-11389e96"&gt;&lt;p class="cl-11387cc2"&gt;&lt;span class="cl-11354de0"&gt;17.3&lt;/span&gt;&lt;/p&gt;&lt;/td&gt;&lt;td class="cl-11389e97"&gt;&lt;p class="cl-11387cc2"&gt;&lt;span class="cl-11354de0"&gt;8&lt;/span&gt;&lt;/p&gt;&lt;/td&gt;&lt;td class="cl-11389ea0"&gt;&lt;p class="cl-11387cc2"&gt;&lt;span class="cl-11354de0"&gt;275.8&lt;/span&gt;&lt;/p&gt;&lt;/td&gt;&lt;td class="cl-11389ea1"&gt;&lt;p class="cl-11387cc2"&gt;&lt;span class="cl-11354de0"&gt;180&lt;/span&gt;&lt;/p&gt;&lt;/td&gt;&lt;td class="cl-11389ea2"&gt;&lt;p class="cl-11387cc2"&gt;&lt;span class="cl-11354de0"&gt;3.07&lt;/span&gt;&lt;/p&gt;&lt;/td&gt;&lt;td class="cl-11389ea0"&gt;&lt;p class="cl-11387cc2"&gt;&lt;span class="cl-11354de0"&gt;3.730&lt;/span&gt;&lt;/p&gt;&lt;/td&gt;&lt;td class="cl-11389ea0"&gt;&lt;p class="cl-11387cc2"&gt;&lt;span class="cl-11354de0"&gt;17.60&lt;/span&gt;&lt;/p&gt;&lt;/td&gt;&lt;td class="cl-11389eaa"&gt;&lt;p class="cl-11387cc2"&gt;&lt;span class="cl-11354de0"&gt;0&lt;/span&gt;&lt;/p&gt;&lt;/td&gt;&lt;td class="cl-11389eab"&gt;&lt;p class="cl-11387cc2"&gt;&lt;span class="cl-11354de0"&gt;0&lt;/span&gt;&lt;/p&gt;&lt;/td&gt;&lt;td class="cl-11389eac"&gt;&lt;p class="cl-11387cc2"&gt;&lt;span class="cl-11354de0"&gt;3&lt;/span&gt;&lt;/p&gt;&lt;/td&gt;&lt;td class="cl-11389eb4"&gt;&lt;p class="cl-11387cc2"&gt;&lt;span class="cl-11354de0"&gt;3&lt;/span&gt;&lt;/p&gt;&lt;/td&gt;&lt;/tr&gt;&lt;tr style="overflow-wrap:break-word;"&gt;&lt;td class="cl-11389e96"&gt;&lt;p class="cl-11387cc2"&gt;&lt;span class="cl-11354de0"&gt;15.2&lt;/span&gt;&lt;/p&gt;&lt;/td&gt;&lt;td class="cl-11389e97"&gt;&lt;p class="cl-11387cc2"&gt;&lt;span class="cl-11354de0"&gt;8&lt;/span&gt;&lt;/p&gt;&lt;/td&gt;&lt;td class="cl-11389ea0"&gt;&lt;p class="cl-11387cc2"&gt;&lt;span class="cl-11354de0"&gt;275.8&lt;/span&gt;&lt;/p&gt;&lt;/td&gt;&lt;td class="cl-11389ea1"&gt;&lt;p class="cl-11387cc2"&gt;&lt;span class="cl-11354de0"&gt;180&lt;/span&gt;&lt;/p&gt;&lt;/td&gt;&lt;td class="cl-11389ea2"&gt;&lt;p class="cl-11387cc2"&gt;&lt;span class="cl-11354de0"&gt;3.07&lt;/span&gt;&lt;/p&gt;&lt;/td&gt;&lt;td class="cl-11389ea0"&gt;&lt;p class="cl-11387cc2"&gt;&lt;span class="cl-11354de0"&gt;3.780&lt;/span&gt;&lt;/p&gt;&lt;/td&gt;&lt;td class="cl-11389ea0"&gt;&lt;p class="cl-11387cc2"&gt;&lt;span class="cl-11354de0"&gt;18.00&lt;/span&gt;&lt;/p&gt;&lt;/td&gt;&lt;td class="cl-11389eaa"&gt;&lt;p class="cl-11387cc2"&gt;&lt;span class="cl-11354de0"&gt;0&lt;/span&gt;&lt;/p&gt;&lt;/td&gt;&lt;td class="cl-11389eab"&gt;&lt;p class="cl-11387cc2"&gt;&lt;span class="cl-11354de0"&gt;0&lt;/span&gt;&lt;/p&gt;&lt;/td&gt;&lt;td class="cl-11389eac"&gt;&lt;p class="cl-11387cc2"&gt;&lt;span class="cl-11354de0"&gt;3&lt;/span&gt;&lt;/p&gt;&lt;/td&gt;&lt;td class="cl-11389eb4"&gt;&lt;p class="cl-11387cc2"&gt;&lt;span class="cl-11354de0"&gt;3&lt;/span&gt;&lt;/p&gt;&lt;/td&gt;&lt;/tr&gt;&lt;tr style="overflow-wrap:break-word;"&gt;&lt;td class="cl-11389e96"&gt;&lt;p class="cl-11387cc2"&gt;&lt;span class="cl-11354de0"&gt;10.4&lt;/span&gt;&lt;/p&gt;&lt;/td&gt;&lt;td class="cl-11389e97"&gt;&lt;p class="cl-11387cc2"&gt;&lt;span class="cl-11354de0"&gt;8&lt;/span&gt;&lt;/p&gt;&lt;/td&gt;&lt;td class="cl-11389ea0"&gt;&lt;p class="cl-11387cc2"&gt;&lt;span class="cl-11354de0"&gt;472.0&lt;/span&gt;&lt;/p&gt;&lt;/td&gt;&lt;td class="cl-11389ea1"&gt;&lt;p class="cl-11387cc2"&gt;&lt;span class="cl-11354de0"&gt;205&lt;/span&gt;&lt;/p&gt;&lt;/td&gt;&lt;td class="cl-11389ea2"&gt;&lt;p class="cl-11387cc2"&gt;&lt;span class="cl-11354de0"&gt;2.93&lt;/span&gt;&lt;/p&gt;&lt;/td&gt;&lt;td class="cl-11389ea0"&gt;&lt;p class="cl-11387cc2"&gt;&lt;span class="cl-11354de0"&gt;5.250&lt;/span&gt;&lt;/p&gt;&lt;/td&gt;&lt;td class="cl-11389ea0"&gt;&lt;p class="cl-11387cc2"&gt;&lt;span class="cl-11354de0"&gt;17.98&lt;/span&gt;&lt;/p&gt;&lt;/td&gt;&lt;td class="cl-11389eaa"&gt;&lt;p class="cl-11387cc2"&gt;&lt;span class="cl-11354de0"&gt;0&lt;/span&gt;&lt;/p&gt;&lt;/td&gt;&lt;td class="cl-11389eab"&gt;&lt;p class="cl-11387cc2"&gt;&lt;span class="cl-11354de0"&gt;0&lt;/span&gt;&lt;/p&gt;&lt;/td&gt;&lt;td class="cl-11389eac"&gt;&lt;p class="cl-11387cc2"&gt;&lt;span class="cl-11354de0"&gt;3&lt;/span&gt;&lt;/p&gt;&lt;/td&gt;&lt;td class="cl-11389eb4"&gt;&lt;p class="cl-11387cc2"&gt;&lt;span class="cl-11354de0"&gt;4&lt;/span&gt;&lt;/p&gt;&lt;/td&gt;&lt;/tr&gt;&lt;tr style="overflow-wrap:break-word;"&gt;&lt;td class="cl-11389e96"&gt;&lt;p class="cl-11387cc2"&gt;&lt;span class="cl-11354de0"&gt;10.4&lt;/span&gt;&lt;/p&gt;&lt;/td&gt;&lt;td class="cl-11389e97"&gt;&lt;p class="cl-11387cc2"&gt;&lt;span class="cl-11354de0"&gt;8&lt;/span&gt;&lt;/p&gt;&lt;/td&gt;&lt;td class="cl-11389ea0"&gt;&lt;p class="cl-11387cc2"&gt;&lt;span class="cl-11354de0"&gt;460.0&lt;/span&gt;&lt;/p&gt;&lt;/td&gt;&lt;td class="cl-11389ea1"&gt;&lt;p class="cl-11387cc2"&gt;&lt;span class="cl-11354de0"&gt;215&lt;/span&gt;&lt;/p&gt;&lt;/td&gt;&lt;td class="cl-11389ea2"&gt;&lt;p class="cl-11387cc2"&gt;&lt;span class="cl-11354de0"&gt;3.00&lt;/span&gt;&lt;/p&gt;&lt;/td&gt;&lt;td class="cl-11389ea0"&gt;&lt;p class="cl-11387cc2"&gt;&lt;span class="cl-11354de0"&gt;5.424&lt;/span&gt;&lt;/p&gt;&lt;/td&gt;&lt;td class="cl-11389ea0"&gt;&lt;p class="cl-11387cc2"&gt;&lt;span class="cl-11354de0"&gt;17.82&lt;/span&gt;&lt;/p&gt;&lt;/td&gt;&lt;td class="cl-11389eaa"&gt;&lt;p class="cl-11387cc2"&gt;&lt;span class="cl-11354de0"&gt;0&lt;/span&gt;&lt;/p&gt;&lt;/td&gt;&lt;td class="cl-11389eab"&gt;&lt;p class="cl-11387cc2"&gt;&lt;span class="cl-11354de0"&gt;0&lt;/span&gt;&lt;/p&gt;&lt;/td&gt;&lt;td class="cl-11389eac"&gt;&lt;p class="cl-11387cc2"&gt;&lt;span class="cl-11354de0"&gt;3&lt;/span&gt;&lt;/p&gt;&lt;/td&gt;&lt;td class="cl-11389eb4"&gt;&lt;p class="cl-11387cc2"&gt;&lt;span class="cl-11354de0"&gt;4&lt;/span&gt;&lt;/p&gt;&lt;/td&gt;&lt;/tr&gt;&lt;tr style="overflow-wrap:break-word;"&gt;&lt;td class="cl-11389e96"&gt;&lt;p class="cl-11387cc2"&gt;&lt;span class="cl-11354de0"&gt;14.7&lt;/span&gt;&lt;/p&gt;&lt;/td&gt;&lt;td class="cl-11389e97"&gt;&lt;p class="cl-11387cc2"&gt;&lt;span class="cl-11354de0"&gt;8&lt;/span&gt;&lt;/p&gt;&lt;/td&gt;&lt;td class="cl-11389ea0"&gt;&lt;p class="cl-11387cc2"&gt;&lt;span class="cl-11354de0"&gt;440.0&lt;/span&gt;&lt;/p&gt;&lt;/td&gt;&lt;td class="cl-11389ea1"&gt;&lt;p class="cl-11387cc2"&gt;&lt;span class="cl-11354de0"&gt;230&lt;/span&gt;&lt;/p&gt;&lt;/td&gt;&lt;td class="cl-11389ea2"&gt;&lt;p class="cl-11387cc2"&gt;&lt;span class="cl-11354de0"&gt;3.23&lt;/span&gt;&lt;/p&gt;&lt;/td&gt;&lt;td class="cl-11389ea0"&gt;&lt;p class="cl-11387cc2"&gt;&lt;span class="cl-11354de0"&gt;5.345&lt;/span&gt;&lt;/p&gt;&lt;/td&gt;&lt;td class="cl-11389ea0"&gt;&lt;p class="cl-11387cc2"&gt;&lt;span class="cl-11354de0"&gt;17.42&lt;/span&gt;&lt;/p&gt;&lt;/td&gt;&lt;td class="cl-11389eaa"&gt;&lt;p class="cl-11387cc2"&gt;&lt;span class="cl-11354de0"&gt;0&lt;/span&gt;&lt;/p&gt;&lt;/td&gt;&lt;td class="cl-11389eab"&gt;&lt;p class="cl-11387cc2"&gt;&lt;span class="cl-11354de0"&gt;0&lt;/span&gt;&lt;/p&gt;&lt;/td&gt;&lt;td class="cl-11389eac"&gt;&lt;p class="cl-11387cc2"&gt;&lt;span class="cl-11354de0"&gt;3&lt;/span&gt;&lt;/p&gt;&lt;/td&gt;&lt;td class="cl-11389eb4"&gt;&lt;p class="cl-11387cc2"&gt;&lt;span class="cl-11354de0"&gt;4&lt;/span&gt;&lt;/p&gt;&lt;/td&gt;&lt;/tr&gt;&lt;tr style="overflow-wrap:break-word;"&gt;&lt;td class="cl-11389e96"&gt;&lt;p class="cl-11387cc2"&gt;&lt;span class="cl-11354de0"&gt;32.4&lt;/span&gt;&lt;/p&gt;&lt;/td&gt;&lt;td class="cl-11389e97"&gt;&lt;p class="cl-11387cc2"&gt;&lt;span class="cl-11354de0"&gt;4&lt;/span&gt;&lt;/p&gt;&lt;/td&gt;&lt;td class="cl-11389ea0"&gt;&lt;p class="cl-11387cc2"&gt;&lt;span class="cl-11354de0"&gt;78.7&lt;/span&gt;&lt;/p&gt;&lt;/td&gt;&lt;td class="cl-11389ea1"&gt;&lt;p class="cl-11387cc2"&gt;&lt;span class="cl-11354de0"&gt;66&lt;/span&gt;&lt;/p&gt;&lt;/td&gt;&lt;td class="cl-11389ea2"&gt;&lt;p class="cl-11387cc2"&gt;&lt;span class="cl-11354de0"&gt;4.08&lt;/span&gt;&lt;/p&gt;&lt;/td&gt;&lt;td class="cl-11389ea0"&gt;&lt;p class="cl-11387cc2"&gt;&lt;span class="cl-11354de0"&gt;2.200&lt;/span&gt;&lt;/p&gt;&lt;/td&gt;&lt;td class="cl-11389ea0"&gt;&lt;p class="cl-11387cc2"&gt;&lt;span class="cl-11354de0"&gt;19.47&lt;/span&gt;&lt;/p&gt;&lt;/td&gt;&lt;td class="cl-11389eaa"&gt;&lt;p class="cl-11387cc2"&gt;&lt;span class="cl-11354de0"&gt;1&lt;/span&gt;&lt;/p&gt;&lt;/td&gt;&lt;td class="cl-11389eab"&gt;&lt;p class="cl-11387cc2"&gt;&lt;span class="cl-11354de0"&gt;1&lt;/span&gt;&lt;/p&gt;&lt;/td&gt;&lt;td class="cl-11389eac"&gt;&lt;p class="cl-11387cc2"&gt;&lt;span class="cl-11354de0"&gt;4&lt;/span&gt;&lt;/p&gt;&lt;/td&gt;&lt;td class="cl-11389eb4"&gt;&lt;p class="cl-11387cc2"&gt;&lt;span class="cl-11354de0"&gt;1&lt;/span&gt;&lt;/p&gt;&lt;/td&gt;&lt;/tr&gt;&lt;tr style="overflow-wrap:break-word;"&gt;&lt;td class="cl-11389e96"&gt;&lt;p class="cl-11387cc2"&gt;&lt;span class="cl-11354de0"&gt;30.4&lt;/span&gt;&lt;/p&gt;&lt;/td&gt;&lt;td class="cl-11389e97"&gt;&lt;p class="cl-11387cc2"&gt;&lt;span class="cl-11354de0"&gt;4&lt;/span&gt;&lt;/p&gt;&lt;/td&gt;&lt;td class="cl-11389ea0"&gt;&lt;p class="cl-11387cc2"&gt;&lt;span class="cl-11354de0"&gt;75.7&lt;/span&gt;&lt;/p&gt;&lt;/td&gt;&lt;td class="cl-11389ea1"&gt;&lt;p class="cl-11387cc2"&gt;&lt;span class="cl-11354de0"&gt;52&lt;/span&gt;&lt;/p&gt;&lt;/td&gt;&lt;td class="cl-11389ea2"&gt;&lt;p class="cl-11387cc2"&gt;&lt;span class="cl-11354de0"&gt;4.93&lt;/span&gt;&lt;/p&gt;&lt;/td&gt;&lt;td class="cl-11389ea0"&gt;&lt;p class="cl-11387cc2"&gt;&lt;span class="cl-11354de0"&gt;1.615&lt;/span&gt;&lt;/p&gt;&lt;/td&gt;&lt;td class="cl-11389ea0"&gt;&lt;p class="cl-11387cc2"&gt;&lt;span class="cl-11354de0"&gt;18.52&lt;/span&gt;&lt;/p&gt;&lt;/td&gt;&lt;td class="cl-11389eaa"&gt;&lt;p class="cl-11387cc2"&gt;&lt;span class="cl-11354de0"&gt;1&lt;/span&gt;&lt;/p&gt;&lt;/td&gt;&lt;td class="cl-11389eab"&gt;&lt;p class="cl-11387cc2"&gt;&lt;span class="cl-11354de0"&gt;1&lt;/span&gt;&lt;/p&gt;&lt;/td&gt;&lt;td class="cl-11389eac"&gt;&lt;p class="cl-11387cc2"&gt;&lt;span class="cl-11354de0"&gt;4&lt;/span&gt;&lt;/p&gt;&lt;/td&gt;&lt;td class="cl-11389eb4"&gt;&lt;p class="cl-11387cc2"&gt;&lt;span class="cl-11354de0"&gt;2&lt;/span&gt;&lt;/p&gt;&lt;/td&gt;&lt;/tr&gt;&lt;tr style="overflow-wrap:break-word;"&gt;&lt;td class="cl-11389e96"&gt;&lt;p class="cl-11387cc2"&gt;&lt;span class="cl-11354de0"&gt;33.9&lt;/span&gt;&lt;/p&gt;&lt;/td&gt;&lt;td class="cl-11389e97"&gt;&lt;p class="cl-11387cc2"&gt;&lt;span class="cl-11354de0"&gt;4&lt;/span&gt;&lt;/p&gt;&lt;/td&gt;&lt;td class="cl-11389ea0"&gt;&lt;p class="cl-11387cc2"&gt;&lt;span class="cl-11354de0"&gt;71.1&lt;/span&gt;&lt;/p&gt;&lt;/td&gt;&lt;td class="cl-11389ea1"&gt;&lt;p class="cl-11387cc2"&gt;&lt;span class="cl-11354de0"&gt;65&lt;/span&gt;&lt;/p&gt;&lt;/td&gt;&lt;td class="cl-11389ea2"&gt;&lt;p class="cl-11387cc2"&gt;&lt;span class="cl-11354de0"&gt;4.22&lt;/span&gt;&lt;/p&gt;&lt;/td&gt;&lt;td class="cl-11389ea0"&gt;&lt;p class="cl-11387cc2"&gt;&lt;span class="cl-11354de0"&gt;1.835&lt;/span&gt;&lt;/p&gt;&lt;/td&gt;&lt;td class="cl-11389ea0"&gt;&lt;p class="cl-11387cc2"&gt;&lt;span class="cl-11354de0"&gt;19.90&lt;/span&gt;&lt;/p&gt;&lt;/td&gt;&lt;td class="cl-11389eaa"&gt;&lt;p class="cl-11387cc2"&gt;&lt;span class="cl-11354de0"&gt;1&lt;/span&gt;&lt;/p&gt;&lt;/td&gt;&lt;td class="cl-11389eab"&gt;&lt;p class="cl-11387cc2"&gt;&lt;span class="cl-11354de0"&gt;1&lt;/span&gt;&lt;/p&gt;&lt;/td&gt;&lt;td class="cl-11389eac"&gt;&lt;p class="cl-11387cc2"&gt;&lt;span class="cl-11354de0"&gt;4&lt;/span&gt;&lt;/p&gt;&lt;/td&gt;&lt;td class="cl-11389eb4"&gt;&lt;p class="cl-11387cc2"&gt;&lt;span class="cl-11354de0"&gt;1&lt;/span&gt;&lt;/p&gt;&lt;/td&gt;&lt;/tr&gt;&lt;tr style="overflow-wrap:break-word;"&gt;&lt;td class="cl-11389e96"&gt;&lt;p class="cl-11387cc2"&gt;&lt;span class="cl-11354de0"&gt;21.5&lt;/span&gt;&lt;/p&gt;&lt;/td&gt;&lt;td class="cl-11389e97"&gt;&lt;p class="cl-11387cc2"&gt;&lt;span class="cl-11354de0"&gt;4&lt;/span&gt;&lt;/p&gt;&lt;/td&gt;&lt;td class="cl-11389ea0"&gt;&lt;p class="cl-11387cc2"&gt;&lt;span class="cl-11354de0"&gt;120.1&lt;/span&gt;&lt;/p&gt;&lt;/td&gt;&lt;td class="cl-11389ea1"&gt;&lt;p class="cl-11387cc2"&gt;&lt;span class="cl-11354de0"&gt;97&lt;/span&gt;&lt;/p&gt;&lt;/td&gt;&lt;td class="cl-11389ea2"&gt;&lt;p class="cl-11387cc2"&gt;&lt;span class="cl-11354de0"&gt;3.70&lt;/span&gt;&lt;/p&gt;&lt;/td&gt;&lt;td class="cl-11389ea0"&gt;&lt;p class="cl-11387cc2"&gt;&lt;span class="cl-11354de0"&gt;2.465&lt;/span&gt;&lt;/p&gt;&lt;/td&gt;&lt;td class="cl-11389ea0"&gt;&lt;p class="cl-11387cc2"&gt;&lt;span class="cl-11354de0"&gt;20.01&lt;/span&gt;&lt;/p&gt;&lt;/td&gt;&lt;td class="cl-11389eaa"&gt;&lt;p class="cl-11387cc2"&gt;&lt;span class="cl-11354de0"&gt;1&lt;/span&gt;&lt;/p&gt;&lt;/td&gt;&lt;td class="cl-11389eab"&gt;&lt;p class="cl-11387cc2"&gt;&lt;span class="cl-11354de0"&gt;0&lt;/span&gt;&lt;/p&gt;&lt;/td&gt;&lt;td class="cl-11389eac"&gt;&lt;p class="cl-11387cc2"&gt;&lt;span class="cl-11354de0"&gt;3&lt;/span&gt;&lt;/p&gt;&lt;/td&gt;&lt;td class="cl-11389eb4"&gt;&lt;p class="cl-11387cc2"&gt;&lt;span class="cl-11354de0"&gt;1&lt;/span&gt;&lt;/p&gt;&lt;/td&gt;&lt;/tr&gt;&lt;tr style="overflow-wrap:break-word;"&gt;&lt;td class="cl-11389e96"&gt;&lt;p class="cl-11387cc2"&gt;&lt;span class="cl-11354de0"&gt;15.5&lt;/span&gt;&lt;/p&gt;&lt;/td&gt;&lt;td class="cl-11389e97"&gt;&lt;p class="cl-11387cc2"&gt;&lt;span class="cl-11354de0"&gt;8&lt;/span&gt;&lt;/p&gt;&lt;/td&gt;&lt;td class="cl-11389ea0"&gt;&lt;p class="cl-11387cc2"&gt;&lt;span class="cl-11354de0"&gt;318.0&lt;/span&gt;&lt;/p&gt;&lt;/td&gt;&lt;td class="cl-11389ea1"&gt;&lt;p class="cl-11387cc2"&gt;&lt;span class="cl-11354de0"&gt;150&lt;/span&gt;&lt;/p&gt;&lt;/td&gt;&lt;td class="cl-11389ea2"&gt;&lt;p class="cl-11387cc2"&gt;&lt;span class="cl-11354de0"&gt;2.76&lt;/span&gt;&lt;/p&gt;&lt;/td&gt;&lt;td class="cl-11389ea0"&gt;&lt;p class="cl-11387cc2"&gt;&lt;span class="cl-11354de0"&gt;3.520&lt;/span&gt;&lt;/p&gt;&lt;/td&gt;&lt;td class="cl-11389ea0"&gt;&lt;p class="cl-11387cc2"&gt;&lt;span class="cl-11354de0"&gt;16.87&lt;/span&gt;&lt;/p&gt;&lt;/td&gt;&lt;td class="cl-11389eaa"&gt;&lt;p class="cl-11387cc2"&gt;&lt;span class="cl-11354de0"&gt;0&lt;/span&gt;&lt;/p&gt;&lt;/td&gt;&lt;td class="cl-11389eab"&gt;&lt;p class="cl-11387cc2"&gt;&lt;span class="cl-11354de0"&gt;0&lt;/span&gt;&lt;/p&gt;&lt;/td&gt;&lt;td class="cl-11389eac"&gt;&lt;p class="cl-11387cc2"&gt;&lt;span class="cl-11354de0"&gt;3&lt;/span&gt;&lt;/p&gt;&lt;/td&gt;&lt;td class="cl-11389eb4"&gt;&lt;p class="cl-11387cc2"&gt;&lt;span class="cl-11354de0"&gt;2&lt;/span&gt;&lt;/p&gt;&lt;/td&gt;&lt;/tr&gt;&lt;tr style="overflow-wrap:break-word;"&gt;&lt;td class="cl-11389e96"&gt;&lt;p class="cl-11387cc2"&gt;&lt;span class="cl-11354de0"&gt;15.2&lt;/span&gt;&lt;/p&gt;&lt;/td&gt;&lt;td class="cl-11389e97"&gt;&lt;p class="cl-11387cc2"&gt;&lt;span class="cl-11354de0"&gt;8&lt;/span&gt;&lt;/p&gt;&lt;/td&gt;&lt;td class="cl-11389ea0"&gt;&lt;p class="cl-11387cc2"&gt;&lt;span class="cl-11354de0"&gt;304.0&lt;/span&gt;&lt;/p&gt;&lt;/td&gt;&lt;td class="cl-11389ea1"&gt;&lt;p class="cl-11387cc2"&gt;&lt;span class="cl-11354de0"&gt;150&lt;/span&gt;&lt;/p&gt;&lt;/td&gt;&lt;td class="cl-11389ea2"&gt;&lt;p class="cl-11387cc2"&gt;&lt;span class="cl-11354de0"&gt;3.15&lt;/span&gt;&lt;/p&gt;&lt;/td&gt;&lt;td class="cl-11389ea0"&gt;&lt;p class="cl-11387cc2"&gt;&lt;span class="cl-11354de0"&gt;3.435&lt;/span&gt;&lt;/p&gt;&lt;/td&gt;&lt;td class="cl-11389ea0"&gt;&lt;p class="cl-11387cc2"&gt;&lt;span class="cl-11354de0"&gt;17.30&lt;/span&gt;&lt;/p&gt;&lt;/td&gt;&lt;td class="cl-11389eaa"&gt;&lt;p class="cl-11387cc2"&gt;&lt;span class="cl-11354de0"&gt;0&lt;/span&gt;&lt;/p&gt;&lt;/td&gt;&lt;td class="cl-11389eab"&gt;&lt;p class="cl-11387cc2"&gt;&lt;span class="cl-11354de0"&gt;0&lt;/span&gt;&lt;/p&gt;&lt;/td&gt;&lt;td class="cl-11389eac"&gt;&lt;p class="cl-11387cc2"&gt;&lt;span class="cl-11354de0"&gt;3&lt;/span&gt;&lt;/p&gt;&lt;/td&gt;&lt;td class="cl-11389eb4"&gt;&lt;p class="cl-11387cc2"&gt;&lt;span class="cl-11354de0"&gt;2&lt;/span&gt;&lt;/p&gt;&lt;/td&gt;&lt;/tr&gt;&lt;tr style="overflow-wrap:break-word;"&gt;&lt;td class="cl-11389e96"&gt;&lt;p class="cl-11387cc2"&gt;&lt;span class="cl-11354de0"&gt;13.3&lt;/span&gt;&lt;/p&gt;&lt;/td&gt;&lt;td class="cl-11389e97"&gt;&lt;p class="cl-11387cc2"&gt;&lt;span class="cl-11354de0"&gt;8&lt;/span&gt;&lt;/p&gt;&lt;/td&gt;&lt;td class="cl-11389ea0"&gt;&lt;p class="cl-11387cc2"&gt;&lt;span class="cl-11354de0"&gt;350.0&lt;/span&gt;&lt;/p&gt;&lt;/td&gt;&lt;td class="cl-11389ea1"&gt;&lt;p class="cl-11387cc2"&gt;&lt;span class="cl-11354de0"&gt;245&lt;/span&gt;&lt;/p&gt;&lt;/td&gt;&lt;td class="cl-11389ea2"&gt;&lt;p class="cl-11387cc2"&gt;&lt;span class="cl-11354de0"&gt;3.73&lt;/span&gt;&lt;/p&gt;&lt;/td&gt;&lt;td class="cl-11389ea0"&gt;&lt;p class="cl-11387cc2"&gt;&lt;span class="cl-11354de0"&gt;3.840&lt;/span&gt;&lt;/p&gt;&lt;/td&gt;&lt;td class="cl-11389ea0"&gt;&lt;p class="cl-11387cc2"&gt;&lt;span class="cl-11354de0"&gt;15.41&lt;/span&gt;&lt;/p&gt;&lt;/td&gt;&lt;td class="cl-11389eaa"&gt;&lt;p class="cl-11387cc2"&gt;&lt;span class="cl-11354de0"&gt;0&lt;/span&gt;&lt;/p&gt;&lt;/td&gt;&lt;td class="cl-11389eab"&gt;&lt;p class="cl-11387cc2"&gt;&lt;span class="cl-11354de0"&gt;0&lt;/span&gt;&lt;/p&gt;&lt;/td&gt;&lt;td class="cl-11389eac"&gt;&lt;p class="cl-11387cc2"&gt;&lt;span class="cl-11354de0"&gt;3&lt;/span&gt;&lt;/p&gt;&lt;/td&gt;&lt;td class="cl-11389eb4"&gt;&lt;p class="cl-11387cc2"&gt;&lt;span class="cl-11354de0"&gt;4&lt;/span&gt;&lt;/p&gt;&lt;/td&gt;&lt;/tr&gt;&lt;tr style="overflow-wrap:break-word;"&gt;&lt;td class="cl-11389e96"&gt;&lt;p class="cl-11387cc2"&gt;&lt;span class="cl-11354de0"&gt;19.2&lt;/span&gt;&lt;/p&gt;&lt;/td&gt;&lt;td class="cl-11389e97"&gt;&lt;p class="cl-11387cc2"&gt;&lt;span class="cl-11354de0"&gt;8&lt;/span&gt;&lt;/p&gt;&lt;/td&gt;&lt;td class="cl-11389ea0"&gt;&lt;p class="cl-11387cc2"&gt;&lt;span class="cl-11354de0"&gt;400.0&lt;/span&gt;&lt;/p&gt;&lt;/td&gt;&lt;td class="cl-11389ea1"&gt;&lt;p class="cl-11387cc2"&gt;&lt;span class="cl-11354de0"&gt;175&lt;/span&gt;&lt;/p&gt;&lt;/td&gt;&lt;td class="cl-11389ea2"&gt;&lt;p class="cl-11387cc2"&gt;&lt;span class="cl-11354de0"&gt;3.08&lt;/span&gt;&lt;/p&gt;&lt;/td&gt;&lt;td class="cl-11389ea0"&gt;&lt;p class="cl-11387cc2"&gt;&lt;span class="cl-11354de0"&gt;3.845&lt;/span&gt;&lt;/p&gt;&lt;/td&gt;&lt;td class="cl-11389ea0"&gt;&lt;p class="cl-11387cc2"&gt;&lt;span class="cl-11354de0"&gt;17.05&lt;/span&gt;&lt;/p&gt;&lt;/td&gt;&lt;td class="cl-11389eaa"&gt;&lt;p class="cl-11387cc2"&gt;&lt;span class="cl-11354de0"&gt;0&lt;/span&gt;&lt;/p&gt;&lt;/td&gt;&lt;td class="cl-11389eab"&gt;&lt;p class="cl-11387cc2"&gt;&lt;span class="cl-11354de0"&gt;0&lt;/span&gt;&lt;/p&gt;&lt;/td&gt;&lt;td class="cl-11389eac"&gt;&lt;p class="cl-11387cc2"&gt;&lt;span class="cl-11354de0"&gt;3&lt;/span&gt;&lt;/p&gt;&lt;/td&gt;&lt;td class="cl-11389eb4"&gt;&lt;p class="cl-11387cc2"&gt;&lt;span class="cl-11354de0"&gt;2&lt;/span&gt;&lt;/p&gt;&lt;/td&gt;&lt;/tr&gt;&lt;tr style="overflow-wrap:break-word;"&gt;&lt;td class="cl-11389e96"&gt;&lt;p class="cl-11387cc2"&gt;&lt;span class="cl-11354de0"&gt;27.3&lt;/span&gt;&lt;/p&gt;&lt;/td&gt;&lt;td class="cl-11389e97"&gt;&lt;p class="cl-11387cc2"&gt;&lt;span class="cl-11354de0"&gt;4&lt;/span&gt;&lt;/p&gt;&lt;/td&gt;&lt;td class="cl-11389ea0"&gt;&lt;p class="cl-11387cc2"&gt;&lt;span class="cl-11354de0"&gt;79.0&lt;/span&gt;&lt;/p&gt;&lt;/td&gt;&lt;td class="cl-11389ea1"&gt;&lt;p class="cl-11387cc2"&gt;&lt;span class="cl-11354de0"&gt;66&lt;/span&gt;&lt;/p&gt;&lt;/td&gt;&lt;td class="cl-11389ea2"&gt;&lt;p class="cl-11387cc2"&gt;&lt;span class="cl-11354de0"&gt;4.08&lt;/span&gt;&lt;/p&gt;&lt;/td&gt;&lt;td class="cl-11389ea0"&gt;&lt;p class="cl-11387cc2"&gt;&lt;span class="cl-11354de0"&gt;1.935&lt;/span&gt;&lt;/p&gt;&lt;/td&gt;&lt;td class="cl-11389ea0"&gt;&lt;p class="cl-11387cc2"&gt;&lt;span class="cl-11354de0"&gt;18.90&lt;/span&gt;&lt;/p&gt;&lt;/td&gt;&lt;td class="cl-11389eaa"&gt;&lt;p class="cl-11387cc2"&gt;&lt;span class="cl-11354de0"&gt;1&lt;/span&gt;&lt;/p&gt;&lt;/td&gt;&lt;td class="cl-11389eab"&gt;&lt;p class="cl-11387cc2"&gt;&lt;span class="cl-11354de0"&gt;1&lt;/span&gt;&lt;/p&gt;&lt;/td&gt;&lt;td class="cl-11389eac"&gt;&lt;p class="cl-11387cc2"&gt;&lt;span class="cl-11354de0"&gt;4&lt;/span&gt;&lt;/p&gt;&lt;/td&gt;&lt;td class="cl-11389eb4"&gt;&lt;p class="cl-11387cc2"&gt;&lt;span class="cl-11354de0"&gt;1&lt;/span&gt;&lt;/p&gt;&lt;/td&gt;&lt;/tr&gt;&lt;tr style="overflow-wrap:break-word;"&gt;&lt;td class="cl-11389e96"&gt;&lt;p class="cl-11387cc2"&gt;&lt;span class="cl-11354de0"&gt;26.0&lt;/span&gt;&lt;/p&gt;&lt;/td&gt;&lt;td class="cl-11389e97"&gt;&lt;p class="cl-11387cc2"&gt;&lt;span class="cl-11354de0"&gt;4&lt;/span&gt;&lt;/p&gt;&lt;/td&gt;&lt;td class="cl-11389ea0"&gt;&lt;p class="cl-11387cc2"&gt;&lt;span class="cl-11354de0"&gt;120.3&lt;/span&gt;&lt;/p&gt;&lt;/td&gt;&lt;td class="cl-11389ea1"&gt;&lt;p class="cl-11387cc2"&gt;&lt;span class="cl-11354de0"&gt;91&lt;/span&gt;&lt;/p&gt;&lt;/td&gt;&lt;td class="cl-11389ea2"&gt;&lt;p class="cl-11387cc2"&gt;&lt;span class="cl-11354de0"&gt;4.43&lt;/span&gt;&lt;/p&gt;&lt;/td&gt;&lt;td class="cl-11389ea0"&gt;&lt;p class="cl-11387cc2"&gt;&lt;span class="cl-11354de0"&gt;2.140&lt;/span&gt;&lt;/p&gt;&lt;/td&gt;&lt;td class="cl-11389ea0"&gt;&lt;p class="cl-11387cc2"&gt;&lt;span class="cl-11354de0"&gt;16.70&lt;/span&gt;&lt;/p&gt;&lt;/td&gt;&lt;td class="cl-11389eaa"&gt;&lt;p class="cl-11387cc2"&gt;&lt;span class="cl-11354de0"&gt;0&lt;/span&gt;&lt;/p&gt;&lt;/td&gt;&lt;td class="cl-11389eab"&gt;&lt;p class="cl-11387cc2"&gt;&lt;span class="cl-11354de0"&gt;1&lt;/span&gt;&lt;/p&gt;&lt;/td&gt;&lt;td class="cl-11389eac"&gt;&lt;p class="cl-11387cc2"&gt;&lt;span class="cl-11354de0"&gt;5&lt;/span&gt;&lt;/p&gt;&lt;/td&gt;&lt;td class="cl-11389eb4"&gt;&lt;p class="cl-11387cc2"&gt;&lt;span class="cl-11354de0"&gt;2&lt;/span&gt;&lt;/p&gt;&lt;/td&gt;&lt;/tr&gt;&lt;tr style="overflow-wrap:break-word;"&gt;&lt;td class="cl-11389e96"&gt;&lt;p class="cl-11387cc2"&gt;&lt;span class="cl-11354de0"&gt;30.4&lt;/span&gt;&lt;/p&gt;&lt;/td&gt;&lt;td class="cl-11389e97"&gt;&lt;p class="cl-11387cc2"&gt;&lt;span class="cl-11354de0"&gt;4&lt;/span&gt;&lt;/p&gt;&lt;/td&gt;&lt;td class="cl-11389ea0"&gt;&lt;p class="cl-11387cc2"&gt;&lt;span class="cl-11354de0"&gt;95.1&lt;/span&gt;&lt;/p&gt;&lt;/td&gt;&lt;td class="cl-11389ea1"&gt;&lt;p class="cl-11387cc2"&gt;&lt;span class="cl-11354de0"&gt;113&lt;/span&gt;&lt;/p&gt;&lt;/td&gt;&lt;td class="cl-11389ea2"&gt;&lt;p class="cl-11387cc2"&gt;&lt;span class="cl-11354de0"&gt;3.77&lt;/span&gt;&lt;/p&gt;&lt;/td&gt;&lt;td class="cl-11389ea0"&gt;&lt;p class="cl-11387cc2"&gt;&lt;span class="cl-11354de0"&gt;1.513&lt;/span&gt;&lt;/p&gt;&lt;/td&gt;&lt;td class="cl-11389ea0"&gt;&lt;p class="cl-11387cc2"&gt;&lt;span class="cl-11354de0"&gt;16.90&lt;/span&gt;&lt;/p&gt;&lt;/td&gt;&lt;td class="cl-11389eaa"&gt;&lt;p class="cl-11387cc2"&gt;&lt;span class="cl-11354de0"&gt;1&lt;/span&gt;&lt;/p&gt;&lt;/td&gt;&lt;td class="cl-11389eab"&gt;&lt;p class="cl-11387cc2"&gt;&lt;span class="cl-11354de0"&gt;1&lt;/span&gt;&lt;/p&gt;&lt;/td&gt;&lt;td class="cl-11389eac"&gt;&lt;p class="cl-11387cc2"&gt;&lt;span class="cl-11354de0"&gt;5&lt;/span&gt;&lt;/p&gt;&lt;/td&gt;&lt;td class="cl-11389eb4"&gt;&lt;p class="cl-11387cc2"&gt;&lt;span class="cl-11354de0"&gt;2&lt;/span&gt;&lt;/p&gt;&lt;/td&gt;&lt;/tr&gt;&lt;tr style="overflow-wrap:break-word;"&gt;&lt;td class="cl-11389e96"&gt;&lt;p class="cl-11387cc2"&gt;&lt;span class="cl-11354de0"&gt;15.8&lt;/span&gt;&lt;/p&gt;&lt;/td&gt;&lt;td class="cl-11389e97"&gt;&lt;p class="cl-11387cc2"&gt;&lt;span class="cl-11354de0"&gt;8&lt;/span&gt;&lt;/p&gt;&lt;/td&gt;&lt;td class="cl-11389ea0"&gt;&lt;p class="cl-11387cc2"&gt;&lt;span class="cl-11354de0"&gt;351.0&lt;/span&gt;&lt;/p&gt;&lt;/td&gt;&lt;td class="cl-11389ea1"&gt;&lt;p class="cl-11387cc2"&gt;&lt;span class="cl-11354de0"&gt;264&lt;/span&gt;&lt;/p&gt;&lt;/td&gt;&lt;td class="cl-11389ea2"&gt;&lt;p class="cl-11387cc2"&gt;&lt;span class="cl-11354de0"&gt;4.22&lt;/span&gt;&lt;/p&gt;&lt;/td&gt;&lt;td class="cl-11389ea0"&gt;&lt;p class="cl-11387cc2"&gt;&lt;span class="cl-11354de0"&gt;3.170&lt;/span&gt;&lt;/p&gt;&lt;/td&gt;&lt;td class="cl-11389ea0"&gt;&lt;p class="cl-11387cc2"&gt;&lt;span class="cl-11354de0"&gt;14.50&lt;/span&gt;&lt;/p&gt;&lt;/td&gt;&lt;td class="cl-11389eaa"&gt;&lt;p class="cl-11387cc2"&gt;&lt;span class="cl-11354de0"&gt;0&lt;/span&gt;&lt;/p&gt;&lt;/td&gt;&lt;td class="cl-11389eab"&gt;&lt;p class="cl-11387cc2"&gt;&lt;span class="cl-11354de0"&gt;1&lt;/span&gt;&lt;/p&gt;&lt;/td&gt;&lt;td class="cl-11389eac"&gt;&lt;p class="cl-11387cc2"&gt;&lt;span class="cl-11354de0"&gt;5&lt;/span&gt;&lt;/p&gt;&lt;/td&gt;&lt;td class="cl-11389eb4"&gt;&lt;p class="cl-11387cc2"&gt;&lt;span class="cl-11354de0"&gt;4&lt;/span&gt;&lt;/p&gt;&lt;/td&gt;&lt;/tr&gt;&lt;tr style="overflow-wrap:break-word;"&gt;&lt;td class="cl-11389e96"&gt;&lt;p class="cl-11387cc2"&gt;&lt;span class="cl-11354de0"&gt;19.7&lt;/span&gt;&lt;/p&gt;&lt;/td&gt;&lt;td class="cl-11389e97"&gt;&lt;p class="cl-11387cc2"&gt;&lt;span class="cl-11354de0"&gt;6&lt;/span&gt;&lt;/p&gt;&lt;/td&gt;&lt;td class="cl-11389ea0"&gt;&lt;p class="cl-11387cc2"&gt;&lt;span class="cl-11354de0"&gt;145.0&lt;/span&gt;&lt;/p&gt;&lt;/td&gt;&lt;td class="cl-11389ea1"&gt;&lt;p class="cl-11387cc2"&gt;&lt;span class="cl-11354de0"&gt;175&lt;/span&gt;&lt;/p&gt;&lt;/td&gt;&lt;td class="cl-11389ea2"&gt;&lt;p class="cl-11387cc2"&gt;&lt;span class="cl-11354de0"&gt;3.62&lt;/span&gt;&lt;/p&gt;&lt;/td&gt;&lt;td class="cl-11389ea0"&gt;&lt;p class="cl-11387cc2"&gt;&lt;span class="cl-11354de0"&gt;2.770&lt;/span&gt;&lt;/p&gt;&lt;/td&gt;&lt;td class="cl-11389ea0"&gt;&lt;p class="cl-11387cc2"&gt;&lt;span class="cl-11354de0"&gt;15.50&lt;/span&gt;&lt;/p&gt;&lt;/td&gt;&lt;td class="cl-11389eaa"&gt;&lt;p class="cl-11387cc2"&gt;&lt;span class="cl-11354de0"&gt;0&lt;/span&gt;&lt;/p&gt;&lt;/td&gt;&lt;td class="cl-11389eab"&gt;&lt;p class="cl-11387cc2"&gt;&lt;span class="cl-11354de0"&gt;1&lt;/span&gt;&lt;/p&gt;&lt;/td&gt;&lt;td class="cl-11389eac"&gt;&lt;p class="cl-11387cc2"&gt;&lt;span class="cl-11354de0"&gt;5&lt;/span&gt;&lt;/p&gt;&lt;/td&gt;&lt;td class="cl-11389eb4"&gt;&lt;p class="cl-11387cc2"&gt;&lt;span class="cl-11354de0"&gt;6&lt;/span&gt;&lt;/p&gt;&lt;/td&gt;&lt;/tr&gt;&lt;tr style="overflow-wrap:break-word;"&gt;&lt;td class="cl-11389e96"&gt;&lt;p class="cl-11387cc2"&gt;&lt;span class="cl-11354de0"&gt;15.0&lt;/span&gt;&lt;/p&gt;&lt;/td&gt;&lt;td class="cl-11389e97"&gt;&lt;p class="cl-11387cc2"&gt;&lt;span class="cl-11354de0"&gt;8&lt;/span&gt;&lt;/p&gt;&lt;/td&gt;&lt;td class="cl-11389ea0"&gt;&lt;p class="cl-11387cc2"&gt;&lt;span class="cl-11354de0"&gt;301.0&lt;/span&gt;&lt;/p&gt;&lt;/td&gt;&lt;td class="cl-11389ea1"&gt;&lt;p class="cl-11387cc2"&gt;&lt;span class="cl-11354de0"&gt;335&lt;/span&gt;&lt;/p&gt;&lt;/td&gt;&lt;td class="cl-11389ea2"&gt;&lt;p class="cl-11387cc2"&gt;&lt;span class="cl-11354de0"&gt;3.54&lt;/span&gt;&lt;/p&gt;&lt;/td&gt;&lt;td class="cl-11389ea0"&gt;&lt;p class="cl-11387cc2"&gt;&lt;span class="cl-11354de0"&gt;3.570&lt;/span&gt;&lt;/p&gt;&lt;/td&gt;&lt;td class="cl-11389ea0"&gt;&lt;p class="cl-11387cc2"&gt;&lt;span class="cl-11354de0"&gt;14.60&lt;/span&gt;&lt;/p&gt;&lt;/td&gt;&lt;td class="cl-11389eaa"&gt;&lt;p class="cl-11387cc2"&gt;&lt;span class="cl-11354de0"&gt;0&lt;/span&gt;&lt;/p&gt;&lt;/td&gt;&lt;td class="cl-11389eab"&gt;&lt;p class="cl-11387cc2"&gt;&lt;span class="cl-11354de0"&gt;1&lt;/span&gt;&lt;/p&gt;&lt;/td&gt;&lt;td class="cl-11389eac"&gt;&lt;p class="cl-11387cc2"&gt;&lt;span class="cl-11354de0"&gt;5&lt;/span&gt;&lt;/p&gt;&lt;/td&gt;&lt;td class="cl-11389eb4"&gt;&lt;p class="cl-11387cc2"&gt;&lt;span class="cl-11354de0"&gt;8&lt;/span&gt;&lt;/p&gt;&lt;/td&gt;&lt;/tr&gt;&lt;tr style="overflow-wrap:break-word;"&gt;&lt;td class="cl-11389eb5"&gt;&lt;p class="cl-11387cc2"&gt;&lt;span class="cl-11354de0"&gt;21.4&lt;/span&gt;&lt;/p&gt;&lt;/td&gt;&lt;td class="cl-11389ebe"&gt;&lt;p class="cl-11387cc2"&gt;&lt;span class="cl-11354de0"&gt;4&lt;/span&gt;&lt;/p&gt;&lt;/td&gt;&lt;td class="cl-11389ebf"&gt;&lt;p class="cl-11387cc2"&gt;&lt;span class="cl-11354de0"&gt;121.0&lt;/span&gt;&lt;/p&gt;&lt;/td&gt;&lt;td class="cl-11389ec0"&gt;&lt;p class="cl-11387cc2"&gt;&lt;span class="cl-11354de0"&gt;109&lt;/span&gt;&lt;/p&gt;&lt;/td&gt;&lt;td class="cl-11389ec8"&gt;&lt;p class="cl-11387cc2"&gt;&lt;span class="cl-11354de0"&gt;4.11&lt;/span&gt;&lt;/p&gt;&lt;/td&gt;&lt;td class="cl-11389ebf"&gt;&lt;p class="cl-11387cc2"&gt;&lt;span class="cl-11354de0"&gt;2.780&lt;/span&gt;&lt;/p&gt;&lt;/td&gt;&lt;td class="cl-11389ebf"&gt;&lt;p class="cl-11387cc2"&gt;&lt;span class="cl-11354de0"&gt;18.60&lt;/span&gt;&lt;/p&gt;&lt;/td&gt;&lt;td class="cl-11389ed2"&gt;&lt;p class="cl-11387cc2"&gt;&lt;span class="cl-11354de0"&gt;1&lt;/span&gt;&lt;/p&gt;&lt;/td&gt;&lt;td class="cl-11389ed3"&gt;&lt;p class="cl-11387cc2"&gt;&lt;span class="cl-11354de0"&gt;1&lt;/span&gt;&lt;/p&gt;&lt;/td&gt;&lt;td class="cl-11389ed4"&gt;&lt;p class="cl-11387cc2"&gt;&lt;span class="cl-11354de0"&gt;4&lt;/span&gt;&lt;/p&gt;&lt;/td&gt;&lt;td class="cl-11389edc"&gt;&lt;p class="cl-11387cc2"&gt;&lt;span class="cl-11354de0"&gt;2&lt;/span&gt;&lt;/p&gt;&lt;/td&gt;&lt;/tr&gt;&lt;/tbody&gt;&lt;/table&gt;&lt;/div&gt;

* Run `testthat::snapshot_accept('toHTML')` to accept the change.
* Run `testthat::snapshot_review('toHTML')` to interactively review the change.</failure>
    </testcase>
    <testcase time="0.451999999999998" classname="toHTML" name="toHTML_generates_a_shiny_tag_for_rlistings">
      <failure type="failure" message="Snapshot of code has changed: ('test-toHTML.R:61:5')">Snapshot of code has changed:
old[2:5] vs new[2:5]
    result
  Output
    &lt;style&gt;&lt;/style&gt;
-   &lt;div class="tabwid"&gt;&lt;style&gt;.cl-4d98cc74{}.cl-4d94ce62{font-family:'Helvetica';font-size:11pt;font-weight:normal;font-style:normal;text-decoration:none;color:rgba(0, 0, 0, 1.00);background-color:transparent;}.cl-4d94ce63{font-family:'Helvetica';font-size:11pt;font-weight:normal;font-style:normal;text-decoration:none;color:rgba(153, 153, 153, 1.00);background-color:transparent;}.cl-4d965a5c{margin:0;text-align:right;border-bottom: 0 solid rgba(0, 0, 0, 1.00);border-top: 0 solid rgba(0, 0, 0, 1.00);border-left: 0 solid rgba(0, 0, 0, 1.00);border-right: 0 solid rgba(0, 0, 0, 1.00);padding-bottom:5pt;padding-top:5pt;padding-left:5pt;padding-right:5pt;line-height: 1;background-color:transparent;}.cl-4d965a66{margin:0;text-align:left;border-bottom: 0 solid rgba(0, 0, 0, 1.00);border-top: 0 solid rgba(0, 0, 0, 1.00);border-left: 0 solid rgba(0, 0, 0, 1.00);border-right: 0 solid rgba(0, 0, 0, 1.00);padding-bottom:5pt;padding-top:5pt;padding-left:5pt;padding-right:5pt;line-height: 1;background-color:transparent;}.cl-4d966952{width:1.194in;background-color:transparent;vertical-align: middle;border-bottom: 0 solid rgba(102, 102, 102, 1.00);border-top: 1.5pt solid rgba(102, 102, 102, 1.00);border-left: 0 solid rgba(0, 0, 0, 1.00);border-right: 0 solid rgba(0, 0, 0, 1.00);margin-bottom:0;margin-top:0;margin-left:0;margin-right:0;}.cl-4d96695c{width:0.829in;background-color:transparent;vertical-align: middle;border-bottom: 0 solid rgba(102, 102, 102, 1.00);border-top: 1.5pt solid rgba(102, 102, 102, 1.00);border-left: 0 solid rgba(0, 0, 0, 1.00);border-right: 0 solid rgba(0, 0, 0, 1.00);margin-bottom:0;margin-top:0;margin-left:0;margin-right:0;}.cl-4d96695d{width:1.194in;background-color:transparent;vertical-align: middle;border-bottom: 1.5pt solid rgba(102, 102, 102, 1.00);border-top: 0 solid rgba(102, 102, 102, 1.00);border-left: 0 solid rgba(0, 0, 0, 1.00);border-right: 0 solid rgba(0, 0, 0, 1.00);margin-bottom:0;margin-top:0;margin-left:0;margin-right:0;}.cl-4d966966{width:0.829in;background-color:transparent;vertical-align: middle;border-bottom: 1.5pt solid rgba(102, 102, 102, 1.00);border-top: 0 solid rgba(102, 102, 102, 1.00);border-left: 0 solid rgba(0, 0, 0, 1.00);border-right: 0 solid rgba(0, 0, 0, 1.00);margin-bottom:0;margin-top:0;margin-left:0;margin-right:0;}.cl-4d966967{width:1.194in;background-color:transparent;vertical-align: middle;border-bottom: 0 solid rgba(0, 0, 0, 1.00);border-top: 0 solid rgba(0, 0, 0, 1.00);border-left: 0 solid rgba(0, 0, 0, 1.00);border-right: 0 solid rgba(0, 0, 0, 1.00);margin-bottom:0;margin-top:0;margin-left:0;margin-right:0;}.cl-4d966968{width:0.829in;background-color:transparent;vertical-align: middle;border-bottom: 0 solid rgba(0, 0, 0, 1.00);border-top: 0 solid rgba(0, 0, 0, 1.00);border-left: 0 solid rgba(0, 0, 0, 1.00);border-right: 0 solid rgba(0, 0, 0, 1.00);margin-bottom:0;margin-top:0;margin-left:0;margin-right:0;}.cl-4d966970{width:1.194in;background-color:transparent;vertical-align: middle;border-bottom: 0 solid rgba(0, 0, 0, 1.00);border-top: 0 solid rgba(0, 0, 0, 1.00);border-left: 0 solid rgba(0, 0, 0, 1.00);border-right: 0 solid rgba(0, 0, 0, 1.00);margin-bottom:0;margin-top:0;margin-left:0;margin-right:0;}.cl-4d966971{width:0.829in;background-color:transparent;vertical-align: middle;border-bottom: 0 solid rgba(0, 0, 0, 1.00);border-top: 0 solid rgba(0, 0, 0, 1.00);border-left: 0 solid rgba(0, 0, 0, 1.00);border-right: 0 solid rgba(0, 0, 0, 1.00);margin-bottom:0;margin-top:0;margin-left:0;margin-right:0;}.cl-4d96697a{width:1.194in;background-color:transparent;vertical-align: middle;border-bottom: 1.5pt solid rgba(102, 102, 102, 1.00);border-top: 0 solid rgba(0, 0, 0, 1.00);border-left: 0 solid rgba(0, 0, 0, 1.00);border-right: 0 solid rgba(0, 0, 0, 1.00);margin-bottom:0;margin-top:0;margin-left:0;margin-right:0;}.cl-4d96697b{width:0.829in;background-color:transparent;vertical-align: middle;border-bottom: 1.5pt solid rgba(102, 102, 102, 1.00);border-top: 0 solid rgba(0, 0, 0, 1.00);border-left: 0 solid rgba(0, 0, 0, 1.00);border-right: 0 solid rgba(0, 0, 0, 1.00);margin-bottom:0;margin-top:0;margin-left:0;margin-right:0;}.cl-4d96697c{width:1.194in;background-color:transparent;vertical-align: middle;border-bottom: 1.5pt solid rgba(102, 102, 102, 1.00);border-top: 0 solid rgba(0, 0, 0, 1.00);border-left: 0 solid rgba(0, 0, 0, 1.00);border-right: 0 solid rgba(0, 0, 0, 1.00);margin-bottom:0;margin-top:0;margin-left:0;margin-right:0;}.cl-4d966984{width:0.829in;background-color:transparent;vertical-align: middle;border-bottom: 1.5pt solid rgba(102, 102, 102, 1.00);border-top: 0 solid rgba(0, 0, 0, 1.00);border-left: 0 solid rgba(0, 0, 0, 1.00);border-right: 0 solid rgba(0, 0, 0, 1.00);margin-bottom:0;margin-top:0;margin-left:0;margin-right:0;}&lt;/style&gt;&lt;table data-quarto-disable-processing='true' class='cl-4d98cc74'&gt;&lt;thead&gt;&lt;tr style="overflow-wrap:break-word;"&gt;&lt;th class="cl-4d966952"&gt;&lt;p class="cl-4d965a5c"&gt;&lt;span class="cl-4d94ce62"&gt;mpg&lt;/span&gt;&lt;/p&gt;&lt;/th&gt;&lt;th class="cl-4d96695c"&gt;&lt;p class="cl-4d965a5c"&gt;&lt;span class="cl-4d94ce62"&gt;cyl&lt;/span&gt;&lt;/p&gt;&lt;/th&gt;&lt;th class="cl-4d96695c"&gt;&lt;p class="cl-4d965a5c"&gt;&lt;span class="cl-4d94ce62"&gt;disp&lt;/span&gt;&lt;/p&gt;&lt;/th&gt;&lt;th class="cl-4d96695c"&gt;&lt;p class="cl-4d965a5c"&gt;&lt;span class="cl-4d94ce62"&gt;hp&lt;/span&gt;&lt;/p&gt;&lt;/th&gt;&lt;th class="cl-4d96695c"&gt;&lt;p class="cl-4d965a5c"&gt;&lt;span class="cl-4d94ce62"&gt;drat&lt;/span&gt;&lt;/p&gt;&lt;/th&gt;&lt;th class="cl-4d96695c"&gt;&lt;p class="cl-4d965a5c"&gt;&lt;span class="cl-4d94ce62"&gt;wt&lt;/span&gt;&lt;/p&gt;&lt;/th&gt;&lt;th class="cl-4d96695c"&gt;&lt;p class="cl-4d965a5c"&gt;&lt;span class="cl-4d94ce62"&gt;qsec&lt;/span&gt;&lt;/p&gt;&lt;/th&gt;&lt;th class="cl-4d96695c"&gt;&lt;p class="cl-4d965a5c"&gt;&lt;span class="cl-4d94ce62"&gt;vs&lt;/span&gt;&lt;/p&gt;&lt;/th&gt;&lt;th class="cl-4d96695c"&gt;&lt;p class="cl-4d965a5c"&gt;&lt;span class="cl-4d94ce62"&gt;am&lt;/span&gt;&lt;/p&gt;&lt;/th&gt;&lt;th class="cl-4d96695c"&gt;&lt;p class="cl-4d965a5c"&gt;&lt;span class="cl-4d94ce62"&gt;gear&lt;/span&gt;&lt;/p&gt;&lt;/th&gt;&lt;th class="cl-4d96695c"&gt;&lt;p class="cl-4d965a5c"&gt;&lt;span class="cl-4d94ce62"&gt;carb&lt;/span&gt;&lt;/p&gt;&lt;/th&gt;&lt;/tr&gt;&lt;tr style="overflow-wrap:break-word;"&gt;&lt;th class="cl-4d96695d"&gt;&lt;p class="cl-4d965a5c"&gt;&lt;span class="cl-4d94ce63"&gt;listing_keycol&lt;/span&gt;&lt;/p&gt;&lt;/th&gt;&lt;th class="cl-4d966966"&gt;&lt;p class="cl-4d965a5c"&gt;&lt;span class="cl-4d94ce63"&gt;numeric&lt;/span&gt;&lt;/p&gt;&lt;/th&gt;&lt;th class="cl-4d966966"&gt;&lt;p class="cl-4d965a5c"&gt;&lt;span class="cl-4d94ce63"&gt;numeric&lt;/span&gt;&lt;/p&gt;&lt;/th&gt;&lt;th class="cl-4d966966"&gt;&lt;p class="cl-4d965a5c"&gt;&lt;span class="cl-4d94ce63"&gt;numeric&lt;/span&gt;&lt;/p&gt;&lt;/th&gt;&lt;th class="cl-4d966966"&gt;&lt;p class="cl-4d965a5c"&gt;&lt;span class="cl-4d94ce63"&gt;numeric&lt;/span&gt;&lt;/p&gt;&lt;/th&gt;&lt;th class="cl-4d966966"&gt;&lt;p class="cl-4d965a5c"&gt;&lt;span class="cl-4d94ce63"&gt;numeric&lt;/span&gt;&lt;/p&gt;&lt;/th&gt;&lt;th class="cl-4d966966"&gt;&lt;p class="cl-4d965a5c"&gt;&lt;span class="cl-4d94ce63"&gt;numeric&lt;/span&gt;&lt;/p&gt;&lt;/th&gt;&lt;th class="cl-4d966966"&gt;&lt;p class="cl-4d965a5c"&gt;&lt;span class="cl-4d94ce63"&gt;numeric&lt;/span&gt;&lt;/p&gt;&lt;/th&gt;&lt;th class="cl-4d966966"&gt;&lt;p class="cl-4d965a5c"&gt;&lt;span class="cl-4d94ce63"&gt;numeric&lt;/span&gt;&lt;/p&gt;&lt;/th&gt;&lt;th class="cl-4d966966"&gt;&lt;p class="cl-4d965a5c"&gt;&lt;span class="cl-4d94ce63"&gt;numeric&lt;/span&gt;&lt;/p&gt;&lt;/th&gt;&lt;th class="cl-4d966966"&gt;&lt;p class="cl-4d965a5c"&gt;&lt;span class="cl-4d94ce63"&gt;numeric&lt;/span&gt;&lt;/p&gt;&lt;/th&gt;&lt;/tr&gt;&lt;/thead&gt;&lt;tbody&gt;&lt;tr style="overflow-wrap:break-word;"&gt;&lt;td class="cl-4d966967"&gt;&lt;p class="cl-4d965a5c"&gt;&lt;span class="cl-4d94ce62"&gt;10.4&lt;/span&gt;&lt;/p&gt;&lt;/td&gt;&lt;td class="cl-4d966968"&gt;&lt;p class="cl-4d965a5c"&gt;&lt;span class="cl-4d94ce62"&gt;8&lt;/span&gt;&lt;/p&gt;&lt;/td&gt;&lt;td class="cl-4d966968"&gt;&lt;p class="cl-4d965a5c"&gt;&lt;span class="cl-4d94ce62"&gt;472.0&lt;/span&gt;&lt;/p&gt;&lt;/td&gt;&lt;td class="cl-4d966968"&gt;&lt;p class="cl-4d965a5c"&gt;&lt;span class="cl-4d94ce62"&gt;205&lt;/span&gt;&lt;/p&gt;&lt;/td&gt;&lt;td class="cl-4d966968"&gt;&lt;p class="cl-4d965a5c"&gt;&lt;span class="cl-4d94ce62"&gt;2.9&lt;/span&gt;&lt;/p&gt;&lt;/td&gt;&lt;td class="cl-4d966968"&gt;&lt;p class="cl-4d965a5c"&gt;&lt;span class="cl-4d94ce62"&gt;5.2&lt;/span&gt;&lt;/p&gt;&lt;/td&gt;&lt;td class="cl-4d966968"&gt;&lt;p class="cl-4d965a5c"&gt;&lt;span class="cl-4d94ce62"&gt;18.0&lt;/span&gt;&lt;/p&gt;&lt;/td&gt;&lt;td class="cl-4d966968"&gt;&lt;p class="cl-4d965a5c"&gt;&lt;span class="cl-4d94ce62"&gt;0&lt;/span&gt;&lt;/p&gt;&lt;/td&gt;&lt;td class="cl-4d966968"&gt;&lt;p class="cl-4d965a5c"&gt;&lt;span class="cl-4d94ce62"&gt;0&lt;/span&gt;&lt;/p&gt;&lt;/td&gt;&lt;td class="cl-4d966968"&gt;&lt;p class="cl-4d965a5c"&gt;&lt;span class="cl-4d94ce62"&gt;3&lt;/span&gt;&lt;/p&gt;&lt;/td&gt;&lt;td class="cl-4d966968"&gt;&lt;p class="cl-4d965a5c"&gt;&lt;span class="cl-4d94ce62"&gt;4&lt;/span&gt;&lt;/p&gt;&lt;/td&gt;&lt;/tr&gt;&lt;tr style="overflow-wrap:break-word;"&gt;&lt;td class="cl-4d966967"&gt;&lt;p class="cl-4d965a5c"&gt;&lt;span class="cl-4d94ce62"&gt;10.4&lt;/span&gt;&lt;/p&gt;&lt;/td&gt;&lt;td class="cl-4d966968"&gt;&lt;p class="cl-4d965a5c"&gt;&lt;span class="cl-4d94ce62"&gt;8&lt;/span&gt;&lt;/p&gt;&lt;/td&gt;&lt;td class="cl-4d966968"&gt;&lt;p class="cl-4d965a5c"&gt;&lt;span class="cl-4d94ce62"&gt;460.0&lt;/span&gt;&lt;/p&gt;&lt;/td&gt;&lt;td class="cl-4d966968"&gt;&lt;p class="cl-4d965a5c"&gt;&lt;span class="cl-4d94ce62"&gt;215&lt;/span&gt;&lt;/p&gt;&lt;/td&gt;&lt;td class="cl-4d966968"&gt;&lt;p class="cl-4d965a5c"&gt;&lt;span class="cl-4d94ce62"&gt;3.0&lt;/span&gt;&lt;/p&gt;&lt;/td&gt;&lt;td class="cl-4d966968"&gt;&lt;p class="cl-4d965a5c"&gt;&lt;span class="cl-4d94ce62"&gt;5.4&lt;/span&gt;&lt;/p&gt;&lt;/td&gt;&lt;td class="cl-4d966968"&gt;&lt;p class="cl-4d965a5c"&gt;&lt;span class="cl-4d94ce62"&gt;17.8&lt;/span&gt;&lt;/p&gt;&lt;/td&gt;&lt;td class="cl-4d966968"&gt;&lt;p class="cl-4d965a5c"&gt;&lt;span class="cl-4d94ce62"&gt;0&lt;/span&gt;&lt;/p&gt;&lt;/td&gt;&lt;td class="cl-4d966968"&gt;&lt;p class="cl-4d965a5c"&gt;&lt;span class="cl-4d94ce62"&gt;0&lt;/span&gt;&lt;/p&gt;&lt;/td&gt;&lt;td class="cl-4d966968"&gt;&lt;p class="cl-4d965a5c"&gt;&lt;span class="cl-4d94ce62"&gt;3&lt;/span&gt;&lt;/p&gt;&lt;/td&gt;&lt;td class="cl-4d966968"&gt;&lt;p class="cl-4d965a5c"&gt;&lt;span class="cl-4d94ce62"&gt;4&lt;/span&gt;&lt;/p&gt;&lt;/td&gt;&lt;/tr&gt;&lt;tr style="overflow-wrap:break-word;"&gt;&lt;td class="cl-4d966967"&gt;&lt;p class="cl-4d965a5c"&gt;&lt;span class="cl-4d94ce62"&gt;13.3&lt;/span&gt;&lt;/p&gt;&lt;/td&gt;&lt;td class="cl-4d966968"&gt;&lt;p class="cl-4d965a5c"&gt;&lt;span class="cl-4d94ce62"&gt;8&lt;/span&gt;&lt;/p&gt;&lt;/td&gt;&lt;td class="cl-4d966968"&gt;&lt;p class="cl-4d965a5c"&gt;&lt;span class="cl-4d94ce62"&gt;350.0&lt;/span&gt;&lt;/p&gt;&lt;/td&gt;&lt;td class="cl-4d966968"&gt;&lt;p class="cl-4d965a5c"&gt;&lt;span class="cl-4d94ce62"&gt;245&lt;/span&gt;&lt;/p&gt;&lt;/td&gt;&lt;td class="cl-4d966968"&gt;&lt;p class="cl-4d965a5c"&gt;&lt;span class="cl-4d94ce62"&gt;3.7&lt;/span&gt;&lt;/p&gt;&lt;/td&gt;&lt;td class="cl-4d966968"&gt;&lt;p class="cl-4d965a5c"&gt;&lt;span class="cl-4d94ce62"&gt;3.8&lt;/span&gt;&lt;/p&gt;&lt;/td&gt;&lt;td class="cl-4d966968"&gt;&lt;p class="cl-4d965a5c"&gt;&lt;span class="cl-4d94ce62"&gt;15.4&lt;/span&gt;&lt;/p&gt;&lt;/td&gt;&lt;td class="cl-4d966968"&gt;&lt;p class="cl-4d965a5c"&gt;&lt;span class="cl-4d94ce62"&gt;0&lt;/span&gt;&lt;/p&gt;&lt;/td&gt;&lt;td class="cl-4d966968"&gt;&lt;p class="cl-4d965a5c"&gt;&lt;span class="cl-4d94ce62"&gt;0&lt;/span&gt;&lt;/p&gt;&lt;/td&gt;&lt;td class="cl-4d966968"&gt;&lt;p class="cl-4d965a5c"&gt;&lt;span class="cl-4d94ce62"&gt;3&lt;/span&gt;&lt;/p&gt;&lt;/td&gt;&lt;td class="cl-4d966968"&gt;&lt;p class="cl-4d965a5c"&gt;&lt;span class="cl-4d94ce62"&gt;4&lt;/span&gt;&lt;/p&gt;&lt;/td&gt;&lt;/tr&gt;&lt;tr style="overflow-wrap:break-word;"&gt;&lt;td class="cl-4d966967"&gt;&lt;p class="cl-4d965a5c"&gt;&lt;span class="cl-4d94ce62"&gt;14.3&lt;/span&gt;&lt;/p&gt;&lt;/td&gt;&lt;td class="cl-4d966968"&gt;&lt;p class="cl-4d965a5c"&gt;&lt;span class="cl-4d94ce62"&gt;8&lt;/span&gt;&lt;/p&gt;&lt;/td&gt;&lt;td class="cl-4d966968"&gt;&lt;p class="cl-4d965a5c"&gt;&lt;span class="cl-4d94ce62"&gt;360.0&lt;/span&gt;&lt;/p&gt;&lt;/td&gt;&lt;td class="cl-4d966968"&gt;&lt;p class="cl-4d965a5c"&gt;&lt;span class="cl-4d94ce62"&gt;245&lt;/span&gt;&lt;/p&gt;&lt;/td&gt;&lt;td class="cl-4d966968"&gt;&lt;p class="cl-4d965a5c"&gt;&lt;span class="cl-4d94ce62"&gt;3.2&lt;/span&gt;&lt;/p&gt;&lt;/td&gt;&lt;td class="cl-4d966968"&gt;&lt;p class="cl-4d965a5c"&gt;&lt;span class="cl-4d94ce62"&gt;3.6&lt;/span&gt;&lt;/p&gt;&lt;/td&gt;&lt;td class="cl-4d966968"&gt;&lt;p class="cl-4d965a5c"&gt;&lt;span class="cl-4d94ce62"&gt;15.8&lt;/span&gt;&lt;/p&gt;&lt;/td&gt;&lt;td class="cl-4d966968"&gt;&lt;p class="cl-4d965a5c"&gt;&lt;span class="cl-4d94ce62"&gt;0&lt;/span&gt;&lt;/p&gt;&lt;/td&gt;&lt;td class="cl-4d966968"&gt;&lt;p class="cl-4d965a5c"&gt;&lt;span class="cl-4d94ce62"&gt;0&lt;/span&gt;&lt;/p&gt;&lt;/td&gt;&lt;td class="cl-4d966968"&gt;&lt;p class="cl-4d965a5c"&gt;&lt;span class="cl-4d94ce62"&gt;3&lt;/span&gt;&lt;/p&gt;&lt;/td&gt;&lt;td class="cl-4d966968"&gt;&lt;p class="cl-4d965a5c"&gt;&lt;span class="cl-4d94ce62"&gt;4&lt;/span&gt;&lt;/p&gt;&lt;/td&gt;&lt;/tr&gt;&lt;tr style="overflow-wrap:break-word;"&gt;&lt;td class="cl-4d966967"&gt;&lt;p class="cl-4d965a5c"&gt;&lt;span class="cl-4d94ce62"&gt;14.7&lt;/span&gt;&lt;/p&gt;&lt;/td&gt;&lt;td class="cl-4d966968"&gt;&lt;p class="cl-4d965a5c"&gt;&lt;span class="cl-4d94ce62"&gt;8&lt;/span&gt;&lt;/p&gt;&lt;/td&gt;&lt;td class="cl-4d966968"&gt;&lt;p class="cl-4d965a5c"&gt;&lt;span class="cl-4d94ce62"&gt;440.0&lt;/span&gt;&lt;/p&gt;&lt;/td&gt;&lt;td class="cl-4d966968"&gt;&lt;p class="cl-4d965a5c"&gt;&lt;span class="cl-4d94ce62"&gt;230&lt;/span&gt;&lt;/p&gt;&lt;/td&gt;&lt;td class="cl-4d966968"&gt;&lt;p class="cl-4d965a5c"&gt;&lt;span class="cl-4d94ce62"&gt;3.2&lt;/span&gt;&lt;/p&gt;&lt;/td&gt;&lt;td class="cl-4d966968"&gt;&lt;p class="cl-4d965a5c"&gt;&lt;span class="cl-4d94ce62"&gt;5.3&lt;/span&gt;&lt;/p&gt;&lt;/td&gt;&lt;td class="cl-4d966968"&gt;&lt;p class="cl-4d965a5c"&gt;&lt;span class="cl-4d94ce62"&gt;17.4&lt;/span&gt;&lt;/p&gt;&lt;/td&gt;&lt;td class="cl-4d966968"&gt;&lt;p class="cl-4d965a5c"&gt;&lt;span class="cl-4d94ce62"&gt;0&lt;/span&gt;&lt;/p&gt;&lt;/td&gt;&lt;td class="cl-4d966968"&gt;&lt;p class="cl-4d965a5c"&gt;&lt;span class="cl-4d94ce62"&gt;0&lt;/span&gt;&lt;/p&gt;&lt;/td&gt;&lt;td class="cl-4d966968"&gt;&lt;p class="cl-4d965a5c"&gt;&lt;span class="cl-4d94ce62"&gt;3&lt;/span&gt;&lt;/p&gt;&lt;/td&gt;&lt;td class="cl-4d966968"&gt;&lt;p class="cl-4d965a5c"&gt;&lt;span class="cl-4d94ce62"&gt;4&lt;/span&gt;&lt;/p&gt;&lt;/td&gt;&lt;/tr&gt;&lt;tr style="overflow-wrap:break-word;"&gt;&lt;td class="cl-4d966967"&gt;&lt;p class="cl-4d965a5c"&gt;&lt;span class="cl-4d94ce62"&gt;15.0&lt;/span&gt;&lt;/p&gt;&lt;/td&gt;&lt;td class="cl-4d966968"&gt;&lt;p class="cl-4d965a5c"&gt;&lt;span class="cl-4d94ce62"&gt;8&lt;/span&gt;&lt;/p&gt;&lt;/td&gt;&lt;td class="cl-4d966968"&gt;&lt;p class="cl-4d965a5c"&gt;&lt;span class="cl-4d94ce62"&gt;301.0&lt;/span&gt;&lt;/p&gt;&lt;/td&gt;&lt;td class="cl-4d966968"&gt;&lt;p class="cl-4d965a5c"&gt;&lt;span class="cl-4d94ce62"&gt;335&lt;/span&gt;&lt;/p&gt;&lt;/td&gt;&lt;td class="cl-4d966968"&gt;&lt;p class="cl-4d965a5c"&gt;&lt;span class="cl-4d94ce62"&gt;3.5&lt;/span&gt;&lt;/p&gt;&lt;/td&gt;&lt;td class="cl-4d966968"&gt;&lt;p class="cl-4d965a5c"&gt;&lt;span class="cl-4d94ce62"&gt;3.6&lt;/span&gt;&lt;/p&gt;&lt;/td&gt;&lt;td class="cl-4d966968"&gt;&lt;p class="cl-4d965a5c"&gt;&lt;span class="cl-4d94ce62"&gt;14.6&lt;/span&gt;&lt;/p&gt;&lt;/td&gt;&lt;td class="cl-4d966968"&gt;&lt;p class="cl-4d965a5c"&gt;&lt;span class="cl-4d94ce62"&gt;0&lt;/span&gt;&lt;/p&gt;&lt;/td&gt;&lt;td class="cl-4d966968"&gt;&lt;p class="cl-4d965a5c"&gt;&lt;span class="cl-4d94ce62"&gt;1&lt;/span&gt;&lt;/p&gt;&lt;/td&gt;&lt;td class="cl-4d966968"&gt;&lt;p class="cl-4d965a5c"&gt;&lt;span class="cl-4d94ce62"&gt;5&lt;/span&gt;&lt;/p&gt;&lt;/td&gt;&lt;td class="cl-4d966968"&gt;&lt;p class="cl-4d965a5c"&gt;&lt;span class="cl-4d94ce62"&gt;8&lt;/span&gt;&lt;/p&gt;&lt;/td&gt;&lt;/tr&gt;&lt;tr style="overflow-wrap:break-word;"&gt;&lt;td class="cl-4d966970"&gt;&lt;p class="cl-4d965a5c"&gt;&lt;span class="cl-4d94ce62"&gt;15.2&lt;/span&gt;&lt;/p&gt;&lt;/td&gt;&lt;td class="cl-4d966971"&gt;&lt;p class="cl-4d965a5c"&gt;&lt;span class="cl-4d94ce62"&gt;8&lt;/span&gt;&lt;/p&gt;&lt;/td&gt;&lt;td class="cl-4d966971"&gt;&lt;p class="cl-4d965a5c"&gt;&lt;span class="cl-4d94ce62"&gt;275.8&lt;/span&gt;&lt;/p&gt;&lt;/td&gt;&lt;td class="cl-4d966971"&gt;&lt;p class="cl-4d965a5c"&gt;&lt;span class="cl-4d94ce62"&gt;180&lt;/span&gt;&lt;/p&gt;&lt;/td&gt;&lt;td class="cl-4d966971"&gt;&lt;p class="cl-4d965a5c"&gt;&lt;span class="cl-4d94ce62"&gt;3.1&lt;/span&gt;&lt;/p&gt;&lt;/td&gt;&lt;td class="cl-4d966971"&gt;&lt;p class="cl-4d965a5c"&gt;&lt;span class="cl-4d94ce62"&gt;3.8&lt;/span&gt;&lt;/p&gt;&lt;/td&gt;&lt;td class="cl-4d966971"&gt;&lt;p class="cl-4d965a5c"&gt;&lt;span class="cl-4d94ce62"&gt;18.0&lt;/span&gt;&lt;/p&gt;&lt;/td&gt;&lt;td class="cl-4d966971"&gt;&lt;p class="cl-4d965a5c"&gt;&lt;span class="cl-4d94ce62"&gt;0&lt;/span&gt;&lt;/p&gt;&lt;/td&gt;&lt;td class="cl-4d966971"&gt;&lt;p class="cl-4d965a5c"&gt;&lt;span class="cl-4d94ce62"&gt;0&lt;/span&gt;&lt;/p&gt;&lt;/td&gt;&lt;td class="cl-4d966971"&gt;&lt;p class="cl-4d965a5c"&gt;&lt;span class="cl-4d94ce62"&gt;3&lt;/span&gt;&lt;/p&gt;&lt;/td&gt;&lt;td class="cl-4d966971"&gt;&lt;p class="cl-4d965a5c"&gt;&lt;span class="cl-4d94ce62"&gt;3&lt;/span&gt;&lt;/p&gt;&lt;/td&gt;&lt;/tr&gt;&lt;tr style="overflow-wrap:break-word;"&gt;&lt;td class="cl-4d966967"&gt;&lt;p class="cl-4d965a5c"&gt;&lt;span class="cl-4d94ce62"&gt;15.2&lt;/span&gt;&lt;/p&gt;&lt;/td&gt;&lt;td class="cl-4d966968"&gt;&lt;p class="cl-4d965a5c"&gt;&lt;span class="cl-4d94ce62"&gt;8&lt;/span&gt;&lt;/p&gt;&lt;/td&gt;&lt;td class="cl-4d966968"&gt;&lt;p class="cl-4d965a5c"&gt;&lt;span class="cl-4d94ce62"&gt;304.0&lt;/span&gt;&lt;/p&gt;&lt;/td&gt;&lt;td class="cl-4d966968"&gt;&lt;p class="cl-4d965a5c"&gt;&lt;span class="cl-4d94ce62"&gt;150&lt;/span&gt;&lt;/p&gt;&lt;/td&gt;&lt;td class="cl-4d966968"&gt;&lt;p class="cl-4d965a5c"&gt;&lt;span class="cl-4d94ce62"&gt;3.1&lt;/span&gt;&lt;/p&gt;&lt;/td&gt;&lt;td class="cl-4d966968"&gt;&lt;p class="cl-4d965a5c"&gt;&lt;span class="cl-4d94ce62"&gt;3.4&lt;/span&gt;&lt;/p&gt;&lt;/td&gt;&lt;td class="cl-4d966968"&gt;&lt;p class="cl-4d965a5c"&gt;&lt;span class="cl-4d94ce62"&gt;17.3&lt;/span&gt;&lt;/p&gt;&lt;/td&gt;&lt;td class="cl-4d966968"&gt;&lt;p class="cl-4d965a5c"&gt;&lt;span class="cl-4d94ce62"&gt;0&lt;/span&gt;&lt;/p&gt;&lt;/td&gt;&lt;td class="cl-4d966968"&gt;&lt;p class="cl-4d965a5c"&gt;&lt;span class="cl-4d94ce62"&gt;0&lt;/span&gt;&lt;/p&gt;&lt;/td&gt;&lt;td class="cl-4d966968"&gt;&lt;p class="cl-4d965a5c"&gt;&lt;span class="cl-4d94ce62"&gt;3&lt;/span&gt;&lt;/p&gt;&lt;/td&gt;&lt;td class="cl-4d966968"&gt;&lt;p class="cl-4d965a5c"&gt;&lt;span class="cl-4d94ce62"&gt;2&lt;/span&gt;&lt;/p&gt;&lt;/td&gt;&lt;/tr&gt;&lt;tr style="overflow-wrap:break-word;"&gt;&lt;td class="cl-4d966970"&gt;&lt;p class="cl-4d965a5c"&gt;&lt;span class="cl-4d94ce62"&gt;15.5&lt;/span&gt;&lt;/p&gt;&lt;/td&gt;&lt;td class="cl-4d966971"&gt;&lt;p class="cl-4d965a5c"&gt;&lt;span class="cl-4d94ce62"&gt;8&lt;/span&gt;&lt;/p&gt;&lt;/td&gt;&lt;td class="cl-4d966971"&gt;&lt;p class="cl-4d965a5c"&gt;&lt;span class="cl-4d94ce62"&gt;318.0&lt;/span&gt;&lt;/p&gt;&lt;/td&gt;&lt;td class="cl-4d966971"&gt;&lt;p class="cl-4d965a5c"&gt;&lt;span class="cl-4d94ce62"&gt;150&lt;/span&gt;&lt;/p&gt;&lt;/td&gt;&lt;td class="cl-4d966971"&gt;&lt;p class="cl-4d965a5c"&gt;&lt;span class="cl-4d94ce62"&gt;2.8&lt;/span&gt;&lt;/p&gt;&lt;/td&gt;&lt;td class="cl-4d966971"&gt;&lt;p class="cl-4d965a5c"&gt;&lt;span class="cl-4d94ce62"&gt;3.5&lt;/span&gt;&lt;/p&gt;&lt;/td&gt;&lt;td class="cl-4d966971"&gt;&lt;p class="cl-4d965a5c"&gt;&lt;span class="cl-4d94ce62"&gt;16.9&lt;/span&gt;&lt;/p&gt;&lt;/td&gt;&lt;td class="cl-4d966971"&gt;&lt;p class="cl-4d965a5c"&gt;&lt;span class="cl-4d94ce62"&gt;0&lt;/span&gt;&lt;/p&gt;&lt;/td&gt;&lt;td class="cl-4d966971"&gt;&lt;p class="cl-4d965a5c"&gt;&lt;span class="cl-4d94ce62"&gt;0&lt;/span&gt;&lt;/p&gt;&lt;/td&gt;&lt;td class="cl-4d966971"&gt;&lt;p class="cl-4d965a5c"&gt;&lt;span class="cl-4d94ce62"&gt;3&lt;/span&gt;&lt;/p&gt;&lt;/td&gt;&lt;td class="cl-4d966971"&gt;&lt;p class="cl-4d965a5c"&gt;&lt;span class="cl-4d94ce62"&gt;2&lt;/span&gt;&lt;/p&gt;&lt;/td&gt;&lt;/tr&gt;&lt;tr style="overflow-wrap:break-word;"&gt;&lt;td class="cl-4d96697a"&gt;&lt;p class="cl-4d965a5c"&gt;&lt;span class="cl-4d94ce62"&gt;15.8&lt;/span&gt;&lt;/p&gt;&lt;/td&gt;&lt;td class="cl-4d96697b"&gt;&lt;p class="cl-4d965a5c"&gt;&lt;span class="cl-4d94ce62"&gt;8&lt;/span&gt;&lt;/p&gt;&lt;/td&gt;&lt;td class="cl-4d96697b"&gt;&lt;p class="cl-4d965a5c"&gt;&lt;span class="cl-4d94ce62"&gt;351.0&lt;/span&gt;&lt;/p&gt;&lt;/td&gt;&lt;td class="cl-4d96697b"&gt;&lt;p class="cl-4d965a5c"&gt;&lt;span class="cl-4d94ce62"&gt;264&lt;/span&gt;&lt;/p&gt;&lt;/td&gt;&lt;td class="cl-4d96697b"&gt;&lt;p class="cl-4d965a5c"&gt;&lt;span class="cl-4d94ce62"&gt;4.2&lt;/span&gt;&lt;/p&gt;&lt;/td&gt;&lt;td class="cl-4d96697b"&gt;&lt;p class="cl-4d965a5c"&gt;&lt;span class="cl-4d94ce62"&gt;3.2&lt;/span&gt;&lt;/p&gt;&lt;/td&gt;&lt;td class="cl-4d96697b"&gt;&lt;p class="cl-4d965a5c"&gt;&lt;span class="cl-4d94ce62"&gt;14.5&lt;/span&gt;&lt;/p&gt;&lt;/td&gt;&lt;td class="cl-4d96697b"&gt;&lt;p class="cl-4d965a5c"&gt;&lt;span class="cl-4d94ce62"&gt;0&lt;/span&gt;&lt;/p&gt;&lt;/td&gt;&lt;td class="cl-4d96697b"&gt;&lt;p class="cl-4d965a5c"&gt;&lt;span class="cl-4d94ce62"&gt;1&lt;/span&gt;&lt;/p&gt;&lt;/td&gt;&lt;td class="cl-4d96697b"&gt;&lt;p class="cl-4d965a5c"&gt;&lt;span class="cl-4d94ce62"&gt;5&lt;/span&gt;&lt;/p&gt;&lt;/td&gt;&lt;td class="cl-4d96697b"&gt;&lt;p class="cl-4d965a5c"&gt;&lt;span class="cl-4d94ce62"&gt;4&lt;/span&gt;&lt;/p&gt;&lt;/td&gt;&lt;/tr&gt;&lt;/tbody&gt;&lt;tfoot&gt;&lt;tr style="overflow-wrap:break-word;"&gt;&lt;td  colspan="11"class="cl-4d96697c"&gt;&lt;p class="cl-4d965a66"&gt;&lt;span class="cl-4d94ce62"&gt;n: 32&lt;/span&gt;&lt;/p&gt;&lt;/td&gt;&lt;/tr&gt;&lt;/tfoot&gt;&lt;/table&gt;&lt;/div&gt;
+   &lt;div class="tabwid"&gt;&lt;style&gt;.cl-1184a552{}.cl-117d6b8e{font-family:'DejaVu Sans';font-size:11pt;font-weight:normal;font-style:normal;text-decoration:none;color:rgba(0, 0, 0, 1.00);background-color:transparent;}.cl-117d6b98{font-family:'DejaVu Sans';font-size:11pt;font-weight:normal;font-style:normal;text-decoration:none;color:rgba(153, 153, 153, 1.00);background-color:transparent;}.cl-11805754{margin:0;text-align:right;border-bottom: 0 solid rgba(0, 0, 0, 1.00);border-top: 0 solid rgba(0, 0, 0, 1.00);border-left: 0 solid rgba(0, 0, 0, 1.00);border-right: 0 solid rgba(0, 0, 0, 1.00);padding-bottom:5pt;padding-top:5pt;padding-left:5pt;padding-right:5pt;line-height: 1;background-color:transparent;}.cl-11805768{margin:0;text-align:left;border-bottom: 0 solid rgba(0, 0, 0, 1.00);border-top: 0 solid rgba(0, 0, 0, 1.00);border-left: 0 solid rgba(0, 0, 0, 1.00);border-right: 0 solid rgba(0, 0, 0, 1.00);padding-bottom:5pt;padding-top:5pt;padding-left:5pt;padding-right:5pt;line-height: 1;background-color:transparent;}.cl-11807540{width:1.315in;background-color:transparent;vertical-align: middle;border-bottom: 0 solid rgba(102, 102, 102, 1.00);border-top: 1.5pt solid rgba(102, 102, 102, 1.00);border-left: 0 solid rgba(0, 0, 0, 1.00);border-right: 0 solid rgba(0, 0, 0, 1.00);margin-bottom:0;margin-top:0;margin-left:0;margin-right:0;}.cl-1180754a{width:0.911in;background-color:transparent;vertical-align: middle;border-bottom: 0 solid rgba(102, 102, 102, 1.00);border-top: 1.5pt solid rgba(102, 102, 102, 1.00);border-left: 0 solid rgba(0, 0, 0, 1.00);border-right: 0 solid rgba(0, 0, 0, 1.00);margin-bottom:0;margin-top:0;margin-left:0;margin-right:0;}.cl-1180754b{width:1.315in;background-color:transparent;vertical-align: middle;border-bottom: 1.5pt solid rgba(102, 102, 102, 1.00);border-top: 0 solid rgba(102, 102, 102, 1.00);border-left: 0 solid rgba(0, 0, 0, 1.00);border-right: 0 solid rgba(0, 0, 0, 1.00);margin-bottom:0;margin-top:0;margin-left:0;margin-right:0;}.cl-11807554{width:0.911in;background-color:transparent;vertical-align: middle;border-bottom: 1.5pt solid rgba(102, 102, 102, 1.00);border-top: 0 solid rgba(102, 102, 102, 1.00);border-left: 0 solid rgba(0, 0, 0, 1.00);border-right: 0 solid rgba(0, 0, 0, 1.00);margin-bottom:0;margin-top:0;margin-left:0;margin-right:0;}.cl-11807555{width:1.315in;background-color:transparent;vertical-align: middle;border-bottom: 0 solid rgba(0, 0, 0, 1.00);border-top: 0 solid rgba(0, 0, 0, 1.00);border-left: 0 solid rgba(0, 0, 0, 1.00);border-right: 0 solid rgba(0, 0, 0, 1.00);margin-bottom:0;margin-top:0;margin-left:0;margin-right:0;}.cl-1180755e{width:0.911in;background-color:transparent;vertical-align: middle;border-bottom: 0 solid rgba(0, 0, 0, 1.00);border-top: 0 solid rgba(0, 0, 0, 1.00);border-left: 0 solid rgba(0, 0, 0, 1.00);border-right: 0 solid rgba(0, 0, 0, 1.00);margin-bottom:0;margin-top:0;margin-left:0;margin-right:0;}.cl-1180755f{width:1.315in;background-color:transparent;vertical-align: middle;border-bottom: 1.5pt solid rgba(102, 102, 102, 1.00);border-top: 0 solid rgba(0, 0, 0, 1.00);border-left: 0 solid rgba(0, 0, 0, 1.00);border-right: 0 solid rgba(0, 0, 0, 1.00);margin-bottom:0;margin-top:0;margin-left:0;margin-right:0;}.cl-11807568{width:0.911in;background-color:transparent;vertical-align: middle;border-bottom: 1.5pt solid rgba(102, 102, 102, 1.00);border-top: 0 solid rgba(0, 0, 0, 1.00);border-left: 0 solid rgba(0, 0, 0, 1.00);border-right: 0 solid rgba(0, 0, 0, 1.00);margin-bottom:0;margin-top:0;margin-left:0;margin-right:0;}.cl-11807572{width:1.315in;background-color:transparent;vertical-align: middle;border-bottom: 1.5pt solid rgba(102, 102, 102, 1.00);border-top: 0 solid rgba(0, 0, 0, 1.00);border-left: 0 solid rgba(0, 0, 0, 1.00);border-right: 0 solid rgba(0, 0, 0, 1.00);margin-bottom:0;margin-top:0;margin-left:0;margin-right:0;}.cl-11807573{width:0.911in;background-color:transparent;vertical-align: middle;border-bottom: 1.5pt solid rgba(102, 102, 102, 1.00);border-top: 0 solid rgba(0, 0, 0, 1.00);border-left: 0 solid rgba(0, 0, 0, 1.00);border-right: 0 solid rgba(0, 0, 0, 1.00);margin-bottom:0;margin-top:0;margin-left:0;margin-right:0;}&lt;/style&gt;&lt;table data-quarto-disable-processing='true' class='cl-1184a552'&gt;&lt;thead&gt;&lt;tr style="overflow-wrap:break-word;"&gt;&lt;th class="cl-11807540"&gt;&lt;p class="cl-11805754"&gt;&lt;span class="cl-117d6b8e"&gt;mpg&lt;/span&gt;&lt;/p&gt;&lt;/th&gt;&lt;th class="cl-1180754a"&gt;&lt;p class="cl-11805754"&gt;&lt;span class="cl-117d6b8e"&gt;cyl&lt;/span&gt;&lt;/p&gt;&lt;/th&gt;&lt;th class="cl-1180754a"&gt;&lt;p class="cl-11805754"&gt;&lt;span class="cl-117d6b8e"&gt;disp&lt;/span&gt;&lt;/p&gt;&lt;/th&gt;&lt;th class="cl-1180754a"&gt;&lt;p class="cl-11805754"&gt;&lt;span class="cl-117d6b8e"&gt;hp&lt;/span&gt;&lt;/p&gt;&lt;/th&gt;&lt;th class="cl-1180754a"&gt;&lt;p class="cl-11805754"&gt;&lt;span class="cl-117d6b8e"&gt;drat&lt;/span&gt;&lt;/p&gt;&lt;/th&gt;&lt;th class="cl-1180754a"&gt;&lt;p class="cl-11805754"&gt;&lt;span class="cl-117d6b8e"&gt;wt&lt;/span&gt;&lt;/p&gt;&lt;/th&gt;&lt;th class="cl-1180754a"&gt;&lt;p class="cl-11805754"&gt;&lt;span class="cl-117d6b8e"&gt;qsec&lt;/span&gt;&lt;/p&gt;&lt;/th&gt;&lt;th class="cl-1180754a"&gt;&lt;p class="cl-11805754"&gt;&lt;span class="cl-117d6b8e"&gt;vs&lt;/span&gt;&lt;/p&gt;&lt;/th&gt;&lt;th class="cl-1180754a"&gt;&lt;p class="cl-11805754"&gt;&lt;span class="cl-117d6b8e"&gt;am&lt;/span&gt;&lt;/p&gt;&lt;/th&gt;&lt;th class="cl-1180754a"&gt;&lt;p class="cl-11805754"&gt;&lt;span class="cl-117d6b8e"&gt;gear&lt;/span&gt;&lt;/p&gt;&lt;/th&gt;&lt;th class="cl-1180754a"&gt;&lt;p class="cl-11805754"&gt;&lt;span class="cl-117d6b8e"&gt;carb&lt;/span&gt;&lt;/p&gt;&lt;/th&gt;&lt;/tr&gt;&lt;tr style="overflow-wrap:break-word;"&gt;&lt;th class="cl-1180754b"&gt;&lt;p class="cl-11805754"&gt;&lt;span class="cl-117d6b98"&gt;listing_keycol&lt;/span&gt;&lt;/p&gt;&lt;/th&gt;&lt;th class="cl-11807554"&gt;&lt;p class="cl-11805754"&gt;&lt;span class="cl-117d6b98"&gt;numeric&lt;/span&gt;&lt;/p&gt;&lt;/th&gt;&lt;th class="cl-11807554"&gt;&lt;p class="cl-11805754"&gt;&lt;span class="cl-117d6b98"&gt;numeric&lt;/span&gt;&lt;/p&gt;&lt;/th&gt;&lt;th class="cl-11807554"&gt;&lt;p class="cl-11805754"&gt;&lt;span class="cl-117d6b98"&gt;numeric&lt;/span&gt;&lt;/p&gt;&lt;/th&gt;&lt;th class="cl-11807554"&gt;&lt;p class="cl-11805754"&gt;&lt;span class="cl-117d6b98"&gt;numeric&lt;/span&gt;&lt;/p&gt;&lt;/th&gt;&lt;th class="cl-11807554"&gt;&lt;p class="cl-11805754"&gt;&lt;span class="cl-117d6b98"&gt;numeric&lt;/span&gt;&lt;/p&gt;&lt;/th&gt;&lt;th class="cl-11807554"&gt;&lt;p class="cl-11805754"&gt;&lt;span class="cl-117d6b98"&gt;numeric&lt;/span&gt;&lt;/p&gt;&lt;/th&gt;&lt;th class="cl-11807554"&gt;&lt;p class="cl-11805754"&gt;&lt;span class="cl-117d6b98"&gt;numeric&lt;/span&gt;&lt;/p&gt;&lt;/th&gt;&lt;th class="cl-11807554"&gt;&lt;p class="cl-11805754"&gt;&lt;span class="cl-117d6b98"&gt;numeric&lt;/span&gt;&lt;/p&gt;&lt;/th&gt;&lt;th class="cl-11807554"&gt;&lt;p class="cl-11805754"&gt;&lt;span class="cl-117d6b98"&gt;numeric&lt;/span&gt;&lt;/p&gt;&lt;/th&gt;&lt;th class="cl-11807554"&gt;&lt;p class="cl-11805754"&gt;&lt;span class="cl-117d6b98"&gt;numeric&lt;/span&gt;&lt;/p&gt;&lt;/th&gt;&lt;/tr&gt;&lt;/thead&gt;&lt;tbody&gt;&lt;tr style="overflow-wrap:break-word;"&gt;&lt;td class="cl-11807555"&gt;&lt;p class="cl-11805754"&gt;&lt;span class="cl-117d6b8e"&gt;10.4&lt;/span&gt;&lt;/p&gt;&lt;/td&gt;&lt;td class="cl-1180755e"&gt;&lt;p class="cl-11805754"&gt;&lt;span class="cl-117d6b8e"&gt;8&lt;/span&gt;&lt;/p&gt;&lt;/td&gt;&lt;td class="cl-1180755e"&gt;&lt;p class="cl-11805754"&gt;&lt;span class="cl-117d6b8e"&gt;472.0&lt;/span&gt;&lt;/p&gt;&lt;/td&gt;&lt;td class="cl-1180755e"&gt;&lt;p class="cl-11805754"&gt;&lt;span class="cl-117d6b8e"&gt;205&lt;/span&gt;&lt;/p&gt;&lt;/td&gt;&lt;td class="cl-1180755e"&gt;&lt;p class="cl-11805754"&gt;&lt;span class="cl-117d6b8e"&gt;2.9&lt;/span&gt;&lt;/p&gt;&lt;/td&gt;&lt;td class="cl-1180755e"&gt;&lt;p class="cl-11805754"&gt;&lt;span class="cl-117d6b8e"&gt;5.2&lt;/span&gt;&lt;/p&gt;&lt;/td&gt;&lt;td class="cl-1180755e"&gt;&lt;p class="cl-11805754"&gt;&lt;span class="cl-117d6b8e"&gt;18.0&lt;/span&gt;&lt;/p&gt;&lt;/td&gt;&lt;td class="cl-1180755e"&gt;&lt;p class="cl-11805754"&gt;&lt;span class="cl-117d6b8e"&gt;0&lt;/span&gt;&lt;/p&gt;&lt;/td&gt;&lt;td class="cl-1180755e"&gt;&lt;p class="cl-11805754"&gt;&lt;span class="cl-117d6b8e"&gt;0&lt;/span&gt;&lt;/p&gt;&lt;/td&gt;&lt;td class="cl-1180755e"&gt;&lt;p class="cl-11805754"&gt;&lt;span class="cl-117d6b8e"&gt;3&lt;/span&gt;&lt;/p&gt;&lt;/td&gt;&lt;td class="cl-1180755e"&gt;&lt;p class="cl-11805754"&gt;&lt;span class="cl-117d6b8e"&gt;4&lt;/span&gt;&lt;/p&gt;&lt;/td&gt;&lt;/tr&gt;&lt;tr style="overflow-wrap:break-word;"&gt;&lt;td class="cl-11807555"&gt;&lt;p class="cl-11805754"&gt;&lt;span class="cl-117d6b8e"&gt;10.4&lt;/span&gt;&lt;/p&gt;&lt;/td&gt;&lt;td class="cl-1180755e"&gt;&lt;p class="cl-11805754"&gt;&lt;span class="cl-117d6b8e"&gt;8&lt;/span&gt;&lt;/p&gt;&lt;/td&gt;&lt;td class="cl-1180755e"&gt;&lt;p class="cl-11805754"&gt;&lt;span class="cl-117d6b8e"&gt;460.0&lt;/span&gt;&lt;/p&gt;&lt;/td&gt;&lt;td class="cl-1180755e"&gt;&lt;p class="cl-11805754"&gt;&lt;span class="cl-117d6b8e"&gt;215&lt;/span&gt;&lt;/p&gt;&lt;/td&gt;&lt;td class="cl-1180755e"&gt;&lt;p class="cl-11805754"&gt;&lt;span class="cl-117d6b8e"&gt;3.0&lt;/span&gt;&lt;/p&gt;&lt;/td&gt;&lt;td class="cl-1180755e"&gt;&lt;p class="cl-11805754"&gt;&lt;span class="cl-117d6b8e"&gt;5.4&lt;/span&gt;&lt;/p&gt;&lt;/td&gt;&lt;td class="cl-1180755e"&gt;&lt;p class="cl-11805754"&gt;&lt;span class="cl-117d6b8e"&gt;17.8&lt;/span&gt;&lt;/p&gt;&lt;/td&gt;&lt;td class="cl-1180755e"&gt;&lt;p class="cl-11805754"&gt;&lt;span class="cl-117d6b8e"&gt;0&lt;/span&gt;&lt;/p&gt;&lt;/td&gt;&lt;td class="cl-1180755e"&gt;&lt;p class="cl-11805754"&gt;&lt;span class="cl-117d6b8e"&gt;0&lt;/span&gt;&lt;/p&gt;&lt;/td&gt;&lt;td class="cl-1180755e"&gt;&lt;p class="cl-11805754"&gt;&lt;span class="cl-117d6b8e"&gt;3&lt;/span&gt;&lt;/p&gt;&lt;/td&gt;&lt;td class="cl-1180755e"&gt;&lt;p class="cl-11805754"&gt;&lt;span class="cl-117d6b8e"&gt;4&lt;/span&gt;&lt;/p&gt;&lt;/td&gt;&lt;/tr&gt;&lt;tr style="overflow-wrap:break-word;"&gt;&lt;td class="cl-11807555"&gt;&lt;p class="cl-11805754"&gt;&lt;span class="cl-117d6b8e"&gt;13.3&lt;/span&gt;&lt;/p&gt;&lt;/td&gt;&lt;td class="cl-1180755e"&gt;&lt;p class="cl-11805754"&gt;&lt;span class="cl-117d6b8e"&gt;8&lt;/span&gt;&lt;/p&gt;&lt;/td&gt;&lt;td class="cl-1180755e"&gt;&lt;p class="cl-11805754"&gt;&lt;span class="cl-117d6b8e"&gt;350.0&lt;/span&gt;&lt;/p&gt;&lt;/td&gt;&lt;td class="cl-1180755e"&gt;&lt;p class="cl-11805754"&gt;&lt;span class="cl-117d6b8e"&gt;245&lt;/span&gt;&lt;/p&gt;&lt;/td&gt;&lt;td class="cl-1180755e"&gt;&lt;p class="cl-11805754"&gt;&lt;span class="cl-117d6b8e"&gt;3.7&lt;/span&gt;&lt;/p&gt;&lt;/td&gt;&lt;td class="cl-1180755e"&gt;&lt;p class="cl-11805754"&gt;&lt;span class="cl-117d6b8e"&gt;3.8&lt;/span&gt;&lt;/p&gt;&lt;/td&gt;&lt;td class="cl-1180755e"&gt;&lt;p class="cl-11805754"&gt;&lt;span class="cl-117d6b8e"&gt;15.4&lt;/span&gt;&lt;/p&gt;&lt;/td&gt;&lt;td class="cl-1180755e"&gt;&lt;p class="cl-11805754"&gt;&lt;span class="cl-117d6b8e"&gt;0&lt;/span&gt;&lt;/p&gt;&lt;/td&gt;&lt;td class="cl-1180755e"&gt;&lt;p class="cl-11805754"&gt;&lt;span class="cl-117d6b8e"&gt;0&lt;/span&gt;&lt;/p&gt;&lt;/td&gt;&lt;td class="cl-1180755e"&gt;&lt;p class="cl-11805754"&gt;&lt;span class="cl-117d6b8e"&gt;3&lt;/span&gt;&lt;/p&gt;&lt;/td&gt;&lt;td class="cl-1180755e"&gt;&lt;p class="cl-11805754"&gt;&lt;span class="cl-117d6b8e"&gt;4&lt;/span&gt;&lt;/p&gt;&lt;/td&gt;&lt;/tr&gt;&lt;tr style="overflow-wrap:break-word;"&gt;&lt;td class="cl-11807555"&gt;&lt;p class="cl-11805754"&gt;&lt;span class="cl-117d6b8e"&gt;14.3&lt;/span&gt;&lt;/p&gt;&lt;/td&gt;&lt;td class="cl-1180755e"&gt;&lt;p class="cl-11805754"&gt;&lt;span class="cl-117d6b8e"&gt;8&lt;/span&gt;&lt;/p&gt;&lt;/td&gt;&lt;td class="cl-1180755e"&gt;&lt;p class="cl-11805754"&gt;&lt;span class="cl-117d6b8e"&gt;360.0&lt;/span&gt;&lt;/p&gt;&lt;/td&gt;&lt;td class="cl-1180755e"&gt;&lt;p class="cl-11805754"&gt;&lt;span class="cl-117d6b8e"&gt;245&lt;/span&gt;&lt;/p&gt;&lt;/td&gt;&lt;td class="cl-1180755e"&gt;&lt;p class="cl-11805754"&gt;&lt;span class="cl-117d6b8e"&gt;3.2&lt;/span&gt;&lt;/p&gt;&lt;/td&gt;&lt;td class="cl-1180755e"&gt;&lt;p class="cl-11805754"&gt;&lt;span class="cl-117d6b8e"&gt;3.6&lt;/span&gt;&lt;/p&gt;&lt;/td&gt;&lt;td class="cl-1180755e"&gt;&lt;p class="cl-11805754"&gt;&lt;span class="cl-117d6b8e"&gt;15.8&lt;/span&gt;&lt;/p&gt;&lt;/td&gt;&lt;td class="cl-1180755e"&gt;&lt;p class="cl-11805754"&gt;&lt;span class="cl-117d6b8e"&gt;0&lt;/span&gt;&lt;/p&gt;&lt;/td&gt;&lt;td class="cl-1180755e"&gt;&lt;p class="cl-11805754"&gt;&lt;span class="cl-117d6b8e"&gt;0&lt;/span&gt;&lt;/p&gt;&lt;/td&gt;&lt;td class="cl-1180755e"&gt;&lt;p class="cl-11805754"&gt;&lt;span class="cl-117d6b8e"&gt;3&lt;/span&gt;&lt;/p&gt;&lt;/td&gt;&lt;td class="cl-1180755e"&gt;&lt;p class="cl-11805754"&gt;&lt;span class="cl-117d6b8e"&gt;4&lt;/span&gt;&lt;/p&gt;&lt;/td&gt;&lt;/tr&gt;&lt;tr style="overflow-wrap:break-word;"&gt;&lt;td class="cl-11807555"&gt;&lt;p class="cl-11805754"&gt;&lt;span class="cl-117d6b8e"&gt;14.7&lt;/span&gt;&lt;/p&gt;&lt;/td&gt;&lt;td class="cl-1180755e"&gt;&lt;p class="cl-11805754"&gt;&lt;span class="cl-117d6b8e"&gt;8&lt;/span&gt;&lt;/p&gt;&lt;/td&gt;&lt;td class="cl-1180755e"&gt;&lt;p class="cl-11805754"&gt;&lt;span class="cl-117d6b8e"&gt;440.0&lt;/span&gt;&lt;/p&gt;&lt;/td&gt;&lt;td class="cl-1180755e"&gt;&lt;p class="cl-11805754"&gt;&lt;span class="cl-117d6b8e"&gt;230&lt;/span&gt;&lt;/p&gt;&lt;/td&gt;&lt;td class="cl-1180755e"&gt;&lt;p class="cl-11805754"&gt;&lt;span class="cl-117d6b8e"&gt;3.2&lt;/span&gt;&lt;/p&gt;&lt;/td&gt;&lt;td class="cl-1180755e"&gt;&lt;p class="cl-11805754"&gt;&lt;span class="cl-117d6b8e"&gt;5.3&lt;/span&gt;&lt;/p&gt;&lt;/td&gt;&lt;td class="cl-1180755e"&gt;&lt;p class="cl-11805754"&gt;&lt;span class="cl-117d6b8e"&gt;17.4&lt;/span&gt;&lt;/p&gt;&lt;/td&gt;&lt;td class="cl-1180755e"&gt;&lt;p class="cl-11805754"&gt;&lt;span class="cl-117d6b8e"&gt;0&lt;/span&gt;&lt;/p&gt;&lt;/td&gt;&lt;td class="cl-1180755e"&gt;&lt;p class="cl-11805754"&gt;&lt;span class="cl-117d6b8e"&gt;0&lt;/span&gt;&lt;/p&gt;&lt;/td&gt;&lt;td class="cl-1180755e"&gt;&lt;p class="cl-11805754"&gt;&lt;span class="cl-117d6b8e"&gt;3&lt;/span&gt;&lt;/p&gt;&lt;/td&gt;&lt;td class="cl-1180755e"&gt;&lt;p class="cl-11805754"&gt;&lt;span class="cl-117d6b8e"&gt;4&lt;/span&gt;&lt;/p&gt;&lt;/td&gt;&lt;/tr&gt;&lt;tr style="overflow-wrap:break-word;"&gt;&lt;td class="cl-11807555"&gt;&lt;p class="cl-11805754"&gt;&lt;span class="cl-117d6b8e"&gt;15.0&lt;/span&gt;&lt;/p&gt;&lt;/td&gt;&lt;td class="cl-1180755e"&gt;&lt;p class="cl-11805754"&gt;&lt;span class="cl-117d6b8e"&gt;8&lt;/span&gt;&lt;/p&gt;&lt;/td&gt;&lt;td class="cl-1180755e"&gt;&lt;p class="cl-11805754"&gt;&lt;span class="cl-117d6b8e"&gt;301.0&lt;/span&gt;&lt;/p&gt;&lt;/td&gt;&lt;td class="cl-1180755e"&gt;&lt;p class="cl-11805754"&gt;&lt;span class="cl-117d6b8e"&gt;335&lt;/span&gt;&lt;/p&gt;&lt;/td&gt;&lt;td class="cl-1180755e"&gt;&lt;p class="cl-11805754"&gt;&lt;span class="cl-117d6b8e"&gt;3.5&lt;/span&gt;&lt;/p&gt;&lt;/td&gt;&lt;td class="cl-1180755e"&gt;&lt;p class="cl-11805754"&gt;&lt;span class="cl-117d6b8e"&gt;3.6&lt;/span&gt;&lt;/p&gt;&lt;/td&gt;&lt;td class="cl-1180755e"&gt;&lt;p class="cl-11805754"&gt;&lt;span class="cl-117d6b8e"&gt;14.6&lt;/span&gt;&lt;/p&gt;&lt;/td&gt;&lt;td class="cl-1180755e"&gt;&lt;p class="cl-11805754"&gt;&lt;span class="cl-117d6b8e"&gt;0&lt;/span&gt;&lt;/p&gt;&lt;/td&gt;&lt;td class="cl-1180755e"&gt;&lt;p class="cl-11805754"&gt;&lt;span class="cl-117d6b8e"&gt;1&lt;/span&gt;&lt;/p&gt;&lt;/td&gt;&lt;td class="cl-1180755e"&gt;&lt;p class="cl-11805754"&gt;&lt;span class="cl-117d6b8e"&gt;5&lt;/span&gt;&lt;/p&gt;&lt;/td&gt;&lt;td class="cl-1180755e"&gt;&lt;p class="cl-11805754"&gt;&lt;span class="cl-117d6b8e"&gt;8&lt;/span&gt;&lt;/p&gt;&lt;/td&gt;&lt;/tr&gt;&lt;tr style="overflow-wrap:break-word;"&gt;&lt;td class="cl-11807555"&gt;&lt;p class="cl-11805754"&gt;&lt;span class="cl-117d6b8e"&gt;15.2&lt;/span&gt;&lt;/p&gt;&lt;/td&gt;&lt;td class="cl-1180755e"&gt;&lt;p class="cl-11805754"&gt;&lt;span class="cl-117d6b8e"&gt;8&lt;/span&gt;&lt;/p&gt;&lt;/td&gt;&lt;td class="cl-1180755e"&gt;&lt;p class="cl-11805754"&gt;&lt;span class="cl-117d6b8e"&gt;275.8&lt;/span&gt;&lt;/p&gt;&lt;/td&gt;&lt;td class="cl-1180755e"&gt;&lt;p class="cl-11805754"&gt;&lt;span class="cl-117d6b8e"&gt;180&lt;/span&gt;&lt;/p&gt;&lt;/td&gt;&lt;td class="cl-1180755e"&gt;&lt;p class="cl-11805754"&gt;&lt;span class="cl-117d6b8e"&gt;3.1&lt;/span&gt;&lt;/p&gt;&lt;/td&gt;&lt;td class="cl-1180755e"&gt;&lt;p class="cl-11805754"&gt;&lt;span class="cl-117d6b8e"&gt;3.8&lt;/span&gt;&lt;/p&gt;&lt;/td&gt;&lt;td class="cl-1180755e"&gt;&lt;p class="cl-11805754"&gt;&lt;span class="cl-117d6b8e"&gt;18.0&lt;/span&gt;&lt;/p&gt;&lt;/td&gt;&lt;td class="cl-1180755e"&gt;&lt;p class="cl-11805754"&gt;&lt;span class="cl-117d6b8e"&gt;0&lt;/span&gt;&lt;/p&gt;&lt;/td&gt;&lt;td class="cl-1180755e"&gt;&lt;p class="cl-11805754"&gt;&lt;span class="cl-117d6b8e"&gt;0&lt;/span&gt;&lt;/p&gt;&lt;/td&gt;&lt;td class="cl-1180755e"&gt;&lt;p class="cl-11805754"&gt;&lt;span class="cl-117d6b8e"&gt;3&lt;/span&gt;&lt;/p&gt;&lt;/td&gt;&lt;td class="cl-1180755e"&gt;&lt;p class="cl-11805754"&gt;&lt;span class="cl-117d6b8e"&gt;3&lt;/span&gt;&lt;/p&gt;&lt;/td&gt;&lt;/tr&gt;&lt;tr style="overflow-wrap:break-word;"&gt;&lt;td class="cl-11807555"&gt;&lt;p class="cl-11805754"&gt;&lt;span class="cl-117d6b8e"&gt;15.2&lt;/span&gt;&lt;/p&gt;&lt;/td&gt;&lt;td class="cl-1180755e"&gt;&lt;p class="cl-11805754"&gt;&lt;span class="cl-117d6b8e"&gt;8&lt;/span&gt;&lt;/p&gt;&lt;/td&gt;&lt;td class="cl-1180755e"&gt;&lt;p class="cl-11805754"&gt;&lt;span class="cl-117d6b8e"&gt;304.0&lt;/span&gt;&lt;/p&gt;&lt;/td&gt;&lt;td class="cl-1180755e"&gt;&lt;p class="cl-11805754"&gt;&lt;span class="cl-117d6b8e"&gt;150&lt;/span&gt;&lt;/p&gt;&lt;/td&gt;&lt;td class="cl-1180755e"&gt;&lt;p class="cl-11805754"&gt;&lt;span class="cl-117d6b8e"&gt;3.1&lt;/span&gt;&lt;/p&gt;&lt;/td&gt;&lt;td class="cl-1180755e"&gt;&lt;p class="cl-11805754"&gt;&lt;span class="cl-117d6b8e"&gt;3.4&lt;/span&gt;&lt;/p&gt;&lt;/td&gt;&lt;td class="cl-1180755e"&gt;&lt;p class="cl-11805754"&gt;&lt;span class="cl-117d6b8e"&gt;17.3&lt;/span&gt;&lt;/p&gt;&lt;/td&gt;&lt;td class="cl-1180755e"&gt;&lt;p class="cl-11805754"&gt;&lt;span class="cl-117d6b8e"&gt;0&lt;/span&gt;&lt;/p&gt;&lt;/td&gt;&lt;td class="cl-1180755e"&gt;&lt;p class="cl-11805754"&gt;&lt;span class="cl-117d6b8e"&gt;0&lt;/span&gt;&lt;/p&gt;&lt;/td&gt;&lt;td class="cl-1180755e"&gt;&lt;p class="cl-11805754"&gt;&lt;span class="cl-117d6b8e"&gt;3&lt;/span&gt;&lt;/p&gt;&lt;/td&gt;&lt;td class="cl-1180755e"&gt;&lt;p class="cl-11805754"&gt;&lt;span class="cl-117d6b8e"&gt;2&lt;/span&gt;&lt;/p&gt;&lt;/td&gt;&lt;/tr&gt;&lt;tr style="overflow-wrap:break-word;"&gt;&lt;td class="cl-11807555"&gt;&lt;p class="cl-11805754"&gt;&lt;span class="cl-117d6b8e"&gt;15.5&lt;/span&gt;&lt;/p&gt;&lt;/td&gt;&lt;td class="cl-1180755e"&gt;&lt;p class="cl-11805754"&gt;&lt;span class="cl-117d6b8e"&gt;8&lt;/span&gt;&lt;/p&gt;&lt;/td&gt;&lt;td class="cl-1180755e"&gt;&lt;p class="cl-11805754"&gt;&lt;span class="cl-117d6b8e"&gt;318.0&lt;/span&gt;&lt;/p&gt;&lt;/td&gt;&lt;td class="cl-1180755e"&gt;&lt;p class="cl-11805754"&gt;&lt;span class="cl-117d6b8e"&gt;150&lt;/span&gt;&lt;/p&gt;&lt;/td&gt;&lt;td class="cl-1180755e"&gt;&lt;p class="cl-11805754"&gt;&lt;span class="cl-117d6b8e"&gt;2.8&lt;/span&gt;&lt;/p&gt;&lt;/td&gt;&lt;td class="cl-1180755e"&gt;&lt;p class="cl-11805754"&gt;&lt;span class="cl-117d6b8e"&gt;3.5&lt;/span&gt;&lt;/p&gt;&lt;/td&gt;&lt;td class="cl-1180755e"&gt;&lt;p class="cl-11805754"&gt;&lt;span class="cl-117d6b8e"&gt;16.9&lt;/span&gt;&lt;/p&gt;&lt;/td&gt;&lt;td class="cl-1180755e"&gt;&lt;p class="cl-11805754"&gt;&lt;span class="cl-117d6b8e"&gt;0&lt;/span&gt;&lt;/p&gt;&lt;/td&gt;&lt;td class="cl-1180755e"&gt;&lt;p class="cl-11805754"&gt;&lt;span class="cl-117d6b8e"&gt;0&lt;/span&gt;&lt;/p&gt;&lt;/td&gt;&lt;td class="cl-1180755e"&gt;&lt;p class="cl-11805754"&gt;&lt;span class="cl-117d6b8e"&gt;3&lt;/span&gt;&lt;/p&gt;&lt;/td&gt;&lt;td class="cl-1180755e"&gt;&lt;p class="cl-11805754"&gt;&lt;span class="cl-117d6b8e"&gt;2&lt;/span&gt;&lt;/p&gt;&lt;/td&gt;&lt;/tr&gt;&lt;tr style="overflow-wrap:break-word;"&gt;&lt;td class="cl-1180755f"&gt;&lt;p class="cl-11805754"&gt;&lt;span class="cl-117d6b8e"&gt;15.8&lt;/span&gt;&lt;/p&gt;&lt;/td&gt;&lt;td class="cl-11807568"&gt;&lt;p class="cl-11805754"&gt;&lt;span class="cl-117d6b8e"&gt;8&lt;/span&gt;&lt;/p&gt;&lt;/td&gt;&lt;td class="cl-11807568"&gt;&lt;p class="cl-11805754"&gt;&lt;span class="cl-117d6b8e"&gt;351.0&lt;/span&gt;&lt;/p&gt;&lt;/td&gt;&lt;td class="cl-11807568"&gt;&lt;p class="cl-11805754"&gt;&lt;span class="cl-117d6b8e"&gt;264&lt;/span&gt;&lt;/p&gt;&lt;/td&gt;&lt;td class="cl-11807568"&gt;&lt;p class="cl-11805754"&gt;&lt;span class="cl-117d6b8e"&gt;4.2&lt;/span&gt;&lt;/p&gt;&lt;/td&gt;&lt;td class="cl-11807568"&gt;&lt;p class="cl-11805754"&gt;&lt;span class="cl-117d6b8e"&gt;3.2&lt;/span&gt;&lt;/p&gt;&lt;/td&gt;&lt;td class="cl-11807568"&gt;&lt;p class="cl-11805754"&gt;&lt;span class="cl-117d6b8e"&gt;14.5&lt;/span&gt;&lt;/p&gt;&lt;/td&gt;&lt;td class="cl-11807568"&gt;&lt;p class="cl-11805754"&gt;&lt;span class="cl-117d6b8e"&gt;0&lt;/span&gt;&lt;/p&gt;&lt;/td&gt;&lt;td class="cl-11807568"&gt;&lt;p class="cl-11805754"&gt;&lt;span class="cl-117d6b8e"&gt;1&lt;/span&gt;&lt;/p&gt;&lt;/td&gt;&lt;td class="cl-11807568"&gt;&lt;p class="cl-11805754"&gt;&lt;span class="cl-117d6b8e"&gt;5&lt;/span&gt;&lt;/p&gt;&lt;/td&gt;&lt;td class="cl-11807568"&gt;&lt;p class="cl-11805754"&gt;&lt;span class="cl-117d6b8e"&gt;4&lt;/span&gt;&lt;/p&gt;&lt;/td&gt;&lt;/tr&gt;&lt;/tbody&gt;&lt;tfoot&gt;&lt;tr style="overflow-wrap:break-word;"&gt;&lt;td  colspan="11"class="cl-11807572"&gt;&lt;p class="cl-11805768"&gt;&lt;span class="cl-117d6b8e"&gt;n: 32&lt;/span&gt;&lt;/p&gt;&lt;/td&gt;&lt;/tr&gt;&lt;/tfoot&gt;&lt;/table&gt;&lt;/div&gt;

* Run `testthat::snapshot_accept('toHTML')` to accept the change.
* Run `testthat::snapshot_review('toHTML')` to interactively review the change.</failure>
    </testcase>
    <testcase time="0.0160000000000053" classname="toHTML" name="toHTML_generates_a_shiny_tag_for_teal_card">
      <skipped message="Reason: accordion sets random attributes to the html output ('test-toHTML.R:65:5')"/>
    </testcase>
    <testcase time="0.012999999999991" classname="toHTML" name="toHTML_generates_a_shiny_tag_for_ReportCard">
      <skipped message="Reason: accordion sets random attributes to the html output ('test-toHTML.R:72:5')"/>
    </testcase>
  </testsuite>
  <testsuite name="utils" timestamp="2025-10-14T16:44:36Z" hostname="0c285c70e1a2" tests="17" skipped="0" failures="0" errors="0" time="4.064">
    <testcase time="0.155000000000001" classname="utils" name="to_flextable_supported_class_data.frame_"/>
    <testcase time="0.117999999999995" classname="utils" name="to_flextable_supported_class_rtables_"/>
    <testcase time="3.739" classname="utils" name="to_flextable_supported_class_listing_df_"/>
    <testcase time="0.00900000000000034" classname="utils" name="to_flextable_unsupported_class"/>
    <testcase time="0.00600000000000023" classname="utils" name="split_text_block_splits_text_block_into_blocks_no_longer_than_n_lines"/>
    <testcase time="0.00100000000000477" classname="utils" name="split_text_block_splits_text_block_into_blocks_no_longer_than_n_lines"/>
    <testcase time="0.000999999999990564" classname="utils" name="split_text_block_splits_text_block_into_blocks_no_longer_than_n_lines"/>
    <testcase time="0.00300000000000011" classname="utils" name="split_text_block_splits_text_block_into_blocks_no_longer_than_n_lines"/>
    <testcase time="0.00500000000000966" classname="utils" name="format.code_chunk_generates_the_corresponding_R_language_chunk"/>
    <testcase time="0.00499999999999545" classname="utils" name="format.code_chunk_generates_the_corresponding_yaml_language_chunk"/>
    <testcase time="0.00400000000000489" classname="utils" name="format.code_chunk_generates_the_corresponding_parameters"/>
    <testcase time="0.00400000000000489" classname="utils" name="format.code_chunk_generates_the_corresponding_multiple_parameters"/>
    <testcase time="0.00499999999999545" classname="utils" name="global_knitr_details_returns_a_string_with_description"/>
    <testcase time="0.00100000000000477" classname="utils" name="global_knitr_details_returns_a_string_with_description"/>
    <testcase time="0.00199999999999534" classname="utils" name="global_knitr_details_returns_a_string_with_description"/>
    <testcase time="0.00100000000000477" classname="utils" name="global_knitr_details_returns_a_string_with_description"/>
    <testcase time="0.00499999999999545" classname="utils" name="dummy_function_returns_a_function_used_to_fix_note_about_function_use_in_R6"/>
  </testsuite>
  <testsuite name="yaml_utils" timestamp="2025-10-14T16:44:40Z" hostname="0c285c70e1a2" tests="38" skipped="0" failures="0" errors="0" time="0.202">
    <testcase time="0.00900000000000034" classname="yaml_utils" name="yaml_quoted_adds_the_quoted_attribute_equal_to_TRUE_"/>
    <testcase time="0.00800000000000978" classname="yaml_utils" name="yaml_quoted_does_not_modify_the_value_of_the_object"/>
    <testcase time="0.00799999999999557" classname="yaml_utils" name="conv_str_logi_accept_only_a_string"/>
    <testcase time="0.00199999999999534" classname="yaml_utils" name="conv_str_logi_accept_only_a_string"/>
    <testcase time="0.00600000000000023" classname="yaml_utils" name="conv_str_logi_not_influence_the_regular_character"/>
    <testcase time="0.00600000000000023" classname="yaml_utils" name="conv_str_logi_character_TRUE_to_logical"/>
    <testcase time="0.00300000000000011" classname="yaml_utils" name="conv_str_logi_character_TRUE_to_logical"/>
    <testcase time="0.00200000000000955" classname="yaml_utils" name="conv_str_logi_character_TRUE_to_logical"/>
    <testcase time="0.00300000000000011" classname="yaml_utils" name="conv_str_logi_character_TRUE_to_logical"/>
    <testcase time="0.00300000000000011" classname="yaml_utils" name="conv_str_logi_character_TRUE_to_logical"/>
    <testcase time="0.00300000000000011" classname="yaml_utils" name="conv_str_logi_character_TRUE_to_logical"/>
    <testcase time="0.00300000000000011" classname="yaml_utils" name="conv_str_logi_character_TRUE_to_logical"/>
    <testcase time="0.00600000000000023" classname="yaml_utils" name="conv_str_logi_character_FALSE_to_logical"/>
    <testcase time="0.00199999999999534" classname="yaml_utils" name="conv_str_logi_character_FALSE_to_logical"/>
    <testcase time="0.00300000000000011" classname="yaml_utils" name="conv_str_logi_character_FALSE_to_logical"/>
    <testcase time="0.00300000000000011" classname="yaml_utils" name="conv_str_logi_character_FALSE_to_logical"/>
    <testcase time="0.00300000000000011" classname="yaml_utils" name="conv_str_logi_character_FALSE_to_logical"/>
    <testcase time="0.00300000000000011" classname="yaml_utils" name="conv_str_logi_character_FALSE_to_logical"/>
    <testcase time="0.00199999999999534" classname="yaml_utils" name="conv_str_logi_character_FALSE_to_logical"/>
    <testcase time="0.007000000000005" classname="yaml_utils" name="rmd_outputs_all_returned_out_in_the_rmarkdown_namespace"/>
    <testcase time="0.00799999999999557" classname="yaml_utils" name="rmd_output_arguments_accepts_only_string_from_possible_rmarkdown_outputs"/>
    <testcase time="0.00900000000000034" classname="yaml_utils" name="rmd_output_arguments_accepts_only_string_from_possible_rmarkdown_outputs"/>
    <testcase time="0.00199999999999534" classname="yaml_utils" name="rmd_output_arguments_accepts_only_string_from_possible_rmarkdown_outputs"/>
    <testcase time="0.00900000000000034" classname="yaml_utils" name="rmd_output_arguments_returned_all_pdf_document_arguments"/>
    <testcase time="0.00800000000000978" classname="yaml_utils" name="rmd_output_arguments_returned_all_pdf_document_arguments_and_their_defaults"/>
    <testcase time="0.0109999999999957" classname="yaml_utils" name="as_yaml_auto_accept_a_named_list_optionally_nested_"/>
    <testcase time="0.00499999999999545" classname="yaml_utils" name="as_yaml_auto_accept_a_named_list_optionally_nested_"/>
    <testcase time="0.00100000000000477" classname="yaml_utils" name="as_yaml_auto_accept_a_named_list_optionally_nested_"/>
    <testcase time="0.00199999999999534" classname="yaml_utils" name="as_yaml_auto_accept_a_named_list_optionally_nested_"/>
    <testcase time="0.007000000000005" classname="yaml_utils" name="as_yaml_auto_works_the_same_as_yaml_as.yaml_for_a_nested_list_when_as_header_is_FALSE"/>
    <testcase time="0.007000000000005" classname="yaml_utils" name="as_yaml_auto_parse"/>
    <testcase time="0.0109999999999957" classname="yaml_utils" name="as_yaml_auto_warning_for_not_accepted_argument_and_skip_it"/>
    <testcase time="0.00100000000000477" classname="yaml_utils" name="as_yaml_auto_warning_for_not_accepted_argument_and_skip_it"/>
    <testcase time="0.00699999999999079" classname="yaml_utils" name="as_yaml_auto_silent_the_warning_for_not_accepted_argument_and_skip_it"/>
    <testcase time="0.00800000000000978" classname="yaml_utils" name="as_yaml_auto_convert_character_logical_to_logical"/>
    <testcase time="0.00799999999999557" classname="yaml_utils" name="as_yaml_auto_do_not_accept_multi_outputs_without_the_multi_output_argument"/>
    <testcase time="0.00600000000000023" classname="yaml_utils" name="as_yaml_auto_accept_multi_outputs_with_the_multi_output_argument"/>
    <testcase time="0.00699999999999079" classname="yaml_utils" name="get_yaml_field_returns_the_correct_result"/>
  </testsuite>
  <testsuite name="zzz" timestamp="2025-10-14T16:44:40Z" hostname="0c285c70e1a2" tests="5" skipped="0" failures="0" errors="0" time="0.027">
    <testcase time="0.007000000000005" classname="zzz" name=".onLoad_Initialised_options_on_package_load_that_are_unset_are_loaded_with_defaults"/>
    <testcase time="0.00300000000000011" classname="zzz" name=".onLoad_Initialised_options_on_package_load_that_are_unset_are_loaded_with_defaults"/>
    <testcase time="0.00499999999999545" classname="zzz" name=".onLoad_Initialised_options_on_package_load_are_retained_and_not_overwritten"/>
    <testcase time="0.00300000000000011" classname="zzz" name=".onLoad_Initialised_options_on_package_load_are_retained_and_not_overwritten"/>
    <testcase time="0.00900000000000034" classname="zzz" name=".onAttach_packageStartupMessage"/>
  </testsuite>
</testsuites>
