<?xml version="1.0" encoding="UTF-8"?>
<testsuites>
  <testsuite name="DownloadModule" timestamp="2025-10-17T12:25:22Z" hostname="4e3ea074d063" tests="4" skipped="0" failures="0" errors="0" time="1.713">
    <testcase time="0.625" classname="DownloadModule" name="download_report_button_srv_download_a_document"/>
    <testcase time="1.067" classname="DownloadModule" name="download_report_button_srv_download_a_document"/>
    <testcase time="0.0139999999999998" classname="DownloadModule" name="download_report_button_srv_download_a_document"/>
    <testcase time="0.00700000000000012" classname="DownloadModule" name="download_report_button_srv_download_a_document"/>
  </testsuite>
  <testsuite name="DownloadReportModule" timestamp="2025-10-17T12:25:24Z" hostname="4e3ea074d063" tests="20" skipped="0" failures="0" errors="0" time="2.797">
    <testcase time="0.817" classname="DownloadReportModule" name="download_report_button_srv_render_and_downlaod_a_document"/>
    <testcase time="0.00800000000000001" classname="DownloadReportModule" name="download_report_button_srv_render_and_downlaod_a_document"/>
    <testcase time="0.134" classname="DownloadReportModule" name="download_report_button_srv_render_and_downlaod_a_document"/>
    <testcase time="0.00300000000000011" classname="DownloadReportModule" name="download_report_button_srv_render_and_downlaod_a_document"/>
    <testcase time="0.173" classname="DownloadReportModule" name="download_report_button_srv_subset_of_rmd_yaml_args"/>
    <testcase time="0.012" classname="DownloadReportModule" name="download_report_button_srv_subset_of_rmd_yaml_args"/>
    <testcase time="0.0109999999999997" classname="DownloadReportModule" name="download_report_button_srv_subset_of_rmd_yaml_args"/>
    <testcase time="0.0190000000000001" classname="DownloadReportModule" name="download_report_button_srv_subset_of_rmd_yaml_args"/>
    <testcase time="0.0169999999999999" classname="DownloadReportModule" name="download_report_button_srv_subset_of_rmd_yaml_args"/>
    <testcase time="0.016" classname="DownloadReportModule" name="download_report_button_srv_subset_of_rmd_yaml_args"/>
    <testcase time="0.621" classname="DownloadReportModule" name="report_render_and_compress_valid_arguments"/>
    <testcase time="0.161" classname="DownloadReportModule" name="report_render_and_compress_invalid_arguments"/>
    <testcase time="0.00499999999999989" classname="DownloadReportModule" name="report_render_and_compress_invalid_arguments"/>
    <testcase time="0.00499999999999989" classname="DownloadReportModule" name="report_render_and_compress_invalid_arguments"/>
    <testcase time="0.603000000000001" classname="DownloadReportModule" name="report_render_and_compress_render_an_html_document"/>
    <testcase time="0.00800000000000001" classname="DownloadReportModule" name="report_render_and_compress_render_an_html_document"/>
    <testcase time="0.00199999999999978" classname="DownloadReportModule" name="report_render_and_compress_render_an_html_document"/>
    <testcase time="0.00300000000000011" classname="DownloadReportModule" name="report_render_and_compress_render_an_html_document"/>
    <testcase time="0.157" classname="DownloadReportModule" name="any_rcode_block"/>
    <testcase time="0.0219999999999994" classname="DownloadReportModule" name="any_rcode_block"/>
  </testsuite>
  <testsuite name="LoadReporterModule" timestamp="2025-10-17T12:25:27Z" hostname="4e3ea074d063" tests="14" skipped="0" failures="0" errors="0" time="0.655">
    <testcase time="0.285" classname="LoadReporterModule" name="report_load_srv_loading_reporter_restores_saved_content"/>
    <testcase time="0.00499999999999989" classname="LoadReporterModule" name="report_load_srv_loading_reporter_restores_saved_content"/>
    <testcase time="0.00800000000000001" classname="LoadReporterModule" name="report_load_srv_loading_reporter_restores_saved_content"/>
    <testcase time="0.00700000000000056" classname="LoadReporterModule" name="report_load_srv_loading_reporter_restores_saved_content"/>
    <testcase time="0.00599999999999934" classname="LoadReporterModule" name="report_load_srv_loading_reporter_restores_saved_content"/>
    <testcase time="0.00500000000000078" classname="LoadReporterModule" name="report_load_srv_loading_reporter_restores_saved_content"/>
    <testcase time="0.268999999999999" classname="LoadReporterModule" name="report_load_srv_loading_reporter_with_ReportCard_restores_saved_content_with_old_blocks_"/>
    <testcase time="0.00500000000000078" classname="LoadReporterModule" name="report_load_srv_loading_reporter_with_ReportCard_restores_saved_content_with_old_blocks_"/>
    <testcase time="0.00499999999999989" classname="LoadReporterModule" name="report_load_srv_loading_reporter_with_ReportCard_restores_saved_content_with_old_blocks_"/>
    <testcase time="0.00599999999999934" classname="LoadReporterModule" name="report_load_srv_loading_reporter_with_ReportCard_restores_saved_content_with_old_blocks_"/>
    <testcase time="0.00500000000000078" classname="LoadReporterModule" name="report_load_srv_loading_reporter_with_ReportCard_restores_saved_content_with_old_blocks_"/>
    <testcase time="0.00599999999999934" classname="LoadReporterModule" name="report_load_srv_loading_reporter_with_ReportCard_restores_saved_content_with_old_blocks_"/>
    <testcase time="0.00400000000000045" classname="LoadReporterModule" name="report_load_srv_loading_reporter_with_ReportCard_restores_saved_content_with_old_blocks_"/>
    <testcase time="0.0389999999999997" classname="LoadReporterModule" name="report_load_srv_fail_to_load_a_reporter_because_of_different_id"/>
  </testsuite>
  <testsuite name="PreviewerReportModule-shinytest2" timestamp="2025-10-17T12:25:28Z" hostname="4e3ea074d063" tests="4" skipped="4" failures="0" errors="0" time="0.072">
    <testcase time="0.00700000000000056" classname="PreviewerReportModule_shinytest2" name="preview_report_doesn_t_render_previewer_if_not_clicked">
      <skipped message="Reason: testing depth 3 is below current testing specification 5 ('test-PreviewerReportModule-shinytest2.R:3:5')"/>
    </testcase>
    <testcase time="0.0259999999999998" classname="PreviewerReportModule_shinytest2" name="preview_report_shows_the_previewer_modal_when_the_button_is_clicked">
      <skipped message="Reason: testing depth 3 is below current testing specification 5 ('test-PreviewerReportModule-shinytest2.R:9:5')"/>
    </testcase>
    <testcase time="0.0259999999999998" classname="PreviewerReportModule_shinytest2" name="preview_report_card_removal_works">
      <skipped message="Reason: testing depth 3 is below current testing specification 5 ('test-PreviewerReportModule-shinytest2.R:16:5')"/>
    </testcase>
    <testcase time="0.0129999999999999" classname="PreviewerReportModule_shinytest2" name="preview_report_card_editing_modal_is_being_shown">
      <skipped message="Reason: testing depth 3 is below current testing specification 5 ('test-PreviewerReportModule-shinytest2.R:34:5')"/>
    </testcase>
  </testsuite>
  <testsuite name="PreviewerReportModule" timestamp="2025-10-17T12:25:28Z" hostname="4e3ea074d063" tests="12" skipped="0" failures="0" errors="0" time="0.454">
    <testcase time="0.182" classname="PreviewerReportModule" name="reporter_previewer_srv_subset_of_rmd_yaml_args"/>
    <testcase time="0.024" classname="PreviewerReportModule" name="reporter_previewer_srv_subset_of_rmd_yaml_args"/>
    <testcase time="0.0209999999999999" classname="PreviewerReportModule" name="reporter_previewer_srv_subset_of_rmd_yaml_args"/>
    <testcase time="0.0139999999999993" classname="PreviewerReportModule" name="reporter_previewer_srv_subset_of_rmd_yaml_args"/>
    <testcase time="0.0150000000000006" classname="PreviewerReportModule" name="reporter_previewer_srv_subset_of_rmd_yaml_args"/>
    <testcase time="0.0140000000000002" classname="PreviewerReportModule" name="reporter_previewer_srv_subset_of_rmd_yaml_args"/>
    <testcase time="0.0259999999999998" classname="PreviewerReportModule" name="reporter_previewer_srv_previewer_buttons_parameter"/>
    <testcase time="0.0220000000000002" classname="PreviewerReportModule" name="reporter_previewer_srv_previewer_buttons_parameter"/>
    <testcase time="0.0139999999999993" classname="PreviewerReportModule" name="reporter_previewer_srv_previewer_buttons_parameter"/>
    <testcase time="0.0570000000000004" classname="PreviewerReportModule" name="reporter_previewer_srv_up_with_first_card_and_down_with_last_card_does_not_induce_change"/>
    <testcase time="0.00499999999999989" classname="PreviewerReportModule" name="reporter_previewer_srv_up_with_first_card_and_down_with_last_card_does_not_induce_change"/>
    <testcase time="0.0599999999999996" classname="PreviewerReportModule" name="reporter_previewer_srv_card_up_and_down_compensate"/>
  </testsuite>
  <testsuite name="ReportCard" timestamp="2025-10-17T12:25:28Z" hostname="4e3ea074d063" tests="28" skipped="0" failures="0" errors="0" time="0.479">
    <testcase time="0.0120000000000005" classname="ReportCard" name="ReportCard_object_can_be_created"/>
    <testcase time="0.00699999999999967" classname="ReportCard" name="new_returns_an_object_of_type_ReportCard"/>
    <testcase time="0.00600000000000023" classname="ReportCard" name="append_text_accepts_a_character"/>
    <testcase time="0.00699999999999967" classname="ReportCard" name="append_text_returns_self"/>
    <testcase time="0.00600000000000023" classname="ReportCard" name="append_table_accepts_a_data.frame"/>
    <testcase time="0.00699999999999967" classname="ReportCard" name="append_table_returns_self"/>
    <testcase time="0.0510000000000002" classname="ReportCard" name="append_plot_returns_self"/>
    <testcase time="0.0489999999999995" classname="ReportCard" name="append_plot_accepts_a_ggplot"/>
    <testcase time="0.0550000000000006" classname="ReportCard" name="append_plot_accepts_a_ggplot_with_a_dim"/>
    <testcase time="0.00600000000000023" classname="ReportCard" name="append_rcode_accepts_a_character"/>
    <testcase time="0.00599999999999934" classname="ReportCard" name="append_rcode_returns_self"/>
    <testcase time="0.0490000000000004" classname="ReportCard" name="get_content_returns_a_list_of_objects"/>
    <testcase time="0.00199999999999978" classname="ReportCard" name="get_content_returns_a_list_of_objects"/>
    <testcase time="0.0120000000000005" classname="ReportCard" name="get_metadata_returns_a_list_of_mixed_objects"/>
    <testcase time="0.00899999999999945" classname="ReportCard" name="get_metadata_returns_a_named_list"/>
    <testcase time="0.00700000000000056" classname="ReportCard" name="append_metadata_returns_an_object_of_type_ReportCard"/>
    <testcase time="0.00599999999999934" classname="ReportCard" name="append_metadata_accepts_a_character_key_and_a_character_or_list_value"/>
    <testcase time="0.00300000000000011" classname="ReportCard" name="append_metadata_accepts_a_character_key_and_a_character_or_list_value"/>
    <testcase time="0.00900000000000034" classname="ReportCard" name="append_metadata_throws_error_if_key_is_not_character"/>
    <testcase time="0.00499999999999989" classname="ReportCard" name="append_metadata_throws_error_if_key_is_not_character"/>
    <testcase time="0.00900000000000034" classname="ReportCard" name="append_metadata_throws_error_if_value_if_missing"/>
    <testcase time="0.00899999999999945" classname="ReportCard" name="append_metadata_throws_error_if_key_is_missing"/>
    <testcase time="0.00900000000000034" classname="ReportCard" name="append_metadata_throws_error_if_keys_are_duplicated"/>
    <testcase time="0.069" classname="ReportCard" name="The_deep_copy_constructor_copies_the_plot_object"/>
    <testcase time="0.0540000000000003" classname="ReportCard" name="The_deep_copy_constructor_copies_the_objects"/>
    <testcase time="0.00299999999999923" classname="ReportCard" name="The_deep_copy_constructor_copies_the_objects"/>
    <testcase time="0.00700000000000056" classname="ReportCard" name="setting_and_getting_a_name_to_the_ReportCard"/>
    <testcase time="0.00499999999999989" classname="ReportCard" name="setting_and_getting_a_name_to_the_ReportCard"/>
  </testsuite>
  <testsuite name="Reporter" timestamp="2025-10-17T12:25:29Z" hostname="4e3ea074d063" tests="69" skipped="0" failures="0" errors="0" time="94.443">
    <testcase time="0.00999999999999979" classname="Reporter" name="Reporter_object_can_be_created"/>
    <testcase time="0.00700000000000056" classname="Reporter" name="new_returns_an_object_of_type_Reporter"/>
    <testcase time="0.00699999999999967" classname="Reporter" name="default_reporter_id"/>
    <testcase time="3.433" classname="Reporter" name="set_id_sets_the_reporter_id_and_returns_reporter"/>
    <testcase time="0.00300000000000011" classname="Reporter" name="set_id_sets_the_reporter_id_and_returns_reporter"/>
    <testcase time="2.318" classname="Reporter" name="Reporter_with_ReportCard_get_cards_returns_the_same_cards_which_was_added_to_reporter"/>
    <testcase time="0.0169999999999995" classname="Reporter" name="Reporter_with_ReportCard_get_blocks_returns_the_same_blocks_which_was_added_to_reporter_sep_NULL"/>
    <testcase time="2.385" classname="Reporter" name="Reporter_with_ReportCard_get_blocks_by_default_adds_newpage_between_cards"/>
    <testcase time="2.402" classname="Reporter" name="Reporter_with_ReportCard_get_blocks_returns_the_same_blocks_which_was_added_to_reporter_sep_NULL"/>
    <testcase time="2.426" classname="Reporter" name="get_cards_returns_the_same_cards_which_was_added_to_reporter"/>
    <testcase time="2.975" classname="Reporter" name="get_blocks_returns_the_same_blocks_which_was_added_to_reporter_sep_NULL"/>
    <testcase time="4.968" classname="Reporter" name="get_blocks_by_default_adds_newpage_between_cards"/>
    <testcase time="0.00900000000000034" classname="Reporter" name="get_blocks_and_get_cards_return_empty_teal_card_by_default"/>
    <testcase time="0.00300000000000011" classname="Reporter" name="get_blocks_and_get_cards_return_empty_teal_card_by_default"/>
    <testcase time="0.0130000000000017" classname="Reporter" name="get_blocks_shows_repeated_cards"/>
    <testcase time="0.175000000000001" classname="Reporter" name="The_deep_copy_constructor_copies_the_content_files_to_new_files"/>
    <testcase time="0.00499999999999901" classname="Reporter" name="The_deep_copy_constructor_copies_the_content_files_to_new_files"/>
    <testcase time="0.00600000000000023" classname="Reporter" name="append_metadata_accept_only_named_list"/>
    <testcase time="0.00499999999999901" classname="Reporter" name="append_metadata_accept_only_named_list"/>
    <testcase time="0.00400000000000134" classname="Reporter" name="append_metadata_accept_only_named_list"/>
    <testcase time="0.00999999999999801" classname="Reporter" name="append_metadata_accept_only_unique_names_which_could_not_be_repeated"/>
    <testcase time="0.00300000000000011" classname="Reporter" name="append_metadata_accept_only_unique_names_which_could_not_be_repeated"/>
    <testcase time="0.00400000000000134" classname="Reporter" name="append_metadata_accept_only_unique_names_which_could_not_be_repeated"/>
    <testcase time="0.00600000000000023" classname="Reporter" name="get_metadata"/>
    <testcase time="0.00300000000000011" classname="Reporter" name="get_metadata"/>
    <testcase time="2.418" classname="Reporter" name="from_reporter_returns_identical_equal_object_from_the_same_reporter"/>
    <testcase time="0.00100000000000122" classname="Reporter" name="from_reporter_returns_identical_equal_object_from_the_same_reporter"/>
    <testcase time="4.944" classname="Reporter" name="from_reporter_does_not_return_identical_equal_object_form_other_reporter"/>
    <testcase time="0.00199999999999534" classname="Reporter" name="from_reporter_does_not_return_identical_equal_object_form_other_reporter"/>
    <testcase time="5.137" classname="Reporter" name="from_reporter_persists_the_cards_structure"/>
    <testcase time="0.00200000000000244" classname="Reporter" name="from_reporter_persists_the_cards_structure"/>
    <testcase time="0.0069999999999979" classname="Reporter" name="metadata_append_metadata_accept_only_named_list"/>
    <testcase time="0.00500000000000256" classname="Reporter" name="metadata_append_metadata_accept_only_named_list"/>
    <testcase time="0.00499999999999545" classname="Reporter" name="metadata_append_metadata_accept_only_named_list"/>
    <testcase time="0.0100000000000051" classname="Reporter" name="metadata_append_metadata_accept_only_unique_names_which_could_not_be_repeated"/>
    <testcase time="0.00300000000000011" classname="Reporter" name="metadata_append_metadata_accept_only_unique_names_which_could_not_be_repeated"/>
    <testcase time="0.00600000000000023" classname="Reporter" name="metadata_append_metadata_accept_only_unique_names_which_could_not_be_repeated"/>
    <testcase time="0.00600000000000023" classname="Reporter" name="metadata_get_metadata"/>
    <testcase time="0.00300000000000011" classname="Reporter" name="metadata_get_metadata"/>
    <testcase time="2.644" classname="Reporter" name="from_reporter_from_reporter_returns_identical_equal_object_from_the_same_reporter"/>
    <testcase time="0.000999999999997669" classname="Reporter" name="from_reporter_from_reporter_returns_identical_equal_object_from_the_same_reporter"/>
    <testcase time="4.6" classname="Reporter" name="from_reporter_from_reporter_does_not_return_identical_equal_object_form_other_reporter"/>
    <testcase time="0.000999999999997669" classname="Reporter" name="from_reporter_from_reporter_does_not_return_identical_equal_object_form_other_reporter"/>
    <testcase time="4.724" classname="Reporter" name="from_reporter_from_reporter_persists_the_cards_structure_but_not_the_name"/>
    <testcase time="0.00199999999999534" classname="Reporter" name="from_reporter_from_reporter_persists_the_cards_structure_but_not_the_name"/>
    <testcase time="2.451" classname="Reporter" name="to_list_require_the_existing_directory_path"/>
    <testcase time="0.0130000000000052" classname="Reporter" name="to_list_require_the_existing_directory_path"/>
    <testcase time="0.0189999999999984" classname="Reporter" name="to_list_returns_a_list."/>
    <testcase time="4.964" classname="Reporter" name="to_list_to_list_and_from_list_could_be_used_to_save_and_retrieve_a_Reporter_card"/>
    <testcase time="2.506" classname="Reporter" name="to_list_to_list_and_from_list_could_be_used_to_save_and_retrieve_a_Reporter_card"/>
    <testcase time="5.116" classname="Reporter" name="to_list_to_list_and_from_list_could_be_used_to_save_and_retrieve_a_Reporter_blocks"/>
    <testcase time="4.94500000000001" classname="Reporter" name="from_reporter_returns_same_object_from_the_same_reporter"/>
    <testcase time="0.000999999999990564" classname="Reporter" name="from_reporter_returns_same_object_from_the_same_reporter"/>
    <testcase time="4.608" classname="Reporter" name="from_reporter_returns_different_object_if_id_has_already_been_set"/>
    <testcase time="4.751" classname="Reporter" name="from_reporter_from_reporter_persists_the_cards_structure"/>
    <testcase time="0.00199999999999534" classname="Reporter" name="from_reporter_from_reporter_persists_the_cards_structure"/>
    <testcase time="2.45099999999999" classname="Reporter" name="to_jsondir_to_jsondir_require_the_existing_directory_path"/>
    <testcase time="0.00500000000000966" classname="Reporter" name="to_jsondir_to_jsondir_require_the_existing_directory_path"/>
    <testcase time="2.473" classname="Reporter" name="to_jsondir_to_jsondir_returns_the_same_dir_it_was_provided_to_it"/>
    <testcase time="4.968" classname="Reporter" name="to_jsondir_from_jsondir_returns_identical_equal_object"/>
    <testcase time="4.66499999999999" classname="Reporter" name="to_jsondir_to_jsondir_and_from_jsondir_could_be_used_to_save_and_retrive_a_Reporter"/>
    <testcase time="0.00300000000000011" classname="Reporter" name="to_jsondir_to_jsondir_and_from_jsondir_could_be_used_to_save_and_retrive_a_Reporter"/>
    <testcase time="0.0109999999999957" classname="Reporter" name="reorder_cards_returns_the_correct_order"/>
    <testcase time="0.0100000000000051" classname="Reporter" name="reorder_cards_returns_the_correct_order_after_removal"/>
    <testcase time="0.0109999999999957" classname="Reporter" name="reorder_cards_returns_the_correct_order_after_adding_new_card_at_the_end_"/>
    <testcase time="4.685" classname="Reporter" name="from_reporter_persists_the_cards_structure"/>
    <testcase time="0.00100000000000477" classname="Reporter" name="from_reporter_persists_the_cards_structure"/>
    <testcase time="0.00900000000000034" classname="Reporter" name="teal.reporter_Reporter_with_custom_template_function_modifies_teal_cards_on_append"/>
    <testcase time="0.0570000000000022" classname="Reporter" name="teal.reporter_Reporter_with_custom_template_function_removes_chunk_outputs_and_code_chunk"/>
  </testsuite>
  <testsuite name="ResetModule" timestamp="2025-10-17T12:27:03Z" hostname="4e3ea074d063" tests="4" skipped="0" failures="0" errors="0" time="0.433">
    <testcase time="0.173999999999992" classname="ResetModule" name="simple_reporter_srv_reset_a_reporter_ReporterCard_"/>
    <testcase time="0.0510000000000019" classname="ResetModule" name="simple_reporter_srv_reset_a_reporter_ReporterCard_"/>
    <testcase time="0.174999999999997" classname="ResetModule" name="simple_reporter_srv_reset_a_reporter"/>
    <testcase time="0.0330000000000013" classname="ResetModule" name="simple_reporter_srv_reset_a_reporter"/>
  </testsuite>
  <testsuite name="SimpleReporter" timestamp="2025-10-17T12:27:03Z" hostname="4e3ea074d063" tests="5" skipped="0" failures="0" errors="0" time="7.92">
    <testcase time="7.256" classname="SimpleReporter" name="simple_reporter_srv_render_and_downlaod_a_document"/>
    <testcase time="0.00900000000000034" classname="SimpleReporter" name="simple_reporter_srv_render_and_downlaod_a_document"/>
    <testcase time="0.00300000000000011" classname="SimpleReporter" name="simple_reporter_srv_render_and_downlaod_a_document"/>
    <testcase time="0.320000000000007" classname="SimpleReporter" name="simple_reporter_srv_add_a_Card_ReportCard_to_Reporter"/>
    <testcase time="0.331999999999994" classname="SimpleReporter" name="simple_reporter_srv_add_a_Card_teal_card_to_Reporter"/>
  </testsuite>
  <testsuite name="addCardModule" timestamp="2025-10-17T12:27:11Z" hostname="4e3ea074d063" tests="12" skipped="0" failures="0" errors="0" time="0.417">
    <testcase time="0.0409999999999968" classname="addCardModule" name="add_card_button_srv_add_a_Card_to_the_Reporter"/>
    <testcase time="0.0320000000000107" classname="addCardModule" name="add_card_button_srv_supports_custom_teal_card_classes"/>
    <testcase time="0.0319999999999965" classname="addCardModule" name="add_card_button_srv_supports_passing_no_default_object_to_the_card"/>
    <testcase time="0.039999999999992" classname="addCardModule" name="add_card_button_srv_try_the_card_fun"/>
    <testcase time="0.0370000000000061" classname="addCardModule" name="add_card_button_srv_try_the_card_fun"/>
    <testcase time="0.0439999999999969" classname="addCardModule" name="add_card_button_srv_try_the_card_fun"/>
    <testcase time="0.0360000000000014" classname="addCardModule" name="add_card_button_srv_uses_card_title_as_a_default_value_for_card_title_input"/>
    <testcase time="0.0370000000000061" classname="addCardModule" name="add_card_button_srv_change_in_input_label_updates_title_of_the_card"/>
    <testcase time="0.0319999999999965" classname="addCardModule" name="add_card_button_srv_supports_passing_card_fun_with_any_of_the_2_available_arguments"/>
    <testcase time="0.0289999999999964" classname="addCardModule" name="add_card_button_srv_supports_passing_card_fun_with_any_of_the_2_available_arguments"/>
    <testcase time="0.0280000000000058" classname="addCardModule" name="add_card_button_srv_supports_passing_card_fun_with_any_of_the_2_available_arguments"/>
    <testcase time="0.0289999999999964" classname="addCardModule" name="add_card_button_srv_supports_passing_card_fun_with_any_of_the_2_available_arguments"/>
  </testsuite>
  <testsuite name="editor_block" timestamp="2025-10-17T12:27:12Z" hostname="4e3ea074d063" tests="2" skipped="0" failures="0" errors="0" time="0.029">
    <testcase time="0.0150000000000006" classname="editor_block" name="srv_editor_block_for_default_method_returns_NULL"/>
    <testcase time="0.0139999999999958" classname="editor_block" name="srv_editor_block_for_default_method_returns_NULL"/>
  </testsuite>
  <testsuite name="editor_card" timestamp="2025-10-17T12:27:12Z" hostname="4e3ea074d063" tests="2" skipped="0" failures="0" errors="0" time="0.031">
    <testcase time="0.0169999999999959" classname="editor_card" name="srv_card_editor_adds_new_block_to_queue"/>
    <testcase time="0.01400000000001" classname="editor_card" name="srv_card_editor_adds_new_block_to_queue"/>
  </testsuite>
  <testsuite name="previewer_card" timestamp="2025-10-17T12:27:12Z" hostname="4e3ea074d063" tests="4" skipped="0" failures="0" errors="0" time="0.186">
    <testcase time="0.0810000000000031" classname="previewer_card" name="previewer_card_srv_renders_the_empty_title_output"/>
    <testcase time="0.0509999999999877" classname="previewer_card" name="previewer_card_srv_previewer_card_srv_renders_the_title_output"/>
    <testcase time="0.0510000000000019" classname="previewer_card" name="previewer_card_srv_previewer_card_srv_renders_the_content"/>
    <testcase time="0.00300000000000011" classname="previewer_card" name="previewer_card_srv_previewer_card_srv_renders_the_content"/>
  </testsuite>
  <testsuite name="previewer_card_actions" timestamp="2025-10-17T12:27:12Z" hostname="4e3ea074d063" tests="4" skipped="0" failures="0" errors="0" time="0.153">
    <testcase time="0.0120000000000005" classname="previewer_card_actions" name="ui_previewer_card_actions_returns_a_shiny_tag_or_tagList"/>
    <testcase time="0.0310000000000059" classname="previewer_card_actions" name="srv_previewer_card_actions_removes_a_teal_card"/>
    <testcase time="0.0570000000000022" classname="previewer_card_actions" name="srv_previewer_card_actions_saves_the_new_card_without_contents_but_changed_title"/>
    <testcase time="0.0529999999999973" classname="previewer_card_actions" name="srv_previewer_card_actions_triggers_a_shiny_modal"/>
  </testsuite>
  <testsuite name="previewer_report" timestamp="2025-10-17T12:27:12Z" hostname="4e3ea074d063" tests="4" skipped="0" failures="0" errors="0" time="0.217">
    <testcase time="0.0450000000000017" classname="previewer_report" name="preview_report_button_srv_renders_the_card_count_with_1"/>
    <testcase time="0.0429999999999922" classname="previewer_report" name="preview_report_button_srv_renders_empty_card_count"/>
    <testcase time="0.061000000000007" classname="previewer_report" name="preview_report_button_srv_triggers_a_shiny_modal_with_input_click"/>
    <testcase time="0.0679999999999978" classname="previewer_report" name="preview_report_button_srv_triggers_a_shiny_modal_from_reporter_when_in_editor_"/>
  </testsuite>
  <testsuite name="render" timestamp="2025-10-17T12:27:12Z" hostname="4e3ea074d063" tests="15" skipped="0" failures="0" errors="0" time="2.673">
    <testcase time="0.162999999999997" classname="render" name="render_accepts_empty_teal_report_object"/>
    <testcase time="0.150000000000006" classname="render" name="render_accepts_empty_teal_card_object"/>
    <testcase time="0.334000000000003" classname="render" name="render_accepts_teal_report_containing_code_chunks_and_outputs"/>
    <testcase time="0.160999999999987" classname="render" name="render_by_default_outputs_and_keeps_report.Rmd_file_in_the_working_directory"/>
    <testcase time="0.158000000000001" classname="render" name="render_by_default_renders_report.html_file_in_the_working_directory"/>
    <testcase time="0.166000000000011" classname="render" name="render_by_default_outputs_report.Rmd_file_containing_knitr_opts_chunk_set_with_tidy_options_set"/>
    <testcase time="0.165999999999997" classname="render" name="render_outputs_report.Rmd_with_output_dir_set_to_other_location_then_working_directory"/>
    <testcase time="0.176000000000002" classname="render" name="render_outputs_report.Rmd_with_markdown_content_added_to_teal_card"/>
    <testcase time="0.167000000000002" classname="render" name="render_outputs_report.Rmd_with_yaml_header_containing_entries_set_through_metadata"/>
    <testcase time="0.165999999999997" classname="render" name="render_outputs_report.Rmd_with_code_chunk_with_knitr_opts_chunk_set_call_using_value_from_teal.reporter.global_knitr"/>
    <testcase time="0.161999999999992" classname="render" name="render_outputs_report.Rmd_with_code_chunk_with_knitr_opts_chunk_set_call_using_value_from_global_knitr_argument"/>
    <testcase time="0.163000000000011" classname="render" name="render_outputs_report.Rmd_with_arbitrary_code_chunk_with_additional_parameters"/>
    <testcase time="0.322999999999993" classname="render" name="render_outputs_report.Rmd_with_arbitrary_code_cunk_but_chunk_output_is_missing"/>
    <testcase time="0.105999999999995" classname="render" name="render_renders_output_based_on_metadata_output_field_md_document_containing_markdown_content_code_chunks_and_their_outputs"/>
    <testcase time="0.112000000000009" classname="render" name="render_renders_output_based_on_metadata_output_field_md_document_containing_relative_path_to_a_plot_even_if_output_dir_is_set_to_absolute_path"/>
  </testsuite>
  <testsuite name="teal_card" timestamp="2025-10-17T12:27:15Z" hostname="4e3ea074d063" tests="65" skipped="0" failures="0" errors="0" time="0.9">
    <testcase time="0.0109999999999957" classname="teal_card" name="creates_empty_teal_card_when_no_arguments_set"/>
    <testcase time="0.007000000000005" classname="teal_card" name="teal_card_returns_the_same_object_for_if_teal_card_is_passed"/>
    <testcase time="0.0249999999999915" classname="teal_card" name="teal_card_extracts_teal_card_object_from_teal_report_if_teal_report_is_passed"/>
    <testcase time="0.0180000000000007" classname="teal_card" name="teal_card_converts_qenv_code_elements_into_teal_card_and_returns_teal_card_if_qenv_is_passed"/>
    <testcase time="0.00799999999999557" classname="teal_card" name="teal_card_keeps_list_if_given_as_argument"/>
    <testcase time="0.00600000000000023" classname="teal_card" name="combines_arguments_in_teal_card_and_sets_them_random_unique_names"/>
    <testcase time="0.00200000000000955" classname="teal_card" name="combines_arguments_in_teal_card_and_sets_them_random_unique_names"/>
    <testcase time="0.00600000000000023" classname="teal_card" name="doesn_t_ignore_NULL_and_adds_it_to_teal_card"/>
    <testcase time="0.00699999999999079" classname="teal_card" name="keeps_conditions"/>
    <testcase time="0.00600000000000023" classname="teal_card" name="appends_each_element_asis_no_list_unwrapping_"/>
    <testcase time="0.00600000000000023" classname="teal_card" name="teal_card_with_multiple_arguments_appends_each_argument_to_teal_card_and_keep_original_names_if_teal_card_is_a_first_argument"/>
    <testcase time="0.00300000000000011" classname="teal_card" name="teal_card_with_multiple_arguments_appends_each_argument_to_teal_card_and_keep_original_names_if_teal_card_is_a_first_argument"/>
    <testcase time="0.0130000000000052" classname="teal_card" name="teal_card_with_multiple_arguments_appends_each_argument_to_real_report_teal_card_and_keep_original_names_if_teal_card_is_a_first_argument"/>
    <testcase time="0.00300000000000011" classname="teal_card" name="teal_card_with_multiple_arguments_appends_each_argument_to_real_report_teal_card_and_keep_original_names_if_teal_card_is_a_first_argument"/>
    <testcase time="0.007000000000005" classname="teal_card" name="c.teal_card_combines_two_empty_teal_card_s_"/>
    <testcase time="0.00599999999998602" classname="teal_card" name="c.teal_card_combines_empty_teal_card_with_non_empty"/>
    <testcase time="0.007000000000005" classname="teal_card" name="c.teal_card_combines_with_empty_teal_card_remains_the_same"/>
    <testcase time="0.00799999999999557" classname="teal_card" name="c.teal_card_combines_with_character_adds_as_a_new_element"/>
    <testcase time="0.00900000000000034" classname="teal_card" name="c.teal_card_combines_with_list_adds_each_list_element_separately_unwraps_list_"/>
    <testcase time="0.00800000000000978" classname="teal_card" name="c.teal_card_combines_with_teal_card_containing_a_list_append_this_list_asis_doesn_t_unwrap_list_"/>
    <testcase time="0.00799999999999557" classname="teal_card" name="c.teal_card_combines_with_NULL_remains_the_same_ignores_NULL_"/>
    <testcase time="0.00900000000000034" classname="teal_card" name="c.teal_card_combines_with_character_0_adds_as_a_new_element"/>
    <testcase time="0.0100000000000051" classname="teal_card" name="c.teal_card_combines_with_ggplot_adds_as_a_new_element"/>
    <testcase time="0.00900000000000034" classname="teal_card" name="c.teal_card_combines_with_new_teal_card_adds_new_elements_asis"/>
    <testcase time="0.012999999999991" classname="teal_card" name="c.teal_card_combines_with_new_teal_card_containing_ggplot_adds_new_elements_asis"/>
    <testcase time="0.0370000000000061" classname="teal_card" name="c.teal_card_combines_with_teal_card_containing_new_and_old_items_adds_only_new"/>
    <testcase time="0.0120000000000005" classname="teal_card" name="c.teal_card_combines_with_teal_card_containing_new_and_old_items_adds_even_if_their_order_is_different"/>
    <testcase time="0.019999999999996" classname="teal_card" name="c.teal_card_combines_with_teal_card_with_new_and_missing_old_items_restores_original_items_adds_new_at_the_end_and_warn"/>
    <testcase time="0.00100000000000477" classname="teal_card" name="c.teal_card_combines_with_teal_card_with_new_and_missing_old_items_restores_original_items_adds_new_at_the_end_and_warn"/>
    <testcase time="0.00699999999999079" classname="teal_card" name="c.teal_card_combines_with_a_teal_card_keeps_original_metadata"/>
    <testcase time="0.007000000000005" classname="teal_card" name="c.teal_card_combines_new_teal_card_combines_metadata_and_overwrites_original"/>
    <testcase time="0.00600000000000023" classname="teal_card" name="retains_class"/>
    <testcase time="0.00100000000000477" classname="teal_card" name="retains_class"/>
    <testcase time="0.00399999999999068" classname="teal_card" name="retains_class"/>
    <testcase time="0.00300000000000011" classname="teal_card" name="retains_class"/>
    <testcase time="0.00100000000000477" classname="teal_card" name="retains_class"/>
    <testcase time="0.00199999999999534" classname="teal_card" name="retains_class"/>
    <testcase time="0.0110000000000099" classname="teal_card" name="as.teal_card_converts_a_simple_list_with_each_element_being_converted_to_a_report_content"/>
    <testcase time="0.00799999999999557" classname="teal_card" name="as.teal_card_converts_a_custom_list_class_with_many_elements_into_single_element_teal_card"/>
    <testcase time="0.0139999999999958" classname="teal_card" name="as.teal_card_converts_a_ggplot2_to_a_teal_card_with_only_1_report_content"/>
    <testcase time="0.007000000000005" classname="teal_card" name="as.teal_card_corrects_names_if_they_do_not_exist"/>
    <testcase time="0.00100000000000477" classname="teal_card" name="as.teal_card_corrects_names_if_they_do_not_exist"/>
    <testcase time="0.00699999999999079" classname="teal_card" name="as.teal_card_corrects_names_if_they_have_duplicates"/>
    <testcase time="0.00100000000000477" classname="teal_card" name="as.teal_card_corrects_names_if_they_have_duplicates"/>
    <testcase time="0.007000000000005" classname="teal_card" name="as.teal_card_corrects_names_if_they_have_duplicates"/>
    <testcase time="0.000999999999990564" classname="teal_card" name="as.teal_card_corrects_names_if_they_have_duplicates"/>
    <testcase time="0.007000000000005" classname="teal_card" name="metadata_can_be_assigned_individually_to_teal_card_object_using_which_argument"/>
    <testcase time="0.00600000000000023" classname="teal_card" name="metadata_can_be_assigned_individually_to_teal_card_using_"/>
    <testcase time="0.00699999999999079" classname="teal_card" name="metadata_can_be_assigned_as_named_list_to_teal_card_object"/>
    <testcase time="0.00800000000000978" classname="teal_card" name="metadata_can_be_assigned_individually_to_ReportCard_object"/>
    <testcase time="0.00300000000000011" classname="teal_card" name="metadata_can_be_assigned_individually_to_ReportCard_object"/>
    <testcase time="0.00699999999999079" classname="teal_card" name="metadata_can_be_assigned_as_named_list_to_ReportCard_object_if_only_has_title"/>
    <testcase time="0.00300000000000011" classname="teal_card" name="metadata_can_be_assigned_as_named_list_to_ReportCard_object_if_only_has_title"/>
    <testcase time="0.0110000000000099" classname="teal_card" name="metadata_assignment_throws_warning_when_named_list_has_other_elements_than_title"/>
    <testcase time="0.00300000000000011" classname="teal_card" name="metadata_assignment_throws_warning_when_named_list_has_other_elements_than_title"/>
    <testcase time="0.00300000000000011" classname="teal_card" name="metadata_assignment_throws_warning_when_named_list_has_other_elements_than_title"/>
    <testcase time="0.0120000000000005" classname="teal_card" name="metadata_assignment_throws_warning_when_named_list_has_element_but_not_title"/>
    <testcase time="0.00300000000000011" classname="teal_card" name="metadata_assignment_throws_warning_when_named_list_has_element_but_not_title"/>
    <testcase time="0.00999999999999091" classname="teal_card" name="metadata_only_supports_assigning_title_in_ReportCard_object"/>
    <testcase time="0.007000000000005" classname="teal_card" name="teal_card_index_assignment_converts_to_unique_identifier"/>
    <testcase time="0.00100000000000477" classname="teal_card" name="teal_card_index_assignment_converts_to_unique_identifier"/>
    <testcase time="0.114999999999995" classname="teal_card" name="ggplot2_objects_to_recordedplot"/>
    <testcase time="0.105999999999995" classname="teal_card" name="ggplot2_objects_to_recordedplot_when_using_c_"/>
    <testcase time="0.106000000000009" classname="teal_card" name="ggplot2_objects_to_recordedplot_when_using_assigning"/>
    <testcase time="0.108999999999995" classname="teal_card" name="ggplot2_objects_to_recordedplot_when_using_assigning_with_new_name"/>
  </testsuite>
  <testsuite name="teal_report-c" timestamp="2025-10-17T12:27:16Z" hostname="4e3ea074d063" tests="4" skipped="0" failures="0" errors="0" time="0.109">
    <testcase time="0.034000000000006" classname="teal_report_c" name="c.teal_report_combines_two_empty_teal_report_objects"/>
    <testcase time="0.0210000000000008" classname="teal_report_c" name="c.teal_report_combines_empty_and_non_empty_teal_report_by_appending_elements_of_teal_card"/>
    <testcase time="0.0210000000000008" classname="teal_report_c" name="c.teal_report_combines_two_teal_report_by_combining_elements_of_teal_card"/>
    <testcase time="0.032999999999987" classname="teal_report_c" name="c.teal_report_combines_multiple_teal_report_by_combining_elements_of_teal_card"/>
  </testsuite>
  <testsuite name="teal_report-class" timestamp="2025-10-17T12:27:16Z" hostname="4e3ea074d063" tests="12" skipped="0" failures="0" errors="0" time="0.614">
    <testcase time="0.01400000000001" classname="teal_report_class" name="teal_report_initializes_silently_with_all_default_arguments"/>
    <testcase time="0.0109999999999957" classname="teal_report_class" name="teal_report_initializes_silently_with_teal_card"/>
    <testcase time="0.0100000000000051" classname="teal_report_class" name="teal_report_initializes_silently_with_teal_card_being_NULL"/>
    <testcase time="0.0180000000000007" classname="teal_report_class" name="teal_report_initializes_with_error_when_teal_card_is_not_teal_card_nor_NULL"/>
    <testcase time="0.0219999999999914" classname="teal_report_class" name="as.teal_report_coerces_from_teal_report"/>
    <testcase time="0.0240000000000009" classname="teal_report_class" name="as.teal_report_coerces_from_teal_data"/>
    <testcase time="0.0210000000000008" classname="teal_report_class" name="as.teal_report_coerces_from_qenv"/>
    <testcase time="0.126000000000005" classname="teal_report_class" name="teal_card_built_from_teal_data_is_identical_when_running_via_eval_code_with_teal_report_object"/>
    <testcase time="0.149000000000001" classname="teal_report_class" name="teal_card_built_from_teal_data_is_identical_when_calling_as.teal_report"/>
    <testcase time="0.182999999999993" classname="teal_report_class" name="teal_card_built_from_teal_data_is_identical_when_calling_as.teal_report_with_multiple_calls"/>
    <testcase time="0.0210000000000008" classname="teal_report_class" name="teal_card_built_from_teal_data_drops_conditions_produced_in_a_code_chunk_evaluation"/>
    <testcase time="0.0150000000000006" classname="teal_report_class" name="teal_data_converts_to_teal_report_when_assigning_teal_card"/>
  </testsuite>
  <testsuite name="teal_report-eval_code" timestamp="2025-10-17T12:27:17Z" hostname="4e3ea074d063" tests="4" skipped="0" failures="0" errors="0" time="0.144">
    <testcase time="0.0450000000000017" classname="teal_report_eval_code" name="eval_code_appends_code_chunks_to_the_teal_card_code_as_code_chunk"/>
    <testcase time="0.0319999999999965" classname="teal_report_eval_code" name="eval_code_appends_code_chunks_to_the_teal_card_code_as_code_chunk_and_its_output_as_chunk_output"/>
    <testcase time="0.0260000000000105" classname="teal_report_eval_code" name="eval_code_appends_code_chunks_to_the_teal_card_code_as_code_chunk_and_condition_is_excluded_from_output"/>
    <testcase time="0.0409999999999968" classname="teal_report_eval_code" name="within_appends_to_teal_card_code_as_code_chunk"/>
  </testsuite>
  <testsuite name="teal_report-extract" timestamp="2025-10-17T12:27:17Z" hostname="4e3ea074d063" tests="1" skipped="0" failures="0" errors="0" time="0.045">
    <testcase time="0.0450000000000017" classname="teal_report_extract" name="_.teal_report_keeps_the_teal_card"/>
  </testsuite>
  <testsuite name="toHTML" timestamp="2025-10-17T12:27:17Z" hostname="4e3ea074d063" tests="20" skipped="2" failures="0" errors="0" time="0.472">
    <testcase time="0.128999999999991" classname="toHTML" name="toHTML_generates_image_tags_from_ggplot2_object"/>
    <testcase time="0.0150000000000006" classname="toHTML" name="toHTML_generates_image_tags_from_grob"/>
    <testcase time="0.14800000000001" classname="toHTML" name="toHTML_generates_image_tags_from_recordedplot"/>
    <testcase time="0.0109999999999957" classname="toHTML" name="toHTML_generates_toHTML_generates_a_code_chunk_as_code_tag_with_class_language_lang_"/>
    <testcase time="0.007000000000005" classname="toHTML" name="toHTML_generates_toHTML_generates_tags_based_on_markdown_syntax"/>
    <testcase time="0.00300000000000011" classname="toHTML" name="toHTML_generates_toHTML_generates_tags_based_on_markdown_syntax"/>
    <testcase time="0.00300000000000011" classname="toHTML" name="toHTML_generates_toHTML_generates_tags_based_on_markdown_syntax"/>
    <testcase time="0.00300000000000011" classname="toHTML" name="toHTML_generates_toHTML_generates_tags_based_on_markdown_syntax"/>
    <testcase time="0.0029999999999859" classname="toHTML" name="toHTML_generates_toHTML_generates_tags_based_on_markdown_syntax"/>
    <testcase time="0.00300000000000011" classname="toHTML" name="toHTML_generates_toHTML_generates_tags_based_on_markdown_syntax"/>
    <testcase time="0.00300000000000011" classname="toHTML" name="toHTML_generates_toHTML_generates_tags_based_on_markdown_syntax"/>
    <testcase time="0.00300000000000011" classname="toHTML" name="toHTML_generates_toHTML_generates_tags_based_on_markdown_syntax"/>
    <testcase time="0.00600000000000023" classname="toHTML" name="toHTML_generates_toHTML_returns_browsable_element"/>
    <testcase time="0.00600000000000023" classname="toHTML" name="toHTML_generates_toHTML_generates_an_output_based_on_its_content"/>
    <testcase time="0.034000000000006" classname="toHTML" name="toHTML_generates_toHTML_generates_output_from_teal_card_in_teal_report"/>
    <testcase time="0.007000000000005" classname="toHTML" name="toHTML_generates_toHTML_can_be_locally_overwritten"/>
    <testcase time="0.00399999999999068" classname="toHTML" name="toHTML_for_gtsummary_converts_into_styled_html_table">
      <skipped message="Reason: too complicated as table contains random elements - possible to test with webshot ('test-toHTML.R:76:5')"/>
    </testcase>
    <testcase time="0.01400000000001" classname="toHTML" name="toHTML_for_rlistings_converts_into_styled_html_table">
      <skipped message="Reason: too complicated as table contains random elements - possible to test with webshot ('test-toHTML.R:81:5')"/>
    </testcase>
    <testcase time="0.0509999999999877" classname="toHTML" name="toHTML_for_teal_card_converts_each_element_to_HTML_and_wraps_in_a_bslib_card"/>
    <testcase time="0.0190000000000055" classname="toHTML" name="toHTML_for_ReportCard_converts_its_content_toHTML"/>
  </testsuite>
  <testsuite name="utils" timestamp="2025-10-17T12:27:17Z" hostname="4e3ea074d063" tests="17" skipped="0" failures="0" errors="0" time="4.094">
    <testcase time="0.144999999999996" classname="utils" name="to_flextable_supported_class_data.frame_"/>
    <testcase time="0.113" classname="utils" name="to_flextable_supported_class_rtables_"/>
    <testcase time="3.785" classname="utils" name="to_flextable_supported_class_listing_df_"/>
    <testcase time="0.00800000000000978" classname="utils" name="to_flextable_unsupported_class"/>
    <testcase time="0.00499999999999545" classname="utils" name="split_text_block_splits_text_block_into_blocks_no_longer_than_n_lines"/>
    <testcase time="0.00199999999999534" classname="utils" name="split_text_block_splits_text_block_into_blocks_no_longer_than_n_lines"/>
    <testcase time="0.00100000000000477" classname="utils" name="split_text_block_splits_text_block_into_blocks_no_longer_than_n_lines"/>
    <testcase time="0.00300000000000011" classname="utils" name="split_text_block_splits_text_block_into_blocks_no_longer_than_n_lines"/>
    <testcase time="0.00499999999999545" classname="utils" name="format.code_chunk_generates_the_corresponding_R_language_chunk"/>
    <testcase time="0.00500000000000966" classname="utils" name="format.code_chunk_generates_the_corresponding_yaml_language_chunk"/>
    <testcase time="0.00499999999999545" classname="utils" name="format.code_chunk_generates_the_corresponding_parameters"/>
    <testcase time="0.00400000000000489" classname="utils" name="format.code_chunk_generates_the_corresponding_multiple_parameters"/>
    <testcase time="0.00499999999999545" classname="utils" name="global_knitr_details_returns_a_string_with_description"/>
    <testcase time="0.00100000000000477" classname="utils" name="global_knitr_details_returns_a_string_with_description"/>
    <testcase time="0.000999999999990564" classname="utils" name="global_knitr_details_returns_a_string_with_description"/>
    <testcase time="0.00200000000000955" classname="utils" name="global_knitr_details_returns_a_string_with_description"/>
    <testcase time="0.00399999999999068" classname="utils" name="dummy_function_returns_a_function_used_to_fix_note_about_function_use_in_R6"/>
  </testsuite>
  <testsuite name="yaml_utils" timestamp="2025-10-17T12:27:21Z" hostname="4e3ea074d063" tests="38" skipped="0" failures="0" errors="0" time="0.204">
    <testcase time="0.00900000000000034" classname="yaml_utils" name="yaml_quoted_adds_the_quoted_attribute_equal_to_TRUE_"/>
    <testcase time="0.00799999999999557" classname="yaml_utils" name="yaml_quoted_does_not_modify_the_value_of_the_object"/>
    <testcase time="0.00799999999999557" classname="yaml_utils" name="conv_str_logi_accept_only_a_string"/>
    <testcase time="0.00100000000000477" classname="yaml_utils" name="conv_str_logi_accept_only_a_string"/>
    <testcase time="0.00600000000000023" classname="yaml_utils" name="conv_str_logi_not_influence_the_regular_character"/>
    <testcase time="0.00600000000000023" classname="yaml_utils" name="conv_str_logi_character_TRUE_to_logical"/>
    <testcase time="0.00300000000000011" classname="yaml_utils" name="conv_str_logi_character_TRUE_to_logical"/>
    <testcase time="0.00300000000000011" classname="yaml_utils" name="conv_str_logi_character_TRUE_to_logical"/>
    <testcase time="0.00300000000000011" classname="yaml_utils" name="conv_str_logi_character_TRUE_to_logical"/>
    <testcase time="0.00199999999999534" classname="yaml_utils" name="conv_str_logi_character_TRUE_to_logical"/>
    <testcase time="0.00300000000000011" classname="yaml_utils" name="conv_str_logi_character_TRUE_to_logical"/>
    <testcase time="0.00300000000000011" classname="yaml_utils" name="conv_str_logi_character_TRUE_to_logical"/>
    <testcase time="0.00600000000000023" classname="yaml_utils" name="conv_str_logi_character_FALSE_to_logical"/>
    <testcase time="0.00300000000000011" classname="yaml_utils" name="conv_str_logi_character_FALSE_to_logical"/>
    <testcase time="0.00300000000000011" classname="yaml_utils" name="conv_str_logi_character_FALSE_to_logical"/>
    <testcase time="0.00300000000000011" classname="yaml_utils" name="conv_str_logi_character_FALSE_to_logical"/>
    <testcase time="0.00900000000000034" classname="yaml_utils" name="conv_str_logi_character_FALSE_to_logical"/>
    <testcase time="0.00400000000000489" classname="yaml_utils" name="conv_str_logi_character_FALSE_to_logical"/>
    <testcase time="0.00400000000000489" classname="yaml_utils" name="conv_str_logi_character_FALSE_to_logical"/>
    <testcase time="0.00799999999999557" classname="yaml_utils" name="rmd_outputs_all_returned_out_in_the_rmarkdown_namespace"/>
    <testcase time="0.0120000000000005" classname="yaml_utils" name="rmd_output_arguments_accepts_only_string_from_possible_rmarkdown_outputs"/>
    <testcase time="0.00199999999999534" classname="yaml_utils" name="rmd_output_arguments_accepts_only_string_from_possible_rmarkdown_outputs"/>
    <testcase time="0.00300000000000011" classname="yaml_utils" name="rmd_output_arguments_accepts_only_string_from_possible_rmarkdown_outputs"/>
    <testcase time="0.007000000000005" classname="yaml_utils" name="rmd_output_arguments_returned_all_pdf_document_arguments"/>
    <testcase time="0.007000000000005" classname="yaml_utils" name="rmd_output_arguments_returned_all_pdf_document_arguments_and_their_defaults"/>
    <testcase time="0.00799999999999557" classname="yaml_utils" name="as_yaml_auto_accept_a_named_list_optionally_nested_"/>
    <testcase time="0.00499999999999545" classname="yaml_utils" name="as_yaml_auto_accept_a_named_list_optionally_nested_"/>
    <testcase time="0.00199999999999534" classname="yaml_utils" name="as_yaml_auto_accept_a_named_list_optionally_nested_"/>
    <testcase time="0.00200000000000955" classname="yaml_utils" name="as_yaml_auto_accept_a_named_list_optionally_nested_"/>
    <testcase time="0.00600000000000023" classname="yaml_utils" name="as_yaml_auto_works_the_same_as_yaml_as.yaml_for_a_nested_list_when_as_header_is_FALSE"/>
    <testcase time="0.00799999999999557" classname="yaml_utils" name="as_yaml_auto_parse"/>
    <testcase time="0.0109999999999957" classname="yaml_utils" name="as_yaml_auto_warning_for_not_accepted_argument_and_skip_it"/>
    <testcase time="0.00100000000000477" classname="yaml_utils" name="as_yaml_auto_warning_for_not_accepted_argument_and_skip_it"/>
    <testcase time="0.007000000000005" classname="yaml_utils" name="as_yaml_auto_silent_the_warning_for_not_accepted_argument_and_skip_it"/>
    <testcase time="0.00699999999999079" classname="yaml_utils" name="as_yaml_auto_convert_character_logical_to_logical"/>
    <testcase time="0.00900000000000034" classname="yaml_utils" name="as_yaml_auto_do_not_accept_multi_outputs_without_the_multi_output_argument"/>
    <testcase time="0.00600000000000023" classname="yaml_utils" name="as_yaml_auto_accept_multi_outputs_with_the_multi_output_argument"/>
    <testcase time="0.00600000000000023" classname="yaml_utils" name="get_yaml_field_returns_the_correct_result"/>
  </testsuite>
  <testsuite name="zzz" timestamp="2025-10-17T12:27:22Z" hostname="4e3ea074d063" tests="5" skipped="0" failures="0" errors="0" time="0.027">
    <testcase time="0.00800000000000978" classname="zzz" name=".onLoad_Initialised_options_on_package_load_that_are_unset_are_loaded_with_defaults"/>
    <testcase time="0.00300000000000011" classname="zzz" name=".onLoad_Initialised_options_on_package_load_that_are_unset_are_loaded_with_defaults"/>
    <testcase time="0.00499999999999545" classname="zzz" name=".onLoad_Initialised_options_on_package_load_are_retained_and_not_overwritten"/>
    <testcase time="0.00300000000000011" classname="zzz" name=".onLoad_Initialised_options_on_package_load_are_retained_and_not_overwritten"/>
    <testcase time="0.00799999999999557" classname="zzz" name=".onAttach_packageStartupMessage"/>
  </testsuite>
</testsuites>
